

================================================================
== Vitis HLS Report for 'conv2d_stream'
================================================================
* Date:           Tue Apr 28 23:13:24 2026

* Version:        2021.1 (Build 3247384 on Thu Jun 10 19:36:07 MDT 2021)
* Project:        hls_2dconv_stream_aggressive
* Solution:       sol1 (Vivado IP Flow Target)
* Product family: zynq
* Target device:  xc7z020-clg400-1


================================================================
== Performance Estimates
================================================================
+ Timing: 
    * Summary: 
    +--------+----------+----------+------------+
    |  Clock |  Target  | Estimated| Uncertainty|
    +--------+----------+----------+------------+
    |ap_clk  |  10.00 ns|  6.912 ns|     2.70 ns|
    +--------+----------+----------+------------+

+ Latency: 
    * Summary: 
    +---------+---------+-----------+-----------+------+------+---------+
    |  Latency (cycles) |   Latency (absolute)  |   Interval  | Pipeline|
    |   min   |   max   |    min    |    max    |  min |  max |   Type  |
    +---------+---------+-----------+-----------+------+------+---------+
    |     4766|     4766|  47.660 us|  47.660 us|  4767|  4767|       no|
    +---------+---------+-----------+-----------+------+------+---------+

    + Detail: 
        * Instance: 
        N/A

        * Loop: 
        +--------------+---------+---------+----------+-----------+-----------+------+----------+
        |              |  Latency (cycles) | Iteration|  Initiation Interval  | Trip |          |
        |   Loop Name  |   min   |   max   |  Latency |  achieved |   target  | Count| Pipelined|
        +--------------+---------+---------+----------+-----------+-----------+------+----------+
        |- init_rows   |      210|      210|        70|          -|          -|     3|        no|
        | + init_cols  |       68|       68|         1|          -|          -|    68|        no|
        +--------------+---------+---------+----------+-----------+-----------+------+----------+

============================================================
+ Verbose Summary: Synthesis Manager
============================================================
InlineROM: 1
ExposeGlobal: 0
============================================================
+ Verbose Summary: CDFG Model
============================================================
IsTopModel: 1
ResetActiveHigh: 1
IsCombinational: 0
IsDatapathOnly: 0
HasWiredReturn: 1
HasMFsm: 0
HasVarLatency: 1
IsPipeline: 0
IsRtlPipelined: 0
IsInstanceOverlapped: 0
IsDontTouch: 0
HasImplIP: 0
IsGatedGlobalClock: 0


============================================================
+ Verbose Summary: Schedule
============================================================
* Number of FSM states : 6
* Pipeline : 0
* Dataflow Pipeline: 0

* FSM state transitions: 
1 --> 2 
2 --> 4 3 
3 --> 3 2 
4 --> 5 
5 --> 6 
6 --> 

* FSM state operations: 

State 1 <SV = 0> <Delay = 1.58>
ST_1 : Operation 7 [1/1] (0.00ns)   --->   "%r = alloca i32 1"   --->   Operation 7 'alloca' 'r' <Predicate = true> <Delay = 0.00>
ST_1 : Operation 8 [1/1] (0.00ns)   --->   "%spectopmodule_ln0 = spectopmodule void @_ssdm_op_SpecTopModule, void @empty_1"   --->   Operation 8 'spectopmodule' 'spectopmodule_ln0' <Predicate = true> <Delay = 0.00>
ST_1 : Operation 9 [1/1] (0.00ns)   --->   "%specinterface_ln0 = specinterface void @_ssdm_op_SpecInterface, i32 %in_stream_V_data_V, i4 %in_stream_V_keep_V, i4 %in_stream_V_strb_V, i1 %in_stream_V_last_V, void @empty_7, i32 1, i32 1, void @empty_8, i32 0, i32 0, void @empty_9, void @empty_9, void @empty_9, i32 0, i32 0, i32 0, i32 0, void @empty_9, void @empty_9"   --->   Operation 9 'specinterface' 'specinterface_ln0' <Predicate = true> <Delay = 0.00>
ST_1 : Operation 10 [1/1] (0.00ns)   --->   "%specbitsmap_ln0 = specbitsmap void @_ssdm_op_SpecBitsMap, i32 %in_stream_V_data_V"   --->   Operation 10 'specbitsmap' 'specbitsmap_ln0' <Predicate = true> <Delay = 0.00>
ST_1 : Operation 11 [1/1] (0.00ns)   --->   "%specbitsmap_ln0 = specbitsmap void @_ssdm_op_SpecBitsMap, i4 %in_stream_V_keep_V"   --->   Operation 11 'specbitsmap' 'specbitsmap_ln0' <Predicate = true> <Delay = 0.00>
ST_1 : Operation 12 [1/1] (0.00ns)   --->   "%specbitsmap_ln0 = specbitsmap void @_ssdm_op_SpecBitsMap, i4 %in_stream_V_strb_V"   --->   Operation 12 'specbitsmap' 'specbitsmap_ln0' <Predicate = true> <Delay = 0.00>
ST_1 : Operation 13 [1/1] (0.00ns)   --->   "%specbitsmap_ln0 = specbitsmap void @_ssdm_op_SpecBitsMap, i1 %in_stream_V_last_V"   --->   Operation 13 'specbitsmap' 'specbitsmap_ln0' <Predicate = true> <Delay = 0.00>
ST_1 : Operation 14 [1/1] (0.00ns)   --->   "%specinterface_ln0 = specinterface void @_ssdm_op_SpecInterface, i32 %out_stream_V_data_V, i4 %out_stream_V_keep_V, i4 %out_stream_V_strb_V, i1 %out_stream_V_last_V, void @empty_7, i32 1, i32 1, void @empty_8, i32 0, i32 0, void @empty_9, void @empty_9, void @empty_9, i32 0, i32 0, i32 0, i32 0, void @empty_9, void @empty_9"   --->   Operation 14 'specinterface' 'specinterface_ln0' <Predicate = true> <Delay = 0.00>
ST_1 : Operation 15 [1/1] (0.00ns)   --->   "%specbitsmap_ln0 = specbitsmap void @_ssdm_op_SpecBitsMap, i32 %out_stream_V_data_V"   --->   Operation 15 'specbitsmap' 'specbitsmap_ln0' <Predicate = true> <Delay = 0.00>
ST_1 : Operation 16 [1/1] (0.00ns)   --->   "%specbitsmap_ln0 = specbitsmap void @_ssdm_op_SpecBitsMap, i4 %out_stream_V_keep_V"   --->   Operation 16 'specbitsmap' 'specbitsmap_ln0' <Predicate = true> <Delay = 0.00>
ST_1 : Operation 17 [1/1] (0.00ns)   --->   "%specbitsmap_ln0 = specbitsmap void @_ssdm_op_SpecBitsMap, i4 %out_stream_V_strb_V"   --->   Operation 17 'specbitsmap' 'specbitsmap_ln0' <Predicate = true> <Delay = 0.00>
ST_1 : Operation 18 [1/1] (0.00ns)   --->   "%specbitsmap_ln0 = specbitsmap void @_ssdm_op_SpecBitsMap, i1 %out_stream_V_last_V"   --->   Operation 18 'specbitsmap' 'specbitsmap_ln0' <Predicate = true> <Delay = 0.00>
ST_1 : Operation 19 [1/1] (0.00ns)   --->   "%specbitsmap_ln0 = specbitsmap void @_ssdm_op_SpecBitsMap, i32 %k00"   --->   Operation 19 'specbitsmap' 'specbitsmap_ln0' <Predicate = true> <Delay = 0.00>
ST_1 : Operation 20 [1/1] (0.00ns)   --->   "%specinterface_ln0 = specinterface void @_ssdm_op_SpecInterface, i32 %k00, void @empty_11, i32 0, i32 0, void @empty_9, i32 0, i32 0, void @empty, void @empty_0, void @empty_9, i32 0, i32 0, i32 0, i32 0, void @empty_9, void @empty_9"   --->   Operation 20 'specinterface' 'specinterface_ln0' <Predicate = true> <Delay = 0.00>
ST_1 : Operation 21 [1/1] (0.00ns)   --->   "%specinterface_ln0 = specinterface void @_ssdm_op_SpecInterface, i32 %k00, void @empty_2, i32 0, i32 0, void @empty_9, i32 0, i32 0, void @empty_9, void @empty_9, void @empty_9, i32 0, i32 0, i32 0, i32 0, void @empty_9, void @empty_9"   --->   Operation 21 'specinterface' 'specinterface_ln0' <Predicate = true> <Delay = 0.00>
ST_1 : Operation 22 [1/1] (0.00ns)   --->   "%specbitsmap_ln0 = specbitsmap void @_ssdm_op_SpecBitsMap, i32 %k01"   --->   Operation 22 'specbitsmap' 'specbitsmap_ln0' <Predicate = true> <Delay = 0.00>
ST_1 : Operation 23 [1/1] (0.00ns)   --->   "%specinterface_ln0 = specinterface void @_ssdm_op_SpecInterface, i32 %k01, void @empty_11, i32 0, i32 0, void @empty_9, i32 0, i32 0, void @empty, void @empty_10, void @empty_9, i32 0, i32 0, i32 0, i32 0, void @empty_9, void @empty_9"   --->   Operation 23 'specinterface' 'specinterface_ln0' <Predicate = true> <Delay = 0.00>
ST_1 : Operation 24 [1/1] (0.00ns)   --->   "%specinterface_ln0 = specinterface void @_ssdm_op_SpecInterface, i32 %k01, void @empty_2, i32 0, i32 0, void @empty_9, i32 0, i32 0, void @empty_9, void @empty_9, void @empty_9, i32 0, i32 0, i32 0, i32 0, void @empty_9, void @empty_9"   --->   Operation 24 'specinterface' 'specinterface_ln0' <Predicate = true> <Delay = 0.00>
ST_1 : Operation 25 [1/1] (0.00ns)   --->   "%specbitsmap_ln0 = specbitsmap void @_ssdm_op_SpecBitsMap, i32 %k02"   --->   Operation 25 'specbitsmap' 'specbitsmap_ln0' <Predicate = true> <Delay = 0.00>
ST_1 : Operation 26 [1/1] (0.00ns)   --->   "%specinterface_ln0 = specinterface void @_ssdm_op_SpecInterface, i32 %k02, void @empty_11, i32 0, i32 0, void @empty_9, i32 0, i32 0, void @empty, void @empty_3, void @empty_9, i32 0, i32 0, i32 0, i32 0, void @empty_9, void @empty_9"   --->   Operation 26 'specinterface' 'specinterface_ln0' <Predicate = true> <Delay = 0.00>
ST_1 : Operation 27 [1/1] (0.00ns)   --->   "%specinterface_ln0 = specinterface void @_ssdm_op_SpecInterface, i32 %k02, void @empty_2, i32 0, i32 0, void @empty_9, i32 0, i32 0, void @empty_9, void @empty_9, void @empty_9, i32 0, i32 0, i32 0, i32 0, void @empty_9, void @empty_9"   --->   Operation 27 'specinterface' 'specinterface_ln0' <Predicate = true> <Delay = 0.00>
ST_1 : Operation 28 [1/1] (0.00ns)   --->   "%specbitsmap_ln0 = specbitsmap void @_ssdm_op_SpecBitsMap, i32 %k10"   --->   Operation 28 'specbitsmap' 'specbitsmap_ln0' <Predicate = true> <Delay = 0.00>
ST_1 : Operation 29 [1/1] (0.00ns)   --->   "%specinterface_ln0 = specinterface void @_ssdm_op_SpecInterface, i32 %k10, void @empty_11, i32 0, i32 0, void @empty_9, i32 0, i32 0, void @empty, void @empty_4, void @empty_9, i32 0, i32 0, i32 0, i32 0, void @empty_9, void @empty_9"   --->   Operation 29 'specinterface' 'specinterface_ln0' <Predicate = true> <Delay = 0.00>
ST_1 : Operation 30 [1/1] (0.00ns)   --->   "%specinterface_ln0 = specinterface void @_ssdm_op_SpecInterface, i32 %k10, void @empty_2, i32 0, i32 0, void @empty_9, i32 0, i32 0, void @empty_9, void @empty_9, void @empty_9, i32 0, i32 0, i32 0, i32 0, void @empty_9, void @empty_9"   --->   Operation 30 'specinterface' 'specinterface_ln0' <Predicate = true> <Delay = 0.00>
ST_1 : Operation 31 [1/1] (0.00ns)   --->   "%specbitsmap_ln0 = specbitsmap void @_ssdm_op_SpecBitsMap, i32 %k11"   --->   Operation 31 'specbitsmap' 'specbitsmap_ln0' <Predicate = true> <Delay = 0.00>
ST_1 : Operation 32 [1/1] (0.00ns)   --->   "%specinterface_ln0 = specinterface void @_ssdm_op_SpecInterface, i32 %k11, void @empty_11, i32 0, i32 0, void @empty_9, i32 0, i32 0, void @empty, void @empty_5, void @empty_9, i32 0, i32 0, i32 0, i32 0, void @empty_9, void @empty_9"   --->   Operation 32 'specinterface' 'specinterface_ln0' <Predicate = true> <Delay = 0.00>
ST_1 : Operation 33 [1/1] (0.00ns)   --->   "%specinterface_ln0 = specinterface void @_ssdm_op_SpecInterface, i32 %k11, void @empty_2, i32 0, i32 0, void @empty_9, i32 0, i32 0, void @empty_9, void @empty_9, void @empty_9, i32 0, i32 0, i32 0, i32 0, void @empty_9, void @empty_9"   --->   Operation 33 'specinterface' 'specinterface_ln0' <Predicate = true> <Delay = 0.00>
ST_1 : Operation 34 [1/1] (0.00ns)   --->   "%specbitsmap_ln0 = specbitsmap void @_ssdm_op_SpecBitsMap, i32 %k12"   --->   Operation 34 'specbitsmap' 'specbitsmap_ln0' <Predicate = true> <Delay = 0.00>
ST_1 : Operation 35 [1/1] (0.00ns)   --->   "%specinterface_ln0 = specinterface void @_ssdm_op_SpecInterface, i32 %k12, void @empty_11, i32 0, i32 0, void @empty_9, i32 0, i32 0, void @empty, void @empty_6, void @empty_9, i32 0, i32 0, i32 0, i32 0, void @empty_9, void @empty_9"   --->   Operation 35 'specinterface' 'specinterface_ln0' <Predicate = true> <Delay = 0.00>
ST_1 : Operation 36 [1/1] (0.00ns)   --->   "%specinterface_ln0 = specinterface void @_ssdm_op_SpecInterface, i32 %k12, void @empty_2, i32 0, i32 0, void @empty_9, i32 0, i32 0, void @empty_9, void @empty_9, void @empty_9, i32 0, i32 0, i32 0, i32 0, void @empty_9, void @empty_9"   --->   Operation 36 'specinterface' 'specinterface_ln0' <Predicate = true> <Delay = 0.00>
ST_1 : Operation 37 [1/1] (0.00ns)   --->   "%specbitsmap_ln0 = specbitsmap void @_ssdm_op_SpecBitsMap, i32 %k20"   --->   Operation 37 'specbitsmap' 'specbitsmap_ln0' <Predicate = true> <Delay = 0.00>
ST_1 : Operation 38 [1/1] (0.00ns)   --->   "%specinterface_ln0 = specinterface void @_ssdm_op_SpecInterface, i32 %k20, void @empty_11, i32 0, i32 0, void @empty_9, i32 0, i32 0, void @empty, void @empty_15, void @empty_9, i32 0, i32 0, i32 0, i32 0, void @empty_9, void @empty_9"   --->   Operation 38 'specinterface' 'specinterface_ln0' <Predicate = true> <Delay = 0.00>
ST_1 : Operation 39 [1/1] (0.00ns)   --->   "%specinterface_ln0 = specinterface void @_ssdm_op_SpecInterface, i32 %k20, void @empty_2, i32 0, i32 0, void @empty_9, i32 0, i32 0, void @empty_9, void @empty_9, void @empty_9, i32 0, i32 0, i32 0, i32 0, void @empty_9, void @empty_9"   --->   Operation 39 'specinterface' 'specinterface_ln0' <Predicate = true> <Delay = 0.00>
ST_1 : Operation 40 [1/1] (0.00ns)   --->   "%specbitsmap_ln0 = specbitsmap void @_ssdm_op_SpecBitsMap, i32 %k21"   --->   Operation 40 'specbitsmap' 'specbitsmap_ln0' <Predicate = true> <Delay = 0.00>
ST_1 : Operation 41 [1/1] (0.00ns)   --->   "%specinterface_ln0 = specinterface void @_ssdm_op_SpecInterface, i32 %k21, void @empty_11, i32 0, i32 0, void @empty_9, i32 0, i32 0, void @empty, void @empty_16, void @empty_9, i32 0, i32 0, i32 0, i32 0, void @empty_9, void @empty_9"   --->   Operation 41 'specinterface' 'specinterface_ln0' <Predicate = true> <Delay = 0.00>
ST_1 : Operation 42 [1/1] (0.00ns)   --->   "%specinterface_ln0 = specinterface void @_ssdm_op_SpecInterface, i32 %k21, void @empty_2, i32 0, i32 0, void @empty_9, i32 0, i32 0, void @empty_9, void @empty_9, void @empty_9, i32 0, i32 0, i32 0, i32 0, void @empty_9, void @empty_9"   --->   Operation 42 'specinterface' 'specinterface_ln0' <Predicate = true> <Delay = 0.00>
ST_1 : Operation 43 [1/1] (0.00ns)   --->   "%specbitsmap_ln0 = specbitsmap void @_ssdm_op_SpecBitsMap, i32 %k22"   --->   Operation 43 'specbitsmap' 'specbitsmap_ln0' <Predicate = true> <Delay = 0.00>
ST_1 : Operation 44 [1/1] (0.00ns)   --->   "%specinterface_ln0 = specinterface void @_ssdm_op_SpecInterface, i32 %k22, void @empty_11, i32 0, i32 0, void @empty_9, i32 0, i32 0, void @empty, void @empty_17, void @empty_9, i32 0, i32 0, i32 0, i32 0, void @empty_9, void @empty_9"   --->   Operation 44 'specinterface' 'specinterface_ln0' <Predicate = true> <Delay = 0.00>
ST_1 : Operation 45 [1/1] (0.00ns)   --->   "%specinterface_ln0 = specinterface void @_ssdm_op_SpecInterface, i32 %k22, void @empty_2, i32 0, i32 0, void @empty_9, i32 0, i32 0, void @empty_9, void @empty_9, void @empty_9, i32 0, i32 0, i32 0, i32 0, void @empty_9, void @empty_9"   --->   Operation 45 'specinterface' 'specinterface_ln0' <Predicate = true> <Delay = 0.00>
ST_1 : Operation 46 [1/1] (0.00ns)   --->   "%specinterface_ln0 = specinterface void @_ssdm_op_SpecInterface, i32 0, void @empty_11, i32 0, i32 0, void @empty_9, i32 0, i32 0, void @empty, void @empty_9, void @empty_9, i32 0, i32 0, i32 0, i32 0, void @empty_9, void @empty_9"   --->   Operation 46 'specinterface' 'specinterface_ln0' <Predicate = true> <Delay = 0.00>
ST_1 : Operation 47 [1/1] (1.00ns)   --->   "%k22_read = read i32 @_ssdm_op_Read.s_axilite.i32, i32 %k22"   --->   Operation 47 'read' 'k22_read' <Predicate = true> <Delay = 1.00> <CoreInst = "s_axilite">   --->   Core 114 's_axilite' <Latency = 0> <II = 1> <Delay = 1.00> <Adapter> <Opcode : 'read' 'write'>
ST_1 : Operation 48 [1/1] (1.00ns)   --->   "%k21_read = read i32 @_ssdm_op_Read.s_axilite.i32, i32 %k21"   --->   Operation 48 'read' 'k21_read' <Predicate = true> <Delay = 1.00> <CoreInst = "s_axilite">   --->   Core 114 's_axilite' <Latency = 0> <II = 1> <Delay = 1.00> <Adapter> <Opcode : 'read' 'write'>
ST_1 : Operation 49 [1/1] (1.00ns)   --->   "%k20_read = read i32 @_ssdm_op_Read.s_axilite.i32, i32 %k20"   --->   Operation 49 'read' 'k20_read' <Predicate = true> <Delay = 1.00> <CoreInst = "s_axilite">   --->   Core 114 's_axilite' <Latency = 0> <II = 1> <Delay = 1.00> <Adapter> <Opcode : 'read' 'write'>
ST_1 : Operation 50 [1/1] (1.00ns)   --->   "%k12_read = read i32 @_ssdm_op_Read.s_axilite.i32, i32 %k12"   --->   Operation 50 'read' 'k12_read' <Predicate = true> <Delay = 1.00> <CoreInst = "s_axilite">   --->   Core 114 's_axilite' <Latency = 0> <II = 1> <Delay = 1.00> <Adapter> <Opcode : 'read' 'write'>
ST_1 : Operation 51 [1/1] (1.00ns)   --->   "%k11_read = read i32 @_ssdm_op_Read.s_axilite.i32, i32 %k11"   --->   Operation 51 'read' 'k11_read' <Predicate = true> <Delay = 1.00> <CoreInst = "s_axilite">   --->   Core 114 's_axilite' <Latency = 0> <II = 1> <Delay = 1.00> <Adapter> <Opcode : 'read' 'write'>
ST_1 : Operation 52 [1/1] (1.00ns)   --->   "%k10_read = read i32 @_ssdm_op_Read.s_axilite.i32, i32 %k10"   --->   Operation 52 'read' 'k10_read' <Predicate = true> <Delay = 1.00> <CoreInst = "s_axilite">   --->   Core 114 's_axilite' <Latency = 0> <II = 1> <Delay = 1.00> <Adapter> <Opcode : 'read' 'write'>
ST_1 : Operation 53 [1/1] (1.00ns)   --->   "%k02_read = read i32 @_ssdm_op_Read.s_axilite.i32, i32 %k02"   --->   Operation 53 'read' 'k02_read' <Predicate = true> <Delay = 1.00> <CoreInst = "s_axilite">   --->   Core 114 's_axilite' <Latency = 0> <II = 1> <Delay = 1.00> <Adapter> <Opcode : 'read' 'write'>
ST_1 : Operation 54 [1/1] (1.00ns)   --->   "%k01_read = read i32 @_ssdm_op_Read.s_axilite.i32, i32 %k01"   --->   Operation 54 'read' 'k01_read' <Predicate = true> <Delay = 1.00> <CoreInst = "s_axilite">   --->   Core 114 's_axilite' <Latency = 0> <II = 1> <Delay = 1.00> <Adapter> <Opcode : 'read' 'write'>
ST_1 : Operation 55 [1/1] (1.00ns)   --->   "%k00_read = read i32 @_ssdm_op_Read.s_axilite.i32, i32 %k00"   --->   Operation 55 'read' 'k00_read' <Predicate = true> <Delay = 1.00> <CoreInst = "s_axilite">   --->   Core 114 's_axilite' <Latency = 0> <II = 1> <Delay = 1.00> <Adapter> <Opcode : 'read' 'write'>
ST_1 : Operation 56 [1/1] (0.00ns)   --->   "%linebuf_V_0 = alloca i64 1" [2dconv.cpp:43]   --->   Operation 56 'alloca' 'linebuf_V_0' <Predicate = true> <Delay = 0.00> <CoreInst = "RAM">   --->   Core 82 'RAM' <Latency = 1> <II = 1> <Delay = 3.25> <Storage> <Opcode : 'load' 'store'> <Ports = 2> <Width = 32> <Depth = 68> <RAM>
ST_1 : Operation 57 [1/1] (0.00ns)   --->   "%linebuf_V_1 = alloca i64 1" [2dconv.cpp:43]   --->   Operation 57 'alloca' 'linebuf_V_1' <Predicate = true> <Delay = 0.00> <CoreInst = "RAM">   --->   Core 82 'RAM' <Latency = 1> <II = 1> <Delay = 3.25> <Storage> <Opcode : 'load' 'store'> <Ports = 2> <Width = 32> <Depth = 68> <RAM>
ST_1 : Operation 58 [1/1] (0.00ns)   --->   "%linebuf_V_2 = alloca i64 1" [2dconv.cpp:43]   --->   Operation 58 'alloca' 'linebuf_V_2' <Predicate = true> <Delay = 0.00> <CoreInst = "RAM">   --->   Core 82 'RAM' <Latency = 1> <II = 1> <Delay = 3.25> <Storage> <Opcode : 'load' 'store'> <Ports = 2> <Width = 32> <Depth = 68> <RAM>
ST_1 : Operation 59 [1/1] (1.58ns)   --->   "%store_ln57 = store i2 0, i2 %r" [2dconv.cpp:57]   --->   Operation 59 'store' 'store_ln57' <Predicate = true> <Delay = 1.58>
ST_1 : Operation 60 [1/1] (0.00ns)   --->   "%br_ln57 = br void" [2dconv.cpp:57]   --->   Operation 60 'br' 'br_ln57' <Predicate = true> <Delay = 0.00>

State 2 <SV = 1> <Delay = 1.58>
ST_2 : Operation 61 [1/1] (0.00ns)   --->   "%r_1 = load i2 %r" [2dconv.cpp:57]   --->   Operation 61 'load' 'r_1' <Predicate = true> <Delay = 0.00>
ST_2 : Operation 62 [1/1] (0.95ns)   --->   "%icmp_ln57 = icmp_eq  i2 %r_1, i2 3" [2dconv.cpp:57]   --->   Operation 62 'icmp' 'icmp_ln57' <Predicate = true> <Delay = 0.95> <CoreInst = "Cmp">   --->   Core 9 'Cmp' <Latency = 0> <II = 1> <Delay = 1.48> <FuncUnit> <Opcode : 'icmp'> <InPorts = 2> <OutPorts = 1>
ST_2 : Operation 63 [1/1] (0.00ns)   --->   "%empty = speclooptripcount i32 @_ssdm_op_SpecLoopTripCount, i64 3, i64 3, i64 3"   --->   Operation 63 'speclooptripcount' 'empty' <Predicate = true> <Delay = 0.00>
ST_2 : Operation 64 [1/1] (1.56ns)   --->   "%add_ln57 = add i2 %r_1, i2 1" [2dconv.cpp:57]   --->   Operation 64 'add' 'add_ln57' <Predicate = true> <Delay = 1.56> <CoreInst = "Adder">   --->   Core 1 'Adder' <Latency = 0> <II = 1> <Delay = 1.87> <FuncUnit> <Opcode : 'add' 'sub'> <InPorts = 2> <OutPorts = 1>
ST_2 : Operation 65 [1/1] (0.00ns)   --->   "%br_ln57 = br i1 %icmp_ln57, void %.split10, void %.preheader3.preheader" [2dconv.cpp:57]   --->   Operation 65 'br' 'br_ln57' <Predicate = true> <Delay = 0.00>
ST_2 : Operation 66 [1/1] (0.00ns)   --->   "%specloopname_ln57 = specloopname void @_ssdm_op_SpecLoopName, void @empty_14" [2dconv.cpp:57]   --->   Operation 66 'specloopname' 'specloopname_ln57' <Predicate = (!icmp_ln57)> <Delay = 0.00>
ST_2 : Operation 67 [1/1] (1.58ns)   --->   "%br_ln59 = br void" [2dconv.cpp:59]   --->   Operation 67 'br' 'br_ln59' <Predicate = (!icmp_ln57)> <Delay = 1.58>

State 3 <SV = 2> <Delay = 4.74>
ST_3 : Operation 68 [1/1] (0.00ns)   --->   "%c = phi i7 0, void %.split10, i7 %add_ln59, void %.split8844" [2dconv.cpp:59]   --->   Operation 68 'phi' 'c' <Predicate = true> <Delay = 0.00>
ST_3 : Operation 69 [1/1] (0.00ns)   --->   "%zext_ln59 = zext i7 %c" [2dconv.cpp:59]   --->   Operation 69 'zext' 'zext_ln59' <Predicate = true> <Delay = 0.00>
ST_3 : Operation 70 [1/1] (1.48ns)   --->   "%icmp_ln59 = icmp_eq  i7 %c, i7 68" [2dconv.cpp:59]   --->   Operation 70 'icmp' 'icmp_ln59' <Predicate = true> <Delay = 1.48> <CoreInst = "Cmp">   --->   Core 9 'Cmp' <Latency = 0> <II = 1> <Delay = 1.48> <FuncUnit> <Opcode : 'icmp'> <InPorts = 2> <OutPorts = 1>
ST_3 : Operation 71 [1/1] (0.00ns)   --->   "%empty_88 = speclooptripcount i32 @_ssdm_op_SpecLoopTripCount, i64 68, i64 68, i64 68"   --->   Operation 71 'speclooptripcount' 'empty_88' <Predicate = true> <Delay = 0.00>
ST_3 : Operation 72 [1/1] (1.87ns)   --->   "%add_ln59 = add i7 %c, i7 1" [2dconv.cpp:59]   --->   Operation 72 'add' 'add_ln59' <Predicate = true> <Delay = 1.87> <CoreInst = "Adder">   --->   Core 1 'Adder' <Latency = 0> <II = 1> <Delay = 1.87> <FuncUnit> <Opcode : 'add' 'sub'> <InPorts = 2> <OutPorts = 1>
ST_3 : Operation 73 [1/1] (0.00ns)   --->   "%br_ln59 = br i1 %icmp_ln59, void %.split8, void" [2dconv.cpp:59]   --->   Operation 73 'br' 'br_ln59' <Predicate = true> <Delay = 0.00>
ST_3 : Operation 74 [1/1] (0.00ns)   --->   "%specloopname_ln59 = specloopname void @_ssdm_op_SpecLoopName, void @empty_13" [2dconv.cpp:59]   --->   Operation 74 'specloopname' 'specloopname_ln59' <Predicate = (!icmp_ln59)> <Delay = 0.00>
ST_3 : Operation 75 [1/1] (0.00ns)   --->   "%linebuf_V_0_addr = getelementptr i32 %linebuf_V_0, i64 0, i64 %zext_ln59" [2dconv.cpp:60]   --->   Operation 75 'getelementptr' 'linebuf_V_0_addr' <Predicate = (!icmp_ln59)> <Delay = 0.00>
ST_3 : Operation 76 [1/1] (0.00ns)   --->   "%linebuf_V_1_addr = getelementptr i32 %linebuf_V_1, i64 0, i64 %zext_ln59" [2dconv.cpp:60]   --->   Operation 76 'getelementptr' 'linebuf_V_1_addr' <Predicate = (!icmp_ln59)> <Delay = 0.00>
ST_3 : Operation 77 [1/1] (0.00ns)   --->   "%linebuf_V_2_addr = getelementptr i32 %linebuf_V_2, i64 0, i64 %zext_ln59" [2dconv.cpp:60]   --->   Operation 77 'getelementptr' 'linebuf_V_2_addr' <Predicate = (!icmp_ln59)> <Delay = 0.00>
ST_3 : Operation 78 [1/1] (1.13ns)   --->   "%switch_ln60 = switch i2 %r_1, void %branch2, i2 0, void %branch0, i2 1, void %branch1" [2dconv.cpp:60]   --->   Operation 78 'switch' 'switch_ln60' <Predicate = (!icmp_ln59)> <Delay = 1.13>
ST_3 : Operation 79 [1/1] (3.25ns)   --->   "%store_ln60 = store i32 0, i7 %linebuf_V_1_addr" [2dconv.cpp:60]   --->   Operation 79 'store' 'store_ln60' <Predicate = (!icmp_ln59 & r_1 == 1)> <Delay = 3.25> <CoreInst = "RAM">   --->   Core 82 'RAM' <Latency = 1> <II = 1> <Delay = 3.25> <Storage> <Opcode : 'load' 'store'> <Ports = 2> <Width = 32> <Depth = 68> <RAM>
ST_3 : Operation 80 [1/1] (0.00ns)   --->   "%br_ln60 = br void %.split8844" [2dconv.cpp:60]   --->   Operation 80 'br' 'br_ln60' <Predicate = (!icmp_ln59 & r_1 == 1)> <Delay = 0.00>
ST_3 : Operation 81 [1/1] (3.25ns)   --->   "%store_ln60 = store i32 0, i7 %linebuf_V_0_addr" [2dconv.cpp:60]   --->   Operation 81 'store' 'store_ln60' <Predicate = (!icmp_ln59 & r_1 == 0)> <Delay = 3.25> <CoreInst = "RAM">   --->   Core 82 'RAM' <Latency = 1> <II = 1> <Delay = 3.25> <Storage> <Opcode : 'load' 'store'> <Ports = 2> <Width = 32> <Depth = 68> <RAM>
ST_3 : Operation 82 [1/1] (0.00ns)   --->   "%br_ln60 = br void %.split8844" [2dconv.cpp:60]   --->   Operation 82 'br' 'br_ln60' <Predicate = (!icmp_ln59 & r_1 == 0)> <Delay = 0.00>
ST_3 : Operation 83 [1/1] (3.25ns)   --->   "%store_ln60 = store i32 0, i7 %linebuf_V_2_addr" [2dconv.cpp:60]   --->   Operation 83 'store' 'store_ln60' <Predicate = (!icmp_ln59 & r_1 != 0 & r_1 != 1)> <Delay = 3.25> <CoreInst = "RAM">   --->   Core 82 'RAM' <Latency = 1> <II = 1> <Delay = 3.25> <Storage> <Opcode : 'load' 'store'> <Ports = 2> <Width = 32> <Depth = 68> <RAM>
ST_3 : Operation 84 [1/1] (0.00ns)   --->   "%br_ln60 = br void %.split8844" [2dconv.cpp:60]   --->   Operation 84 'br' 'br_ln60' <Predicate = (!icmp_ln59 & r_1 != 0 & r_1 != 1)> <Delay = 0.00>
ST_3 : Operation 85 [1/1] (0.00ns)   --->   "%br_ln0 = br void"   --->   Operation 85 'br' 'br_ln0' <Predicate = (!icmp_ln59)> <Delay = 0.00>
ST_3 : Operation 86 [1/1] (1.58ns)   --->   "%store_ln57 = store i2 %add_ln57, i2 %r" [2dconv.cpp:57]   --->   Operation 86 'store' 'store_ln57' <Predicate = (icmp_ln59)> <Delay = 1.58>
ST_3 : Operation 87 [1/1] (0.00ns)   --->   "%br_ln0 = br void"   --->   Operation 87 'br' 'br_ln0' <Predicate = (icmp_ln59)> <Delay = 0.00>

State 4 <SV = 2> <Delay = 6.91>
ST_4 : Operation 88 [1/1] (0.00ns)   --->   "%empty_87 = wait i32 @_ssdm_op_Wait"   --->   Operation 88 'wait' 'empty_87' <Predicate = true> <Delay = 0.00>
ST_4 : Operation 89 [2/2] (6.91ns)   --->   "%call_ln0 = call void @conv2d_stream_Pipeline_each_image_row, i32 %linebuf_V_2, i32 %linebuf_V_1, i32 %linebuf_V_0, i32 %in_stream_V_data_V, i4 %in_stream_V_keep_V, i4 %in_stream_V_strb_V, i1 %in_stream_V_last_V, i32 %k00_read, i32 %k01_read, i32 %k02_read, i32 %k10_read, i32 %k11_read, i32 %k12_read, i32 %k20_read, i32 %k21_read, i32 %k22_read, i32 %out_stream_V_data_V, i4 %out_stream_V_keep_V, i4 %out_stream_V_strb_V, i1 %out_stream_V_last_V"   --->   Operation 89 'call' 'call_ln0' <Predicate = true> <Delay = 6.91> <CoreType = "Generic">   --->   Core 0 '' <Latency = 0> <II = 1> <Delay = 1.00> <Generic> <Opcode : >

State 5 <SV = 3> <Delay = 3.10>
ST_5 : Operation 90 [1/2] (3.10ns)   --->   "%call_ln0 = call void @conv2d_stream_Pipeline_each_image_row, i32 %linebuf_V_2, i32 %linebuf_V_1, i32 %linebuf_V_0, i32 %in_stream_V_data_V, i4 %in_stream_V_keep_V, i4 %in_stream_V_strb_V, i1 %in_stream_V_last_V, i32 %k00_read, i32 %k01_read, i32 %k02_read, i32 %k10_read, i32 %k11_read, i32 %k12_read, i32 %k20_read, i32 %k21_read, i32 %k22_read, i32 %out_stream_V_data_V, i4 %out_stream_V_keep_V, i4 %out_stream_V_strb_V, i1 %out_stream_V_last_V"   --->   Operation 90 'call' 'call_ln0' <Predicate = true> <Delay = 3.10> <CoreType = "Generic">   --->   Core 0 '' <Latency = 0> <II = 1> <Delay = 1.00> <Generic> <Opcode : >

State 6 <SV = 4> <Delay = 0.00>
ST_6 : Operation 91 [1/1] (0.00ns)   --->   "%ret_ln100 = ret" [2dconv.cpp:100]   --->   Operation 91 'ret' 'ret_ln100' <Predicate = true> <Delay = 0.00>


============================================================
+ Verbose Summary: Timing violations
============================================================
Target clock period: 10ns, clock uncertainty: 2.7ns.

 <State 1>: 1.59ns
The critical path consists of the following:
	'alloca' operation ('r') [18]  (0 ns)
	'store' operation ('store_ln57', 2dconv.cpp:57) of constant 0 on local variable 'r' [70]  (1.59 ns)

 <State 2>: 1.59ns
The critical path consists of the following:
	multiplexor before 'phi' operation ('c', 2dconv.cpp:59) with incoming values : ('add_ln59', 2dconv.cpp:59) [82]  (1.59 ns)

 <State 3>: 4.74ns
The critical path consists of the following:
	'phi' operation ('c', 2dconv.cpp:59) with incoming values : ('add_ln59', 2dconv.cpp:59) [82]  (0 ns)
	'getelementptr' operation ('linebuf_V_1_addr', 2dconv.cpp:60) [91]  (0 ns)
	'store' operation ('store_ln60', 2dconv.cpp:60) of constant 0 on array 'linebuf.V[1]', 2dconv.cpp:43 [95]  (3.25 ns)
	blocking operation 1.49 ns on control path)

 <State 4>: 6.91ns
The critical path consists of the following:
	'call' operation ('call_ln0') to 'conv2d_stream_Pipeline_each_image_row' [110]  (6.91 ns)

 <State 5>: 3.1ns
The critical path consists of the following:
	'call' operation ('call_ln0') to 'conv2d_stream_Pipeline_each_image_row' [110]  (3.1 ns)

 <State 6>: 0ns
The critical path consists of the following:


============================================================
+ Verbose Summary: Binding
============================================================
N/A
* FSMD analyzer results:
  - Output states:
 - Input state : 
  - Chain level:
	State 1
	State 2
	State 3
	State 4
	State 5
	State 6


============================================================
+ Verbose Summary: Datapath Resource usage 
============================================================
N/A
