

================================================================
== Vitis HLS Report for 'conv2d_stream'
================================================================
* Date:           Tue Apr 28 23:13:44 2026

* Version:        2021.1 (Build 3247384 on Thu Jun 10 19:36:07 MDT 2021)
* Project:        hls_2dconv_stream_aggressive
* Solution:       sol1 (Vivado IP Flow Target)
* Product family: zynq
* Target device:  xc7z020-clg400-1


================================================================
== Performance Estimates
================================================================
+ Timing: 
    * Summary: 
    +--------+----------+----------+------------+
    |  Clock |  Target  | Estimated| Uncertainty|
    +--------+----------+----------+------------+
    |ap_clk  |  10.00 ns|  6.912 ns|     2.70 ns|
    +--------+----------+----------+------------+

+ Latency: 
    * Summary: 
    +---------+---------+-----------+-----------+------+------+---------+
    |  Latency (cycles) |   Latency (absolute)  |   Interval  | Pipeline|
    |   min   |   max   |    min    |    max    |  min |  max |   Type  |
    +---------+---------+-----------+-----------+------+------+---------+
    |     4766|     4766|  47.660 us|  47.660 us|  4767|  4767|       no|
    +---------+---------+-----------+-----------+------+------+---------+

    + Detail: 
        * Instance: 
        +--------------------------------------------------+---------------------------------------+---------+---------+-----------+-----------+------+------+---------+
        |                                                  |                                       |  Latency (cycles) |   Latency (absolute)  |   Interval  | Pipeline|
        |                     Instance                     |                 Module                |   min   |   max   |    min    |    max    |  min |  max |   Type  |
        +--------------------------------------------------+---------------------------------------+---------+---------+-----------+-----------+------+------+---------+
        |grp_conv2d_stream_Pipeline_each_image_row_fu_230  |conv2d_stream_Pipeline_each_image_row  |     4552|     4552|  45.520 us|  45.520 us|  4552|  4552|       no|
        +--------------------------------------------------+---------------------------------------+---------+---------+-----------+-----------+------+------+---------+

        * Loop: 
        +--------------+---------+---------+----------+-----------+-----------+------+----------+
        |              |  Latency (cycles) | Iteration|  Initiation Interval  | Trip |          |
        |   Loop Name  |   min   |   max   |  Latency |  achieved |   target  | Count| Pipelined|
        +--------------+---------+---------+----------+-----------+-----------+------+----------+
        |- init_rows   |      210|      210|        70|          -|          -|     3|        no|
        | + init_cols  |       68|       68|         1|          -|          -|    68|        no|
        +--------------+---------+---------+----------+-----------+-----------+------+----------+



================================================================
== Utilization Estimates
================================================================
* Summary: 
+-----------------+---------+------+--------+-------+-----+
|       Name      | BRAM_18K|  DSP |   FF   |  LUT  | URAM|
+-----------------+---------+------+--------+-------+-----+
|DSP              |        -|     -|       -|      -|    -|
|Expression       |        -|     -|       0|     44|    -|
|FIFO             |        -|     -|       -|      -|    -|
|Instance         |        0|  1782|  148944|  62962|    -|
|Memory           |        6|     -|       0|      0|    0|
|Multiplexer      |        -|     -|       -|    286|    -|
|Register         |        -|     -|     308|      -|    -|
+-----------------+---------+------+--------+-------+-----+
|Total            |        6|  1782|  149252|  63292|    0|
+-----------------+---------+------+--------+-------+-----+
|Available        |      280|   220|  106400|  53200|    0|
+-----------------+---------+------+--------+-------+-----+
|Utilization (%)  |        2|   810|     140|    118|    0|
+-----------------+---------+------+--------+-------+-----+

+ Detail: 
    * Instance: 
    +--------------------------------------------------+---------------------------------------+---------+------+--------+-------+-----+
    |                     Instance                     |                 Module                | BRAM_18K|  DSP |   FF   |  LUT  | URAM|
    +--------------------------------------------------+---------------------------------------+---------+------+--------+-------+-----+
    |CTRL_s_axi_U                                      |CTRL_s_axi                             |        0|     0|     378|    616|    0|
    |grp_conv2d_stream_Pipeline_each_image_row_fu_230  |conv2d_stream_Pipeline_each_image_row  |        0|  1782|  148566|  62346|    0|
    +--------------------------------------------------+---------------------------------------+---------+------+--------+-------+-----+
    |Total                                             |                                       |        0|  1782|  148944|  62962|    0|
    +--------------------------------------------------+---------------------------------------+---------+------+--------+-------+-----+

    * DSP: 
    N/A

    * Memory: 
    +---------------+-------------+---------+---+----+-----+------+-----+------+-------------+
    |     Memory    |    Module   | BRAM_18K| FF| LUT| URAM| Words| Bits| Banks| W*Bits*Banks|
    +---------------+-------------+---------+---+----+-----+------+-----+------+-------------+
    |linebuf_V_0_U  |linebuf_V_0  |        2|  0|   0|    0|    68|   32|     1|         2176|
    |linebuf_V_1_U  |linebuf_V_0  |        2|  0|   0|    0|    68|   32|     1|         2176|
    |linebuf_V_2_U  |linebuf_V_0  |        2|  0|   0|    0|    68|   32|     1|         2176|
    +---------------+-------------+---------+---+----+-----+------+-----+------+-------------+
    |Total          |             |        6|  0|   0|    0|   204|   96|     3|         6528|
    +---------------+-------------+---------+---+----+-----+------+-----+------+-------------+

    * FIFO: 
    N/A

    * Expression: 
    +--------------------------------------------------------------------+----------+----+---+----+------------+------------+
    |                            Variable Name                           | Operation| DSP| FF| LUT| Bitwidth P0| Bitwidth P1|
    +--------------------------------------------------------------------+----------+----+---+----+------------+------------+
    |add_ln57_fu_276_p2                                                  |         +|   0|  0|  10|           2|           1|
    |add_ln59_fu_295_p2                                                  |         +|   0|  0|  14|           7|           1|
    |grp_conv2d_stream_Pipeline_each_image_row_fu_230_out_stream_TREADY  |       and|   0|  0|   2|           1|           1|
    |icmp_ln57_fu_270_p2                                                 |      icmp|   0|  0|   8|           2|           2|
    |icmp_ln59_fu_289_p2                                                 |      icmp|   0|  0|  10|           7|           7|
    +--------------------------------------------------------------------+----------+----+---+----+------------+------------+
    |Total                                                               |          |   0|  0|  44|          19|          12|
    +--------------------------------------------------------------------+----------+----+---+----+------------+------------+

    * Multiplexer: 
    +-------------------------------+----+-----------+-----+-----------+
    |              Name             | LUT| Input Size| Bits| Total Bits|
    +-------------------------------+----+-----------+-----+-----------+
    |ap_NS_fsm                      |  37|          7|    1|          7|
    |c_reg_219                      |   9|          2|    7|         14|
    |in_stream_TREADY_int_regslice  |   9|          2|    1|          2|
    |linebuf_V_0_address0           |  14|          3|    7|         21|
    |linebuf_V_0_ce0                |  14|          3|    1|          3|
    |linebuf_V_0_ce1                |   9|          2|    1|          2|
    |linebuf_V_0_d0                 |  14|          3|   32|         96|
    |linebuf_V_0_we0                |  14|          3|    1|          3|
    |linebuf_V_0_we1                |   9|          2|    1|          2|
    |linebuf_V_1_address0           |  14|          3|    7|         21|
    |linebuf_V_1_ce0                |  14|          3|    1|          3|
    |linebuf_V_1_ce1                |   9|          2|    1|          2|
    |linebuf_V_1_d0                 |  14|          3|   32|         96|
    |linebuf_V_1_we0                |  14|          3|    1|          3|
    |linebuf_V_1_we1                |   9|          2|    1|          2|
    |linebuf_V_2_address0           |  14|          3|    7|         21|
    |linebuf_V_2_ce0                |  14|          3|    1|          3|
    |linebuf_V_2_ce1                |   9|          2|    1|          2|
    |linebuf_V_2_d0                 |  14|          3|   32|         96|
    |linebuf_V_2_we0                |  14|          3|    1|          3|
    |linebuf_V_2_we1                |   9|          2|    1|          2|
    |r_fu_110                       |   9|          2|    2|          4|
    +-------------------------------+----+-----------+-----+-----------+
    |Total                          | 286|         61|  140|        408|
    +-------------------------------+----+-----------+-----+-----------+

    * Register: 
    +---------------------------------------------------------------+----+----+-----+-----------+
    |                              Name                             | FF | LUT| Bits| Const Bits|
    +---------------------------------------------------------------+----+----+-----+-----------+
    |add_ln57_reg_364                                               |   2|   0|    2|          0|
    |ap_CS_fsm                                                      |   6|   0|    6|          0|
    |c_reg_219                                                      |   7|   0|    7|          0|
    |grp_conv2d_stream_Pipeline_each_image_row_fu_230_ap_start_reg  |   1|   0|    1|          0|
    |k00_read_reg_352                                               |  32|   0|   32|          0|
    |k01_read_reg_347                                               |  32|   0|   32|          0|
    |k02_read_reg_342                                               |  32|   0|   32|          0|
    |k10_read_reg_337                                               |  32|   0|   32|          0|
    |k11_read_reg_332                                               |  32|   0|   32|          0|
    |k12_read_reg_327                                               |  32|   0|   32|          0|
    |k20_read_reg_322                                               |  32|   0|   32|          0|
    |k21_read_reg_317                                               |  32|   0|   32|          0|
    |k22_read_reg_312                                               |  32|   0|   32|          0|
    |r_1_reg_357                                                    |   2|   0|    2|          0|
    |r_fu_110                                                       |   2|   0|    2|          0|
    +---------------------------------------------------------------+----+----+-----+-----------+
    |Total                                                          | 308|   0|  308|          0|
    +---------------------------------------------------------------+----+----+-----+-----------+



================================================================
== Interface
================================================================
* Summary: 
+--------------------+-----+-----+------------+---------------------+--------------+
|      RTL Ports     | Dir | Bits|  Protocol  |    Source Object    |    C Type    |
+--------------------+-----+-----+------------+---------------------+--------------+
|s_axi_CTRL_AWVALID  |   in|    1|       s_axi|                 CTRL|        scalar|
|s_axi_CTRL_AWREADY  |  out|    1|       s_axi|                 CTRL|        scalar|
|s_axi_CTRL_AWADDR   |   in|    7|       s_axi|                 CTRL|        scalar|
|s_axi_CTRL_WVALID   |   in|    1|       s_axi|                 CTRL|        scalar|
|s_axi_CTRL_WREADY   |  out|    1|       s_axi|                 CTRL|        scalar|
|s_axi_CTRL_WDATA    |   in|   32|       s_axi|                 CTRL|        scalar|
|s_axi_CTRL_WSTRB    |   in|    4|       s_axi|                 CTRL|        scalar|
|s_axi_CTRL_ARVALID  |   in|    1|       s_axi|                 CTRL|        scalar|
|s_axi_CTRL_ARREADY  |  out|    1|       s_axi|                 CTRL|        scalar|
|s_axi_CTRL_ARADDR   |   in|    7|       s_axi|                 CTRL|        scalar|
|s_axi_CTRL_RVALID   |  out|    1|       s_axi|                 CTRL|        scalar|
|s_axi_CTRL_RREADY   |   in|    1|       s_axi|                 CTRL|        scalar|
|s_axi_CTRL_RDATA    |  out|   32|       s_axi|                 CTRL|        scalar|
|s_axi_CTRL_RRESP    |  out|    2|       s_axi|                 CTRL|        scalar|
|s_axi_CTRL_BVALID   |  out|    1|       s_axi|                 CTRL|        scalar|
|s_axi_CTRL_BREADY   |   in|    1|       s_axi|                 CTRL|        scalar|
|s_axi_CTRL_BRESP    |  out|    2|       s_axi|                 CTRL|        scalar|
|ap_clk              |   in|    1|  ap_ctrl_hs|        conv2d_stream|  return value|
|ap_rst_n            |   in|    1|  ap_ctrl_hs|        conv2d_stream|  return value|
|interrupt           |  out|    1|  ap_ctrl_hs|        conv2d_stream|  return value|
|in_stream_TDATA     |   in|   32|        axis|   in_stream_V_data_V|       pointer|
|in_stream_TVALID    |   in|    1|        axis|   in_stream_V_last_V|       pointer|
|in_stream_TREADY    |  out|    1|        axis|   in_stream_V_last_V|       pointer|
|in_stream_TLAST     |   in|    1|        axis|   in_stream_V_last_V|       pointer|
|in_stream_TKEEP     |   in|    4|        axis|   in_stream_V_keep_V|       pointer|
|in_stream_TSTRB     |   in|    4|        axis|   in_stream_V_strb_V|       pointer|
|out_stream_TDATA    |  out|   32|        axis|  out_stream_V_data_V|       pointer|
|out_stream_TVALID   |  out|    1|        axis|  out_stream_V_last_V|       pointer|
|out_stream_TREADY   |   in|    1|        axis|  out_stream_V_last_V|       pointer|
|out_stream_TLAST    |  out|    1|        axis|  out_stream_V_last_V|       pointer|
|out_stream_TKEEP    |  out|    4|        axis|  out_stream_V_keep_V|       pointer|
|out_stream_TSTRB    |  out|    4|        axis|  out_stream_V_strb_V|       pointer|
+--------------------+-----+-----+------------+---------------------+--------------+

============================================================
+ Verbose Summary: Synthesis Manager
============================================================
InlineROM: 1
ExposeGlobal: 0
============================================================
+ Verbose Summary: CDFG Model
============================================================
IsTopModel: 1
ResetActiveHigh: 1
IsCombinational: 2
IsDatapathOnly: 2
HasWiredReturn: 1
HasMFsm: 0
HasVarLatency: 1
IsPipeline: 0
IsRtlPipelined: 0
IsInstanceOverlapped: 0
IsDontTouch: 0
HasImplIP: 0
IsGatedGlobalClock: 0


============================================================
+ Verbose Summary: Schedule
============================================================
* Number of FSM states : 6
* Pipeline : 0
* Dataflow Pipeline: 0

* FSM state transitions: 
1 --> 2 
2 --> 4 3 
3 --> 3 2 
4 --> 5 
5 --> 6 
6 --> 

* FSM state operations: 

State 1 <SV = 0> <Delay = 3.25>
ST_1 : Operation 7 [1/1] (0.00ns)   --->   "%r = alloca i32 1"   --->   Operation 7 'alloca' 'r' <Predicate = true> <Delay = 0.00>
ST_1 : Operation 8 [1/1] (0.00ns)   --->   "%spectopmodule_ln0 = spectopmodule void @_ssdm_op_SpecTopModule, void @empty_1"   --->   Operation 8 'spectopmodule' 'spectopmodule_ln0' <Predicate = true> <Delay = 0.00>
ST_1 : Operation 9 [1/1] (0.00ns)   --->   "%specinterface_ln0 = specinterface void @_ssdm_op_SpecInterface, i32 %in_stream_V_data_V, i4 %in_stream_V_keep_V, i4 %in_stream_V_strb_V, i1 %in_stream_V_last_V, void @empty_7, i32 1, i32 1, void @empty_8, i32 0, i32 0, void @empty_9, void @empty_9, void @empty_9, i32 0, i32 0, i32 0, i32 0, void @empty_9, void @empty_9"   --->   Operation 9 'specinterface' 'specinterface_ln0' <Predicate = true> <Delay = 0.00>
ST_1 : Operation 10 [1/1] (0.00ns)   --->   "%specbitsmap_ln0 = specbitsmap void @_ssdm_op_SpecBitsMap, i32 %in_stream_V_data_V"   --->   Operation 10 'specbitsmap' 'specbitsmap_ln0' <Predicate = true> <Delay = 0.00>
ST_1 : Operation 11 [1/1] (0.00ns)   --->   "%specbitsmap_ln0 = specbitsmap void @_ssdm_op_SpecBitsMap, i4 %in_stream_V_keep_V"   --->   Operation 11 'specbitsmap' 'specbitsmap_ln0' <Predicate = true> <Delay = 0.00>
ST_1 : Operation 12 [1/1] (0.00ns)   --->   "%specbitsmap_ln0 = specbitsmap void @_ssdm_op_SpecBitsMap, i4 %in_stream_V_strb_V"   --->   Operation 12 'specbitsmap' 'specbitsmap_ln0' <Predicate = true> <Delay = 0.00>
ST_1 : Operation 13 [1/1] (0.00ns)   --->   "%specbitsmap_ln0 = specbitsmap void @_ssdm_op_SpecBitsMap, i1 %in_stream_V_last_V"   --->   Operation 13 'specbitsmap' 'specbitsmap_ln0' <Predicate = true> <Delay = 0.00>
ST_1 : Operation 14 [1/1] (0.00ns)   --->   "%specinterface_ln0 = specinterface void @_ssdm_op_SpecInterface, i32 %out_stream_V_data_V, i4 %out_stream_V_keep_V, i4 %out_stream_V_strb_V, i1 %out_stream_V_last_V, void @empty_7, i32 1, i32 1, void @empty_8, i32 0, i32 0, void @empty_9, void @empty_9, void @empty_9, i32 0, i32 0, i32 0, i32 0, void @empty_9, void @empty_9"   --->   Operation 14 'specinterface' 'specinterface_ln0' <Predicate = true> <Delay = 0.00>
ST_1 : Operation 15 [1/1] (0.00ns)   --->   "%specbitsmap_ln0 = specbitsmap void @_ssdm_op_SpecBitsMap, i32 %out_stream_V_data_V"   --->   Operation 15 'specbitsmap' 'specbitsmap_ln0' <Predicate = true> <Delay = 0.00>
ST_1 : Operation 16 [1/1] (0.00ns)   --->   "%specbitsmap_ln0 = specbitsmap void @_ssdm_op_SpecBitsMap, i4 %out_stream_V_keep_V"   --->   Operation 16 'specbitsmap' 'specbitsmap_ln0' <Predicate = true> <Delay = 0.00>
ST_1 : Operation 17 [1/1] (0.00ns)   --->   "%specbitsmap_ln0 = specbitsmap void @_ssdm_op_SpecBitsMap, i4 %out_stream_V_strb_V"   --->   Operation 17 'specbitsmap' 'specbitsmap_ln0' <Predicate = true> <Delay = 0.00>
ST_1 : Operation 18 [1/1] (0.00ns)   --->   "%specbitsmap_ln0 = specbitsmap void @_ssdm_op_SpecBitsMap, i1 %out_stream_V_last_V"   --->   Operation 18 'specbitsmap' 'specbitsmap_ln0' <Predicate = true> <Delay = 0.00>
ST_1 : Operation 19 [1/1] (0.00ns)   --->   "%specbitsmap_ln0 = specbitsmap void @_ssdm_op_SpecBitsMap, i32 %k00"   --->   Operation 19 'specbitsmap' 'specbitsmap_ln0' <Predicate = true> <Delay = 0.00>
ST_1 : Operation 20 [1/1] (0.00ns)   --->   "%specinterface_ln0 = specinterface void @_ssdm_op_SpecInterface, i32 %k00, void @empty_11, i32 0, i32 0, void @empty_9, i32 0, i32 0, void @empty, void @empty_0, void @empty_9, i32 0, i32 0, i32 0, i32 0, void @empty_9, void @empty_9"   --->   Operation 20 'specinterface' 'specinterface_ln0' <Predicate = true> <Delay = 0.00>
ST_1 : Operation 21 [1/1] (0.00ns)   --->   "%specinterface_ln0 = specinterface void @_ssdm_op_SpecInterface, i32 %k00, void @empty_2, i32 0, i32 0, void @empty_9, i32 0, i32 0, void @empty_9, void @empty_9, void @empty_9, i32 0, i32 0, i32 0, i32 0, void @empty_9, void @empty_9"   --->   Operation 21 'specinterface' 'specinterface_ln0' <Predicate = true> <Delay = 0.00>
ST_1 : Operation 22 [1/1] (0.00ns)   --->   "%specbitsmap_ln0 = specbitsmap void @_ssdm_op_SpecBitsMap, i32 %k01"   --->   Operation 22 'specbitsmap' 'specbitsmap_ln0' <Predicate = true> <Delay = 0.00>
ST_1 : Operation 23 [1/1] (0.00ns)   --->   "%specinterface_ln0 = specinterface void @_ssdm_op_SpecInterface, i32 %k01, void @empty_11, i32 0, i32 0, void @empty_9, i32 0, i32 0, void @empty, void @empty_10, void @empty_9, i32 0, i32 0, i32 0, i32 0, void @empty_9, void @empty_9"   --->   Operation 23 'specinterface' 'specinterface_ln0' <Predicate = true> <Delay = 0.00>
ST_1 : Operation 24 [1/1] (0.00ns)   --->   "%specinterface_ln0 = specinterface void @_ssdm_op_SpecInterface, i32 %k01, void @empty_2, i32 0, i32 0, void @empty_9, i32 0, i32 0, void @empty_9, void @empty_9, void @empty_9, i32 0, i32 0, i32 0, i32 0, void @empty_9, void @empty_9"   --->   Operation 24 'specinterface' 'specinterface_ln0' <Predicate = true> <Delay = 0.00>
ST_1 : Operation 25 [1/1] (0.00ns)   --->   "%specbitsmap_ln0 = specbitsmap void @_ssdm_op_SpecBitsMap, i32 %k02"   --->   Operation 25 'specbitsmap' 'specbitsmap_ln0' <Predicate = true> <Delay = 0.00>
ST_1 : Operation 26 [1/1] (0.00ns)   --->   "%specinterface_ln0 = specinterface void @_ssdm_op_SpecInterface, i32 %k02, void @empty_11, i32 0, i32 0, void @empty_9, i32 0, i32 0, void @empty, void @empty_3, void @empty_9, i32 0, i32 0, i32 0, i32 0, void @empty_9, void @empty_9"   --->   Operation 26 'specinterface' 'specinterface_ln0' <Predicate = true> <Delay = 0.00>
ST_1 : Operation 27 [1/1] (0.00ns)   --->   "%specinterface_ln0 = specinterface void @_ssdm_op_SpecInterface, i32 %k02, void @empty_2, i32 0, i32 0, void @empty_9, i32 0, i32 0, void @empty_9, void @empty_9, void @empty_9, i32 0, i32 0, i32 0, i32 0, void @empty_9, void @empty_9"   --->   Operation 27 'specinterface' 'specinterface_ln0' <Predicate = true> <Delay = 0.00>
ST_1 : Operation 28 [1/1] (0.00ns)   --->   "%specbitsmap_ln0 = specbitsmap void @_ssdm_op_SpecBitsMap, i32 %k10"   --->   Operation 28 'specbitsmap' 'specbitsmap_ln0' <Predicate = true> <Delay = 0.00>
ST_1 : Operation 29 [1/1] (0.00ns)   --->   "%specinterface_ln0 = specinterface void @_ssdm_op_SpecInterface, i32 %k10, void @empty_11, i32 0, i32 0, void @empty_9, i32 0, i32 0, void @empty, void @empty_4, void @empty_9, i32 0, i32 0, i32 0, i32 0, void @empty_9, void @empty_9"   --->   Operation 29 'specinterface' 'specinterface_ln0' <Predicate = true> <Delay = 0.00>
ST_1 : Operation 30 [1/1] (0.00ns)   --->   "%specinterface_ln0 = specinterface void @_ssdm_op_SpecInterface, i32 %k10, void @empty_2, i32 0, i32 0, void @empty_9, i32 0, i32 0, void @empty_9, void @empty_9, void @empty_9, i32 0, i32 0, i32 0, i32 0, void @empty_9, void @empty_9"   --->   Operation 30 'specinterface' 'specinterface_ln0' <Predicate = true> <Delay = 0.00>
ST_1 : Operation 31 [1/1] (0.00ns)   --->   "%specbitsmap_ln0 = specbitsmap void @_ssdm_op_SpecBitsMap, i32 %k11"   --->   Operation 31 'specbitsmap' 'specbitsmap_ln0' <Predicate = true> <Delay = 0.00>
ST_1 : Operation 32 [1/1] (0.00ns)   --->   "%specinterface_ln0 = specinterface void @_ssdm_op_SpecInterface, i32 %k11, void @empty_11, i32 0, i32 0, void @empty_9, i32 0, i32 0, void @empty, void @empty_5, void @empty_9, i32 0, i32 0, i32 0, i32 0, void @empty_9, void @empty_9"   --->   Operation 32 'specinterface' 'specinterface_ln0' <Predicate = true> <Delay = 0.00>
ST_1 : Operation 33 [1/1] (0.00ns)   --->   "%specinterface_ln0 = specinterface void @_ssdm_op_SpecInterface, i32 %k11, void @empty_2, i32 0, i32 0, void @empty_9, i32 0, i32 0, void @empty_9, void @empty_9, void @empty_9, i32 0, i32 0, i32 0, i32 0, void @empty_9, void @empty_9"   --->   Operation 33 'specinterface' 'specinterface_ln0' <Predicate = true> <Delay = 0.00>
ST_1 : Operation 34 [1/1] (0.00ns)   --->   "%specbitsmap_ln0 = specbitsmap void @_ssdm_op_SpecBitsMap, i32 %k12"   --->   Operation 34 'specbitsmap' 'specbitsmap_ln0' <Predicate = true> <Delay = 0.00>
ST_1 : Operation 35 [1/1] (0.00ns)   --->   "%specinterface_ln0 = specinterface void @_ssdm_op_SpecInterface, i32 %k12, void @empty_11, i32 0, i32 0, void @empty_9, i32 0, i32 0, void @empty, void @empty_6, void @empty_9, i32 0, i32 0, i32 0, i32 0, void @empty_9, void @empty_9"   --->   Operation 35 'specinterface' 'specinterface_ln0' <Predicate = true> <Delay = 0.00>
ST_1 : Operation 36 [1/1] (0.00ns)   --->   "%specinterface_ln0 = specinterface void @_ssdm_op_SpecInterface, i32 %k12, void @empty_2, i32 0, i32 0, void @empty_9, i32 0, i32 0, void @empty_9, void @empty_9, void @empty_9, i32 0, i32 0, i32 0, i32 0, void @empty_9, void @empty_9"   --->   Operation 36 'specinterface' 'specinterface_ln0' <Predicate = true> <Delay = 0.00>
ST_1 : Operation 37 [1/1] (0.00ns)   --->   "%specbitsmap_ln0 = specbitsmap void @_ssdm_op_SpecBitsMap, i32 %k20"   --->   Operation 37 'specbitsmap' 'specbitsmap_ln0' <Predicate = true> <Delay = 0.00>
ST_1 : Operation 38 [1/1] (0.00ns)   --->   "%specinterface_ln0 = specinterface void @_ssdm_op_SpecInterface, i32 %k20, void @empty_11, i32 0, i32 0, void @empty_9, i32 0, i32 0, void @empty, void @empty_15, void @empty_9, i32 0, i32 0, i32 0, i32 0, void @empty_9, void @empty_9"   --->   Operation 38 'specinterface' 'specinterface_ln0' <Predicate = true> <Delay = 0.00>
ST_1 : Operation 39 [1/1] (0.00ns)   --->   "%specinterface_ln0 = specinterface void @_ssdm_op_SpecInterface, i32 %k20, void @empty_2, i32 0, i32 0, void @empty_9, i32 0, i32 0, void @empty_9, void @empty_9, void @empty_9, i32 0, i32 0, i32 0, i32 0, void @empty_9, void @empty_9"   --->   Operation 39 'specinterface' 'specinterface_ln0' <Predicate = true> <Delay = 0.00>
ST_1 : Operation 40 [1/1] (0.00ns)   --->   "%specbitsmap_ln0 = specbitsmap void @_ssdm_op_SpecBitsMap, i32 %k21"   --->   Operation 40 'specbitsmap' 'specbitsmap_ln0' <Predicate = true> <Delay = 0.00>
ST_1 : Operation 41 [1/1] (0.00ns)   --->   "%specinterface_ln0 = specinterface void @_ssdm_op_SpecInterface, i32 %k21, void @empty_11, i32 0, i32 0, void @empty_9, i32 0, i32 0, void @empty, void @empty_16, void @empty_9, i32 0, i32 0, i32 0, i32 0, void @empty_9, void @empty_9"   --->   Operation 41 'specinterface' 'specinterface_ln0' <Predicate = true> <Delay = 0.00>
ST_1 : Operation 42 [1/1] (0.00ns)   --->   "%specinterface_ln0 = specinterface void @_ssdm_op_SpecInterface, i32 %k21, void @empty_2, i32 0, i32 0, void @empty_9, i32 0, i32 0, void @empty_9, void @empty_9, void @empty_9, i32 0, i32 0, i32 0, i32 0, void @empty_9, void @empty_9"   --->   Operation 42 'specinterface' 'specinterface_ln0' <Predicate = true> <Delay = 0.00>
ST_1 : Operation 43 [1/1] (0.00ns)   --->   "%specbitsmap_ln0 = specbitsmap void @_ssdm_op_SpecBitsMap, i32 %k22"   --->   Operation 43 'specbitsmap' 'specbitsmap_ln0' <Predicate = true> <Delay = 0.00>
ST_1 : Operation 44 [1/1] (0.00ns)   --->   "%specinterface_ln0 = specinterface void @_ssdm_op_SpecInterface, i32 %k22, void @empty_11, i32 0, i32 0, void @empty_9, i32 0, i32 0, void @empty, void @empty_17, void @empty_9, i32 0, i32 0, i32 0, i32 0, void @empty_9, void @empty_9"   --->   Operation 44 'specinterface' 'specinterface_ln0' <Predicate = true> <Delay = 0.00>
ST_1 : Operation 45 [1/1] (0.00ns)   --->   "%specinterface_ln0 = specinterface void @_ssdm_op_SpecInterface, i32 %k22, void @empty_2, i32 0, i32 0, void @empty_9, i32 0, i32 0, void @empty_9, void @empty_9, void @empty_9, i32 0, i32 0, i32 0, i32 0, void @empty_9, void @empty_9"   --->   Operation 45 'specinterface' 'specinterface_ln0' <Predicate = true> <Delay = 0.00>
ST_1 : Operation 46 [1/1] (0.00ns)   --->   "%specinterface_ln0 = specinterface void @_ssdm_op_SpecInterface, i32 0, void @empty_11, i32 0, i32 0, void @empty_9, i32 0, i32 0, void @empty, void @empty_9, void @empty_9, i32 0, i32 0, i32 0, i32 0, void @empty_9, void @empty_9"   --->   Operation 46 'specinterface' 'specinterface_ln0' <Predicate = true> <Delay = 0.00>
ST_1 : Operation 47 [1/1] (1.00ns)   --->   "%k22_read = read i32 @_ssdm_op_Read.s_axilite.i32, i32 %k22"   --->   Operation 47 'read' 'k22_read' <Predicate = true> <Delay = 1.00> <CoreInst = "s_axilite">   --->   Core 114 's_axilite' <Latency = 0> <II = 1> <Delay = 1.00> <Adapter> <Opcode : 'read' 'write'>
ST_1 : Operation 48 [1/1] (1.00ns)   --->   "%k21_read = read i32 @_ssdm_op_Read.s_axilite.i32, i32 %k21"   --->   Operation 48 'read' 'k21_read' <Predicate = true> <Delay = 1.00> <CoreInst = "s_axilite">   --->   Core 114 's_axilite' <Latency = 0> <II = 1> <Delay = 1.00> <Adapter> <Opcode : 'read' 'write'>
ST_1 : Operation 49 [1/1] (1.00ns)   --->   "%k20_read = read i32 @_ssdm_op_Read.s_axilite.i32, i32 %k20"   --->   Operation 49 'read' 'k20_read' <Predicate = true> <Delay = 1.00> <CoreInst = "s_axilite">   --->   Core 114 's_axilite' <Latency = 0> <II = 1> <Delay = 1.00> <Adapter> <Opcode : 'read' 'write'>
ST_1 : Operation 50 [1/1] (1.00ns)   --->   "%k12_read = read i32 @_ssdm_op_Read.s_axilite.i32, i32 %k12"   --->   Operation 50 'read' 'k12_read' <Predicate = true> <Delay = 1.00> <CoreInst = "s_axilite">   --->   Core 114 's_axilite' <Latency = 0> <II = 1> <Delay = 1.00> <Adapter> <Opcode : 'read' 'write'>
ST_1 : Operation 51 [1/1] (1.00ns)   --->   "%k11_read = read i32 @_ssdm_op_Read.s_axilite.i32, i32 %k11"   --->   Operation 51 'read' 'k11_read' <Predicate = true> <Delay = 1.00> <CoreInst = "s_axilite">   --->   Core 114 's_axilite' <Latency = 0> <II = 1> <Delay = 1.00> <Adapter> <Opcode : 'read' 'write'>
ST_1 : Operation 52 [1/1] (1.00ns)   --->   "%k10_read = read i32 @_ssdm_op_Read.s_axilite.i32, i32 %k10"   --->   Operation 52 'read' 'k10_read' <Predicate = true> <Delay = 1.00> <CoreInst = "s_axilite">   --->   Core 114 's_axilite' <Latency = 0> <II = 1> <Delay = 1.00> <Adapter> <Opcode : 'read' 'write'>
ST_1 : Operation 53 [1/1] (1.00ns)   --->   "%k02_read = read i32 @_ssdm_op_Read.s_axilite.i32, i32 %k02"   --->   Operation 53 'read' 'k02_read' <Predicate = true> <Delay = 1.00> <CoreInst = "s_axilite">   --->   Core 114 's_axilite' <Latency = 0> <II = 1> <Delay = 1.00> <Adapter> <Opcode : 'read' 'write'>
ST_1 : Operation 54 [1/1] (1.00ns)   --->   "%k01_read = read i32 @_ssdm_op_Read.s_axilite.i32, i32 %k01"   --->   Operation 54 'read' 'k01_read' <Predicate = true> <Delay = 1.00> <CoreInst = "s_axilite">   --->   Core 114 's_axilite' <Latency = 0> <II = 1> <Delay = 1.00> <Adapter> <Opcode : 'read' 'write'>
ST_1 : Operation 55 [1/1] (1.00ns)   --->   "%k00_read = read i32 @_ssdm_op_Read.s_axilite.i32, i32 %k00"   --->   Operation 55 'read' 'k00_read' <Predicate = true> <Delay = 1.00> <CoreInst = "s_axilite">   --->   Core 114 's_axilite' <Latency = 0> <II = 1> <Delay = 1.00> <Adapter> <Opcode : 'read' 'write'>
ST_1 : Operation 56 [1/1] (3.25ns)   --->   "%linebuf_V_0 = alloca i64 1" [2dconv.cpp:43]   --->   Operation 56 'alloca' 'linebuf_V_0' <Predicate = true> <Delay = 3.25> <CoreInst = "RAM">   --->   Core 82 'RAM' <Latency = 1> <II = 1> <Delay = 3.25> <Storage> <Opcode : 'load' 'store'> <Ports = 2> <Width = 32> <Depth = 68> <RAM>
ST_1 : Operation 57 [1/1] (3.25ns)   --->   "%linebuf_V_1 = alloca i64 1" [2dconv.cpp:43]   --->   Operation 57 'alloca' 'linebuf_V_1' <Predicate = true> <Delay = 3.25> <CoreInst = "RAM">   --->   Core 82 'RAM' <Latency = 1> <II = 1> <Delay = 3.25> <Storage> <Opcode : 'load' 'store'> <Ports = 2> <Width = 32> <Depth = 68> <RAM>
ST_1 : Operation 58 [1/1] (3.25ns)   --->   "%linebuf_V_2 = alloca i64 1" [2dconv.cpp:43]   --->   Operation 58 'alloca' 'linebuf_V_2' <Predicate = true> <Delay = 3.25> <CoreInst = "RAM">   --->   Core 82 'RAM' <Latency = 1> <II = 1> <Delay = 3.25> <Storage> <Opcode : 'load' 'store'> <Ports = 2> <Width = 32> <Depth = 68> <RAM>
ST_1 : Operation 59 [1/1] (1.58ns)   --->   "%store_ln57 = store i2 0, i2 %r" [2dconv.cpp:57]   --->   Operation 59 'store' 'store_ln57' <Predicate = true> <Delay = 1.58>
ST_1 : Operation 60 [1/1] (0.00ns)   --->   "%br_ln57 = br void" [2dconv.cpp:57]   --->   Operation 60 'br' 'br_ln57' <Predicate = true> <Delay = 0.00>

State 2 <SV = 1> <Delay = 1.58>
ST_2 : Operation 61 [1/1] (0.00ns)   --->   "%r_1 = load i2 %r" [2dconv.cpp:57]   --->   Operation 61 'load' 'r_1' <Predicate = true> <Delay = 0.00>
ST_2 : Operation 62 [1/1] (0.95ns)   --->   "%icmp_ln57 = icmp_eq  i2 %r_1, i2 3" [2dconv.cpp:57]   --->   Operation 62 'icmp' 'icmp_ln57' <Predicate = true> <Delay = 0.95> <CoreInst = "Cmp">   --->   Core 9 'Cmp' <Latency = 0> <II = 1> <Delay = 1.48> <FuncUnit> <Opcode : 'icmp'> <InPorts = 2> <OutPorts = 1>
ST_2 : Operation 63 [1/1] (0.00ns)   --->   "%empty = speclooptripcount i32 @_ssdm_op_SpecLoopTripCount, i64 3, i64 3, i64 3"   --->   Operation 63 'speclooptripcount' 'empty' <Predicate = true> <Delay = 0.00>
ST_2 : Operation 64 [1/1] (1.56ns)   --->   "%add_ln57 = add i2 %r_1, i2 1" [2dconv.cpp:57]   --->   Operation 64 'add' 'add_ln57' <Predicate = true> <Delay = 1.56> <CoreInst = "Adder">   --->   Core 1 'Adder' <Latency = 0> <II = 1> <Delay = 1.87> <FuncUnit> <Opcode : 'add' 'sub'> <InPorts = 2> <OutPorts = 1>
ST_2 : Operation 65 [1/1] (0.00ns)   --->   "%br_ln57 = br i1 %icmp_ln57, void %.split10, void %.preheader3.preheader" [2dconv.cpp:57]   --->   Operation 65 'br' 'br_ln57' <Predicate = true> <Delay = 0.00>
ST_2 : Operation 66 [1/1] (0.00ns)   --->   "%specloopname_ln57 = specloopname void @_ssdm_op_SpecLoopName, void @empty_14" [2dconv.cpp:57]   --->   Operation 66 'specloopname' 'specloopname_ln57' <Predicate = (!icmp_ln57)> <Delay = 0.00>
ST_2 : Operation 67 [1/1] (1.58ns)   --->   "%br_ln59 = br void" [2dconv.cpp:59]   --->   Operation 67 'br' 'br_ln59' <Predicate = (!icmp_ln57)> <Delay = 1.58>

State 3 <SV = 2> <Delay = 4.74>
ST_3 : Operation 68 [1/1] (0.00ns)   --->   "%c = phi i7 0, void %.split10, i7 %add_ln59, void %.split8844" [2dconv.cpp:59]   --->   Operation 68 'phi' 'c' <Predicate = true> <Delay = 0.00>
ST_3 : Operation 69 [1/1] (0.00ns)   --->   "%zext_ln59 = zext i7 %c" [2dconv.cpp:59]   --->   Operation 69 'zext' 'zext_ln59' <Predicate = true> <Delay = 0.00>
ST_3 : Operation 70 [1/1] (1.48ns)   --->   "%icmp_ln59 = icmp_eq  i7 %c, i7 68" [2dconv.cpp:59]   --->   Operation 70 'icmp' 'icmp_ln59' <Predicate = true> <Delay = 1.48> <CoreInst = "Cmp">   --->   Core 9 'Cmp' <Latency = 0> <II = 1> <Delay = 1.48> <FuncUnit> <Opcode : 'icmp'> <InPorts = 2> <OutPorts = 1>
ST_3 : Operation 71 [1/1] (0.00ns)   --->   "%empty_88 = speclooptripcount i32 @_ssdm_op_SpecLoopTripCount, i64 68, i64 68, i64 68"   --->   Operation 71 'speclooptripcount' 'empty_88' <Predicate = true> <Delay = 0.00>
ST_3 : Operation 72 [1/1] (1.87ns)   --->   "%add_ln59 = add i7 %c, i7 1" [2dconv.cpp:59]   --->   Operation 72 'add' 'add_ln59' <Predicate = true> <Delay = 1.87> <CoreInst = "Adder">   --->   Core 1 'Adder' <Latency = 0> <II = 1> <Delay = 1.87> <FuncUnit> <Opcode : 'add' 'sub'> <InPorts = 2> <OutPorts = 1>
ST_3 : Operation 73 [1/1] (0.00ns)   --->   "%br_ln59 = br i1 %icmp_ln59, void %.split8, void" [2dconv.cpp:59]   --->   Operation 73 'br' 'br_ln59' <Predicate = true> <Delay = 0.00>
ST_3 : Operation 74 [1/1] (0.00ns)   --->   "%specloopname_ln59 = specloopname void @_ssdm_op_SpecLoopName, void @empty_13" [2dconv.cpp:59]   --->   Operation 74 'specloopname' 'specloopname_ln59' <Predicate = (!icmp_ln59)> <Delay = 0.00>
ST_3 : Operation 75 [1/1] (0.00ns)   --->   "%linebuf_V_0_addr = getelementptr i32 %linebuf_V_0, i64 0, i64 %zext_ln59" [2dconv.cpp:60]   --->   Operation 75 'getelementptr' 'linebuf_V_0_addr' <Predicate = (!icmp_ln59)> <Delay = 0.00>
ST_3 : Operation 76 [1/1] (0.00ns)   --->   "%linebuf_V_1_addr = getelementptr i32 %linebuf_V_1, i64 0, i64 %zext_ln59" [2dconv.cpp:60]   --->   Operation 76 'getelementptr' 'linebuf_V_1_addr' <Predicate = (!icmp_ln59)> <Delay = 0.00>
ST_3 : Operation 77 [1/1] (0.00ns)   --->   "%linebuf_V_2_addr = getelementptr i32 %linebuf_V_2, i64 0, i64 %zext_ln59" [2dconv.cpp:60]   --->   Operation 77 'getelementptr' 'linebuf_V_2_addr' <Predicate = (!icmp_ln59)> <Delay = 0.00>
ST_3 : Operation 78 [1/1] (1.13ns)   --->   "%switch_ln60 = switch i2 %r_1, void %branch2, i2 0, void %branch0, i2 1, void %branch1" [2dconv.cpp:60]   --->   Operation 78 'switch' 'switch_ln60' <Predicate = (!icmp_ln59)> <Delay = 1.13>
ST_3 : Operation 79 [1/1] (3.25ns)   --->   "%store_ln60 = store i32 0, i7 %linebuf_V_1_addr" [2dconv.cpp:60]   --->   Operation 79 'store' 'store_ln60' <Predicate = (!icmp_ln59 & r_1 == 1)> <Delay = 3.25> <CoreInst = "RAM">   --->   Core 82 'RAM' <Latency = 1> <II = 1> <Delay = 3.25> <Storage> <Opcode : 'load' 'store'> <Ports = 2> <Width = 32> <Depth = 68> <RAM>
ST_3 : Operation 80 [1/1] (0.00ns)   --->   "%br_ln60 = br void %.split8844" [2dconv.cpp:60]   --->   Operation 80 'br' 'br_ln60' <Predicate = (!icmp_ln59 & r_1 == 1)> <Delay = 0.00>
ST_3 : Operation 81 [1/1] (3.25ns)   --->   "%store_ln60 = store i32 0, i7 %linebuf_V_0_addr" [2dconv.cpp:60]   --->   Operation 81 'store' 'store_ln60' <Predicate = (!icmp_ln59 & r_1 == 0)> <Delay = 3.25> <CoreInst = "RAM">   --->   Core 82 'RAM' <Latency = 1> <II = 1> <Delay = 3.25> <Storage> <Opcode : 'load' 'store'> <Ports = 2> <Width = 32> <Depth = 68> <RAM>
ST_3 : Operation 82 [1/1] (0.00ns)   --->   "%br_ln60 = br void %.split8844" [2dconv.cpp:60]   --->   Operation 82 'br' 'br_ln60' <Predicate = (!icmp_ln59 & r_1 == 0)> <Delay = 0.00>
ST_3 : Operation 83 [1/1] (3.25ns)   --->   "%store_ln60 = store i32 0, i7 %linebuf_V_2_addr" [2dconv.cpp:60]   --->   Operation 83 'store' 'store_ln60' <Predicate = (!icmp_ln59 & r_1 != 0 & r_1 != 1)> <Delay = 3.25> <CoreInst = "RAM">   --->   Core 82 'RAM' <Latency = 1> <II = 1> <Delay = 3.25> <Storage> <Opcode : 'load' 'store'> <Ports = 2> <Width = 32> <Depth = 68> <RAM>
ST_3 : Operation 84 [1/1] (0.00ns)   --->   "%br_ln60 = br void %.split8844" [2dconv.cpp:60]   --->   Operation 84 'br' 'br_ln60' <Predicate = (!icmp_ln59 & r_1 != 0 & r_1 != 1)> <Delay = 0.00>
ST_3 : Operation 85 [1/1] (0.00ns)   --->   "%br_ln0 = br void"   --->   Operation 85 'br' 'br_ln0' <Predicate = (!icmp_ln59)> <Delay = 0.00>
ST_3 : Operation 86 [1/1] (1.58ns)   --->   "%store_ln57 = store i2 %add_ln57, i2 %r" [2dconv.cpp:57]   --->   Operation 86 'store' 'store_ln57' <Predicate = (icmp_ln59)> <Delay = 1.58>
ST_3 : Operation 87 [1/1] (0.00ns)   --->   "%br_ln0 = br void"   --->   Operation 87 'br' 'br_ln0' <Predicate = (icmp_ln59)> <Delay = 0.00>

State 4 <SV = 2> <Delay = 6.91>
ST_4 : Operation 88 [1/1] (0.00ns)   --->   "%empty_87 = wait i32 @_ssdm_op_Wait"   --->   Operation 88 'wait' 'empty_87' <Predicate = true> <Delay = 0.00>
ST_4 : Operation 89 [2/2] (6.91ns)   --->   "%call_ln0 = call void @conv2d_stream_Pipeline_each_image_row, i32 %linebuf_V_2, i32 %linebuf_V_1, i32 %linebuf_V_0, i32 %in_stream_V_data_V, i4 %in_stream_V_keep_V, i4 %in_stream_V_strb_V, i1 %in_stream_V_last_V, i32 %k00_read, i32 %k01_read, i32 %k02_read, i32 %k10_read, i32 %k11_read, i32 %k12_read, i32 %k20_read, i32 %k21_read, i32 %k22_read, i32 %out_stream_V_data_V, i4 %out_stream_V_keep_V, i4 %out_stream_V_strb_V, i1 %out_stream_V_last_V"   --->   Operation 89 'call' 'call_ln0' <Predicate = true> <Delay = 6.91> <CoreType = "Generic">   --->   Core 0 '' <Latency = 0> <II = 1> <Delay = 1.00> <Generic> <Opcode : >

State 5 <SV = 3> <Delay = 3.10>
ST_5 : Operation 90 [1/2] (3.10ns)   --->   "%call_ln0 = call void @conv2d_stream_Pipeline_each_image_row, i32 %linebuf_V_2, i32 %linebuf_V_1, i32 %linebuf_V_0, i32 %in_stream_V_data_V, i4 %in_stream_V_keep_V, i4 %in_stream_V_strb_V, i1 %in_stream_V_last_V, i32 %k00_read, i32 %k01_read, i32 %k02_read, i32 %k10_read, i32 %k11_read, i32 %k12_read, i32 %k20_read, i32 %k21_read, i32 %k22_read, i32 %out_stream_V_data_V, i4 %out_stream_V_keep_V, i4 %out_stream_V_strb_V, i1 %out_stream_V_last_V"   --->   Operation 90 'call' 'call_ln0' <Predicate = true> <Delay = 3.10> <CoreType = "Generic">   --->   Core 0 '' <Latency = 0> <II = 1> <Delay = 1.00> <Generic> <Opcode : >

State 6 <SV = 4> <Delay = 0.00>
ST_6 : Operation 91 [1/1] (0.00ns)   --->   "%ret_ln100 = ret" [2dconv.cpp:100]   --->   Operation 91 'ret' 'ret_ln100' <Predicate = true> <Delay = 0.00>


============================================================
+ Verbose Summary: Binding
============================================================
STG Binding: 
---------------- STG Properties BEGIN ----------------
- Is combinational: 0
- Is one-state seq: 0
- Is datapath-only: 0
- Is pipelined: 0
- Is top level: 1
Port [ Return ] is wired: 1; IO mode=ap_ctrl_hs:ce=0
Port [ in_stream_V_data_V]:  wired=1; compound=1; hidden=0; nouse=0; global=0; static=0; extern=0; dir=0; type=0; pingpong=0; private_global=0; IO mode=axis:ce=0
Port [ in_stream_V_keep_V]:  wired=1; compound=1; hidden=0; nouse=0; global=0; static=0; extern=0; dir=0; type=0; pingpong=0; private_global=0; IO mode=axis:ce=0
Port [ in_stream_V_strb_V]:  wired=1; compound=1; hidden=0; nouse=0; global=0; static=0; extern=0; dir=0; type=0; pingpong=0; private_global=0; IO mode=axis:ce=0
Port [ in_stream_V_last_V]:  wired=1; compound=1; hidden=0; nouse=0; global=0; static=0; extern=0; dir=0; type=0; pingpong=0; private_global=0; IO mode=axis:ce=0
Port [ out_stream_V_data_V]:  wired=1; compound=1; hidden=0; nouse=0; global=0; static=0; extern=0; dir=1; type=0; pingpong=0; private_global=0; IO mode=axis:ce=0
Port [ out_stream_V_keep_V]:  wired=1; compound=1; hidden=0; nouse=0; global=0; static=0; extern=0; dir=1; type=0; pingpong=0; private_global=0; IO mode=axis:ce=0
Port [ out_stream_V_strb_V]:  wired=1; compound=1; hidden=0; nouse=0; global=0; static=0; extern=0; dir=1; type=0; pingpong=0; private_global=0; IO mode=axis:ce=0
Port [ out_stream_V_last_V]:  wired=1; compound=1; hidden=0; nouse=0; global=0; static=0; extern=0; dir=1; type=0; pingpong=0; private_global=0; IO mode=axis:ce=0
Port [ k00]:  wired=1; compound=0; hidden=0; nouse=0; global=0; static=0; extern=0; dir=0; type=0; pingpong=0; private_global=0; IO mode=ap_none:ce=0
Port [ k01]:  wired=1; compound=0; hidden=0; nouse=0; global=0; static=0; extern=0; dir=0; type=0; pingpong=0; private_global=0; IO mode=ap_none:ce=0
Port [ k02]:  wired=1; compound=0; hidden=0; nouse=0; global=0; static=0; extern=0; dir=0; type=0; pingpong=0; private_global=0; IO mode=ap_none:ce=0
Port [ k10]:  wired=1; compound=0; hidden=0; nouse=0; global=0; static=0; extern=0; dir=0; type=0; pingpong=0; private_global=0; IO mode=ap_none:ce=0
Port [ k11]:  wired=1; compound=0; hidden=0; nouse=0; global=0; static=0; extern=0; dir=0; type=0; pingpong=0; private_global=0; IO mode=ap_none:ce=0
Port [ k12]:  wired=1; compound=0; hidden=0; nouse=0; global=0; static=0; extern=0; dir=0; type=0; pingpong=0; private_global=0; IO mode=ap_none:ce=0
Port [ k20]:  wired=1; compound=0; hidden=0; nouse=0; global=0; static=0; extern=0; dir=0; type=0; pingpong=0; private_global=0; IO mode=ap_none:ce=0
Port [ k21]:  wired=1; compound=0; hidden=0; nouse=0; global=0; static=0; extern=0; dir=0; type=0; pingpong=0; private_global=0; IO mode=ap_none:ce=0
Port [ k22]:  wired=1; compound=0; hidden=0; nouse=0; global=0; static=0; extern=0; dir=0; type=0; pingpong=0; private_global=0; IO mode=ap_none:ce=0
---------------- STG Properties END ------------------

---------------- Datapath Model BEGIN ----------------

<LifeTime>
<method=bitvector/>
r                 (alloca           ) [ 0111000]
spectopmodule_ln0 (spectopmodule    ) [ 0000000]
specinterface_ln0 (specinterface    ) [ 0000000]
specbitsmap_ln0   (specbitsmap      ) [ 0000000]
specbitsmap_ln0   (specbitsmap      ) [ 0000000]
specbitsmap_ln0   (specbitsmap      ) [ 0000000]
specbitsmap_ln0   (specbitsmap      ) [ 0000000]
specinterface_ln0 (specinterface    ) [ 0000000]
specbitsmap_ln0   (specbitsmap      ) [ 0000000]
specbitsmap_ln0   (specbitsmap      ) [ 0000000]
specbitsmap_ln0   (specbitsmap      ) [ 0000000]
specbitsmap_ln0   (specbitsmap      ) [ 0000000]
specbitsmap_ln0   (specbitsmap      ) [ 0000000]
specinterface_ln0 (specinterface    ) [ 0000000]
specinterface_ln0 (specinterface    ) [ 0000000]
specbitsmap_ln0   (specbitsmap      ) [ 0000000]
specinterface_ln0 (specinterface    ) [ 0000000]
specinterface_ln0 (specinterface    ) [ 0000000]
specbitsmap_ln0   (specbitsmap      ) [ 0000000]
specinterface_ln0 (specinterface    ) [ 0000000]
specinterface_ln0 (specinterface    ) [ 0000000]
specbitsmap_ln0   (specbitsmap      ) [ 0000000]
specinterface_ln0 (specinterface    ) [ 0000000]
specinterface_ln0 (specinterface    ) [ 0000000]
specbitsmap_ln0   (specbitsmap      ) [ 0000000]
specinterface_ln0 (specinterface    ) [ 0000000]
specinterface_ln0 (specinterface    ) [ 0000000]
specbitsmap_ln0   (specbitsmap      ) [ 0000000]
specinterface_ln0 (specinterface    ) [ 0000000]
specinterface_ln0 (specinterface    ) [ 0000000]
specbitsmap_ln0   (specbitsmap      ) [ 0000000]
specinterface_ln0 (specinterface    ) [ 0000000]
specinterface_ln0 (specinterface    ) [ 0000000]
specbitsmap_ln0   (specbitsmap      ) [ 0000000]
specinterface_ln0 (specinterface    ) [ 0000000]
specinterface_ln0 (specinterface    ) [ 0000000]
specbitsmap_ln0   (specbitsmap      ) [ 0000000]
specinterface_ln0 (specinterface    ) [ 0000000]
specinterface_ln0 (specinterface    ) [ 0000000]
specinterface_ln0 (specinterface    ) [ 0000000]
k22_read          (read             ) [ 0011110]
k21_read          (read             ) [ 0011110]
k20_read          (read             ) [ 0011110]
k12_read          (read             ) [ 0011110]
k11_read          (read             ) [ 0011110]
k10_read          (read             ) [ 0011110]
k02_read          (read             ) [ 0011110]
k01_read          (read             ) [ 0011110]
k00_read          (read             ) [ 0011110]
linebuf_V_0       (alloca           ) [ 0011110]
linebuf_V_1       (alloca           ) [ 0011110]
linebuf_V_2       (alloca           ) [ 0011110]
store_ln57        (store            ) [ 0000000]
br_ln57           (br               ) [ 0000000]
r_1               (load             ) [ 0001000]
icmp_ln57         (icmp             ) [ 0011000]
empty             (speclooptripcount) [ 0000000]
add_ln57          (add              ) [ 0001000]
br_ln57           (br               ) [ 0000000]
specloopname_ln57 (specloopname     ) [ 0000000]
br_ln59           (br               ) [ 0011000]
c                 (phi              ) [ 0001000]
zext_ln59         (zext             ) [ 0000000]
icmp_ln59         (icmp             ) [ 0011000]
empty_88          (speclooptripcount) [ 0000000]
add_ln59          (add              ) [ 0011000]
br_ln59           (br               ) [ 0000000]
specloopname_ln59 (specloopname     ) [ 0000000]
linebuf_V_0_addr  (getelementptr    ) [ 0000000]
linebuf_V_1_addr  (getelementptr    ) [ 0000000]
linebuf_V_2_addr  (getelementptr    ) [ 0000000]
switch_ln60       (switch           ) [ 0000000]
store_ln60        (store            ) [ 0000000]
br_ln60           (br               ) [ 0000000]
store_ln60        (store            ) [ 0000000]
br_ln60           (br               ) [ 0000000]
store_ln60        (store            ) [ 0000000]
br_ln60           (br               ) [ 0000000]
br_ln0            (br               ) [ 0011000]
store_ln57        (store            ) [ 0000000]
br_ln0            (br               ) [ 0000000]
empty_87          (wait             ) [ 0000000]
call_ln0          (call             ) [ 0000000]
ret_ln100         (ret              ) [ 0000000]
</LifeTime>

<model>

<comp_list>
<comp id="0" class="1000" name="in_stream_V_data_V">
<pin_list>
<pin id="1" dir="1" index="0" bw="1" slack="0"/>
</pin_list>
<bind>
<StgValue><ssdm name="in_stream_V_data_V"/></StgValue>
</bind>
</comp>

<comp id="2" class="1000" name="in_stream_V_keep_V">
<pin_list>
<pin id="3" dir="1" index="0" bw="1" slack="0"/>
</pin_list>
<bind>
<StgValue><ssdm name="in_stream_V_keep_V"/></StgValue>
</bind>
</comp>

<comp id="4" class="1000" name="in_stream_V_strb_V">
<pin_list>
<pin id="5" dir="1" index="0" bw="1" slack="0"/>
</pin_list>
<bind>
<StgValue><ssdm name="in_stream_V_strb_V"/></StgValue>
</bind>
</comp>

<comp id="6" class="1000" name="in_stream_V_last_V">
<pin_list>
<pin id="7" dir="1" index="0" bw="1" slack="0"/>
</pin_list>
<bind>
<StgValue><ssdm name="in_stream_V_last_V"/></StgValue>
</bind>
</comp>

<comp id="8" class="1000" name="out_stream_V_data_V">
<pin_list>
<pin id="9" dir="1" index="0" bw="1" slack="0"/>
</pin_list>
<bind>
<StgValue><ssdm name="out_stream_V_data_V"/></StgValue>
</bind>
</comp>

<comp id="10" class="1000" name="out_stream_V_keep_V">
<pin_list>
<pin id="11" dir="1" index="0" bw="1" slack="0"/>
</pin_list>
<bind>
<StgValue><ssdm name="out_stream_V_keep_V"/></StgValue>
</bind>
</comp>

<comp id="12" class="1000" name="out_stream_V_strb_V">
<pin_list>
<pin id="13" dir="1" index="0" bw="1" slack="0"/>
</pin_list>
<bind>
<StgValue><ssdm name="out_stream_V_strb_V"/></StgValue>
</bind>
</comp>

<comp id="14" class="1000" name="out_stream_V_last_V">
<pin_list>
<pin id="15" dir="1" index="0" bw="1" slack="0"/>
</pin_list>
<bind>
<StgValue><ssdm name="out_stream_V_last_V"/></StgValue>
</bind>
</comp>

<comp id="16" class="1000" name="k00">
<pin_list>
<pin id="17" dir="1" index="0" bw="1" slack="0"/>
</pin_list>
<bind>
<StgValue><ssdm name="k00"/></StgValue>
</bind>
</comp>

<comp id="18" class="1000" name="k01">
<pin_list>
<pin id="19" dir="1" index="0" bw="1" slack="0"/>
</pin_list>
<bind>
<StgValue><ssdm name="k01"/></StgValue>
</bind>
</comp>

<comp id="20" class="1000" name="k02">
<pin_list>
<pin id="21" dir="1" index="0" bw="1" slack="0"/>
</pin_list>
<bind>
<StgValue><ssdm name="k02"/></StgValue>
</bind>
</comp>

<comp id="22" class="1000" name="k10">
<pin_list>
<pin id="23" dir="1" index="0" bw="1" slack="0"/>
</pin_list>
<bind>
<StgValue><ssdm name="k10"/></StgValue>
</bind>
</comp>

<comp id="24" class="1000" name="k11">
<pin_list>
<pin id="25" dir="1" index="0" bw="1" slack="0"/>
</pin_list>
<bind>
<StgValue><ssdm name="k11"/></StgValue>
</bind>
</comp>

<comp id="26" class="1000" name="k12">
<pin_list>
<pin id="27" dir="1" index="0" bw="1" slack="0"/>
</pin_list>
<bind>
<StgValue><ssdm name="k12"/></StgValue>
</bind>
</comp>

<comp id="28" class="1000" name="k20">
<pin_list>
<pin id="29" dir="1" index="0" bw="1" slack="0"/>
</pin_list>
<bind>
<StgValue><ssdm name="k20"/></StgValue>
</bind>
</comp>

<comp id="30" class="1000" name="k21">
<pin_list>
<pin id="31" dir="1" index="0" bw="1" slack="0"/>
</pin_list>
<bind>
<StgValue><ssdm name="k21"/></StgValue>
</bind>
</comp>

<comp id="32" class="1000" name="k22">
<pin_list>
<pin id="33" dir="1" index="0" bw="1" slack="0"/>
</pin_list>
<bind>
<StgValue><ssdm name="k22"/></StgValue>
</bind>
</comp>

<comp id="34" class="1001" name="const_34">
<pin_list>
<pin id="35" dir="1" index="0" bw="1" slack="0"/>
</pin_list>
<bind>
<StgValue><ssdm name=""/></StgValue>
</bind>
</comp>

<comp id="36" class="1001" name="const_36">
<pin_list>
<pin id="37" dir="1" index="0" bw="1" slack="2147483647"/>
</pin_list>
<bind>
<StgValue><ssdm name="_ssdm_op_SpecTopModule"/></StgValue>
</bind>
</comp>

<comp id="38" class="1001" name="const_38">
<pin_list>
<pin id="39" dir="1" index="0" bw="1" slack="2147483647"/>
</pin_list>
<bind>
<StgValue><ssdm name="empty_1"/></StgValue>
</bind>
</comp>

<comp id="40" class="1001" name="const_40">
<pin_list>
<pin id="41" dir="1" index="0" bw="1" slack="2147483647"/>
</pin_list>
<bind>
<StgValue><ssdm name="_ssdm_op_SpecInterface"/></StgValue>
</bind>
</comp>

<comp id="42" class="1001" name="const_42">
<pin_list>
<pin id="43" dir="1" index="0" bw="1" slack="2147483647"/>
</pin_list>
<bind>
<StgValue><ssdm name="empty_7"/></StgValue>
</bind>
</comp>

<comp id="44" class="1001" name="const_44">
<pin_list>
<pin id="45" dir="1" index="0" bw="1" slack="2147483647"/>
</pin_list>
<bind>
<StgValue><ssdm name="empty_8"/></StgValue>
</bind>
</comp>

<comp id="46" class="1001" name="const_46">
<pin_list>
<pin id="47" dir="1" index="0" bw="1" slack="0"/>
</pin_list>
<bind>
<StgValue><ssdm name=""/></StgValue>
</bind>
</comp>

<comp id="48" class="1001" name="const_48">
<pin_list>
<pin id="49" dir="1" index="0" bw="1" slack="2147483647"/>
</pin_list>
<bind>
<StgValue><ssdm name="empty_9"/></StgValue>
</bind>
</comp>

<comp id="50" class="1001" name="const_50">
<pin_list>
<pin id="51" dir="1" index="0" bw="1" slack="2147483647"/>
</pin_list>
<bind>
<StgValue><ssdm name="_ssdm_op_SpecBitsMap"/></StgValue>
</bind>
</comp>

<comp id="52" class="1001" name="const_52">
<pin_list>
<pin id="53" dir="1" index="0" bw="1" slack="2147483647"/>
</pin_list>
<bind>
<StgValue><ssdm name="empty_11"/></StgValue>
</bind>
</comp>

<comp id="54" class="1001" name="const_54">
<pin_list>
<pin id="55" dir="1" index="0" bw="1" slack="2147483647"/>
</pin_list>
<bind>
<StgValue><ssdm name="empty"/></StgValue>
</bind>
</comp>

<comp id="56" class="1001" name="const_56">
<pin_list>
<pin id="57" dir="1" index="0" bw="1" slack="2147483647"/>
</pin_list>
<bind>
<StgValue><ssdm name="empty_0"/></StgValue>
</bind>
</comp>

<comp id="58" class="1001" name="const_58">
<pin_list>
<pin id="59" dir="1" index="0" bw="1" slack="2147483647"/>
</pin_list>
<bind>
<StgValue><ssdm name="empty_2"/></StgValue>
</bind>
</comp>

<comp id="60" class="1001" name="const_60">
<pin_list>
<pin id="61" dir="1" index="0" bw="1" slack="2147483647"/>
</pin_list>
<bind>
<StgValue><ssdm name="empty_10"/></StgValue>
</bind>
</comp>

<comp id="62" class="1001" name="const_62">
<pin_list>
<pin id="63" dir="1" index="0" bw="1" slack="2147483647"/>
</pin_list>
<bind>
<StgValue><ssdm name="empty_3"/></StgValue>
</bind>
</comp>

<comp id="64" class="1001" name="const_64">
<pin_list>
<pin id="65" dir="1" index="0" bw="1" slack="2147483647"/>
</pin_list>
<bind>
<StgValue><ssdm name="empty_4"/></StgValue>
</bind>
</comp>

<comp id="66" class="1001" name="const_66">
<pin_list>
<pin id="67" dir="1" index="0" bw="1" slack="2147483647"/>
</pin_list>
<bind>
<StgValue><ssdm name="empty_5"/></StgValue>
</bind>
</comp>

<comp id="68" class="1001" name="const_68">
<pin_list>
<pin id="69" dir="1" index="0" bw="1" slack="2147483647"/>
</pin_list>
<bind>
<StgValue><ssdm name="empty_6"/></StgValue>
</bind>
</comp>

<comp id="70" class="1001" name="const_70">
<pin_list>
<pin id="71" dir="1" index="0" bw="1" slack="2147483647"/>
</pin_list>
<bind>
<StgValue><ssdm name="empty_15"/></StgValue>
</bind>
</comp>

<comp id="72" class="1001" name="const_72">
<pin_list>
<pin id="73" dir="1" index="0" bw="1" slack="2147483647"/>
</pin_list>
<bind>
<StgValue><ssdm name="empty_16"/></StgValue>
</bind>
</comp>

<comp id="74" class="1001" name="const_74">
<pin_list>
<pin id="75" dir="1" index="0" bw="1" slack="2147483647"/>
</pin_list>
<bind>
<StgValue><ssdm name="empty_17"/></StgValue>
</bind>
</comp>

<comp id="76" class="1001" name="const_76">
<pin_list>
<pin id="77" dir="1" index="0" bw="1" slack="0"/>
</pin_list>
<bind>
<StgValue><ssdm name="_ssdm_op_Read.s_axilite.i32"/></StgValue>
</bind>
</comp>

<comp id="78" class="1001" name="const_78">
<pin_list>
<pin id="79" dir="1" index="0" bw="1" slack="0"/>
</pin_list>
<bind>
<StgValue><ssdm name=""/></StgValue>
</bind>
</comp>

<comp id="80" class="1001" name="const_80">
<pin_list>
<pin id="81" dir="1" index="0" bw="1" slack="0"/>
</pin_list>
<bind>
<StgValue><ssdm name=""/></StgValue>
</bind>
</comp>

<comp id="82" class="1001" name="const_82">
<pin_list>
<pin id="83" dir="1" index="0" bw="1" slack="0"/>
</pin_list>
<bind>
<StgValue><ssdm name=""/></StgValue>
</bind>
</comp>

<comp id="84" class="1001" name="const_84">
<pin_list>
<pin id="85" dir="1" index="0" bw="1" slack="2147483647"/>
</pin_list>
<bind>
<StgValue><ssdm name="_ssdm_op_SpecLoopTripCount"/></StgValue>
</bind>
</comp>

<comp id="86" class="1001" name="const_86">
<pin_list>
<pin id="87" dir="1" index="0" bw="1" slack="2147483647"/>
</pin_list>
<bind>
<StgValue><ssdm name=""/></StgValue>
</bind>
</comp>

<comp id="88" class="1001" name="const_88">
<pin_list>
<pin id="89" dir="1" index="0" bw="1" slack="0"/>
</pin_list>
<bind>
<StgValue><ssdm name=""/></StgValue>
</bind>
</comp>

<comp id="90" class="1001" name="const_90">
<pin_list>
<pin id="91" dir="1" index="0" bw="1" slack="2147483647"/>
</pin_list>
<bind>
<StgValue><ssdm name="_ssdm_op_SpecLoopName"/></StgValue>
</bind>
</comp>

<comp id="92" class="1001" name="const_92">
<pin_list>
<pin id="93" dir="1" index="0" bw="1" slack="2147483647"/>
</pin_list>
<bind>
<StgValue><ssdm name="empty_14"/></StgValue>
</bind>
</comp>

<comp id="94" class="1001" name="const_94">
<pin_list>
<pin id="95" dir="1" index="0" bw="1" slack="1"/>
</pin_list>
<bind>
<StgValue><ssdm name=""/></StgValue>
</bind>
</comp>

<comp id="96" class="1001" name="const_96">
<pin_list>
<pin id="97" dir="1" index="0" bw="1" slack="0"/>
</pin_list>
<bind>
<StgValue><ssdm name=""/></StgValue>
</bind>
</comp>

<comp id="98" class="1001" name="const_98">
<pin_list>
<pin id="99" dir="1" index="0" bw="1" slack="2147483647"/>
</pin_list>
<bind>
<StgValue><ssdm name=""/></StgValue>
</bind>
</comp>

<comp id="100" class="1001" name="const_100">
<pin_list>
<pin id="101" dir="1" index="0" bw="1" slack="0"/>
</pin_list>
<bind>
<StgValue><ssdm name=""/></StgValue>
</bind>
</comp>

<comp id="102" class="1001" name="const_102">
<pin_list>
<pin id="103" dir="1" index="0" bw="1" slack="2147483647"/>
</pin_list>
<bind>
<StgValue><ssdm name="empty_13"/></StgValue>
</bind>
</comp>

<comp id="104" class="1001" name="const_104">
<pin_list>
<pin id="105" dir="1" index="0" bw="1" slack="0"/>
</pin_list>
<bind>
<StgValue><ssdm name=""/></StgValue>
</bind>
</comp>

<comp id="106" class="1001" name="const_106">
<pin_list>
<pin id="107" dir="1" index="0" bw="1" slack="2147483647"/>
</pin_list>
<bind>
<StgValue><ssdm name="_ssdm_op_Wait"/></StgValue>
</bind>
</comp>

<comp id="108" class="1001" name="const_108">
<pin_list>
<pin id="109" dir="1" index="0" bw="1" slack="0"/>
</pin_list>
<bind>
<StgValue><ssdm name="conv2d_stream_Pipeline_each_image_row"/></StgValue>
</bind>
</comp>

<comp id="110" class="1004" name="r_fu_110">
<pin_list>
<pin id="111" dir="0" index="0" bw="1" slack="0"/>
<pin id="112" dir="1" index="1" bw="2" slack="0"/>
</pin_list>
<bind>
<opcode="alloca(26) " fcode="alloca"/>
<opset="r/1 "/>
</bind>
</comp>

<comp id="114" class="1004" name="linebuf_V_0_alloca_fu_114">
<pin_list>
<pin id="115" dir="0" index="0" bw="1" slack="0"/>
<pin id="116" dir="1" index="1" bw="32" slack="2147483647"/>
</pin_list>
<bind>
<opcode="alloca(26) " fcode="alloca"/>
<opset="linebuf_V_0/1 "/>
</bind>
</comp>

<comp id="118" class="1004" name="linebuf_V_1_alloca_fu_118">
<pin_list>
<pin id="119" dir="0" index="0" bw="1" slack="0"/>
<pin id="120" dir="1" index="1" bw="32" slack="2147483647"/>
</pin_list>
<bind>
<opcode="alloca(26) " fcode="alloca"/>
<opset="linebuf_V_1/1 "/>
</bind>
</comp>

<comp id="122" class="1004" name="linebuf_V_2_alloca_fu_122">
<pin_list>
<pin id="123" dir="0" index="0" bw="1" slack="0"/>
<pin id="124" dir="1" index="1" bw="32" slack="2147483647"/>
</pin_list>
<bind>
<opcode="alloca(26) " fcode="alloca"/>
<opset="linebuf_V_2/1 "/>
</bind>
</comp>

<comp id="126" class="1004" name="k22_read_read_fu_126">
<pin_list>
<pin id="127" dir="0" index="0" bw="32" slack="0"/>
<pin id="128" dir="0" index="1" bw="32" slack="0"/>
<pin id="129" dir="1" index="2" bw="32" slack="2"/>
</pin_list>
<bind>
<opcode="read(1150) " fcode="read"/>
<opset="k22_read/1 "/>
</bind>
</comp>

<comp id="132" class="1004" name="k21_read_read_fu_132">
<pin_list>
<pin id="133" dir="0" index="0" bw="32" slack="0"/>
<pin id="134" dir="0" index="1" bw="32" slack="0"/>
<pin id="135" dir="1" index="2" bw="32" slack="2"/>
</pin_list>
<bind>
<opcode="read(1150) " fcode="read"/>
<opset="k21_read/1 "/>
</bind>
</comp>

<comp id="138" class="1004" name="k20_read_read_fu_138">
<pin_list>
<pin id="139" dir="0" index="0" bw="32" slack="0"/>
<pin id="140" dir="0" index="1" bw="32" slack="0"/>
<pin id="141" dir="1" index="2" bw="32" slack="2"/>
</pin_list>
<bind>
<opcode="read(1150) " fcode="read"/>
<opset="k20_read/1 "/>
</bind>
</comp>

<comp id="144" class="1004" name="k12_read_read_fu_144">
<pin_list>
<pin id="145" dir="0" index="0" bw="32" slack="0"/>
<pin id="146" dir="0" index="1" bw="32" slack="0"/>
<pin id="147" dir="1" index="2" bw="32" slack="2"/>
</pin_list>
<bind>
<opcode="read(1150) " fcode="read"/>
<opset="k12_read/1 "/>
</bind>
</comp>

<comp id="150" class="1004" name="k11_read_read_fu_150">
<pin_list>
<pin id="151" dir="0" index="0" bw="32" slack="0"/>
<pin id="152" dir="0" index="1" bw="32" slack="0"/>
<pin id="153" dir="1" index="2" bw="32" slack="2"/>
</pin_list>
<bind>
<opcode="read(1150) " fcode="read"/>
<opset="k11_read/1 "/>
</bind>
</comp>

<comp id="156" class="1004" name="k10_read_read_fu_156">
<pin_list>
<pin id="157" dir="0" index="0" bw="32" slack="0"/>
<pin id="158" dir="0" index="1" bw="32" slack="0"/>
<pin id="159" dir="1" index="2" bw="32" slack="2"/>
</pin_list>
<bind>
<opcode="read(1150) " fcode="read"/>
<opset="k10_read/1 "/>
</bind>
</comp>

<comp id="162" class="1004" name="k02_read_read_fu_162">
<pin_list>
<pin id="163" dir="0" index="0" bw="32" slack="0"/>
<pin id="164" dir="0" index="1" bw="32" slack="0"/>
<pin id="165" dir="1" index="2" bw="32" slack="2"/>
</pin_list>
<bind>
<opcode="read(1150) " fcode="read"/>
<opset="k02_read/1 "/>
</bind>
</comp>

<comp id="168" class="1004" name="k01_read_read_fu_168">
<pin_list>
<pin id="169" dir="0" index="0" bw="32" slack="0"/>
<pin id="170" dir="0" index="1" bw="32" slack="0"/>
<pin id="171" dir="1" index="2" bw="32" slack="2"/>
</pin_list>
<bind>
<opcode="read(1150) " fcode="read"/>
<opset="k01_read/1 "/>
</bind>
</comp>

<comp id="174" class="1004" name="k00_read_read_fu_174">
<pin_list>
<pin id="175" dir="0" index="0" bw="32" slack="0"/>
<pin id="176" dir="0" index="1" bw="32" slack="0"/>
<pin id="177" dir="1" index="2" bw="32" slack="2"/>
</pin_list>
<bind>
<opcode="read(1150) " fcode="read"/>
<opset="k00_read/1 "/>
</bind>
</comp>

<comp id="180" class="1004" name="linebuf_V_0_addr_gep_fu_180">
<pin_list>
<pin id="181" dir="0" index="0" bw="32" slack="2147483647"/>
<pin id="182" dir="0" index="1" bw="1" slack="0"/>
<pin id="183" dir="0" index="2" bw="7" slack="0"/>
<pin id="184" dir="1" index="3" bw="7" slack="0"/>
</pin_list>
<bind>
<opcode="getelementptr(29) " fcode="getelementptr"/>
<opset="linebuf_V_0_addr/3 "/>
</bind>
</comp>

<comp id="186" class="1004" name="linebuf_V_1_addr_gep_fu_186">
<pin_list>
<pin id="187" dir="0" index="0" bw="32" slack="2147483647"/>
<pin id="188" dir="0" index="1" bw="1" slack="0"/>
<pin id="189" dir="0" index="2" bw="7" slack="0"/>
<pin id="190" dir="1" index="3" bw="7" slack="0"/>
</pin_list>
<bind>
<opcode="getelementptr(29) " fcode="getelementptr"/>
<opset="linebuf_V_1_addr/3 "/>
</bind>
</comp>

<comp id="192" class="1004" name="linebuf_V_2_addr_gep_fu_192">
<pin_list>
<pin id="193" dir="0" index="0" bw="32" slack="2147483647"/>
<pin id="194" dir="0" index="1" bw="1" slack="0"/>
<pin id="195" dir="0" index="2" bw="7" slack="0"/>
<pin id="196" dir="1" index="3" bw="7" slack="0"/>
</pin_list>
<bind>
<opcode="getelementptr(29) " fcode="getelementptr"/>
<opset="linebuf_V_2_addr/3 "/>
</bind>
</comp>

<comp id="198" class="1004" name="store_ln60_access_fu_198">
<pin_list>
<pin id="199" dir="0" index="0" bw="7" slack="0"/>
<pin id="200" dir="0" index="1" bw="32" slack="0"/>
<pin id="201" dir="0" index="2" bw="0" slack="2147483647"/>
<pin id="202" dir="1" index="3" bw="32" slack="2147483647"/>
</pin_list>
<bind>
<opcode="store(28) " fcode="store"/>
<opset="store_ln60/3 "/>
</bind>
</comp>

<comp id="205" class="1004" name="store_ln60_access_fu_205">
<pin_list>
<pin id="206" dir="0" index="0" bw="7" slack="0"/>
<pin id="207" dir="0" index="1" bw="32" slack="0"/>
<pin id="208" dir="0" index="2" bw="0" slack="2147483647"/>
<pin id="209" dir="1" index="3" bw="32" slack="2147483647"/>
</pin_list>
<bind>
<opcode="store(28) " fcode="store"/>
<opset="store_ln60/3 "/>
</bind>
</comp>

<comp id="212" class="1004" name="store_ln60_access_fu_212">
<pin_list>
<pin id="213" dir="0" index="0" bw="7" slack="0"/>
<pin id="214" dir="0" index="1" bw="32" slack="0"/>
<pin id="215" dir="0" index="2" bw="0" slack="2147483647"/>
<pin id="216" dir="1" index="3" bw="32" slack="2147483647"/>
</pin_list>
<bind>
<opcode="store(28) " fcode="store"/>
<opset="store_ln60/3 "/>
</bind>
</comp>

<comp id="219" class="1005" name="c_reg_219">
<pin_list>
<pin id="220" dir="0" index="0" bw="7" slack="1"/>
<pin id="221" dir="1" index="1" bw="7" slack="1"/>
</pin_list>
<bind>
<opset="c (phireg) "/>
</bind>
</comp>

<comp id="223" class="1004" name="c_phi_fu_223">
<pin_list>
<pin id="224" dir="0" index="0" bw="1" slack="1"/>
<pin id="225" dir="0" index="1" bw="0" slack="2147483647"/>
<pin id="226" dir="0" index="2" bw="7" slack="0"/>
<pin id="227" dir="0" index="3" bw="0" slack="2147483647"/>
<pin id="228" dir="1" index="4" bw="7" slack="0"/>
</pin_list>
<bind>
<opcode="phi(47) " fcode="phi"/>
<opset="c/3 "/>
</bind>
</comp>

<comp id="230" class="1004" name="grp_conv2d_stream_Pipeline_each_image_row_fu_230">
<pin_list>
<pin id="231" dir="0" index="0" bw="0" slack="0"/>
<pin id="232" dir="0" index="1" bw="32" slack="2147483647"/>
<pin id="233" dir="0" index="2" bw="32" slack="2147483647"/>
<pin id="234" dir="0" index="3" bw="32" slack="2147483647"/>
<pin id="235" dir="0" index="4" bw="32" slack="0"/>
<pin id="236" dir="0" index="5" bw="4" slack="0"/>
<pin id="237" dir="0" index="6" bw="4" slack="0"/>
<pin id="238" dir="0" index="7" bw="1" slack="0"/>
<pin id="239" dir="0" index="8" bw="32" slack="2"/>
<pin id="240" dir="0" index="9" bw="32" slack="2"/>
<pin id="241" dir="0" index="10" bw="32" slack="2"/>
<pin id="242" dir="0" index="11" bw="32" slack="2"/>
<pin id="243" dir="0" index="12" bw="32" slack="2"/>
<pin id="244" dir="0" index="13" bw="32" slack="2"/>
<pin id="245" dir="0" index="14" bw="32" slack="2"/>
<pin id="246" dir="0" index="15" bw="32" slack="2"/>
<pin id="247" dir="0" index="16" bw="32" slack="2"/>
<pin id="248" dir="0" index="17" bw="32" slack="0"/>
<pin id="249" dir="0" index="18" bw="4" slack="0"/>
<pin id="250" dir="0" index="19" bw="4" slack="0"/>
<pin id="251" dir="0" index="20" bw="1" slack="0"/>
<pin id="252" dir="1" index="21" bw="0" slack="2147483647"/>
</pin_list>
<bind>
<opcode="call(48) " fcode="call"/>
<opset="call_ln0/4 "/>
</bind>
</comp>

<comp id="262" class="1004" name="store_ln57_store_fu_262">
<pin_list>
<pin id="263" dir="0" index="0" bw="1" slack="0"/>
<pin id="264" dir="0" index="1" bw="2" slack="0"/>
<pin id="265" dir="1" index="2" bw="0" slack="2147483647"/>
</pin_list>
<bind>
<opcode="store(28) " fcode="store"/>
<opset="store_ln57/1 "/>
</bind>
</comp>

<comp id="267" class="1004" name="r_1_load_fu_267">
<pin_list>
<pin id="268" dir="0" index="0" bw="2" slack="1"/>
<pin id="269" dir="1" index="1" bw="2" slack="0"/>
</pin_list>
<bind>
<opcode="load(27) " fcode="load"/>
<opset="r_1/2 "/>
</bind>
</comp>

<comp id="270" class="1004" name="icmp_ln57_fu_270">
<pin_list>
<pin id="271" dir="0" index="0" bw="2" slack="0"/>
<pin id="272" dir="0" index="1" bw="2" slack="0"/>
<pin id="273" dir="1" index="2" bw="1" slack="2147483647"/>
</pin_list>
<bind>
<opcode="icmp(45) " fcode="icmp"/>
<opset="icmp_ln57/2 "/>
</bind>
</comp>

<comp id="276" class="1004" name="add_ln57_fu_276">
<pin_list>
<pin id="277" dir="0" index="0" bw="2" slack="0"/>
<pin id="278" dir="0" index="1" bw="1" slack="0"/>
<pin id="279" dir="1" index="2" bw="2" slack="1"/>
</pin_list>
<bind>
<opcode="add(8) " fcode="add"/>
<opset="add_ln57/2 "/>
</bind>
</comp>

<comp id="282" class="1004" name="zext_ln59_fu_282">
<pin_list>
<pin id="283" dir="0" index="0" bw="7" slack="0"/>
<pin id="284" dir="1" index="1" bw="64" slack="0"/>
</pin_list>
<bind>
<opcode="zext(34) " fcode="zext"/>
<opset="zext_ln59/3 "/>
</bind>
</comp>

<comp id="289" class="1004" name="icmp_ln59_fu_289">
<pin_list>
<pin id="290" dir="0" index="0" bw="7" slack="0"/>
<pin id="291" dir="0" index="1" bw="7" slack="0"/>
<pin id="292" dir="1" index="2" bw="1" slack="2147483647"/>
</pin_list>
<bind>
<opcode="icmp(45) " fcode="icmp"/>
<opset="icmp_ln59/3 "/>
</bind>
</comp>

<comp id="295" class="1004" name="add_ln59_fu_295">
<pin_list>
<pin id="296" dir="0" index="0" bw="7" slack="0"/>
<pin id="297" dir="0" index="1" bw="1" slack="0"/>
<pin id="298" dir="1" index="2" bw="7" slack="0"/>
</pin_list>
<bind>
<opcode="add(8) " fcode="add"/>
<opset="add_ln59/3 "/>
</bind>
</comp>

<comp id="301" class="1004" name="store_ln57_store_fu_301">
<pin_list>
<pin id="302" dir="0" index="0" bw="2" slack="1"/>
<pin id="303" dir="0" index="1" bw="2" slack="2"/>
<pin id="304" dir="1" index="2" bw="0" slack="2147483647"/>
</pin_list>
<bind>
<opcode="store(28) " fcode="store"/>
<opset="store_ln57/3 "/>
</bind>
</comp>

<comp id="305" class="1005" name="r_reg_305">
<pin_list>
<pin id="306" dir="0" index="0" bw="2" slack="0"/>
<pin id="307" dir="1" index="1" bw="2" slack="0"/>
</pin_list>
<bind>
<opset="r "/>
</bind>
</comp>

<comp id="312" class="1005" name="k22_read_reg_312">
<pin_list>
<pin id="313" dir="0" index="0" bw="32" slack="2"/>
<pin id="314" dir="1" index="1" bw="32" slack="2"/>
</pin_list>
<bind>
<opset="k22_read "/>
</bind>
</comp>

<comp id="317" class="1005" name="k21_read_reg_317">
<pin_list>
<pin id="318" dir="0" index="0" bw="32" slack="2"/>
<pin id="319" dir="1" index="1" bw="32" slack="2"/>
</pin_list>
<bind>
<opset="k21_read "/>
</bind>
</comp>

<comp id="322" class="1005" name="k20_read_reg_322">
<pin_list>
<pin id="323" dir="0" index="0" bw="32" slack="2"/>
<pin id="324" dir="1" index="1" bw="32" slack="2"/>
</pin_list>
<bind>
<opset="k20_read "/>
</bind>
</comp>

<comp id="327" class="1005" name="k12_read_reg_327">
<pin_list>
<pin id="328" dir="0" index="0" bw="32" slack="2"/>
<pin id="329" dir="1" index="1" bw="32" slack="2"/>
</pin_list>
<bind>
<opset="k12_read "/>
</bind>
</comp>

<comp id="332" class="1005" name="k11_read_reg_332">
<pin_list>
<pin id="333" dir="0" index="0" bw="32" slack="2"/>
<pin id="334" dir="1" index="1" bw="32" slack="2"/>
</pin_list>
<bind>
<opset="k11_read "/>
</bind>
</comp>

<comp id="337" class="1005" name="k10_read_reg_337">
<pin_list>
<pin id="338" dir="0" index="0" bw="32" slack="2"/>
<pin id="339" dir="1" index="1" bw="32" slack="2"/>
</pin_list>
<bind>
<opset="k10_read "/>
</bind>
</comp>

<comp id="342" class="1005" name="k02_read_reg_342">
<pin_list>
<pin id="343" dir="0" index="0" bw="32" slack="2"/>
<pin id="344" dir="1" index="1" bw="32" slack="2"/>
</pin_list>
<bind>
<opset="k02_read "/>
</bind>
</comp>

<comp id="347" class="1005" name="k01_read_reg_347">
<pin_list>
<pin id="348" dir="0" index="0" bw="32" slack="2"/>
<pin id="349" dir="1" index="1" bw="32" slack="2"/>
</pin_list>
<bind>
<opset="k01_read "/>
</bind>
</comp>

<comp id="352" class="1005" name="k00_read_reg_352">
<pin_list>
<pin id="353" dir="0" index="0" bw="32" slack="2"/>
<pin id="354" dir="1" index="1" bw="32" slack="2"/>
</pin_list>
<bind>
<opset="k00_read "/>
</bind>
</comp>

<comp id="357" class="1005" name="r_1_reg_357">
<pin_list>
<pin id="358" dir="0" index="0" bw="2" slack="1"/>
<pin id="359" dir="1" index="1" bw="2" slack="2147483647"/>
</pin_list>
<bind>
<opset="r_1 "/>
</bind>
</comp>

<comp id="364" class="1005" name="add_ln57_reg_364">
<pin_list>
<pin id="365" dir="0" index="0" bw="2" slack="1"/>
<pin id="366" dir="1" index="1" bw="2" slack="1"/>
</pin_list>
<bind>
<opset="add_ln57 "/>
</bind>
</comp>

<comp id="372" class="1005" name="add_ln59_reg_372">
<pin_list>
<pin id="373" dir="0" index="0" bw="7" slack="0"/>
<pin id="374" dir="1" index="1" bw="7" slack="0"/>
</pin_list>
<bind>
<opset="add_ln59 "/>
</bind>
</comp>

</comp_list>

<net_list>
<net id="113"><net_src comp="34" pin="0"/><net_sink comp="110" pin=0"/></net>

<net id="117"><net_src comp="78" pin="0"/><net_sink comp="114" pin=0"/></net>

<net id="121"><net_src comp="78" pin="0"/><net_sink comp="118" pin=0"/></net>

<net id="125"><net_src comp="78" pin="0"/><net_sink comp="122" pin=0"/></net>

<net id="130"><net_src comp="76" pin="0"/><net_sink comp="126" pin=0"/></net>

<net id="131"><net_src comp="32" pin="0"/><net_sink comp="126" pin=1"/></net>

<net id="136"><net_src comp="76" pin="0"/><net_sink comp="132" pin=0"/></net>

<net id="137"><net_src comp="30" pin="0"/><net_sink comp="132" pin=1"/></net>

<net id="142"><net_src comp="76" pin="0"/><net_sink comp="138" pin=0"/></net>

<net id="143"><net_src comp="28" pin="0"/><net_sink comp="138" pin=1"/></net>

<net id="148"><net_src comp="76" pin="0"/><net_sink comp="144" pin=0"/></net>

<net id="149"><net_src comp="26" pin="0"/><net_sink comp="144" pin=1"/></net>

<net id="154"><net_src comp="76" pin="0"/><net_sink comp="150" pin=0"/></net>

<net id="155"><net_src comp="24" pin="0"/><net_sink comp="150" pin=1"/></net>

<net id="160"><net_src comp="76" pin="0"/><net_sink comp="156" pin=0"/></net>

<net id="161"><net_src comp="22" pin="0"/><net_sink comp="156" pin=1"/></net>

<net id="166"><net_src comp="76" pin="0"/><net_sink comp="162" pin=0"/></net>

<net id="167"><net_src comp="20" pin="0"/><net_sink comp="162" pin=1"/></net>

<net id="172"><net_src comp="76" pin="0"/><net_sink comp="168" pin=0"/></net>

<net id="173"><net_src comp="18" pin="0"/><net_sink comp="168" pin=1"/></net>

<net id="178"><net_src comp="76" pin="0"/><net_sink comp="174" pin=0"/></net>

<net id="179"><net_src comp="16" pin="0"/><net_sink comp="174" pin=1"/></net>

<net id="185"><net_src comp="104" pin="0"/><net_sink comp="180" pin=1"/></net>

<net id="191"><net_src comp="104" pin="0"/><net_sink comp="186" pin=1"/></net>

<net id="197"><net_src comp="104" pin="0"/><net_sink comp="192" pin=1"/></net>

<net id="203"><net_src comp="46" pin="0"/><net_sink comp="198" pin=1"/></net>

<net id="204"><net_src comp="186" pin="3"/><net_sink comp="198" pin=0"/></net>

<net id="210"><net_src comp="46" pin="0"/><net_sink comp="205" pin=1"/></net>

<net id="211"><net_src comp="180" pin="3"/><net_sink comp="205" pin=0"/></net>

<net id="217"><net_src comp="46" pin="0"/><net_sink comp="212" pin=1"/></net>

<net id="218"><net_src comp="192" pin="3"/><net_sink comp="212" pin=0"/></net>

<net id="222"><net_src comp="94" pin="0"/><net_sink comp="219" pin=0"/></net>

<net id="229"><net_src comp="219" pin="1"/><net_sink comp="223" pin=0"/></net>

<net id="253"><net_src comp="108" pin="0"/><net_sink comp="230" pin=0"/></net>

<net id="254"><net_src comp="0" pin="0"/><net_sink comp="230" pin=4"/></net>

<net id="255"><net_src comp="2" pin="0"/><net_sink comp="230" pin=5"/></net>

<net id="256"><net_src comp="4" pin="0"/><net_sink comp="230" pin=6"/></net>

<net id="257"><net_src comp="6" pin="0"/><net_sink comp="230" pin=7"/></net>

<net id="258"><net_src comp="8" pin="0"/><net_sink comp="230" pin=17"/></net>

<net id="259"><net_src comp="10" pin="0"/><net_sink comp="230" pin=18"/></net>

<net id="260"><net_src comp="12" pin="0"/><net_sink comp="230" pin=19"/></net>

<net id="261"><net_src comp="14" pin="0"/><net_sink comp="230" pin=20"/></net>

<net id="266"><net_src comp="80" pin="0"/><net_sink comp="262" pin=0"/></net>

<net id="274"><net_src comp="267" pin="1"/><net_sink comp="270" pin=0"/></net>

<net id="275"><net_src comp="82" pin="0"/><net_sink comp="270" pin=1"/></net>

<net id="280"><net_src comp="267" pin="1"/><net_sink comp="276" pin=0"/></net>

<net id="281"><net_src comp="88" pin="0"/><net_sink comp="276" pin=1"/></net>

<net id="285"><net_src comp="223" pin="4"/><net_sink comp="282" pin=0"/></net>

<net id="286"><net_src comp="282" pin="1"/><net_sink comp="180" pin=2"/></net>

<net id="287"><net_src comp="282" pin="1"/><net_sink comp="186" pin=2"/></net>

<net id="288"><net_src comp="282" pin="1"/><net_sink comp="192" pin=2"/></net>

<net id="293"><net_src comp="223" pin="4"/><net_sink comp="289" pin=0"/></net>

<net id="294"><net_src comp="96" pin="0"/><net_sink comp="289" pin=1"/></net>

<net id="299"><net_src comp="223" pin="4"/><net_sink comp="295" pin=0"/></net>

<net id="300"><net_src comp="100" pin="0"/><net_sink comp="295" pin=1"/></net>

<net id="308"><net_src comp="110" pin="1"/><net_sink comp="305" pin=0"/></net>

<net id="309"><net_src comp="305" pin="1"/><net_sink comp="262" pin=1"/></net>

<net id="310"><net_src comp="305" pin="1"/><net_sink comp="267" pin=0"/></net>

<net id="311"><net_src comp="305" pin="1"/><net_sink comp="301" pin=1"/></net>

<net id="315"><net_src comp="126" pin="2"/><net_sink comp="312" pin=0"/></net>

<net id="316"><net_src comp="312" pin="1"/><net_sink comp="230" pin=16"/></net>

<net id="320"><net_src comp="132" pin="2"/><net_sink comp="317" pin=0"/></net>

<net id="321"><net_src comp="317" pin="1"/><net_sink comp="230" pin=15"/></net>

<net id="325"><net_src comp="138" pin="2"/><net_sink comp="322" pin=0"/></net>

<net id="326"><net_src comp="322" pin="1"/><net_sink comp="230" pin=14"/></net>

<net id="330"><net_src comp="144" pin="2"/><net_sink comp="327" pin=0"/></net>

<net id="331"><net_src comp="327" pin="1"/><net_sink comp="230" pin=13"/></net>

<net id="335"><net_src comp="150" pin="2"/><net_sink comp="332" pin=0"/></net>

<net id="336"><net_src comp="332" pin="1"/><net_sink comp="230" pin=12"/></net>

<net id="340"><net_src comp="156" pin="2"/><net_sink comp="337" pin=0"/></net>

<net id="341"><net_src comp="337" pin="1"/><net_sink comp="230" pin=11"/></net>

<net id="345"><net_src comp="162" pin="2"/><net_sink comp="342" pin=0"/></net>

<net id="346"><net_src comp="342" pin="1"/><net_sink comp="230" pin=10"/></net>

<net id="350"><net_src comp="168" pin="2"/><net_sink comp="347" pin=0"/></net>

<net id="351"><net_src comp="347" pin="1"/><net_sink comp="230" pin=9"/></net>

<net id="355"><net_src comp="174" pin="2"/><net_sink comp="352" pin=0"/></net>

<net id="356"><net_src comp="352" pin="1"/><net_sink comp="230" pin=8"/></net>

<net id="360"><net_src comp="267" pin="1"/><net_sink comp="357" pin=0"/></net>

<net id="367"><net_src comp="276" pin="2"/><net_sink comp="364" pin=0"/></net>

<net id="368"><net_src comp="364" pin="1"/><net_sink comp="301" pin=0"/></net>

<net id="375"><net_src comp="295" pin="2"/><net_sink comp="372" pin=0"/></net>

<net id="376"><net_src comp="372" pin="1"/><net_sink comp="223" pin=2"/></net>

</net_list>

</model> 
---------------- Datapath Model END ------------------

* FSMD analyzer results:
  - Output states:
	Port: out_stream_V_data_V | {4 5 }
	Port: out_stream_V_keep_V | {4 5 }
	Port: out_stream_V_strb_V | {4 5 }
	Port: out_stream_V_last_V | {4 5 }
 - Input state : 
	Port: conv2d_stream : in_stream_V_data_V | {4 5 }
	Port: conv2d_stream : in_stream_V_keep_V | {4 5 }
	Port: conv2d_stream : in_stream_V_strb_V | {4 5 }
	Port: conv2d_stream : in_stream_V_last_V | {4 5 }
	Port: conv2d_stream : k00 | {1 }
	Port: conv2d_stream : k01 | {1 }
	Port: conv2d_stream : k02 | {1 }
	Port: conv2d_stream : k10 | {1 }
	Port: conv2d_stream : k11 | {1 }
	Port: conv2d_stream : k12 | {1 }
	Port: conv2d_stream : k20 | {1 }
	Port: conv2d_stream : k21 | {1 }
	Port: conv2d_stream : k22 | {1 }
  - Chain level:
	State 1
		store_ln57 : 1
	State 2
		icmp_ln57 : 1
		add_ln57 : 1
		br_ln57 : 2
	State 3
		zext_ln59 : 1
		icmp_ln59 : 1
		add_ln59 : 1
		br_ln59 : 2
		linebuf_V_0_addr : 2
		linebuf_V_1_addr : 2
		linebuf_V_2_addr : 2
		store_ln60 : 3
		store_ln60 : 3
		store_ln60 : 3
	State 4
	State 5
	State 6


============================================================
+ Verbose Summary: Datapath Resource usage 
============================================================

* Functional unit list:
|----------|--------------------------------------------------|---------|---------|---------|---------|
| Operation|                  Functional Unit                 |   DSP   |  Delay  |    FF   |   LUT   |
|----------|--------------------------------------------------|---------|---------|---------|---------|
|   call   | grp_conv2d_stream_Pipeline_each_image_row_fu_230 |   1782  | 559.799 |  150587 |  64228  |
|----------|--------------------------------------------------|---------|---------|---------|---------|
|    add   |                  add_ln57_fu_276                 |    0    |    0    |    0    |    10   |
|          |                  add_ln59_fu_295                 |    0    |    0    |    0    |    14   |
|----------|--------------------------------------------------|---------|---------|---------|---------|
|   icmp   |                 icmp_ln57_fu_270                 |    0    |    0    |    0    |    8    |
|          |                 icmp_ln59_fu_289                 |    0    |    0    |    0    |    10   |
|----------|--------------------------------------------------|---------|---------|---------|---------|
|          |               k22_read_read_fu_126               |    0    |    0    |    0    |    0    |
|          |               k21_read_read_fu_132               |    0    |    0    |    0    |    0    |
|          |               k20_read_read_fu_138               |    0    |    0    |    0    |    0    |
|          |               k12_read_read_fu_144               |    0    |    0    |    0    |    0    |
|   read   |               k11_read_read_fu_150               |    0    |    0    |    0    |    0    |
|          |               k10_read_read_fu_156               |    0    |    0    |    0    |    0    |
|          |               k02_read_read_fu_162               |    0    |    0    |    0    |    0    |
|          |               k01_read_read_fu_168               |    0    |    0    |    0    |    0    |
|          |               k00_read_read_fu_174               |    0    |    0    |    0    |    0    |
|----------|--------------------------------------------------|---------|---------|---------|---------|
|   zext   |                 zext_ln59_fu_282                 |    0    |    0    |    0    |    0    |
|----------|--------------------------------------------------|---------|---------|---------|---------|
|   Total  |                                                  |   1782  | 559.799 |  150587 |  64270  |
|----------|--------------------------------------------------|---------|---------|---------|---------|

Memories:
+-----------+--------+--------+--------+--------+
|           |  BRAM  |   FF   |   LUT  |  URAM  |
+-----------+--------+--------+--------+--------+
|linebuf_V_0|    2   |    0   |    0   |    0   |
|linebuf_V_1|    2   |    0   |    0   |    0   |
|linebuf_V_2|    2   |    0   |    0   |    0   |
+-----------+--------+--------+--------+--------+
|   Total   |    6   |    0   |    0   |    0   |
+-----------+--------+--------+--------+--------+

* Register list:
+----------------+--------+
|                |   FF   |
+----------------+--------+
|add_ln57_reg_364|    2   |
|add_ln59_reg_372|    7   |
|    c_reg_219   |    7   |
|k00_read_reg_352|   32   |
|k01_read_reg_347|   32   |
|k02_read_reg_342|   32   |
|k10_read_reg_337|   32   |
|k11_read_reg_332|   32   |
|k12_read_reg_327|   32   |
|k20_read_reg_322|   32   |
|k21_read_reg_317|   32   |
|k22_read_reg_312|   32   |
|   r_1_reg_357  |    2   |
|    r_reg_305   |    2   |
+----------------+--------+
|      Total     |   308  |
+----------------+--------+

* Multiplexer (MUX) list: 
|--------|------|------|------|--------|
|  Comp  |  Pin | Size |  BW  | S x BW |
|--------|------|------|------|--------|
|  Total |      |      |      |    0   |
|--------|------|------|------|--------|



* Summary:
+-----------+--------+--------+--------+--------+--------+--------+
|           |  BRAM  |   DSP  |  Delay |   FF   |   LUT  |  URAM  |
+-----------+--------+--------+--------+--------+--------+--------+
|  Function |    -   |  1782  |   559  | 150587 |  64270 |    -   |
|   Memory  |    6   |    -   |    -   |    0   |    0   |    0   |
|Multiplexer|    -   |    -   |    -   |    -   |    -   |    -   |
|  Register |    -   |    -   |    -   |   308  |    -   |    -   |
+-----------+--------+--------+--------+--------+--------+--------+
|   Total   |    6   |  1782  |   559  | 150895 |  64270 |    0   |
+-----------+--------+--------+--------+--------+--------+--------+
