==============================================================
Vitis HLS - High-Level Synthesis from C, C++ and OpenCL v2021.1 (64-bit)
Copyright 1986-2021 Xilinx, Inc. All Rights Reserved.
==============================================================
INFO: [HLS 200-1505] Using flow_target 'vivado'
INFO: [HLS 200-1510] Running: set_part xc7z020clg400-1 
INFO: [HLS 200-1611] Setting target device to 'xc7z020-clg400-1'
INFO: [HLS 200-1510] Running: create_clock -period 10 -name default 
INFO: [SYN 201-201] Setting up clock 'default' with a period of 10ns.
INFO: [HLS 200-1510] Running: config_compile -pipeline_loops 0 
INFO: [XFORM 203-1171] Pipeline the innermost loop with trip count more than 0 or its parent loop when its trip count is less than or equal 0.
INFO: [HLS 200-1510] Running: set_directive_array_partition -type complete -dim 0 conv2d_stream kernel 
INFO: [HLS 200-1510] Running: set_directive_array_partition -type complete -dim 1 conv2d_stream linebuf 
INFO: [HLS 200-1510] Running: set_directive_pipeline -II 1 conv2d_stream/each_image_row 
INFO: [HLS 200-1510] Running: csynth_design 
INFO: [HLS 200-111] Finished File checks and directory preparation: CPU user time: 0.01 seconds. CPU system time: 0 seconds. Elapsed time: 0.01 seconds; current allocated memory: 315.030 MB.
INFO: [HLS 200-10] Analyzing design file '2dconv.cpp' ... 
WARNING: [HLS 207-5528] Ignore interface attribute or pragma which is not used in top function: 2dconv.cpp:41:9
WARNING: [HLS 207-5301] unused parameter 'print': /tools/Xilinx/Vitis_HLS/2021.1/common/technology/autopilot/ap_int_base.h:792:16
INFO: [HLS 200-111] Finished Source Code Analysis and Preprocessing: CPU user time: 4.22 seconds. CPU system time: 0.55 seconds. Elapsed time: 4.15 seconds; current allocated memory: 316.685 MB.
INFO: [HLS 200-777] Using interface defaults for 'Vivado' flow target.
INFO: [HLS 214-279] Initial Interval estimation mode is set into default.
INFO: [HLS 214-284] Auto array partition mode is set into default.
INFO: [HLS 214-131] Inlining function 'hls::axis<ap_uint<32>, 0ul, 0ul, 0ul>::get_user_ptr()' into 'hls::stream<hls::axis<ap_uint<32>, 0ul, 0ul, 0ul>, 0>::read()' (/tools/Xilinx/Vitis_HLS/2021.1/common/technology/autopilot/ap_axi_sdata.h:293:50)
INFO: [HLS 214-131] Inlining function 'hls::axis<ap_uint<32>, 0ul, 0ul, 0ul>::get_dest_ptr()' into 'hls::stream<hls::axis<ap_uint<32>, 0ul, 0ul, 0ul>, 0>::read()' (/tools/Xilinx/Vitis_HLS/2021.1/common/technology/autopilot/ap_axi_sdata.h:296:25)
INFO: [HLS 214-131] Inlining function 'hls::axis<ap_uint<32>, 0ul, 0ul, 0ul>::get_id_ptr()' into 'hls::stream<hls::axis<ap_uint<32>, 0ul, 0ul, 0ul>, 0>::read()' (/tools/Xilinx/Vitis_HLS/2021.1/common/technology/autopilot/ap_axi_sdata.h:295:67)
INFO: [HLS 214-131] Inlining function 'hls::axis<ap_uint<32>, 0ul, 0ul, 0ul>::get_user_ptr()' into 'hls::stream<hls::axis<ap_uint<32>, 0ul, 0ul, 0ul>, 0>::read()' (/tools/Xilinx/Vitis_HLS/2021.1/common/technology/autopilot/ap_axi_sdata.h:295:36)
INFO: [HLS 214-131] Inlining function 'hls::axis<ap_uint<32>, 0ul, 0ul, 0ul>::get_dest_ptr()' into 'hls::stream<hls::axis<ap_uint<32>, 0ul, 0ul, 0ul>, 0>::read()' (/tools/Xilinx/Vitis_HLS/2021.1/common/technology/autopilot/ap_axi_sdata.h:294:39)
INFO: [HLS 214-131] Inlining function 'hls::axis<ap_uint<32>, 0ul, 0ul, 0ul>::get_id_ptr()' into 'hls::stream<hls::axis<ap_uint<32>, 0ul, 0ul, 0ul>, 0>::read()' (/tools/Xilinx/Vitis_HLS/2021.1/common/technology/autopilot/ap_axi_sdata.h:294:23)
INFO: [HLS 214-131] Inlining function 'hls::axis<ap_uint<32>, 0ul, 0ul, 0ul>::get_user_ptr()' into 'hls::stream<hls::axis<ap_uint<32>, 0ul, 0ul, 0ul>, 0>::write(hls::axis<ap_uint<32>, 0ul, 0ul, 0ul> const&)' (/tools/Xilinx/Vitis_HLS/2021.1/common/technology/autopilot/ap_axi_sdata.h:304:51)
INFO: [HLS 214-131] Inlining function 'hls::axis<ap_uint<32>, 0ul, 0ul, 0ul>::get_dest_ptr()' into 'hls::stream<hls::axis<ap_uint<32>, 0ul, 0ul, 0ul>, 0>::write(hls::axis<ap_uint<32>, 0ul, 0ul, 0ul> const&)' (/tools/Xilinx/Vitis_HLS/2021.1/common/technology/autopilot/ap_axi_sdata.h:307:26)
INFO: [HLS 214-131] Inlining function 'hls::axis<ap_uint<32>, 0ul, 0ul, 0ul>::get_id_ptr()' into 'hls::stream<hls::axis<ap_uint<32>, 0ul, 0ul, 0ul>, 0>::write(hls::axis<ap_uint<32>, 0ul, 0ul, 0ul> const&)' (/tools/Xilinx/Vitis_HLS/2021.1/common/technology/autopilot/ap_axi_sdata.h:306:68)
INFO: [HLS 214-131] Inlining function 'hls::axis<ap_uint<32>, 0ul, 0ul, 0ul>::get_user_ptr()' into 'hls::stream<hls::axis<ap_uint<32>, 0ul, 0ul, 0ul>, 0>::write(hls::axis<ap_uint<32>, 0ul, 0ul, 0ul> const&)' (/tools/Xilinx/Vitis_HLS/2021.1/common/technology/autopilot/ap_axi_sdata.h:306:37)
INFO: [HLS 214-131] Inlining function 'hls::axis<ap_uint<32>, 0ul, 0ul, 0ul>::get_dest_ptr()' into 'hls::stream<hls::axis<ap_uint<32>, 0ul, 0ul, 0ul>, 0>::write(hls::axis<ap_uint<32>, 0ul, 0ul, 0ul> const&)' (/tools/Xilinx/Vitis_HLS/2021.1/common/technology/autopilot/ap_axi_sdata.h:305:40)
INFO: [HLS 214-131] Inlining function 'hls::axis<ap_uint<32>, 0ul, 0ul, 0ul>::get_id_ptr()' into 'hls::stream<hls::axis<ap_uint<32>, 0ul, 0ul, 0ul>, 0>::write(hls::axis<ap_uint<32>, 0ul, 0ul, 0ul> const&)' (/tools/Xilinx/Vitis_HLS/2021.1/common/technology/autopilot/ap_axi_sdata.h:305:24)
INFO: [HLS 214-131] Inlining function 'hls::stream<hls::axis<ap_uint<32>, 0ul, 0ul, 0ul>, 0>::write(hls::axis<ap_uint<32>, 0ul, 0ul, 0ul> const&)' into 'conv2d_stream(hls::stream<hls::axis<ap_uint<32>, 0ul, 0ul, 0ul>, 0>&, hls::stream<hls::axis<ap_uint<32>, 0ul, 0ul, 0ul>, 0>&, ap_fixed<32, 16, (ap_q_mode)5, (ap_o_mode)3, 0>, ap_fixed<32, 16, (ap_q_mode)5, (ap_o_mode)3, 0>, ap_fixed<32, 16, (ap_q_mode)5, (ap_o_mode)3, 0>, ap_fixed<32, 16, (ap_q_mode)5, (ap_o_mode)3, 0>, ap_fixed<32, 16, (ap_q_mode)5, (ap_o_mode)3, 0>, ap_fixed<32, 16, (ap_q_mode)5, (ap_o_mode)3, 0>, ap_fixed<32, 16, (ap_q_mode)5, (ap_o_mode)3, 0>, ap_fixed<32, 16, (ap_q_mode)5, (ap_o_mode)3, 0>, ap_fixed<32, 16, (ap_q_mode)5, (ap_o_mode)3, 0>)' (2dconv.cpp:88:24)
INFO: [HLS 214-131] Inlining function 'hls::stream<hls::axis<ap_uint<32>, 0ul, 0ul, 0ul>, 0>::read()' into 'conv2d_stream(hls::stream<hls::axis<ap_uint<32>, 0ul, 0ul, 0ul>, 0>&, hls::stream<hls::axis<ap_uint<32>, 0ul, 0ul, 0ul>, 0>&, ap_fixed<32, 16, (ap_q_mode)5, (ap_o_mode)3, 0>, ap_fixed<32, 16, (ap_q_mode)5, (ap_o_mode)3, 0>, ap_fixed<32, 16, (ap_q_mode)5, (ap_o_mode)3, 0>, ap_fixed<32, 16, (ap_q_mode)5, (ap_o_mode)3, 0>, ap_fixed<32, 16, (ap_q_mode)5, (ap_o_mode)3, 0>, ap_fixed<32, 16, (ap_q_mode)5, (ap_o_mode)3, 0>, ap_fixed<32, 16, (ap_q_mode)5, (ap_o_mode)3, 0>, ap_fixed<32, 16, (ap_q_mode)5, (ap_o_mode)3, 0>, ap_fixed<32, 16, (ap_q_mode)5, (ap_o_mode)3, 0>)' (2dconv.cpp:74:43)
INFO: [HLS 214-270] Starting automatic array partition analysis...
INFO: [HLS 200-111] Finished Compiling Optimization and Transform: CPU user time: 3.75 seconds. CPU system time: 0.36 seconds. Elapsed time: 4.11 seconds; current allocated memory: 319.033 MB.
INFO: [HLS 200-111] Finished Checking Pragmas: CPU user time: 0 seconds. CPU system time: 0 seconds. Elapsed time: 0.01 seconds; current allocated memory: 319.034 MB.
INFO: [HLS 200-10] Starting code transformations ...
INFO: [HLS 200-111] Finished Standard Transforms: CPU user time: 0.11 seconds. CPU system time: 0.01 seconds. Elapsed time: 0.12 seconds; current allocated memory: 339.305 MB.
INFO: [HLS 200-10] Checking synthesizability ...
INFO: [XFORM 203-602] Inlining function 'data_to_axis' into 'conv2d_stream' (2dconv.cpp:87) automatically.
INFO: [HLS 200-111] Finished Checking Synthesizability: CPU user time: 0.25 seconds. CPU system time: 0.02 seconds. Elapsed time: 0.28 seconds; current allocated memory: 374.179 MB.
INFO: [XFORM 203-502] Unrolling all sub-loops inside loop 'each_image_row' (2dconv.cpp:64) in function 'conv2d_stream' for pipelining.
INFO: [HLS 200-489] Unrolling loop 'linebuf_left_to_right' (2dconv.cpp:64) in function 'conv2d_stream' completely with a factor of 66.
INFO: [HLS 200-489] Unrolling loop 'mac_row' (2dconv.cpp:71) in function 'conv2d_stream' completely with a factor of 3.
INFO: [HLS 200-489] Unrolling loop 'mac_col' (2dconv.cpp:71) in function 'conv2d_stream' completely with a factor of 3.
INFO: [HLS 200-489] Unrolling loop 'shift_up' (2dconv.cpp:94) in function 'conv2d_stream' completely with a factor of 68.
INFO: [XFORM 203-101] Partitioning array 'linebuf.V' (2dconv.cpp:43) in dimension 1 completely.
INFO: [XFORM 203-101] Partitioning array 'kernel.V' (2dconv.cpp:44) in dimension 1 completely.
INFO: [XFORM 203-101] Partitioning array 'kernel.V' (2dconv.cpp:44) in dimension 2 completely.
INFO: [HLS 200-111] Finished Loop, function and other optimizations: CPU user time: 5.55 seconds. CPU system time: 0.05 seconds. Elapsed time: 5.61 seconds; current allocated memory: 439.528 MB.
INFO: [HLS 200-472] Inferring partial write operation for 'linebuf.V[0]' (2dconv.cpp:60:27)
INFO: [HLS 200-472] Inferring partial write operation for 'linebuf.V[2]' (2dconv.cpp:76:37)
INFO: [HLS 200-472] Inferring partial write operation for 'linebuf.V[0]' (2dconv.cpp:95:27)
INFO: [HLS 200-472] Inferring partial write operation for 'linebuf.V[1]' (2dconv.cpp:96:27)
INFO: [HLS 200-472] Inferring partial write operation for 'linebuf.V[2]' (2dconv.cpp:97:27)
INFO: [HLS 200-111] Finished Architecture Synthesis: CPU user time: 2.1 seconds. CPU system time: 0.02 seconds. Elapsed time: 2.13 seconds; current allocated memory: 491.674 MB.
INFO: [HLS 200-10] Starting hardware synthesis ...
INFO: [HLS 200-10] Synthesizing 'conv2d_stream' ...
INFO: [HLS 200-10] ----------------------------------------------------------------
INFO: [HLS 200-42] -- Implementing module 'data_to_axis' 
INFO: [HLS 200-10] ----------------------------------------------------------------
INFO: [SCHED 204-11] Starting scheduling ...
INFO: [SCHED 204-61] Pipelining function 'data_to_axis'.
INFO: [HLS 200-1470] Pipelining result : Target II = 0, Final II = 1, Depth = 1, function 'data_to_axis'
INFO: [SCHED 204-11] Finished scheduling.
INFO: [HLS 200-111] Finished Scheduling: CPU user time: 0.31 seconds. CPU system time: 0.03 seconds. Elapsed time: 0.34 seconds; current allocated memory: 493.208 MB.
INFO: [BIND 205-100] Starting micro-architecture generation ...
INFO: [BIND 205-101] Performing variable lifetime analysis.
INFO: [BIND 205-101] Exploring resource sharing.
INFO: [BIND 205-101] Binding ...
INFO: [BIND 205-100] Finished micro-architecture generation.
INFO: [HLS 200-111] Finished Binding: CPU user time: 0.01 seconds. CPU system time: 0 seconds. Elapsed time: 0.01 seconds; current allocated memory: 493.269 MB.
INFO: [HLS 200-10] ----------------------------------------------------------------
INFO: [HLS 200-42] -- Implementing module 'conv2d_stream_Pipeline_each_image_row' 
INFO: [HLS 200-10] ----------------------------------------------------------------
INFO: [SCHED 204-11] Starting scheduling ...
INFO: [SCHED 204-61] Pipelining loop 'each_image_row'.
WARNING: [HLS 200-880] The II Violation in module 'conv2d_stream_Pipeline_each_image_row' (loop 'each_image_row'): Unable to enforce a carried dependence constraint (II = 1, distance = 1, offset = 1) between 'store' operation ('linebuf_V_2_addr_10_write_ln97', 2dconv.cpp:97) of constant 0 on array 'linebuf_V_2' and 'store' operation ('linebuf_V_2_addr_10_write_ln76', 2dconv.cpp:76) of variable '__Val2__' on array 'linebuf_V_2'.
WARNING: [HLS 200-880] The II Violation in module 'conv2d_stream_Pipeline_each_image_row' (loop 'each_image_row'): Unable to enforce a carried dependence constraint (II = 2, distance = 1, offset = 1) between axis read operation ('empty_25') on port 'in_stream_V_data_V' and axis read operation ('empty_23') on port 'in_stream_V_data_V'.
WARNING: [HLS 200-880] The II Violation in module 'conv2d_stream_Pipeline_each_image_row' (loop 'each_image_row'): Unable to enforce a carried dependence constraint (II = 3, distance = 1, offset = 1) between axis read operation ('empty_26') on port 'in_stream_V_data_V' and axis read operation ('empty_23') on port 'in_stream_V_data_V'.
WARNING: [HLS 200-880] The II Violation in module 'conv2d_stream_Pipeline_each_image_row' (loop 'each_image_row'): Unable to enforce a carried dependence constraint (II = 4, distance = 1, offset = 1) between axis read operation ('empty_27') on port 'in_stream_V_data_V' and axis read operation ('empty_23') on port 'in_stream_V_data_V'.
WARNING: [HLS 200-885] The II Violation in module 'conv2d_stream_Pipeline_each_image_row' (loop 'each_image_row'): Unable to schedule 'store' operation ('linebuf_V_0_addr_write_ln95', 2dconv.cpp:95) of variable 'linebuf_V_1_load_67' on array 'linebuf_V_0' due to limited memory ports (II = 67). Please consider using a memory core with more ports or partitioning the array 'linebuf_V_0'.
INFO: [HLS 200-1470] Pipelining result : Target II = 1, Final II = 68, Depth = 74, loop 'each_image_row'
INFO: [SCHED 204-11] Finished scheduling.
INFO: [HLS 200-111] Finished Scheduling: CPU user time: 24.48 seconds. CPU system time: 0.1 seconds. Elapsed time: 24.59 seconds; current allocated memory: 504.712 MB.
INFO: [BIND 205-100] Starting micro-architecture generation ...
INFO: [BIND 205-101] Performing variable lifetime analysis.
INFO: [BIND 205-101] Exploring resource sharing.
INFO: [BIND 205-101] Binding ...
INFO: [BIND 205-100] Finished micro-architecture generation.
INFO: [HLS 200-111] Finished Binding: CPU user time: 5.96 seconds. CPU system time: 0.01 seconds. Elapsed time: 5.96 seconds; current allocated memory: 520.179 MB.
INFO: [HLS 200-10] ----------------------------------------------------------------
INFO: [HLS 200-42] -- Implementing module 'conv2d_stream' 
INFO: [HLS 200-10] ----------------------------------------------------------------
INFO: [SCHED 204-11] Starting scheduling ...
INFO: [SCHED 204-11] Finished scheduling.
INFO: [HLS 200-111] Finished Scheduling: CPU user time: 5.09 seconds. CPU system time: 0.02 seconds. Elapsed time: 5.12 seconds; current allocated memory: 520.488 MB.
INFO: [BIND 205-100] Starting micro-architecture generation ...
INFO: [BIND 205-101] Performing variable lifetime analysis.
INFO: [BIND 205-101] Exploring resource sharing.
INFO: [BIND 205-101] Binding ...
INFO: [BIND 205-100] Finished micro-architecture generation.
INFO: [HLS 200-111] Finished Binding: CPU user time: 1.13 seconds. CPU system time: 0 seconds. Elapsed time: 1.13 seconds; current allocated memory: 520.889 MB.
INFO: [HLS 200-10] ----------------------------------------------------------------
INFO: [HLS 200-10] -- Generating RTL for module 'data_to_axis' 
INFO: [HLS 200-10] ----------------------------------------------------------------
INFO: [RTGEN 206-100] Finished creating RTL model for 'data_to_axis'.
INFO: [HLS 200-111] Finished Creating RTL model: CPU user time: 3.26 seconds. CPU system time: 0.01 seconds. Elapsed time: 3.26 seconds; current allocated memory: 521.017 MB.
INFO: [HLS 200-10] ----------------------------------------------------------------
INFO: [HLS 200-10] -- Generating RTL for module 'conv2d_stream_Pipeline_each_image_row' 
INFO: [HLS 200-10] ----------------------------------------------------------------
INFO: [HLS 200-1030] Apply Unified Pipeline Control on module 'conv2d_stream_Pipeline_each_image_row' pipeline 'each_image_row' pipeline type 'loop pipeline'
INFO: [RTGEN 206-100] Generating core module 'mul_32s_32s_48_2_1': 594 instance(s).
INFO: [RTGEN 206-100] Finished creating RTL model for 'conv2d_stream_Pipeline_each_image_row'.
INFO: [HLS 200-111] Finished Creating RTL model: CPU user time: 1.34 seconds. CPU system time: 0.01 seconds. Elapsed time: 1.36 seconds; current allocated memory: 554.057 MB.
INFO: [HLS 200-10] ----------------------------------------------------------------
INFO: [HLS 200-10] -- Generating RTL for module 'conv2d_stream' 
INFO: [HLS 200-10] ----------------------------------------------------------------
WARNING: [RTGEN 206-101] Design contains AXI ports. Reset is fixed to synchronous and active low.
INFO: [RTGEN 206-500] Setting interface mode on port 'conv2d_stream/in_stream_V_data_V' to 'axis' (register, both mode).
INFO: [RTGEN 206-500] Setting interface mode on port 'conv2d_stream/in_stream_V_keep_V' to 'axis' (register, both mode).
INFO: [RTGEN 206-500] Setting interface mode on port 'conv2d_stream/in_stream_V_strb_V' to 'axis' (register, both mode).
INFO: [RTGEN 206-500] Setting interface mode on port 'conv2d_stream/in_stream_V_last_V' to 'axis' (register, both mode).
INFO: [RTGEN 206-500] Setting interface mode on port 'conv2d_stream/out_stream_V_data_V' to 'axis' (register, both mode).
INFO: [RTGEN 206-500] Setting interface mode on port 'conv2d_stream/out_stream_V_keep_V' to 'axis' (register, both mode).
