==============================================================
Vitis HLS - High-Level Synthesis from C, C++ and OpenCL v2021.1 (64-bit)
Copyright 1986-2021 Xilinx, Inc. All Rights Reserved.
==============================================================
INFO: [HLS 200-1505] Using flow_target 'vivado'
INFO: [HLS 200-1510] Running: set_part xc7z020clg400-1 
INFO: [HLS 200-1611] Setting target device to 'xc7z020-clg400-1'
INFO: [HLS 200-1510] Running: create_clock -period 10 -name default 
INFO: [SYN 201-201] Setting up clock 'default' with a period of 10ns.
INFO: [HLS 200-1510] Running: config_compile -pipeline_loops 0 
INFO: [XFORM 203-1171] Pipeline the innermost loop with trip count more than 0 or its parent loop when its trip count is less than or equal 0.
INFO: [HLS 200-1510] Running: set_directive_unroll -factor 1 conv2d_stream/mac_row 
INFO: [HLS 200-1510] Running: set_directive_unroll -factor 1 conv2d_stream/mac_col 
INFO: [HLS 200-1510] Running: set_directive_unroll -factor 1 conv2d_stream/init_rows_init_cols 
INFO: [HLS 200-1510] Running: set_directive_unroll -factor 1 conv2d_stream/linebuf_left_to_right 
INFO: [HLS 200-1510] Running: set_directive_unroll -factor 1 conv2d_stream/shift_up 
INFO: [HLS 200-1510] Running: set_directive_unroll -factor 1 conv2d_stream/each_image_row 
INFO: [HLS 200-1510] Running: csynth_design 
INFO: [HLS 200-111] Finished File checks and directory preparation: CPU user time: 0.01 seconds. CPU system time: 0 seconds. Elapsed time: 0 seconds; current allocated memory: 315.052 MB.
INFO: [HLS 200-10] Analyzing design file '2dconv.cpp' ... 
WARNING: [HLS 207-5528] Ignore interface attribute or pragma which is not used in top function: 2dconv.cpp:41:9
WARNING: [HLS 207-5301] unused parameter 'print': /tools/Xilinx/Vitis_HLS/2021.1/common/technology/autopilot/ap_int_base.h:792:16
INFO: [HLS 200-111] Finished Source Code Analysis and Preprocessing: CPU user time: 3.87 seconds. CPU system time: 0.53 seconds. Elapsed time: 4.7 seconds; current allocated memory: 316.741 MB.
INFO: [HLS 200-777] Using interface defaults for 'Vivado' flow target.
INFO: [HLS 214-279] Initial Interval estimation mode is set into default.
INFO: [HLS 214-284] Auto array partition mode is set into default.
INFO: [HLS 214-131] Inlining function 'hls::axis<ap_uint<32>, 0ul, 0ul, 0ul>::get_user_ptr()' into 'hls::stream<hls::axis<ap_uint<32>, 0ul, 0ul, 0ul>, 0>::read()' (/tools/Xilinx/Vitis_HLS/2021.1/common/technology/autopilot/ap_axi_sdata.h:293:50)
INFO: [HLS 214-131] Inlining function 'hls::axis<ap_uint<32>, 0ul, 0ul, 0ul>::get_dest_ptr()' into 'hls::stream<hls::axis<ap_uint<32>, 0ul, 0ul, 0ul>, 0>::read()' (/tools/Xilinx/Vitis_HLS/2021.1/common/technology/autopilot/ap_axi_sdata.h:296:25)
INFO: [HLS 214-131] Inlining function 'hls::axis<ap_uint<32>, 0ul, 0ul, 0ul>::get_id_ptr()' into 'hls::stream<hls::axis<ap_uint<32>, 0ul, 0ul, 0ul>, 0>::read()' (/tools/Xilinx/Vitis_HLS/2021.1/common/technology/autopilot/ap_axi_sdata.h:295:67)
INFO: [HLS 214-131] Inlining function 'hls::axis<ap_uint<32>, 0ul, 0ul, 0ul>::get_user_ptr()' into 'hls::stream<hls::axis<ap_uint<32>, 0ul, 0ul, 0ul>, 0>::read()' (/tools/Xilinx/Vitis_HLS/2021.1/common/technology/autopilot/ap_axi_sdata.h:295:36)
INFO: [HLS 214-131] Inlining function 'hls::axis<ap_uint<32>, 0ul, 0ul, 0ul>::get_dest_ptr()' into 'hls::stream<hls::axis<ap_uint<32>, 0ul, 0ul, 0ul>, 0>::read()' (/tools/Xilinx/Vitis_HLS/2021.1/common/technology/autopilot/ap_axi_sdata.h:294:39)
INFO: [HLS 214-131] Inlining function 'hls::axis<ap_uint<32>, 0ul, 0ul, 0ul>::get_id_ptr()' into 'hls::stream<hls::axis<ap_uint<32>, 0ul, 0ul, 0ul>, 0>::read()' (/tools/Xilinx/Vitis_HLS/2021.1/common/technology/autopilot/ap_axi_sdata.h:294:23)
INFO: [HLS 214-131] Inlining function 'hls::axis<ap_uint<32>, 0ul, 0ul, 0ul>::get_user_ptr()' into 'hls::stream<hls::axis<ap_uint<32>, 0ul, 0ul, 0ul>, 0>::write(hls::axis<ap_uint<32>, 0ul, 0ul, 0ul> const&)' (/tools/Xilinx/Vitis_HLS/2021.1/common/technology/autopilot/ap_axi_sdata.h:304:51)
INFO: [HLS 214-131] Inlining function 'hls::axis<ap_uint<32>, 0ul, 0ul, 0ul>::get_dest_ptr()' into 'hls::stream<hls::axis<ap_uint<32>, 0ul, 0ul, 0ul>, 0>::write(hls::axis<ap_uint<32>, 0ul, 0ul, 0ul> const&)' (/tools/Xilinx/Vitis_HLS/2021.1/common/technology/autopilot/ap_axi_sdata.h:307:26)
INFO: [HLS 214-131] Inlining function 'hls::axis<ap_uint<32>, 0ul, 0ul, 0ul>::get_id_ptr()' into 'hls::stream<hls::axis<ap_uint<32>, 0ul, 0ul, 0ul>, 0>::write(hls::axis<ap_uint<32>, 0ul, 0ul, 0ul> const&)' (/tools/Xilinx/Vitis_HLS/2021.1/common/technology/autopilot/ap_axi_sdata.h:306:68)
INFO: [HLS 214-131] Inlining function 'hls::axis<ap_uint<32>, 0ul, 0ul, 0ul>::get_user_ptr()' into 'hls::stream<hls::axis<ap_uint<32>, 0ul, 0ul, 0ul>, 0>::write(hls::axis<ap_uint<32>, 0ul, 0ul, 0ul> const&)' (/tools/Xilinx/Vitis_HLS/2021.1/common/technology/autopilot/ap_axi_sdata.h:306:37)
INFO: [HLS 214-131] Inlining function 'hls::axis<ap_uint<32>, 0ul, 0ul, 0ul>::get_dest_ptr()' into 'hls::stream<hls::axis<ap_uint<32>, 0ul, 0ul, 0ul>, 0>::write(hls::axis<ap_uint<32>, 0ul, 0ul, 0ul> const&)' (/tools/Xilinx/Vitis_HLS/2021.1/common/technology/autopilot/ap_axi_sdata.h:305:40)
INFO: [HLS 214-131] Inlining function 'hls::axis<ap_uint<32>, 0ul, 0ul, 0ul>::get_id_ptr()' into 'hls::stream<hls::axis<ap_uint<32>, 0ul, 0ul, 0ul>, 0>::write(hls::axis<ap_uint<32>, 0ul, 0ul, 0ul> const&)' (/tools/Xilinx/Vitis_HLS/2021.1/common/technology/autopilot/ap_axi_sdata.h:305:24)
INFO: [HLS 214-131] Inlining function 'hls::stream<hls::axis<ap_uint<32>, 0ul, 0ul, 0ul>, 0>::write(hls::axis<ap_uint<32>, 0ul, 0ul, 0ul> const&)' into 'conv2d_stream(hls::stream<hls::axis<ap_uint<32>, 0ul, 0ul, 0ul>, 0>&, hls::stream<hls::axis<ap_uint<32>, 0ul, 0ul, 0ul>, 0>&, ap_fixed<32, 16, (ap_q_mode)5, (ap_o_mode)3, 0>, ap_fixed<32, 16, (ap_q_mode)5, (ap_o_mode)3, 0>, ap_fixed<32, 16, (ap_q_mode)5, (ap_o_mode)3, 0>, ap_fixed<32, 16, (ap_q_mode)5, (ap_o_mode)3, 0>, ap_fixed<32, 16, (ap_q_mode)5, (ap_o_mode)3, 0>, ap_fixed<32, 16, (ap_q_mode)5, (ap_o_mode)3, 0>, ap_fixed<32, 16, (ap_q_mode)5, (ap_o_mode)3, 0>, ap_fixed<32, 16, (ap_q_mode)5, (ap_o_mode)3, 0>, ap_fixed<32, 16, (ap_q_mode)5, (ap_o_mode)3, 0>)' (2dconv.cpp:88:24)
INFO: [HLS 214-131] Inlining function 'hls::stream<hls::axis<ap_uint<32>, 0ul, 0ul, 0ul>, 0>::read()' into 'conv2d_stream(hls::stream<hls::axis<ap_uint<32>, 0ul, 0ul, 0ul>, 0>&, hls::stream<hls::axis<ap_uint<32>, 0ul, 0ul, 0ul>, 0>&, ap_fixed<32, 16, (ap_q_mode)5, (ap_o_mode)3, 0>, ap_fixed<32, 16, (ap_q_mode)5, (ap_o_mode)3, 0>, ap_fixed<32, 16, (ap_q_mode)5, (ap_o_mode)3, 0>, ap_fixed<32, 16, (ap_q_mode)5, (ap_o_mode)3, 0>, ap_fixed<32, 16, (ap_q_mode)5, (ap_o_mode)3, 0>, ap_fixed<32, 16, (ap_q_mode)5, (ap_o_mode)3, 0>, ap_fixed<32, 16, (ap_q_mode)5, (ap_o_mode)3, 0>, ap_fixed<32, 16, (ap_q_mode)5, (ap_o_mode)3, 0>, ap_fixed<32, 16, (ap_q_mode)5, (ap_o_mode)3, 0>)' (2dconv.cpp:74:43)
INFO: [HLS 214-178] Inlining function 'axis_to_data(hls::axis<ap_uint<32>, 0ul, 0ul, 0ul>)' into 'conv2d_stream(hls::stream<hls::axis<ap_uint<32>, 0ul, 0ul, 0ul>, 0>&, hls::stream<hls::axis<ap_uint<32>, 0ul, 0ul, 0ul>, 0>&, ap_fixed<32, 16, (ap_q_mode)5, (ap_o_mode)3, 0>, ap_fixed<32, 16, (ap_q_mode)5, (ap_o_mode)3, 0>, ap_fixed<32, 16, (ap_q_mode)5, (ap_o_mode)3, 0>, ap_fixed<32, 16, (ap_q_mode)5, (ap_o_mode)3, 0>, ap_fixed<32, 16, (ap_q_mode)5, (ap_o_mode)3, 0>, ap_fixed<32, 16, (ap_q_mode)5, (ap_o_mode)3, 0>, ap_fixed<32, 16, (ap_q_mode)5, (ap_o_mode)3, 0>, ap_fixed<32, 16, (ap_q_mode)5, (ap_o_mode)3, 0>, ap_fixed<32, 16, (ap_q_mode)5, (ap_o_mode)3, 0>)' (2dconv.cpp:27:0)
INFO: [HLS 214-178] Inlining function 'data_to_axis(ap_fixed<32, 16, (ap_q_mode)5, (ap_o_mode)3, 0>, bool)' into 'conv2d_stream(hls::stream<hls::axis<ap_uint<32>, 0ul, 0ul, 0ul>, 0>&, hls::stream<hls::axis<ap_uint<32>, 0ul, 0ul, 0ul>, 0>&, ap_fixed<32, 16, (ap_q_mode)5, (ap_o_mode)3, 0>, ap_fixed<32, 16, (ap_q_mode)5, (ap_o_mode)3, 0>, ap_fixed<32, 16, (ap_q_mode)5, (ap_o_mode)3, 0>, ap_fixed<32, 16, (ap_q_mode)5, (ap_o_mode)3, 0>, ap_fixed<32, 16, (ap_q_mode)5, (ap_o_mode)3, 0>, ap_fixed<32, 16, (ap_q_mode)5, (ap_o_mode)3, 0>, ap_fixed<32, 16, (ap_q_mode)5, (ap_o_mode)3, 0>, ap_fixed<32, 16, (ap_q_mode)5, (ap_o_mode)3, 0>, ap_fixed<32, 16, (ap_q_mode)5, (ap_o_mode)3, 0>)' (2dconv.cpp:27:0)
INFO: [HLS 214-270] Starting automatic array partition analysis...
INFO: [HLS 200-111] Finished Compiling Optimization and Transform: CPU user time: 3.62 seconds. CPU system time: 0.38 seconds. Elapsed time: 4.23 seconds; current allocated memory: 318.694 MB.
