==============================================================
Vitis HLS - High-Level Synthesis from C, C++ and OpenCL v2021.1 (64-bit)
Copyright 1986-2021 Xilinx, Inc. All Rights Reserved.
==============================================================
INFO: [HLS 200-1505] Using flow_target 'vivado'
INFO: [HLS 200-1510] Running: set_part xc7z020clg400-1 
INFO: [HLS 200-1611] Setting target device to 'xc7z020-clg400-1'
INFO: [HLS 200-1510] Running: create_clock -period 10 -name default 
INFO: [SYN 201-201] Setting up clock 'default' with a period of 10ns.
INFO: [HLS 200-1510] Running: config_compile -pipeline_loops 0 
INFO: [XFORM 203-1171] Pipeline the innermost loop with trip count more than 0 or its parent loop when its trip count is less than or equal 0.
INFO: [HLS 200-1510] Running: set_directive_array_partition -type complete -dim 0 conv2d_stream kernel 
INFO: [HLS 200-1510] Running: set_directive_array_partition -type complete -dim 1 conv2d_stream linebuf 
INFO: [HLS 200-1510] Running: set_directive_pipeline -II 1 conv2d_stream/init_rows_init_cols 
INFO: [HLS 200-1510] Running: set_directive_pipeline -II 1 conv2d_stream/linebuf_left_to_right 
INFO: [HLS 200-1510] Running: set_directive_pipeline -II 1 conv2d_stream/shift_up 
INFO: [HLS 200-1510] Running: set_directive_unroll conv2d_stream/mac_row 
INFO: [HLS 200-1510] Running: set_directive_unroll conv2d_stream/mac_col 
INFO: [HLS 200-1510] Running: csynth_design 
INFO: [HLS 200-111] Finished File checks and directory preparation: CPU user time: 0.01 seconds. CPU system time: 0 seconds. Elapsed time: 0.01 seconds; current allocated memory: 315.072 MB.
INFO: [HLS 200-10] Analyzing design file '2dconv.cpp' ... 
WARNING: [HLS 207-5528] Ignore interface attribute or pragma which is not used in top function: 2dconv.cpp:41:9
WARNING: [HLS 207-5301] unused parameter 'print': /tools/Xilinx/Vitis_HLS/2021.1/common/technology/autopilot/ap_int_base.h:792:16
INFO: [HLS 200-111] Finished Source Code Analysis and Preprocessing: CPU user time: 4.26 seconds. CPU system time: 0.53 seconds. Elapsed time: 4.16 seconds; current allocated memory: 316.745 MB.
INFO: [HLS 200-777] Using interface defaults for 'Vivado' flow target.
INFO: [HLS 214-279] Initial Interval estimation mode is set into default.
INFO: [HLS 214-284] Auto array partition mode is set into default.
INFO: [HLS 214-131] Inlining function 'hls::axis<ap_uint<32>, 0ul, 0ul, 0ul>::get_user_ptr()' into 'hls::stream<hls::axis<ap_uint<32>, 0ul, 0ul, 0ul>, 0>::read()' (/tools/Xilinx/Vitis_HLS/2021.1/common/technology/autopilot/ap_axi_sdata.h:293:50)
INFO: [HLS 214-131] Inlining function 'hls::axis<ap_uint<32>, 0ul, 0ul, 0ul>::get_dest_ptr()' into 'hls::stream<hls::axis<ap_uint<32>, 0ul, 0ul, 0ul>, 0>::read()' (/tools/Xilinx/Vitis_HLS/2021.1/common/technology/autopilot/ap_axi_sdata.h:296:25)
INFO: [HLS 214-131] Inlining function 'hls::axis<ap_uint<32>, 0ul, 0ul, 0ul>::get_id_ptr()' into 'hls::stream<hls::axis<ap_uint<32>, 0ul, 0ul, 0ul>, 0>::read()' (/tools/Xilinx/Vitis_HLS/2021.1/common/technology/autopilot/ap_axi_sdata.h:295:67)
INFO: [HLS 214-131] Inlining function 'hls::axis<ap_uint<32>, 0ul, 0ul, 0ul>::get_user_ptr()' into 'hls::stream<hls::axis<ap_uint<32>, 0ul, 0ul, 0ul>, 0>::read()' (/tools/Xilinx/Vitis_HLS/2021.1/common/technology/autopilot/ap_axi_sdata.h:295:36)
INFO: [HLS 214-131] Inlining function 'hls::axis<ap_uint<32>, 0ul, 0ul, 0ul>::get_dest_ptr()' into 'hls::stream<hls::axis<ap_uint<32>, 0ul, 0ul, 0ul>, 0>::read()' (/tools/Xilinx/Vitis_HLS/2021.1/common/technology/autopilot/ap_axi_sdata.h:294:39)
INFO: [HLS 214-131] Inlining function 'hls::axis<ap_uint<32>, 0ul, 0ul, 0ul>::get_id_ptr()' into 'hls::stream<hls::axis<ap_uint<32>, 0ul, 0ul, 0ul>, 0>::read()' (/tools/Xilinx/Vitis_HLS/2021.1/common/technology/autopilot/ap_axi_sdata.h:294:23)
INFO: [HLS 214-131] Inlining function 'hls::axis<ap_uint<32>, 0ul, 0ul, 0ul>::get_user_ptr()' into 'hls::stream<hls::axis<ap_uint<32>, 0ul, 0ul, 0ul>, 0>::write(hls::axis<ap_uint<32>, 0ul, 0ul, 0ul> const&)' (/tools/Xilinx/Vitis_HLS/2021.1/common/technology/autopilot/ap_axi_sdata.h:304:51)
INFO: [HLS 214-131] Inlining function 'hls::axis<ap_uint<32>, 0ul, 0ul, 0ul>::get_dest_ptr()' into 'hls::stream<hls::axis<ap_uint<32>, 0ul, 0ul, 0ul>, 0>::write(hls::axis<ap_uint<32>, 0ul, 0ul, 0ul> const&)' (/tools/Xilinx/Vitis_HLS/2021.1/common/technology/autopilot/ap_axi_sdata.h:307:26)
INFO: [HLS 214-131] Inlining function 'hls::axis<ap_uint<32>, 0ul, 0ul, 0ul>::get_id_ptr()' into 'hls::stream<hls::axis<ap_uint<32>, 0ul, 0ul, 0ul>, 0>::write(hls::axis<ap_uint<32>, 0ul, 0ul, 0ul> const&)' (/tools/Xilinx/Vitis_HLS/2021.1/common/technology/autopilot/ap_axi_sdata.h:306:68)
INFO: [HLS 214-131] Inlining function 'hls::axis<ap_uint<32>, 0ul, 0ul, 0ul>::get_user_ptr()' into 'hls::stream<hls::axis<ap_uint<32>, 0ul, 0ul, 0ul>, 0>::write(hls::axis<ap_uint<32>, 0ul, 0ul, 0ul> const&)' (/tools/Xilinx/Vitis_HLS/2021.1/common/technology/autopilot/ap_axi_sdata.h:306:37)
INFO: [HLS 214-131] Inlining function 'hls::axis<ap_uint<32>, 0ul, 0ul, 0ul>::get_dest_ptr()' into 'hls::stream<hls::axis<ap_uint<32>, 0ul, 0ul, 0ul>, 0>::write(hls::axis<ap_uint<32>, 0ul, 0ul, 0ul> const&)' (/tools/Xilinx/Vitis_HLS/2021.1/common/technology/autopilot/ap_axi_sdata.h:305:40)
INFO: [HLS 214-131] Inlining function 'hls::axis<ap_uint<32>, 0ul, 0ul, 0ul>::get_id_ptr()' into 'hls::stream<hls::axis<ap_uint<32>, 0ul, 0ul, 0ul>, 0>::write(hls::axis<ap_uint<32>, 0ul, 0ul, 0ul> const&)' (/tools/Xilinx/Vitis_HLS/2021.1/common/technology/autopilot/ap_axi_sdata.h:305:24)
INFO: [HLS 214-131] Inlining function 'hls::stream<hls::axis<ap_uint<32>, 0ul, 0ul, 0ul>, 0>::write(hls::axis<ap_uint<32>, 0ul, 0ul, 0ul> const&)' into 'conv2d_stream(hls::stream<hls::axis<ap_uint<32>, 0ul, 0ul, 0ul>, 0>&, hls::stream<hls::axis<ap_uint<32>, 0ul, 0ul, 0ul>, 0>&, ap_fixed<32, 16, (ap_q_mode)5, (ap_o_mode)3, 0>, ap_fixed<32, 16, (ap_q_mode)5, (ap_o_mode)3, 0>, ap_fixed<32, 16, (ap_q_mode)5, (ap_o_mode)3, 0>, ap_fixed<32, 16, (ap_q_mode)5, (ap_o_mode)3, 0>, ap_fixed<32, 16, (ap_q_mode)5, (ap_o_mode)3, 0>, ap_fixed<32, 16, (ap_q_mode)5, (ap_o_mode)3, 0>, ap_fixed<32, 16, (ap_q_mode)5, (ap_o_mode)3, 0>, ap_fixed<32, 16, (ap_q_mode)5, (ap_o_mode)3, 0>, ap_fixed<32, 16, (ap_q_mode)5, (ap_o_mode)3, 0>)' (2dconv.cpp:88:24)
INFO: [HLS 214-131] Inlining function 'hls::stream<hls::axis<ap_uint<32>, 0ul, 0ul, 0ul>, 0>::read()' into 'conv2d_stream(hls::stream<hls::axis<ap_uint<32>, 0ul, 0ul, 0ul>, 0>&, hls::stream<hls::axis<ap_uint<32>, 0ul, 0ul, 0ul>, 0>&, ap_fixed<32, 16, (ap_q_mode)5, (ap_o_mode)3, 0>, ap_fixed<32, 16, (ap_q_mode)5, (ap_o_mode)3, 0>, ap_fixed<32, 16, (ap_q_mode)5, (ap_o_mode)3, 0>, ap_fixed<32, 16, (ap_q_mode)5, (ap_o_mode)3, 0>, ap_fixed<32, 16, (ap_q_mode)5, (ap_o_mode)3, 0>, ap_fixed<32, 16, (ap_q_mode)5, (ap_o_mode)3, 0>, ap_fixed<32, 16, (ap_q_mode)5, (ap_o_mode)3, 0>, ap_fixed<32, 16, (ap_q_mode)5, (ap_o_mode)3, 0>, ap_fixed<32, 16, (ap_q_mode)5, (ap_o_mode)3, 0>)' (2dconv.cpp:74:43)
INFO: [HLS 214-186] Unrolling loop 'mac_row' (2dconv.cpp:80:13) in function 'conv2d_stream' completely with a factor of 3 (2dconv.cpp:27:0)
INFO: [HLS 214-186] Unrolling loop 'mac_col' (2dconv.cpp:82:17) in function 'conv2d_stream' completely with a factor of 3 (2dconv.cpp:27:0)
INFO: [HLS 214-186] Unrolling loop 'mac_col' (2dconv.cpp:82:17) in function 'conv2d_stream' completely with a factor of 3 (2dconv.cpp:27:0)
INFO: [HLS 214-186] Unrolling loop 'mac_col' (2dconv.cpp:82:17) in function 'conv2d_stream' completely with a factor of 3 (2dconv.cpp:27:0)
INFO: [HLS 214-178] Inlining function 'axis_to_data(hls::axis<ap_uint<32>, 0ul, 0ul, 0ul>)' into 'conv2d_stream(hls::stream<hls::axis<ap_uint<32>, 0ul, 0ul, 0ul>, 0>&, hls::stream<hls::axis<ap_uint<32>, 0ul, 0ul, 0ul>, 0>&, ap_fixed<32, 16, (ap_q_mode)5, (ap_o_mode)3, 0>, ap_fixed<32, 16, (ap_q_mode)5, (ap_o_mode)3, 0>, ap_fixed<32, 16, (ap_q_mode)5, (ap_o_mode)3, 0>, ap_fixed<32, 16, (ap_q_mode)5, (ap_o_mode)3, 0>, ap_fixed<32, 16, (ap_q_mode)5, (ap_o_mode)3, 0>, ap_fixed<32, 16, (ap_q_mode)5, (ap_o_mode)3, 0>, ap_fixed<32, 16, (ap_q_mode)5, (ap_o_mode)3, 0>, ap_fixed<32, 16, (ap_q_mode)5, (ap_o_mode)3, 0>, ap_fixed<32, 16, (ap_q_mode)5, (ap_o_mode)3, 0>)' (2dconv.cpp:27:0)
INFO: [HLS 214-178] Inlining function 'data_to_axis(ap_fixed<32, 16, (ap_q_mode)5, (ap_o_mode)3, 0>, bool)' into 'conv2d_stream(hls::stream<hls::axis<ap_uint<32>, 0ul, 0ul, 0ul>, 0>&, hls::stream<hls::axis<ap_uint<32>, 0ul, 0ul, 0ul>, 0>&, ap_fixed<32, 16, (ap_q_mode)5, (ap_o_mode)3, 0>, ap_fixed<32, 16, (ap_q_mode)5, (ap_o_mode)3, 0>, ap_fixed<32, 16, (ap_q_mode)5, (ap_o_mode)3, 0>, ap_fixed<32, 16, (ap_q_mode)5, (ap_o_mode)3, 0>, ap_fixed<32, 16, (ap_q_mode)5, (ap_o_mode)3, 0>, ap_fixed<32, 16, (ap_q_mode)5, (ap_o_mode)3, 0>, ap_fixed<32, 16, (ap_q_mode)5, (ap_o_mode)3, 0>, ap_fixed<32, 16, (ap_q_mode)5, (ap_o_mode)3, 0>, ap_fixed<32, 16, (ap_q_mode)5, (ap_o_mode)3, 0>)' (2dconv.cpp:27:0)
INFO: [HLS 214-270] Starting automatic array partition analysis...
INFO: [HLS 200-111] Finished Compiling Optimization and Transform: CPU user time: 3.68 seconds. CPU system time: 0.33 seconds. Elapsed time: 4.02 seconds; current allocated memory: 318.785 MB.
INFO: [HLS 200-111] Finished Checking Pragmas: CPU user time: 0.01 seconds. CPU system time: 0 seconds. Elapsed time: 0 seconds; current allocated memory: 318.787 MB.
INFO: [HLS 200-10] Starting code transformations ...
INFO: [HLS 200-111] Finished Standard Transforms: CPU user time: 0.05 seconds. CPU system time: 0.02 seconds. Elapsed time: 0.06 seconds; current allocated memory: 328.815 MB.
INFO: [HLS 200-10] Checking synthesizability ...
INFO: [HLS 200-111] Finished Checking Synthesizability: CPU user time: 0.12 seconds. CPU system time: 0.01 seconds. Elapsed time: 0.14 seconds; current allocated memory: 343.080 MB.
INFO: [XFORM 203-101] Partitioning array 'linebuf.V' (2dconv.cpp:43) in dimension 1 completely.
INFO: [HLS 200-111] Finished Loop, function and other optimizations: CPU user time: 0.2 seconds. CPU system time: 0.01 seconds. Elapsed time: 0.22 seconds; current allocated memory: 377.931 MB.
WARNING: [HLS 200-960] Cannot flatten loop 'each_image_row' (2dconv.cpp:87:20) in function 'conv2d_stream' more than one sub loop.
INFO: [HLS 200-472] Inferring partial write operation for 'linebuf.V[0]' (2dconv.cpp:60:27)
INFO: [HLS 200-472] Inferring partial write operation for 'linebuf.V[0]' (2dconv.cpp:95:27)
INFO: [HLS 200-472] Inferring partial write operation for 'linebuf.V[1]' (2dconv.cpp:96:27)
INFO: [HLS 200-472] Inferring partial write operation for 'linebuf.V[2]' (2dconv.cpp:97:27)
INFO: [HLS 200-472] Inferring partial write operation for 'linebuf.V[2]' (2dconv.cpp:76:37)
INFO: [HLS 200-111] Finished Architecture Synthesis: CPU user time: 0.12 seconds. CPU system time: 0.01 seconds. Elapsed time: 0.13 seconds; current allocated memory: 397.638 MB.
INFO: [HLS 200-10] Starting hardware synthesis ...
INFO: [HLS 200-10] Synthesizing 'conv2d_stream' ...
INFO: [HLS 200-10] ----------------------------------------------------------------
INFO: [HLS 200-42] -- Implementing module 'conv2d_stream_Pipeline_linebuf_left_to_right' 
INFO: [HLS 200-10] ----------------------------------------------------------------
INFO: [SCHED 204-11] Starting scheduling ...
INFO: [HLS 200-1457] Automatically inferring inferring RAM_1WNR storage type for array 'linebuf_V_2'. Use bind_storage pragma to override this type.
INFO: [HLS 200-1457] Automatically inferring inferring RAM_1WNR storage type for array 'linebuf_V_1'. Use bind_storage pragma to override this type.
INFO: [HLS 200-1457] Automatically inferring inferring RAM_1WNR storage type for array 'linebuf_V_0'. Use bind_storage pragma to override this type.
INFO: [SCHED 204-61] Pipelining loop 'linebuf_left_to_right'.
INFO: [HLS 200-1470] Pipelining result : Target II = 1, Final II = 1, Depth = 8, loop 'linebuf_left_to_right'
INFO: [SCHED 204-11] Finished scheduling.
INFO: [HLS 200-111] Finished Scheduling: CPU user time: 0.12 seconds. CPU system time: 0.03 seconds. Elapsed time: 0.15 seconds; current allocated memory: 398.211 MB.
INFO: [BIND 205-100] Starting micro-architecture generation ...
INFO: [BIND 205-101] Performing variable lifetime analysis.
INFO: [BIND 205-101] Exploring resource sharing.
INFO: [BIND 205-101] Binding ...
INFO: [BIND 205-100] Finished micro-architecture generation.
INFO: [HLS 200-111] Finished Binding: CPU user time: 0.1 seconds. CPU system time: 0 seconds. Elapsed time: 0.11 seconds; current allocated memory: 398.756 MB.
INFO: [HLS 200-10] ----------------------------------------------------------------
INFO: [HLS 200-42] -- Implementing module 'conv2d_stream_Pipeline_shift_up' 
INFO: [HLS 200-10] ----------------------------------------------------------------
INFO: [SCHED 204-11] Starting scheduling ...
INFO: [HLS 200-1457] Automatically inferring inferring RAM_1WNR storage type for array 'linebuf_V_2'. Use bind_storage pragma to override this type.
INFO: [HLS 200-1457] Automatically inferring inferring RAM_1WNR storage type for array 'linebuf_V_1'. Use bind_storage pragma to override this type.
INFO: [HLS 200-1457] Automatically inferring inferring RAM_1WNR storage type for array 'linebuf_V_0'. Use bind_storage pragma to override this type.
INFO: [SCHED 204-61] Pipelining loop 'shift_up'.
INFO: [HLS 200-1470] Pipelining result : Target II = 1, Final II = 1, Depth = 2, loop 'shift_up'
INFO: [SCHED 204-11] Finished scheduling.
INFO: [HLS 200-111] Finished Scheduling: CPU user time: 0.14 seconds. CPU system time: 0.01 seconds. Elapsed time: 0.14 seconds; current allocated memory: 398.877 MB.
INFO: [BIND 205-100] Starting micro-architecture generation ...
INFO: [BIND 205-101] Performing variable lifetime analysis.
INFO: [BIND 205-101] Exploring resource sharing.
INFO: [BIND 205-101] Binding ...
INFO: [BIND 205-100] Finished micro-architecture generation.
INFO: [HLS 200-111] Finished Binding: CPU user time: 0.02 seconds. CPU system time: 0 seconds. Elapsed time: 0.02 seconds; current allocated memory: 398.975 MB.
INFO: [HLS 200-10] ----------------------------------------------------------------
INFO: [HLS 200-42] -- Implementing module 'conv2d_stream' 
INFO: [HLS 200-10] ----------------------------------------------------------------
INFO: [SCHED 204-11] Starting scheduling ...
INFO: [HLS 200-1457] Automatically inferring inferring RAM_1WNR storage type for array 'linebuf_V_2'. Use bind_storage pragma to override this type.
INFO: [HLS 200-1457] Automatically inferring inferring RAM_1WNR storage type for array 'linebuf_V_0'. Use bind_storage pragma to override this type.
INFO: [HLS 200-1457] Automatically inferring inferring RAM_1WNR storage type for array 'linebuf_V_1'. Use bind_storage pragma to override this type.
INFO: [SCHED 204-11] Finished scheduling.
INFO: [HLS 200-111] Finished Scheduling: CPU user time: 0.06 seconds. CPU system time: 0 seconds. Elapsed time: 0.07 seconds; current allocated memory: 399.232 MB.
INFO: [BIND 205-100] Starting micro-architecture generation ...
INFO: [BIND 205-101] Performing variable lifetime analysis.
INFO: [BIND 205-101] Exploring resource sharing.
INFO: [BIND 205-101] Binding ...
INFO: [BIND 205-100] Finished micro-architecture generation.
INFO: [HLS 200-111] Finished Binding: CPU user time: 0.09 seconds. CPU system time: 0 seconds. Elapsed time: 0.09 seconds; current allocated memory: 399.709 MB.
INFO: [HLS 200-10] ----------------------------------------------------------------
INFO: [HLS 200-10] -- Generating RTL for module 'conv2d_stream_Pipeline_linebuf_left_to_right' 
INFO: [HLS 200-10] ----------------------------------------------------------------
INFO: [HLS 200-1030] Apply Unified Pipeline Control on module 'conv2d_stream_Pipeline_linebuf_left_to_right' pipeline 'linebuf_left_to_right' pipeline type 'loop pipeline'
INFO: [RTGEN 206-100] Generating core module 'mul_32s_32s_48_2_1': 9 instance(s).
INFO: [RTGEN 206-100] Finished creating RTL model for 'conv2d_stream_Pipeline_linebuf_left_to_right'.
INFO: [HLS 200-111] Finished Creating RTL model: CPU user time: 0.16 seconds. CPU system time: 0 seconds. Elapsed time: 0.16 seconds; current allocated memory: 400.899 MB.
INFO: [HLS 200-10] ----------------------------------------------------------------
INFO: [HLS 200-10] -- Generating RTL for module 'conv2d_stream_Pipeline_shift_up' 
INFO: [HLS 200-10] ----------------------------------------------------------------
INFO: [HLS 200-1030] Apply Unified Pipeline Control on module 'conv2d_stream_Pipeline_shift_up' pipeline 'shift_up' pipeline type 'loop pipeline'
INFO: [RTGEN 206-100] Finished creating RTL model for 'conv2d_stream_Pipeline_shift_up'.
INFO: [HLS 200-111] Finished Creating RTL model: CPU user time: 0.35 seconds. CPU system time: 0.01 seconds. Elapsed time: 0.35 seconds; current allocated memory: 403.177 MB.
INFO: [HLS 200-10] ----------------------------------------------------------------
INFO: [HLS 200-10] -- Generating RTL for module 'conv2d_stream' 
INFO: [HLS 200-10] ----------------------------------------------------------------
WARNING: [RTGEN 206-101]