
****** Vitis HLS - High-Level Synthesis from C, C++ and OpenCL v2021.1 (64-bit)
  **** SW Build 3247384 on Thu Jun 10 19:36:07 MDT 2021
  **** IP Build 3246043 on Fri Jun 11 00:30:35 MDT 2021
    ** Copyright 1986-2021 Xilinx, Inc. All Rights Reserved.

source /tools/Xilinx/Vitis_HLS/2021.1/scripts/vitis_hls/hls.tcl -notrace
INFO: Applying HLS Y2K22 patch v1.2 for IP revision
INFO: [HLS 200-10] Running '/tools/Xilinx/Vitis_HLS/2021.1/bin/unwrapped/lnx64.o/vitis_hls'
INFO: [HLS 200-10] For user 'kenny' on host 'potatulator' (Linux_x86_64 version 6.17.0-20-generic) on Sun Apr 26 22:55:15 IST 2026
INFO: [HLS 200-10] On os Ubuntu 24.04.4 LTS
INFO: [HLS 200-10] In directory '/home/kenny/vitis_ws/2dconvolution-64x64/course-project/hls'
Sourcing Tcl script 'synth_stream.tcl'
==========================================
 HLS project      : hls_2dconv_stream_aggressive
 Top function     : conv2d_stream
 Directive set    : aggressive
==========================================
INFO: [HLS 200-1510] Running: open_project hls_2dconv_stream_aggressive -reset 
INFO: [HLS 200-10] Creating and opening project '/home/kenny/vitis_ws/2dconvolution-64x64/course-project/hls/hls_2dconv_stream_aggressive'.
INFO: [HLS 200-1510] Running: set_top conv2d_stream 
INFO: [HLS 200-1510] Running: add_files 2dconv.cpp 
INFO: [HLS 200-10] Adding design file '2dconv.cpp' to the project
INFO: [HLS 200-1510] Running: add_files 2dconv.h 
INFO: [HLS 200-10] Adding design file '2dconv.h' to the project
INFO: [HLS 200-1510] Running: add_files -tb 2dconv_tb.cpp 
INFO: [HLS 200-10] Adding test bench file '2dconv_tb.cpp' to the project
INFO: [HLS 200-1510] Running: open_solution sol1 -flow_target vivado -reset 
INFO: [HLS 200-10] Creating and opening solution '/home/kenny/vitis_ws/2dconvolution-64x64/course-project/hls/hls_2dconv_stream_aggressive/sol1'.
INFO: [HLS 200-10] Cleaning up the solution database.
WARNING: [HLS 200-40] No /home/kenny/vitis_ws/2dconvolution-64x64/course-project/hls/hls_2dconv_stream_aggressive/sol1/sol1.aps file found.
INFO: [HLS 200-1505] Using flow_target 'vivado'
Resolution: For help on HLS 200-1505 see www.xilinx.com/cgi-bin/docs/rdoc?v=2021.1;t=hls+guidance;d=200-1505.html
INFO: [HLS 200-1510] Running: set_part xc7z020clg400-1 
INFO: [HLS 200-1611] Setting target device to 'xc7z020-clg400-1'
INFO: [HLS 200-1510] Running: create_clock -period 10 -name default 
INFO: [SYN 201-201] Setting up clock 'default' with a period of 10ns.
Applying directive file: directives/aggressive.tcl
INFO: [HLS 200-1510] Running: config_compile -pipeline_loops 0 
INFO: [XFORM 203-1171] Pipeline the innermost loop with trip count more than 0 or its parent loop when its trip count is less than or equal 0.
INFO: [HLS 200-1510] Running: set_directive_array_partition -type complete -dim 0 conv2d_stream kernel 
INFO: [HLS 200-1510] Running: set_directive_array_partition -type complete -dim 1 conv2d_stream linebuf 
INFO: [HLS 200-1510] Running: set_directive_pipeline -II 1 conv2d_stream/each_image_row 
INFO: [HLS 200-1510] Running: csynth_design 
INFO: [HLS 200-111] Finished File checks and directory preparation: CPU user time: 0.01 seconds. CPU system time: 0 seconds. Elapsed time: 0 seconds; current allocated memory: 315.062 MB.
INFO: [HLS 200-10] Analyzing design file '2dconv.cpp' ... 
WARNING: [HLS 207-5528] Ignore interface attribute or pragma which is not used in top function: 2dconv.cpp:23:9
WARNING: [HLS 207-5301] unused parameter 'print': /tools/Xilinx/Vitis_HLS/2021.1/common/technology/autopilot/ap_int_base.h:792:16
INFO: [HLS 200-111] Finished Source Code Analysis and Preprocessing: CPU user time: 3.98 seconds. CPU system time: 0.53 seconds. Elapsed time: 3.88 seconds; current allocated memory: 316.721 MB.
INFO: [HLS 200-777] Using interface defaults for 'Vivado' flow target.
INFO: [HLS 214-279] Initial Interval estimation mode is set into default.
INFO: [HLS 214-284] Auto array partition mode is set into default.
INFO: [HLS 214-131] Inlining function 'hls::axis<ap_uint<32>, 0ul, 0ul, 0ul>::get_user_ptr()' into 'hls::stream<hls::axis<ap_uint<32>, 0ul, 0ul, 0ul>, 0>::read()' (/tools/Xilinx/Vitis_HLS/2021.1/common/technology/autopilot/ap_axi_sdata.h:293:50)
INFO: [HLS 214-131] Inlining function 'hls::axis<ap_uint<32>, 0ul, 0ul, 0ul>::get_dest_ptr()' into 'hls::stream<hls::axis<ap_uint<32>, 0ul, 0ul, 0ul>, 0>::read()' (/tools/Xilinx/Vitis_HLS/2021.1/common/technology/autopilot/ap_axi_sdata.h:296:25)
INFO: [HLS 214-131] Inlining function 'hls::axis<ap_uint<32>, 0ul, 0ul, 0ul>::get_id_ptr()' into 'hls::stream<hls::axis<ap_uint<32>, 0ul, 0ul, 0ul>, 0>::read()' (/tools/Xilinx/Vitis_HLS/2021.1/common/technology/autopilot/ap_axi_sdata.h:295:67)
INFO: [HLS 214-131] Inlining function 'hls::axis<ap_uint<32>, 0ul, 0ul, 0ul>::get_user_ptr()' into 'hls::stream<hls::axis<ap_uint<32>, 0ul, 0ul, 0ul>, 0>::read()' (/tools/Xilinx/Vitis_HLS/2021.1/common/technology/autopilot/ap_axi_sdata.h:295:36)
INFO: [HLS 214-131] Inlining function 'hls::axis<ap_uint<32>, 0ul, 0ul, 0ul>::get_dest_ptr()' into 'hls::stream<hls::axis<ap_uint<32>, 0ul, 0ul, 0ul>, 0>::read()' (/tools/Xilinx/Vitis_HLS/2021.1/common/technology/autopilot/ap_axi_sdata.h:294:39)
INFO: [HLS 214-131] Inlining function 'hls::axis<ap_uint<32>, 0ul, 0ul, 0ul>::get_id_ptr()' into 'hls::stream<hls::axis<ap_uint<32>, 0ul, 0ul, 0ul>, 0>::read()' (/tools/Xilinx/Vitis_HLS/2021.1/common/technology/autopilot/ap_axi_sdata.h:294:23)
INFO: [HLS 214-131] Inlining function 'hls::axis<ap_uint<32>, 0ul, 0ul, 0ul>::get_user_ptr()' into 'hls::stream<hls::axis<ap_uint<32>, 0ul, 0ul, 0ul>, 0>::write(hls::axis<ap_uint<32>, 0ul, 0ul, 0ul> const&)' (/tools/Xilinx/Vitis_HLS/2021.1/common/technology/autopilot/ap_axi_sdata.h:304:51)
INFO: [HLS 214-131] Inlining function 'hls::axis<ap_uint<32>, 0ul, 0ul, 0ul>::get_dest_ptr()' into 'hls::stream<hls::axis<ap_uint<32>, 0ul, 0ul, 0ul>, 0>::write(hls::axis<ap_uint<32>, 0ul, 0ul, 0ul> const&)' (/tools/Xilinx/Vitis_HLS/2021.1/common/technology/autopilot/ap_axi_sdata.h:307:26)
INFO: [HLS 214-131] Inlining function 'hls::axis<ap_uint<32>, 0ul, 0ul, 0ul>::get_id_ptr()' into 'hls::stream<hls::axis<ap_uint<32>, 0ul, 0ul, 0ul>, 0>::write(hls::axis<ap_uint<32>, 0ul, 0ul, 0ul> const&)' (/tools/Xilinx/Vitis_HLS/2021.1/common/technology/autopilot/ap_axi_sdata.h:306:68)
INFO: [HLS 214-131] Inlining function 'hls::axis<ap_uint<32>, 0ul, 0ul, 0ul>::get_user_ptr()' into 'hls::stream<hls::axis<ap_uint<32>, 0ul, 0ul, 0ul>, 0>::write(hls::axis<ap_uint<32>, 0ul, 0ul, 0ul> const&)' (/tools/Xilinx/Vitis_HLS/2021.1/common/technology/autopilot/ap_axi_sdata.h:306:37)
INFO: [HLS 214-131] Inlining function 'hls::axis<ap_uint<32>, 0ul, 0ul, 0ul>::get_dest_ptr()' into 'hls::stream<hls::axis<ap_uint<32>, 0ul, 0ul, 0ul>, 0>::write(hls::axis<ap_uint<32>, 0ul, 0ul, 0ul> const&)' (/tools/Xilinx/Vitis_HLS/2021.1/common/technology/autopilot/ap_axi_sdata.h:305:40)
INFO: [HLS 214-131] Inlining function 'hls::axis<ap_uint<32>, 0ul, 0ul, 0ul>::get_id_ptr()' into 'hls::stream<hls::axis<ap_uint<32>, 0ul, 0ul, 0ul>, 0>::write(hls::axis<ap_uint<32>, 0ul, 0ul, 0ul> const&)' (/tools/Xilinx/Vitis_HLS/2021.1/common/technology/autopilot/ap_axi_sdata.h:305:24)
INFO: [HLS 214-131] Inlining function 'hls::stream<hls::axis<ap_uint<32>, 0ul, 0ul, 0ul>, 0>::write(hls::axis<ap_uint<32>, 0ul, 0ul, 0ul> const&)' into 'conv2d_stream(hls::stream<hls::axis<ap_uint<32>, 0ul, 0ul, 0ul>, 0>&, hls::stream<hls::axis<ap_uint<32>, 0ul, 0ul, 0ul>, 0>&, ap_int<32>, ap_int<32>, ap_int<32>, ap_int<32>, ap_int<32>, ap_int<32>, ap_int<32>, ap_int<32>, ap_int<32>)' (2dconv.cpp:78:24)
INFO: [HLS 214-131] Inlining function 'hls::stream<hls::axis<ap_uint<32>, 0ul, 0ul, 0ul>, 0>::read()' into 'conv2d_stream(hls::stream<hls::axis<ap_uint<32>, 0ul, 0ul, 0ul>, 0>&, hls::stream<hls::axis<ap_uint<32>, 0ul, 0ul, 0ul>, 0>&, ap_int<32>, ap_int<32>, ap_int<32>, ap_int<32>, ap_int<32>, ap_int<32>, ap_int<32>, ap_int<32>, ap_int<32>)' (2dconv.cpp:56:43)
INFO: [HLS 214-270] Starting automatic array partition analysis...
INFO: [HLS 200-111] Finished Compiling Optimization and Transform: CPU user time: 3.47 seconds. CPU system time: 0.35 seconds. Elapsed time: 3.82 seconds; current allocated memory: 318.453 MB.
INFO: [HLS 200-111] Finished Checking Pragmas: CPU user time: 0 seconds. CPU system time: 0 seconds. Elapsed time: 0 seconds; current allocated memory: 318.455 MB.
INFO: [HLS 200-10] Starting code transformations ...
INFO: [HLS 200-111] Finished Standard Transforms: CPU user time: 0.04 seconds. CPU system time: 0.01 seconds. Elapsed time: 0.05 seconds; current allocated memory: 325.873 MB.
INFO: [HLS 200-10] Checking synthesizability ...
INFO: [HLS 200-111] Finished Checking Synthesizability: CPU user time: 0.08 seconds. CPU system time: 0.01 seconds. Elapsed time: 0.09 seconds; current allocated memory: 335.184 MB.
INFO: [XFORM 203-502] Unrolling all sub-loops inside loop 'each_image_row' (2dconv.cpp:46) in function 'conv2d_stream' for pipelining.
INFO: [HLS 200-489] Unrolling loop 'linebuf_left_to_right' (2dconv.cpp:53) in function 'conv2d_stream' completely with a factor of 66.
INFO: [HLS 200-489] Unrolling loop 'mac_row' (2dconv.cpp:53) in function 'conv2d_stream' completely with a factor of 3.
INFO: [HLS 200-489] Unrolling loop 'mac_col' (2dconv.cpp:53) in function 'conv2d_stream' completely with a factor of 3.
INFO: [HLS 200-489] Unrolling loop 'shift_up' (2dconv.cpp:83) in function 'conv2d_stream' completely with a factor of 68.
INFO: [XFORM 203-101] Partitioning array 'linebuf.V' (2dconv.cpp:25) in dimension 1 completely.
INFO: [XFORM 203-101] Partitioning array 'kernel.V' (2dconv.cpp:26) in dimension 1 completely.
INFO: [XFORM 203-101] Partitioning array 'kernel.V' (2dconv.cpp:26) in dimension 2 completely.
INFO: [XFORM 203-11] Balancing expressions in function 'conv2d_stream' (2dconv.cpp:25:40)...528 expression(s) balanced.
INFO: [HLS 200-111] Finished Loop, function and other optimizations: CPU user time: 2.23 seconds. CPU system time: 0.01 seconds. Elapsed time: 2.25 seconds; current allocated memory: 371.652 MB.
INFO: [HLS 200-472] Inferring partial write operation for 'linebuf.V[0]' (2dconv.cpp:42:27)
INFO: [HLS 200-472] Inferring partial write operation for 'linebuf.V[2]' (2dconv.cpp:58:37)
INFO: [HLS 200-472] Inferring partial write operation for 'linebuf.V[0]' (2dconv.cpp:84:27)
INFO: [HLS 200-472] Inferring partial write operation for 'linebuf.V[1]' (2dconv.cpp:85:27)
INFO: [HLS 200-472] Inferring partial write operation for 'linebuf.V[2]' (2dconv.cpp:86:27)
INFO: [HLS 200-111] Finished Architecture Synthesis: CPU user time: 0.82 seconds. CPU system time: 0.02 seconds. Elapsed time: 0.83 seconds; current allocated memory: 390.421 MB.
INFO: [HLS 200-10] Starting hardware synthesis ...
INFO: [HLS 200-10] Synthesizing 'conv2d_stream' ...
INFO: [HLS 200-10] ----------------------------------------------------------------
INFO: [HLS 200-42] -- Implementing module 'conv2d_stream_Pipeline_each_image_row' 
INFO: [HLS 200-10] ----------------------------------------------------------------
INFO: [SCHED 204-11] Starting scheduling ...
INFO: [SCHED 204-61] Pipelining loop 'each_image_row'.
WARNING: [HLS 200-880] The II Violation in module 'conv2d_stream_Pipeline_each_image_row' (loop 'each_image_row'): Unable to enforce a carried dependence constraint (II = 1, distance = 1, offset = 1) between 'store' operation ('linebuf_V_2_addr_31_write_ln86', 2dconv.cpp:86) of constant 0 on array 'linebuf_V_2' and 'store' operation ('linebuf_V_2_addr_31_write_ln58', 2dconv.cpp:58) of variable 'in_stream_V_data_V_val34' on array 'linebuf_V_2'.
Resolution: For help on HLS 200-880 see www.xilinx.com/cgi-bin/docs/rdoc?v=2021.1;t=hls+guidance;d=200-880.html
WARNING: [HLS 200-880] The II Violation in module 'conv2d_stream_Pipeline_each_image_row' (loop 'each_image_row'): Unable to enforce a carried dependence constraint (II = 2, distance = 1, offset = 1) between axis read operation ('empty_23') on port 'in_stream_V_data_V' and axis read operation ('empty_21') on port 'in_stream_V_data_V'.
Resolution: For help on HLS 200-880 see www.xilinx.com/cgi-bin/docs/rdoc?v=2021.1;t=hls+guidance;d=200-880.html
WARNING: [HLS 200-880] The II Violation in module 'conv2d_stream_Pipeline_each_image_row' (loop 'each_image_row'): Unable to enforce a carried dependence constraint (II = 3, distance = 1, offset = 1) between axis read operation ('empty_24') on port 'in_stream_V_data_V' and axis read operation ('empty_21') on port 'in_stream_V_data_V'.
Resolution: For help on HLS 200-880 see www.xilinx.com/cgi-bin/docs/rdoc?v=2021.1;t=hls+guidance;d=200-880.html
WARNING: [HLS 200-880] The II Violation in module 'conv2d_stream_Pipeline_each_image_row' (loop 'each_image_row'): Unable to enforce a carried dependence constraint (II = 4, distance = 1, offset = 1) between axis read operation ('empty_25') on port 'in_stream_V_data_V' and axis read operation ('empty_21') on port 'in_stream_V_data_V'.
Resolution: For help on HLS 200-880 see www.xilinx.com/cgi-bin/docs/rdoc?v=2021.1;t=hls+guidance;d=200-880.html
WARNING: [HLS 200-885] The II Violation in module 'conv2d_stream_Pipeline_each_image_row' (loop 'each_image_row'): Unable to schedule 'store' operation ('linebuf_V_0_addr_write_ln84', 2dconv.cpp:84) of variable 'linebuf_V_1_load_67' on array 'linebuf_V_0' due to limited memory ports (II = 67). Please consider using a memory core with more ports or partitioning the array 'linebuf_V_0'.
Resolution: For help on HLS 200-885 see www.xilinx.com/cgi-bin/docs/rdoc?v=2021.1;t=hls+guidance;d=200-885.html
INFO: [HLS 200-1470] Pipelining result : Target II = 1, Final II = 68, Depth = 72, loop 'each_image_row'
INFO: [SCHED 204-11] Finished scheduling.
INFO: [HLS 200-111] Finished Scheduling: CPU user time: 22.28 seconds. CPU system time: 0.1 seconds. Elapsed time: 22.38 seconds; current allocated memory: 398.532 MB.
INFO: [BIND 205-100] Starting micro-architecture generation ...
INFO: [BIND 205-101] Performing variable lifetime analysis.
INFO: [BIND 205-101] Exploring resource sharing.
INFO: [BIND 205-101] Binding ...
INFO: [BIND 205-100] Finished micro-architecture generation.
INFO: [HLS 200-111] Finished Binding: CPU user time: 3.9 seconds. CPU system time: 0 seconds. Elapsed time: 3.9 seconds; current allocated memory: 407.042 MB.
INFO: [HLS 200-10] ----------------------------------------------------------------
INFO: [HLS 200-42] -- Implementing module 'conv2d_stream' 
INFO: [HLS 200-10] ----------------------------------------------------------------
INFO: [SCHED 204-11] Starting scheduling ...
INFO: [SCHED 204-11] Finished scheduling.
INFO: [HLS 200-111] Finished Scheduling: CPU user time: 3.24 seconds. CPU system time: 0.01 seconds. Elapsed time: 3.25 seconds; current allocated memory: 407.344 MB.
INFO: [BIND 205-100] Starting micro-architecture generation ...
INFO: [BIND 205-101] Performing variable lifetime analysis.
INFO: [BIND 205-101] Exploring resource sharing.
INFO: [BIND 205-101] Binding ...
INFO: [BIND 205-100] Finished micro-architecture generation.
INFO: [HLS 200-111] Finished Binding: CPU user time: 0.62 seconds. CPU system time: 0 seconds. Elapsed time: 0.62 seconds; current allocated memory: 407.743 MB.
INFO: [HLS 200-10] ----------------------------------------------------------------
INFO: [HLS 200-10] -- Generating RTL for module 'conv2d_stream_Pipeline_each_image_row' 
INFO: [HLS 200-10] ----------------------------------------------------------------
INFO: [HLS 200-1030] Apply Unified Pipeline Control on module 'conv2d_stream_Pipeline_each_image_row' pipeline 'each_image_row' pipeline type 'loop pipeline'
INFO: [RTGEN 206-100] Generating core module 'mul_32s_32s_32_2_1': 253 instance(s).
INFO: [RTGEN 206-100] Finished creating RTL model for 'conv2d_stream_Pipeline_each_image_row'.
INFO: [HLS 200-111] Finished Creating RTL model: CPU user time: 2.54 seconds. CPU system time: 0.01 seconds. Elapsed time: 2.56 seconds; current allocated memory: 425.045 MB.
INFO: [HLS 200-10] ----------------------------------------------------------------
INFO: [HLS 200-10] -- Generating RTL for module 'conv2d_stream' 
INFO: [HLS 200-10] ----------------------------------------------------------------
WARNING: [RTGEN 206-101] Design contains AXI ports. Reset is fixed to synchronous and active low.
INFO: [RTGEN 206-500] Setting interface mode on port 'conv2d_stream/in_stream_V_data_V' to 'axis' (register, both mode).
INFO: [RTGEN 206-500] Setting interface mode on port 'conv2d_stream/in_stream_V_keep_V' to 'axis' (register, both mode).
INFO: [RTGEN 206-500] Setting interface mode on port 'conv2d_stream/in_stream_V_strb_V' to 'axis' (register, both mode).
INFO: [RTGEN 206-500] Setting interface mode on port 'conv2d_stream/in_stream_V_last_V' to 'axis' (register, both mode).
INFO: [RTGEN 206-500] Setting interface mode on port 'conv2d_stream/out_stream_V_data_V' to 'axis' (register, both mode).
INFO: [RTGEN 206-500] Setting interface mode on port 'conv2d_stream/out_stream_V_keep_V' to 'axis' (register, both mode).
INFO: [RTGEN 206-500] Setting interface mode on port 'conv2d_stream/out_stream_V_strb_V' to 'axis' (register, both mode).
INFO: [RTGEN 206-500] Setting interface mode on port 'conv2d_stream/out_stream_V_last_V' to 'axis' (register, both mode).
INFO: [RTGEN 206-500] Setting interface mode on port 'conv2d_stream/k00' to 's_axilite & ap_none'.
INFO: [RTGEN 206-500] Setting interface mode on port 'conv2d_stream/k01' to 's_axilite & ap_none'.
INFO: [RTGEN 206-500] Setting interface mode on port 'conv2d_stream/k02' to 's_axilite & ap_none'.
INFO: [RTGEN 206-500] Setting interface mode on port 'conv2d_stream/k10' to 's_axilite & ap_none'.
INFO: [RTGEN 206-500] Setting interface mode on port 'conv2d_stream/k11' to 's_axilite & ap_none'.
INFO: [RTGEN 206-500] Setting interface mode on port 'conv2d_stream/k12' to 's_axilite & ap_none'.
INFO: [RTGEN 206-500] Setting interface mode on port 'conv2d_stream/k20' to 's_axilite & ap_none'.
INFO: [RTGEN 206-500] Setting interface mode on port 'conv2d_stream/k21' to 's_axilite & ap_none'.
INFO: [RTGEN 206-500] Setting interface mode on port 'conv2d_stream/k22' to 's_axilite & ap_none'.
INFO: [RTGEN 206-500] Setting interface mode on function 'conv2d_stream' to 's_axilite & ap_ctrl_hs'.
INFO: [RTGEN 206-100] Bundling port 'k00', 'k01', 'k02', 'k10', 'k11', 'k12', 'k20', 'k21', 'k22' and 'return' to AXI-Lite port CTRL.
INFO: [RTGEN 206-100] Finished creating RTL model for 'conv2d_stream'.
INFO: [HLS 200-111] Finished Creating RTL model: CPU user time: 8.5 seconds. CPU system time: 0.1 seconds. Elapsed time: 8.61 seconds; current allocated memory: 460.905 MB.
INFO: [RTMG 210-278] Implementing memory 'conv2d_stream_linebuf_V_0_ram (RAM)' using auto RAMs.
INFO: [HLS 200-111] Finished Generating all RTL models: CPU user time: 3.55 seconds. CPU system time: 0.02 seconds. Elapsed time: 3.56 seconds; current allocated memory: 464.353 MB.
INFO: [HLS 200-111] Finished Updating report files: CPU user time: 0.77 seconds. CPU system time: 0.02 seconds. Elapsed time: 0.8 seconds; current allocated memory: 481.424 MB.
INFO: [VHDL 208-304] Generating VHDL RTL for conv2d_stream.
INFO: [VLOG 209-307] Generating Verilog RTL for conv2d_stream.
INFO: [HLS 200-790] **** Loop Constraint Status: All loop constraints were NOT satisfied.
INFO: [HLS 200-789] **** Estimated Fmax: 120.57 MHz
INFO: [HLS 200-111] Finished Command csynth_design CPU user time: 56.04 seconds. CPU system time: 1.19 seconds. Elapsed time: 56.63 seconds; current allocated memory: 481.413 MB.
INFO: [HLS 200-1510] Running: export_design -format ip_catalog -description Streaming 2D convolution accelerator (aggressive) -vendor ee5332 -library hls -version 1.0 
INFO: [IMPL 213-8] Exporting RTL as a Vivado IP.

****** Vivado v2021.1 (64-bit)
  **** SW Build 3247384 on Thu Jun 10 19:36:07 MDT 2021
  **** IP Build 3246043 on Fri Jun 11 00:30:35 MDT 2021
    ** Copyright 1986-2021 Xilinx, Inc. All Rights Reserved.

source run_ippack.tcl -notrace
INFO: [IP_Flow 19-234] Refreshing IP repositories
INFO: [IP_Flow 19-1704] No user IP repositories specified
INFO: [IP_Flow 19-2313] Loaded Vivado IP repository '/tools/Xilinx/Vivado/2021.1/data/ip'.
INFO: [Common 17-206] Exiting Vivado at Sun Apr 26 22:56:27 2026...
INFO: [HLS 200-802] Generated output file hls_2dconv_stream_aggressive/sol1/impl/export.zip
INFO: [HLS 200-111] Finished Command export_design CPU user time: 15.91 seconds. CPU system time: 1.37 seconds. Elapsed time: 23.93 seconds; current allocated memory: 486.921 MB.
INFO: [HLS 200-112] Total CPU user time: 74.49 seconds. Total CPU system time: 3.16 seconds. Total elapsed time: 82.48 seconds; peak allocated memory: 481.424 MB.
INFO: [Common 17-206] Exiting vitis_hls at Sun Apr 26 22:56:38 2026...
