

================================================================
== Vitis HLS Report for 'conv2d_stream_Pipeline_linebuf_left_to_right'
================================================================
* Date:           Sun Apr 26 22:54:11 2026

* Version:        2021.1 (Build 3247384 on Thu Jun 10 19:36:07 MDT 2021)
* Project:        hls_2dconv_stream_pipelined
* Solution:       sol1 (Vivado IP Flow Target)
* Product family: zynq
* Target device:  xc7z020-clg400-1


================================================================
== Performance Estimates
================================================================
+ Timing: 
    * Summary: 
    +--------+----------+----------+------------+
    |  Clock |  Target  | Estimated| Uncertainty|
    +--------+----------+----------+------------+
    |ap_clk  |  10.00 ns|  6.912 ns|     2.70 ns|
    +--------+----------+----------+------------+

+ Latency: 
    * Summary: 
    +---------+---------+----------+----------+-----+-----+---------+
    |  Latency (cycles) |  Latency (absolute) |  Interval | Pipeline|
    |   min   |   max   |    min   |    max   | min | max |   Type  |
    +---------+---------+----------+----------+-----+-----+---------+
    |       74|       74|  0.740 us|  0.740 us|   74|   74|       no|
    +---------+---------+----------+----------+-----+-----+---------+

    + Detail: 
        * Instance: 
        N/A

        * Loop: 
        +-------------------------+---------+---------+----------+-----------+-----------+------+----------+
        |                         |  Latency (cycles) | Iteration|  Initiation Interval  | Trip |          |
        |        Loop Name        |   min   |   max   |  Latency |  achieved |   target  | Count| Pipelined|
        +-------------------------+---------+---------+----------+-----------+-----------+------+----------+
        |- linebuf_left_to_right  |       72|       72|         8|          1|          1|    66|       yes|
        +-------------------------+---------+---------+----------+-----------+-----------+------+----------+

============================================================
+ Verbose Summary: Synthesis Manager
============================================================
InlineROM: 1
ExposeGlobal: 0
============================================================
+ Verbose Summary: CDFG Model
============================================================
IsTopModel: 0
ResetActiveHigh: 1
IsCombinational: 0
IsDatapathOnly: 0
HasWiredReturn: 1
HasMFsm: 2
HasVarLatency: 1
IsPipeline: 0
IsRtlPipelined: 0
IsInstanceOverlapped: 0
IsDontTouch: 0
HasImplIP: 0
IsGatedGlobalClock: 0

+ Individual pipeline summary: 
  * Pipeline-0: initiation interval (II) = 1, depth = 8


============================================================
+ Verbose Summary: Schedule
============================================================
* Number of FSM states : 8
* Pipeline : 1
  Pipeline-0 : II = 1, D = 8, States = { 1 2 3 4 5 6 7 8 }
* Dataflow Pipeline: 0

* FSM state transitions: 
1 --> 2 
2 --> 3 
3 --> 4 
4 --> 5 
5 --> 6 
6 --> 7 
7 --> 8 
8 --> 

* FSM state operations: 

State 1 <SV = 0> <Delay = 5.12>
ST_1 : Operation 11 [1/1] (0.00ns)   --->   "%out_count_1 = alloca i32 1"   --->   Operation 11 'alloca' 'out_count_1' <Predicate = true> <Delay = 0.00>
ST_1 : Operation 12 [1/1] (0.00ns)   --->   "%ptr = alloca i32 1"   --->   Operation 12 'alloca' 'ptr' <Predicate = true> <Delay = 0.00>
ST_1 : Operation 13 [1/1] (0.00ns)   --->   "%specinterface_ln0 = specinterface void @_ssdm_op_SpecInterface, i1 %out_stream_V_last_V, i4 %out_stream_V_strb_V, i4 %out_stream_V_keep_V, i32 %out_stream_V_data_V, void @empty_8, i32 0, i32 0, void @empty, i32 0, i32 0, void @empty_10, void @empty_10, void @empty_10, i32 0, i32 0, i32 0, i32 0, void @empty_10, void @empty_10"   --->   Operation 13 'specinterface' 'specinterface_ln0' <Predicate = true> <Delay = 0.00>
ST_1 : Operation 14 [1/1] (0.00ns)   --->   "%specinterface_ln0 = specinterface void @_ssdm_op_SpecInterface, i1 %in_stream_V_last_V, i4 %in_stream_V_strb_V, i4 %in_stream_V_keep_V, i32 %in_stream_V_data_V, void @empty_8, i32 0, i32 0, void @empty, i32 0, i32 0, void @empty_10, void @empty_10, void @empty_10, i32 0, i32 0, i32 0, i32 0, void @empty_10, void @empty_10"   --->   Operation 14 'specinterface' 'specinterface_ln0' <Predicate = true> <Delay = 0.00>
ST_1 : Operation 15 [1/1] (0.00ns)   --->   "%k22_read = read i32 @_ssdm_op_Read.ap_auto.i32, i32 %k22"   --->   Operation 15 'read' 'k22_read' <Predicate = true> <Delay = 0.00>
ST_1 : Operation 16 [1/1] (0.00ns)   --->   "%k21_read = read i32 @_ssdm_op_Read.ap_auto.i32, i32 %k21"   --->   Operation 16 'read' 'k21_read' <Predicate = true> <Delay = 0.00>
ST_1 : Operation 17 [1/1] (0.00ns)   --->   "%k20_read = read i32 @_ssdm_op_Read.ap_auto.i32, i32 %k20"   --->   Operation 17 'read' 'k20_read' <Predicate = true> <Delay = 0.00>
ST_1 : Operation 18 [1/1] (0.00ns)   --->   "%k12_read = read i32 @_ssdm_op_Read.ap_auto.i32, i32 %k12"   --->   Operation 18 'read' 'k12_read' <Predicate = true> <Delay = 0.00>
ST_1 : Operation 19 [1/1] (0.00ns)   --->   "%k11_read = read i32 @_ssdm_op_Read.ap_auto.i32, i32 %k11"   --->   Operation 19 'read' 'k11_read' <Predicate = true> <Delay = 0.00>
ST_1 : Operation 20 [1/1] (0.00ns)   --->   "%k10_read = read i32 @_ssdm_op_Read.ap_auto.i32, i32 %k10"   --->   Operation 20 'read' 'k10_read' <Predicate = true> <Delay = 0.00>
ST_1 : Operation 21 [1/1] (0.00ns)   --->   "%k02_read = read i32 @_ssdm_op_Read.ap_auto.i32, i32 %k02"   --->   Operation 21 'read' 'k02_read' <Predicate = true> <Delay = 0.00>
ST_1 : Operation 22 [1/1] (0.00ns)   --->   "%k01_read = read i32 @_ssdm_op_Read.ap_auto.i32, i32 %k01"   --->   Operation 22 'read' 'k01_read' <Predicate = true> <Delay = 0.00>
ST_1 : Operation 23 [1/1] (0.00ns)   --->   "%k00_read = read i32 @_ssdm_op_Read.ap_auto.i32, i32 %k00"   --->   Operation 23 'read' 'k00_read' <Predicate = true> <Delay = 0.00>
ST_1 : Operation 24 [1/1] (0.00ns)   --->   "%out_count_read = read i13 @_ssdm_op_Read.ap_auto.i13, i13 %out_count"   --->   Operation 24 'read' 'out_count_read' <Predicate = true> <Delay = 0.00>
ST_1 : Operation 25 [1/1] (1.58ns)   --->   "%store_ln0 = store i7 0, i7 %ptr"   --->   Operation 25 'store' 'store_ln0' <Predicate = true> <Delay = 1.58>
ST_1 : Operation 26 [1/1] (1.58ns)   --->   "%store_ln0 = store i13 %out_count_read, i13 %out_count_1"   --->   Operation 26 'store' 'store_ln0' <Predicate = true> <Delay = 1.58>
ST_1 : Operation 27 [1/1] (0.00ns)   --->   "%br_ln0 = br void"   --->   Operation 27 'br' 'br_ln0' <Predicate = true> <Delay = 0.00>
ST_1 : Operation 28 [1/1] (0.00ns)   --->   "%ptr_1 = load i7 %ptr" [2dconv.cpp:55]   --->   Operation 28 'load' 'ptr_1' <Predicate = true> <Delay = 0.00>
ST_1 : Operation 29 [1/1] (1.48ns)   --->   "%icmp_ln51 = icmp_eq  i7 %ptr_1, i7 66" [2dconv.cpp:51]   --->   Operation 29 'icmp' 'icmp_ln51' <Predicate = true> <Delay = 1.48> <CoreInst = "Cmp">   --->   Core 9 'Cmp' <Latency = 0> <II = 1> <Delay = 2.09> <FuncUnit> <Opcode : 'icmp'> <InPorts = 2> <OutPorts = 1>
ST_1 : Operation 30 [1/1] (0.00ns)   --->   "%empty = speclooptripcount i32 @_ssdm_op_SpecLoopTripCount, i64 66, i64 66, i64 66"   --->   Operation 30 'speclooptripcount' 'empty' <Predicate = true> <Delay = 0.00>
ST_1 : Operation 31 [1/1] (1.87ns)   --->   "%add_ln65 = add i7 %ptr_1, i7 1" [2dconv.cpp:65]   --->   Operation 31 'add' 'add_ln65' <Predicate = true> <Delay = 1.87> <CoreInst = "Adder">   --->   Core 1 'Adder' <Latency = 0> <II = 1> <Delay = 1.67> <FuncUnit> <Opcode : 'add' 'sub'> <InPorts = 2> <OutPorts = 1>
ST_1 : Operation 32 [1/1] (0.00ns)   --->   "%br_ln51 = br i1 %icmp_ln51, void %.split4, void %.preheader.preheader.exitStub" [2dconv.cpp:51]   --->   Operation 32 'br' 'br_ln51' <Predicate = true> <Delay = 0.00>
ST_1 : Operation 33 [1/1] (0.00ns)   --->   "%zext_ln51 = zext i7 %ptr_1" [2dconv.cpp:51]   --->   Operation 33 'zext' 'zext_ln51' <Predicate = (!icmp_ln51)> <Delay = 0.00>
ST_1 : Operation 34 [1/1] (0.00ns)   --->   "%specpipeline_ln53 = specpipeline void @_ssdm_op_SpecPipeline, i32 1, i32 0, i32 0, i32 0, void @empty_10" [2dconv.cpp:53]   --->   Operation 34 'specpipeline' 'specpipeline_ln53' <Predicate = (!icmp_ln51)> <Delay = 0.00>
ST_1 : Operation 35 [1/1] (0.00ns)   --->   "%specloopname_ln53 = specloopname void @_ssdm_op_SpecLoopName, void @empty_2" [2dconv.cpp:53]   --->   Operation 35 'specloopname' 'specloopname_ln53' <Predicate = (!icmp_ln51)> <Delay = 0.00>
ST_1 : Operation 36 [1/1] (0.00ns)   --->   "%tmp = bitselect i1 @_ssdm_op_BitSelect.i1.i7.i32, i7 %ptr_1, i32 6" [2dconv.cpp:55]   --->   Operation 36 'bitselect' 'tmp' <Predicate = (!icmp_ln51)> <Delay = 0.00>
ST_1 : Operation 37 [1/1] (0.00ns)   --->   "%br_ln55 = br i1 %tmp, void, void %.split2.0" [2dconv.cpp:55]   --->   Operation 37 'br' 'br_ln55' <Predicate = (!icmp_ln51)> <Delay = 0.00>
ST_1 : Operation 38 [1/1] (0.00ns)   --->   "%empty_23 = read i41 @_ssdm_op_Read.axis.volatile.i32P0A.i4P0A.i4P0A.i1P0A, i32 %in_stream_V_data_V, i4 %in_stream_V_keep_V, i4 %in_stream_V_strb_V, i1 %in_stream_V_last_V"   --->   Operation 38 'read' 'empty_23' <Predicate = (!icmp_ln51 & !tmp)> <Delay = 0.00> <CoreInst = "axis">   --->   Core 115 'axis' <Latency = 0> <II = 1> <Delay = 1.00> <Adapter> <Opcode : >
ST_1 : Operation 39 [1/1] (0.00ns)   --->   "%in_pkt = extractvalue i41 %empty_23"   --->   Operation 39 'extractvalue' 'in_pkt' <Predicate = (!icmp_ln51 & !tmp)> <Delay = 0.00>
ST_1 : Operation 40 [1/1] (1.87ns)   --->   "%add_ln58 = add i7 %ptr_1, i7 2" [2dconv.cpp:58]   --->   Operation 40 'add' 'add_ln58' <Predicate = (!icmp_ln51 & !tmp)> <Delay = 1.87> <CoreInst = "Adder">   --->   Core 1 'Adder' <Latency = 0> <II = 1> <Delay = 1.67> <FuncUnit> <Opcode : 'add' 'sub'> <InPorts = 2> <OutPorts = 1>
ST_1 : Operation 41 [1/1] (0.00ns)   --->   "%zext_ln58 = zext i7 %add_ln58" [2dconv.cpp:58]   --->   Operation 41 'zext' 'zext_ln58' <Predicate = (!icmp_ln51 & !tmp)> <Delay = 0.00>
ST_1 : Operation 42 [1/1] (0.00ns)   --->   "%linebuf_V_2_addr = getelementptr i32 %linebuf_V_2, i64 0, i64 %zext_ln58" [2dconv.cpp:58]   --->   Operation 42 'getelementptr' 'linebuf_V_2_addr' <Predicate = (!icmp_ln51 & !tmp)> <Delay = 0.00>
ST_1 : Operation 43 [1/1] (3.25ns)   --->   "%store_ln58 = store i32 %in_pkt, i7 %linebuf_V_2_addr" [2dconv.cpp:58]   --->   Operation 43 'store' 'store_ln58' <Predicate = (!icmp_ln51 & !tmp)> <Delay = 3.25> <CoreInst = "RAM_1WnR">   --->   Core 83 'RAM_1WnR' <Latency = 1> <II = 1> <Delay = 3.25> <Storage> <Opcode : 'load' 'store'> <Ports = 17> <Width = 32> <Depth = 68> <RAM>
ST_1 : Operation 44 [1/1] (0.00ns)   --->   "%br_ln59 = br void %.split2.0" [2dconv.cpp:59]   --->   Operation 44 'br' 'br_ln59' <Predicate = (!icmp_ln51 & !tmp)> <Delay = 0.00>
ST_1 : Operation 45 [1/1] (0.00ns)   --->   "%linebuf_V_0_addr = getelementptr i32 %linebuf_V_0, i64 0, i64 %zext_ln51"   --->   Operation 45 'getelementptr' 'linebuf_V_0_addr' <Predicate = (!icmp_ln51)> <Delay = 0.00>
ST_1 : Operation 46 [2/2] (3.25ns)   --->   "%linebuf_V_0_load = load i7 %linebuf_V_0_addr"   --->   Operation 46 'load' 'linebuf_V_0_load' <Predicate = (!icmp_ln51)> <Delay = 3.25> <CoreInst = "RAM_1WnR">   --->   Core 83 'RAM_1WnR' <Latency = 1> <II = 1> <Delay = 3.25> <Storage> <Opcode : 'load' 'store'> <Ports = 17> <Width = 32> <Depth = 68> <RAM>
ST_1 : Operation 47 [1/1] (0.00ns)   --->   "%zext_ln225 = zext i7 %add_ln65"   --->   Operation 47 'zext' 'zext_ln225' <Predicate = (!icmp_ln51)> <Delay = 0.00>
ST_1 : Operation 48 [1/1] (0.00ns)   --->   "%linebuf_V_0_addr_1 = getelementptr i32 %linebuf_V_0, i64 0, i64 %zext_ln225"   --->   Operation 48 'getelementptr' 'linebuf_V_0_addr_1' <Predicate = (!icmp_ln51)> <Delay = 0.00>
ST_1 : Operation 49 [2/2] (3.25ns)   --->   "%linebuf_V_0_load_1 = load i7 %linebuf_V_0_addr_1"   --->   Operation 49 'load' 'linebuf_V_0_load_1' <Predicate = (!icmp_ln51)> <Delay = 3.25> <CoreInst = "RAM_1WnR">   --->   Core 83 'RAM_1WnR' <Latency = 1> <II = 1> <Delay = 3.25> <Storage> <Opcode : 'load' 'store'> <Ports = 17> <Width = 32> <Depth = 68> <RAM>
ST_1 : Operation 50 [1/1] (1.87ns)   --->   "%add_ln65_1 = add i7 %ptr_1, i7 2" [2dconv.cpp:65]   --->   Operation 50 'add' 'add_ln65_1' <Predicate = (!icmp_ln51)> <Delay = 1.87> <CoreInst = "Adder">   --->   Core 1 'Adder' <Latency = 0> <II = 1> <Delay = 1.67> <FuncUnit> <Opcode : 'add' 'sub'> <InPorts = 2> <OutPorts = 1>
ST_1 : Operation 51 [1/1] (0.00ns)   --->   "%zext_ln225_1 = zext i7 %add_ln65_1"   --->   Operation 51 'zext' 'zext_ln225_1' <Predicate = (!icmp_ln51)> <Delay = 0.00>
ST_1 : Operation 52 [1/1] (0.00ns)   --->   "%linebuf_V_0_addr_2 = getelementptr i32 %linebuf_V_0, i64 0, i64 %zext_ln225_1"   --->   Operation 52 'getelementptr' 'linebuf_V_0_addr_2' <Predicate = (!icmp_ln51)> <Delay = 0.00>
ST_1 : Operation 53 [2/2] (3.25ns)   --->   "%linebuf_V_0_load_2 = load i7 %linebuf_V_0_addr_2"   --->   Operation 53 'load' 'linebuf_V_0_load_2' <Predicate = (!icmp_ln51)> <Delay = 3.25> <CoreInst = "RAM_1WnR">   --->   Core 83 'RAM_1WnR' <Latency = 1> <II = 1> <Delay = 3.25> <Storage> <Opcode : 'load' 'store'> <Ports = 17> <Width = 32> <Depth = 68> <RAM>
ST_1 : Operation 54 [1/1] (0.00ns)   --->   "%linebuf_V_1_addr = getelementptr i32 %linebuf_V_1, i64 0, i64 %zext_ln51"   --->   Operation 54 'getelementptr' 'linebuf_V_1_addr' <Predicate = (!icmp_ln51)> <Delay = 0.00>
ST_1 : Operation 55 [2/2] (3.25ns)   --->   "%linebuf_V_1_load = load i7 %linebuf_V_1_addr"   --->   Operation 55 'load' 'linebuf_V_1_load' <Predicate = (!icmp_ln51)> <Delay = 3.25> <CoreInst = "RAM_1WnR">   --->   Core 83 'RAM_1WnR' <Latency = 1> <II = 1> <Delay = 3.25> <Storage> <Opcode : 'load' 'store'> <Ports = 17> <Width = 32> <Depth = 68> <RAM>
ST_1 : Operation 56 [1/1] (0.00ns)   --->   "%linebuf_V_1_addr_1 = getelementptr i32 %linebuf_V_1, i64 0, i64 %zext_ln225"   --->   Operation 56 'getelementptr' 'linebuf_V_1_addr_1' <Predicate = (!icmp_ln51)> <Delay = 0.00>
ST_1 : Operation 57 [2/2] (3.25ns)   --->   "%linebuf_V_1_load_1 = load i7 %linebuf_V_1_addr_1"   --->   Operation 57 'load' 'linebuf_V_1_load_1' <Predicate = (!icmp_ln51)> <Delay = 3.25> <CoreInst = "RAM_1WnR">   --->   Core 83 'RAM_1WnR' <Latency = 1> <II = 1> <Delay = 3.25> <Storage> <Opcode : 'load' 'store'> <Ports = 17> <Width = 32> <Depth = 68> <RAM>
ST_1 : Operation 58 [1/1] (0.00ns)   --->   "%linebuf_V_1_addr_2 = getelementptr i32 %linebuf_V_1, i64 0, i64 %zext_ln225_1"   --->   Operation 58 'getelementptr' 'linebuf_V_1_addr_2' <Predicate = (!icmp_ln51)> <Delay = 0.00>
ST_1 : Operation 59 [2/2] (3.25ns)   --->   "%linebuf_V_1_load_2 = load i7 %linebuf_V_1_addr_2"   --->   Operation 59 'load' 'linebuf_V_1_load_2' <Predicate = (!icmp_ln51)> <Delay = 3.25> <CoreInst = "RAM_1WnR">   --->   Core 83 'RAM_1WnR' <Latency = 1> <II = 1> <Delay = 3.25> <Storage> <Opcode : 'load' 'store'> <Ports = 17> <Width = 32> <Depth = 68> <RAM>
ST_1 : Operation 60 [1/1] (0.00ns)   --->   "%linebuf_V_2_addr_1 = getelementptr i32 %linebuf_V_2, i64 0, i64 %zext_ln51"   --->   Operation 60 'getelementptr' 'linebuf_V_2_addr_1' <Predicate = (!icmp_ln51)> <Delay = 0.00>
ST_1 : Operation 61 [2/2] (3.25ns)   --->   "%linebuf_V_2_load = load i7 %linebuf_V_2_addr_1"   --->   Operation 61 'load' 'linebuf_V_2_load' <Predicate = (!icmp_ln51)> <Delay = 3.25> <CoreInst = "RAM_1WnR">   --->   Core 83 'RAM_1WnR' <Latency = 1> <II = 1> <Delay = 3.25> <Storage> <Opcode : 'load' 'store'> <Ports = 17> <Width = 32> <Depth = 68> <RAM>
ST_1 : Operation 62 [1/1] (0.00ns)   --->   "%linebuf_V_2_addr_2 = getelementptr i32 %linebuf_V_2, i64 0, i64 %zext_ln225"   --->   Operation 62 'getelementptr' 'linebuf_V_2_addr_2' <Predicate = (!icmp_ln51)> <Delay = 0.00>
ST_1 : Operation 63 [2/2] (3.25ns)   --->   "%linebuf_V_2_load_1 = load i7 %linebuf_V_2_addr_2"   --->   Operation 63 'load' 'linebuf_V_2_load_1' <Predicate = (!icmp_ln51)> <Delay = 3.25> <CoreInst = "RAM_1WnR">   --->   Core 83 'RAM_1WnR' <Latency = 1> <II = 1> <Delay = 3.25> <Storage> <Opcode : 'load' 'store'> <Ports = 17> <Width = 32> <Depth = 68> <RAM>
ST_1 : Operation 64 [1/1] (1.58ns)   --->   "%store_ln65 = store i7 %add_ln65, i7 %ptr" [2dconv.cpp:65]   --->   Operation 64 'store' 'store_ln65' <Predicate = (!icmp_ln51)> <Delay = 1.58>

State 2 <SV = 1> <Delay = 3.25>
ST_2 : Operation 65 [1/2] (3.25ns)   --->   "%linebuf_V_0_load = load i7 %linebuf_V_0_addr"   --->   Operation 65 'load' 'linebuf_V_0_load' <Predicate = true> <Delay = 3.25> <CoreInst = "RAM_1WnR">   --->   Core 83 'RAM_1WnR' <Latency = 1> <II = 1> <Delay = 3.25> <Storage> <Opcode : 'load' 'store'> <Ports = 17> <Width = 32> <Depth = 68> <RAM>
ST_2 : Operation 66 [1/2] (3.25ns)   --->   "%linebuf_V_0_load_1 = load i7 %linebuf_V_0_addr_1"   --->   Operation 66 'load' 'linebuf_V_0_load_1' <Predicate = true> <Delay = 3.25> <CoreInst = "RAM_1WnR">   --->   Core 83 'RAM_1WnR' <Latency = 1> <II = 1> <Delay = 3.25> <Storage> <Opcode : 'load' 'store'> <Ports = 17> <Width = 32> <Depth = 68> <RAM>
ST_2 : Operation 67 [1/2] (3.25ns)   --->   "%linebuf_V_0_load_2 = load i7 %linebuf_V_0_addr_2"   --->   Operation 67 'load' 'linebuf_V_0_load_2' <Predicate = true> <Delay = 3.25> <CoreInst = "RAM_1WnR">   --->   Core 83 'RAM_1WnR' <Latency = 1> <II = 1> <Delay = 3.25> <Storage> <Opcode : 'load' 'store'> <Ports = 17> <Width = 32> <Depth = 68> <RAM>
ST_2 : Operation 68 [1/2] (3.25ns)   --->   "%linebuf_V_1_load = load i7 %linebuf_V_1_addr"   --->   Operation 68 'load' 'linebuf_V_1_load' <Predicate = true> <Delay = 3.25> <CoreInst = "RAM_1WnR">   --->   Core 83 'RAM_1WnR' <Latency = 1> <II = 1> <Delay = 3.25> <Storage> <Opcode : 'load' 'store'> <Ports = 17> <Width = 32> <Depth = 68> <RAM>
ST_2 : Operation 69 [1/2] (3.25ns)   --->   "%linebuf_V_1_load_1 = load i7 %linebuf_V_1_addr_1"   --->   Operation 69 'load' 'linebuf_V_1_load_1' <Predicate = true> <Delay = 3.25> <CoreInst = "RAM_1WnR">   --->   Core 83 'RAM_1WnR' <Latency = 1> <II = 1> <Delay = 3.25> <Storage> <Opcode : 'load' 'store'> <Ports = 17> <Width = 32> <Depth = 68> <RAM>
ST_2 : Operation 70 [1/2] (3.25ns)   --->   "%linebuf_V_1_load_2 = load i7 %linebuf_V_1_addr_2"   --->   Operation 70 'load' 'linebuf_V_1_load_2' <Predicate = true> <Delay = 3.25> <CoreInst = "RAM_1WnR">   --->   Core 83 'RAM_1WnR' <Latency = 1> <II = 1> <Delay = 3.25> <Storage> <Opcode : 'load' 'store'> <Ports = 17> <Width = 32> <Depth = 68> <RAM>
ST_2 : Operation 71 [1/2] (3.25ns)   --->   "%linebuf_V_2_load = load i7 %linebuf_V_2_addr_1"   --->   Operation 71 'load' 'linebuf_V_2_load' <Predicate = true> <Delay = 3.25> <CoreInst = "RAM_1WnR">   --->   Core 83 'RAM_1WnR' <Latency = 1> <II = 1> <Delay = 3.25> <Storage> <Opcode : 'load' 'store'> <Ports = 17> <Width = 32> <Depth = 68> <RAM>
ST_2 : Operation 72 [1/2] (3.25ns)   --->   "%linebuf_V_2_load_1 = load i7 %linebuf_V_2_addr_2"   --->   Operation 72 'load' 'linebuf_V_2_load_1' <Predicate = true> <Delay = 3.25> <CoreInst = "RAM_1WnR">   --->   Core 83 'RAM_1WnR' <Latency = 1> <II = 1> <Delay = 3.25> <Storage> <Opcode : 'load' 'store'> <Ports = 17> <Width = 32> <Depth = 68> <RAM>
ST_2 : Operation 73 [1/1] (0.00ns)   --->   "%linebuf_V_2_addr_3 = getelementptr i32 %linebuf_V_2, i64 0, i64 %zext_ln225_1"   --->   Operation 73 'getelementptr' 'linebuf_V_2_addr_3' <Predicate = true> <Delay = 0.00>
ST_2 : Operation 74 [2/2] (3.25ns)   --->   "%linebuf_V_2_load_2 = load i7 %linebuf_V_2_addr_3"   --->   Operation 74 'load' 'linebuf_V_2_load_2' <Predicate = true> <Delay = 3.25> <CoreInst = "RAM_1WnR">   --->   Core 83 'RAM_1WnR' <Latency = 1> <II = 1> <Delay = 3.25> <Storage> <Opcode : 'load' 'store'> <Ports = 17> <Width = 32> <Depth = 68> <RAM>

State 3 <SV = 2> <Delay = 6.91>
ST_3 : Operation 75 [2/2] (6.91ns)   --->   "%mul_ln870 = mul i32 %linebuf_V_0_load, i32 %k00_read"   --->   Operation 75 'mul' 'mul_ln870' <Predicate = true> <Delay = 6.91> <CoreInst = "Multiplier">   --->   Core 3 'Multiplier' <Latency = 1> <II = 1> <Delay = 6.91> <FuncUnit> <Opcode : 'mul'> <InPorts = 2> <OutPorts = 1>
ST_3 : Operation 76 [2/2] (6.91ns)   --->   "%mul_ln870_1 = mul i32 %linebuf_V_0_load_1, i32 %k01_read"   --->   Operation 76 'mul' 'mul_ln870_1' <Predicate = true> <Delay = 6.91> <CoreInst = "Multiplier">   --->   Core 3 'Multiplier' <Latency = 1> <II = 1> <Delay = 6.91> <FuncUnit> <Opcode : 'mul'> <InPorts = 2> <OutPorts = 1>
ST_3 : Operation 77 [2/2] (6.91ns)   --->   "%mul_ln870_2 = mul i32 %linebuf_V_0_load_2, i32 %k02_read"   --->   Operation 77 'mul' 'mul_ln870_2' <Predicate = true> <Delay = 6.91> <CoreInst = "Multiplier">   --->   Core 3 'Multiplier' <Latency = 1> <II = 1> <Delay = 6.91> <FuncUnit> <Opcode : 'mul'> <InPorts = 2> <OutPorts = 1>
ST_3 : Operation 78 [2/2] (6.91ns)   --->   "%mul_ln870_3 = mul i32 %linebuf_V_1_load, i32 %k10_read"   --->   Operation 78 'mul' 'mul_ln870_3' <Predicate = true> <Delay = 6.91> <CoreInst = "Multiplier">   --->   Core 3 'Multiplier' <Latency = 1> <II = 1> <Delay = 6.91> <FuncUnit> <Opcode : 'mul'> <InPorts = 2> <OutPorts = 1>
ST_3 : Operation 79 [2/2] (6.91ns)   --->   "%mul_ln870_4 = mul i32 %linebuf_V_1_load_1, i32 %k11_read"   --->   Operation 79 'mul' 'mul_ln870_4' <Predicate = true> <Delay = 6.91> <CoreInst = "Multiplier">   --->   Core 3 'Multiplier' <Latency = 1> <II = 1> <Delay = 6.91> <FuncUnit> <Opcode : 'mul'> <InPorts = 2> <OutPorts = 1>
ST_3 : Operation 80 [2/2] (6.91ns)   --->   "%mul_ln870_5 = mul i32 %linebuf_V_1_load_2, i32 %k12_read"   --->   Operation 80 'mul' 'mul_ln870_5' <Predicate = true> <Delay = 6.91> <CoreInst = "Multiplier">   --->   Core 3 'Multiplier' <Latency = 1> <II = 1> <Delay = 6.91> <FuncUnit> <Opcode : 'mul'> <InPorts = 2> <OutPorts = 1>
ST_3 : Operation 81 [2/2] (6.91ns)   --->   "%mul_ln870_6 = mul i32 %linebuf_V_2_load, i32 %k20_read"   --->   Operation 81 'mul' 'mul_ln870_6' <Predicate = true> <Delay = 6.91> <CoreInst = "Multiplier">   --->   Core 3 'Multiplier' <Latency = 1> <II = 1> <Delay = 6.91> <FuncUnit> <Opcode : 'mul'> <InPorts = 2> <OutPorts = 1>
ST_3 : Operation 82 [2/2] (6.91ns)   --->   "%mul_ln870_7 = mul i32 %linebuf_V_2_load_1, i32 %k21_read"   --->   Operation 82 'mul' 'mul_ln870_7' <Predicate = true> <Delay = 6.91> <CoreInst = "Multiplier">   --->   Core 3 'Multiplier' <Latency = 1> <II = 1> <Delay = 6.91> <FuncUnit> <Opcode : 'mul'> <InPorts = 2> <OutPorts = 1>
ST_3 : Operation 83 [1/2] (3.25ns)   --->   "%linebuf_V_2_load_2 = load i7 %linebuf_V_2_addr_3"   --->   Operation 83 'load' 'linebuf_V_2_load_2' <Predicate = true> <Delay = 3.25> <CoreInst = "RAM_1WnR">   --->   Core 83 'RAM_1WnR' <Latency = 1> <II = 1> <Delay = 3.25> <Storage> <Opcode : 'load' 'store'> <Ports = 17> <Width = 32> <Depth = 68> <RAM>

State 4 <SV = 3> <Delay = 6.91>
ST_4 : Operation 84 [1/2] (6.91ns)   --->   "%mul_ln870 = mul i32 %linebuf_V_0_load, i32 %k00_read"   --->   Operation 84 'mul' 'mul_ln870' <Predicate = true> <Delay = 6.91> <CoreInst = "Multiplier">   --->   Core 3 'Multiplier' <Latency = 1> <II = 1> <Delay = 6.91> <FuncUnit> <Opcode : 'mul'> <InPorts = 2> <OutPorts = 1>
ST_4 : Operation 85 [1/2] (6.91ns)   --->   "%mul_ln870_1 = mul i32 %linebuf_V_0_load_1, i32 %k01_read"   --->   Operation 85 'mul' 'mul_ln870_1' <Predicate = true> <Delay = 6.91> <CoreInst = "Multiplier">   --->   Core 3 'Multiplier' <Latency = 1> <II = 1> <Delay = 6.91> <FuncUnit> <Opcode : 'mul'> <InPorts = 2> <OutPorts = 1>
ST_4 : Operation 86 [1/2] (6.91ns)   --->   "%mul_ln870_2 = mul i32 %linebuf_V_0_load_2, i32 %k02_read"   --->   Operation 86 'mul' 'mul_ln870_2' <Predicate = true> <Delay = 6.91> <CoreInst = "Multiplier">   --->   Core 3 'Multiplier' <Latency = 1> <II = 1> <Delay = 6.91> <FuncUnit> <Opcode : 'mul'> <InPorts = 2> <OutPorts = 1>
ST_4 : Operation 87 [1/2] (6.91ns)   --->   "%mul_ln870_3 = mul i32 %linebuf_V_1_load, i32 %k10_read"   --->   Operation 87 'mul' 'mul_ln870_3' <Predicate = true> <Delay = 6.91> <CoreInst = "Multiplier">   --->   Core 3 'Multiplier' <Latency = 1> <II = 1> <Delay = 6.91> <FuncUnit> <Opcode : 'mul'> <InPorts = 2> <OutPorts = 1>
ST_4 : Operation 88 [1/2] (6.91ns)   --->   "%mul_ln870_4 = mul i32 %linebuf_V_1_load_1, i32 %k11_read"   --->   Operation 88 'mul' 'mul_ln870_4' <Predicate = true> <Delay = 6.91> <CoreInst = "Multiplier">   --->   Core 3 'Multiplier' <Latency = 1> <II = 1> <Delay = 6.91> <FuncUnit> <Opcode : 'mul'> <InPorts = 2> <OutPorts = 1>
ST_4 : Operation 89 [1/2] (6.91ns)   --->   "%mul_ln870_5 = mul i32 %linebuf_V_1_load_2, i32 %k12_read"   --->   Operation 89 'mul' 'mul_ln870_5' <Predicate = true> <Delay = 6.91> <CoreInst = "Multiplier">   --->   Core 3 'Multiplier' <Latency = 1> <II = 1> <Delay = 6.91> <FuncUnit> <Opcode : 'mul'> <InPorts = 2> <OutPorts = 1>
ST_4 : Operation 90 [1/2] (6.91ns)   --->   "%mul_ln870_6 = mul i32 %linebuf_V_2_load, i32 %k20_read"   --->   Operation 90 'mul' 'mul_ln870_6' <Predicate = true> <Delay = 6.91> <CoreInst = "Multiplier">   --->   Core 3 'Multiplier' <Latency = 1> <II = 1> <Delay = 6.91> <FuncUnit> <Opcode : 'mul'> <InPorts = 2> <OutPorts = 1>
ST_4 : Operation 91 [1/2] (6.91ns)   --->   "%mul_ln870_7 = mul i32 %linebuf_V_2_load_1, i32 %k21_read"   --->   Operation 91 'mul' 'mul_ln870_7' <Predicate = true> <Delay = 6.91> <CoreInst = "Multiplier">   --->   Core 3 'Multiplier' <Latency = 1> <II = 1> <Delay = 6.91> <FuncUnit> <Opcode : 'mul'> <InPorts = 2> <OutPorts = 1>
ST_4 : Operation 92 [2/2] (6.91ns)   --->   "%mul_ln870_8 = mul i32 %linebuf_V_2_load_2, i32 %k22_read"   --->   Operation 92 'mul' 'mul_ln870_8' <Predicate = true> <Delay = 6.91> <CoreInst = "Multiplier">   --->   Core 3 'Multiplier' <Latency = 1> <II = 1> <Delay = 6.91> <FuncUnit> <Opcode : 'mul'> <InPorts = 2> <OutPorts = 1>

State 5 <SV = 4> <Delay = 6.91>
ST_5 : Operation 93 [1/2] (6.91ns)   --->   "%mul_ln870_8 = mul i32 %linebuf_V_2_load_2, i32 %k22_read"   --->   Operation 93 'mul' 'mul_ln870_8' <Predicate = true> <Delay = 6.91> <CoreInst = "Multiplier">   --->   Core 3 'Multiplier' <Latency = 1> <II = 1> <Delay = 6.91> <FuncUnit> <Opcode : 'mul'> <InPorts = 2> <OutPorts = 1>
ST_5 : Operation 94 [1/1] (2.55ns)   --->   "%add_ln870 = add i32 %mul_ln870_1, i32 %mul_ln870"   --->   Operation 94 'add' 'add_ln870' <Predicate = true> <Delay = 2.55> <CoreInst = "Adder">   --->   Core 1 'Adder' <Latency = 0> <II = 1> <Delay = 1.67> <FuncUnit> <Opcode : 'add' 'sub'> <InPorts = 2> <OutPorts = 1>
ST_5 : Operation 95 [1/1] (2.55ns)   --->   "%add_ln870_1 = add i32 %mul_ln870_2, i32 %mul_ln870_3"   --->   Operation 95 'add' 'add_ln870_1' <Predicate = true> <Delay = 2.55> <CoreInst = "Adder">   --->   Core 1 'Adder' <Latency = 0> <II = 1> <Delay = 1.67> <FuncUnit> <Opcode : 'add' 'sub'> <InPorts = 2> <OutPorts = 1>

State 6 <SV = 5> <Delay = 4.37>
ST_6 : Operation 96 [1/1] (0.00ns) (grouped into TernaryAdder)   --->   "%add_ln870_4 = add i32 %mul_ln870_7, i32 %mul_ln870_8"   --->   Operation 96 'add' 'add_ln870_4' <Predicate = true> <Delay = 0.00> <CoreInst = "TAddSub">   --->   Core 10 'TAddSub' <Latency = 0> <II = 1> <Delay = 2.18> <IPBlock> <Opcode : 'add' 'sub'> <InPorts = 3> <OutPorts = 1> <Sync> <CReg>
ST_6 : Operation 97 [1/1] (4.37ns) (root node of TernaryAdder)   --->   "%add_ln870_5 = add i32 %add_ln870_4, i32 %mul_ln870_6"   --->   Operation 97 'add' 'add_ln870_5' <Predicate = true> <Delay = 4.37> <CoreInst = "TAddSub">   --->   Core 10 'TAddSub' <Latency = 0> <II = 1> <Delay = 2.18> <IPBlock> <Opcode : 'add' 'sub'> <InPorts = 3> <OutPorts = 1> <Sync> <CReg>

State 7 <SV = 6> <Delay = 4.37>
ST_7 : Operation 98 [1/1] (0.00ns) (grouped into TernaryAdder)   --->   "%add_ln870_3 = add i32 %mul_ln870_4, i32 %mul_ln870_5"   --->   Operation 98 'add' 'add_ln870_3' <Predicate = true> <Delay = 0.00> <CoreInst = "TAddSub">   --->   Core 10 'TAddSub' <Latency = 0> <II = 1> <Delay = 2.18> <IPBlock> <Opcode : 'add' 'sub'> <InPorts = 3> <OutPorts = 1> <Sync> <CReg>
ST_7 : Operation 99 [1/1] (4.37ns) (root node of TernaryAdder)   --->   "%add_ln870_6 = add i32 %add_ln870_5, i32 %add_ln870_3"   --->   Operation 99 'add' 'add_ln870_6' <Predicate = true> <Delay = 4.37> <CoreInst = "TAddSub">   --->   Core 10 'TAddSub' <Latency = 0> <II = 1> <Delay = 2.18> <IPBlock> <Opcode : 'add' 'sub'> <InPorts = 3> <OutPorts = 1> <Sync> <CReg>
ST_7 : Operation 108 [1/1] (0.00ns)   --->   "%ret_ln0 = ret"   --->   Operation 108 'ret' 'ret_ln0' <Predicate = (icmp_ln51)> <Delay = 0.00>

State 8 <SV = 7> <Delay = 4.37>
ST_8 : Operation 100 [1/1] (0.00ns)   --->   "%out_count_1_load = load i13 %out_count_1" [2dconv.cpp:79]   --->   Operation 100 'load' 'out_count_1_load' <Predicate = true> <Delay = 0.00>
ST_8 : Operation 101 [1/1] (0.00ns) (grouped into TernaryAdder)   --->   "%add_ln870_2 = add i32 %add_ln870_1, i32 %add_ln870"   --->   Operation 101 'add' 'add_ln870_2' <Predicate = true> <Delay = 0.00> <CoreInst = "TAddSub">   --->   Core 10 'TAddSub' <Latency = 0> <II = 1> <Delay = 2.18> <IPBlock> <Opcode : 'add' 'sub'> <InPorts = 3> <OutPorts = 1> <Sync> <CReg>
ST_8 : Operation 102 [1/1] (4.37ns) (root node of TernaryAdder)   --->   "%add_ln870_7 = add i32 %add_ln870_6, i32 %add_ln870_2"   --->   Operation 102 'add' 'add_ln870_7' <Predicate = true> <Delay = 4.37> <CoreInst = "TAddSub">   --->   Core 10 'TAddSub' <Latency = 0> <II = 1> <Delay = 2.18> <IPBlock> <Opcode : 'add' 'sub'> <InPorts = 3> <OutPorts = 1> <Sync> <CReg>
ST_8 : Operation 103 [1/1] (2.09ns)   --->   "%out_pkt_last_V = icmp_eq  i13 %out_count_1_load, i13 4355" [2dconv.cpp:76]   --->   Operation 103 'icmp' 'out_pkt_last_V' <Predicate = true> <Delay = 2.09> <CoreInst = "Cmp">   --->   Core 9 'Cmp' <Latency = 0> <II = 1> <Delay = 2.09> <FuncUnit> <Opcode : 'icmp'> <InPorts = 2> <OutPorts = 1>
ST_8 : Operation 104 [1/1] (0.00ns)   --->   "%write_ln304 = write void @_ssdm_op_Write.axis.volatile.i32P0A.i4P0A.i4P0A.i1P0A, i32 %out_stream_V_data_V, i4 %out_stream_V_keep_V, i4 %out_stream_V_strb_V, i1 %out_stream_V_last_V, i32 %add_ln870_7, i4 15, i4 15, i1 %out_pkt_last_V"   --->   Operation 104 'write' 'write_ln304' <Predicate = true> <Delay = 0.00> <CoreInst = "axis">   --->   Core 115 'axis' <Latency = 0> <II = 1> <Delay = 1.00> <Adapter> <Opcode : >
ST_8 : Operation 105 [1/1] (1.67ns)   --->   "%out_count_2 = add i13 %out_count_1_load, i13 1" [2dconv.cpp:79]   --->   Operation 105 'add' 'out_count_2' <Predicate = true> <Delay = 1.67> <CoreInst = "Adder">   --->   Core 1 'Adder' <Latency = 0> <II = 1> <Delay = 1.67> <FuncUnit> <Opcode : 'add' 'sub'> <InPorts = 2> <OutPorts = 1>
ST_8 : Operation 106 [1/1] (1.58ns)   --->   "%store_ln79 = store i13 %out_count_2, i13 %out_count_1" [2dconv.cpp:79]   --->   Operation 106 'store' 'store_ln79' <Predicate = true> <Delay = 1.58>
ST_8 : Operation 107 [1/1] (0.00ns)   --->   "%br_ln0 = br void"   --->   Operation 107 'br' 'br_ln0' <Predicate = true> <Delay = 0.00>


============================================================
+ Verbose Summary: Timing violations
============================================================
Target clock period: 10ns, clock uncertainty: 2.7ns.

 <State 1>: 5.12ns
The critical path consists of the following:
	'alloca' operation ('ptr') [23]  (0 ns)
	'load' operation ('ptr', 2dconv.cpp:55) on local variable 'ptr' [40]  (0 ns)
	'add' operation ('add_ln58', 2dconv.cpp:58) [54]  (1.87 ns)
	'getelementptr' operation ('linebuf_V_2_addr', 2dconv.cpp:58) [56]  (0 ns)
	'store' operation ('store_ln58', 2dconv.cpp:58) of variable 'in_pkt' on array 'linebuf_V_2' [57]  (3.25 ns)

 <State 2>: 3.25ns
The critical path consists of the following:
	'load' operation ('linebuf_V_0_load') on array 'linebuf_V_0' [62]  (3.25 ns)

 <State 3>: 6.91ns
The critical path consists of the following:
	'mul' operation ('mul_ln870') [63]  (6.91 ns)

 <State 4>: 6.91ns
The critical path consists of the following:
	'mul' operation ('mul_ln870') [63]  (6.91 ns)

 <State 5>: 6.91ns
The critical path consists of the following:
	'mul' operation ('mul_ln870_8') [90]  (6.91 ns)

 <State 6>: 4.37ns
The critical path consists of the following:
	'add' operation ('add_ln870_4') [95]  (0 ns)
	'add' operation ('add_ln870_5') [96]  (4.37 ns)

 <State 7>: 4.37ns
The critical path consists of the following:
	'add' operation ('add_ln870_3') [94]  (0 ns)
	'add' operation ('add_ln870_6') [97]  (4.37 ns)

 <State 8>: 4.37ns
The critical path consists of the following:
	'add' operation ('add_ln870_2') [93]  (0 ns)
	'add' operation ('add_ln870_7') [98]  (4.37 ns)


============================================================
+ Verbose Summary: Binding
============================================================
N/A
* FSMD analyzer results:
  - Output states:
 - Input state : 
  - Chain level:
	State 1
	State 2
	State 3
	State 4
	State 5
	State 6
	State 7
	State 8


============================================================
+ Verbose Summary: Datapath Resource usage 
============================================================
N/A
