

================================================================
== Vitis HLS Report for 'conv2d_stream'
================================================================
* Date:           Sun Apr 26 22:54:11 2026

* Version:        2021.1 (Build 3247384 on Thu Jun 10 19:36:07 MDT 2021)
* Project:        hls_2dconv_stream_pipelined
* Solution:       sol1 (Vivado IP Flow Target)
* Product family: zynq
* Target device:  xc7z020-clg400-1


================================================================
== Performance Estimates
================================================================
+ Timing: 
    * Summary: 
    +--------+----------+----------+------------+
    |  Clock |  Target  | Estimated| Uncertainty|
    +--------+----------+----------+------------+
    |ap_clk  |  10.00 ns|  6.912 ns|     2.70 ns|
    +--------+----------+----------+------------+

+ Latency: 
    * Summary: 
    +---------+---------+-----------+-----------+------+------+---------+
    |  Latency (cycles) |   Latency (absolute)  |   Interval  | Pipeline|
    |   min   |   max   |    min    |    max    |  min |  max |   Type  |
    +---------+---------+-----------+-----------+------+------+---------+
    |     9981|     9981|  99.810 us|  99.810 us|  9982|  9982|       no|
    +---------+---------+-----------+-----------+------+------+---------+

    + Detail: 
        * Instance: 
        N/A

        * Loop: 
        +------------------+---------+---------+----------+-----------+-----------+------+----------+
        |                  |  Latency (cycles) | Iteration|  Initiation Interval  | Trip |          |
        |     Loop Name    |   min   |   max   |  Latency |  achieved |   target  | Count| Pipelined|
        +------------------+---------+---------+----------+-----------+-----------+------+----------+
        |- init_rows       |      210|      210|        70|          -|          -|     3|        no|
        | + init_cols      |       68|       68|         1|          -|          -|    68|        no|
        |- each_image_row  |     9768|     9768|       148|          -|          -|    66|        no|
        +------------------+---------+---------+----------+-----------+-----------+------+----------+

============================================================
+ Verbose Summary: Synthesis Manager
============================================================
InlineROM: 1
ExposeGlobal: 0
============================================================
+ Verbose Summary: CDFG Model
============================================================
IsTopModel: 1
ResetActiveHigh: 1
IsCombinational: 0
IsDatapathOnly: 0
HasWiredReturn: 1
HasMFsm: 0
HasVarLatency: 1
IsPipeline: 0
IsRtlPipelined: 0
IsInstanceOverlapped: 0
IsDontTouch: 0
HasImplIP: 0
IsGatedGlobalClock: 0


============================================================
+ Verbose Summary: Schedule
============================================================
* Number of FSM states : 8
* Pipeline : 0
* Dataflow Pipeline: 0

* FSM state transitions: 
1 --> 2 
2 --> 3 4 
3 --> 3 2 
4 --> 5 8 
5 --> 6 
6 --> 7 
7 --> 4 
8 --> 

* FSM state operations: 

State 1 <SV = 0> <Delay = 1.58>
ST_1 : Operation 9 [1/1] (0.00ns)   --->   "%r = alloca i32 1"   --->   Operation 9 'alloca' 'r' <Predicate = true> <Delay = 0.00>
ST_1 : Operation 10 [1/1] (0.00ns)   --->   "%spectopmodule_ln0 = spectopmodule void @_ssdm_op_SpecTopModule, void @empty_13"   --->   Operation 10 'spectopmodule' 'spectopmodule_ln0' <Predicate = true> <Delay = 0.00>
ST_1 : Operation 11 [1/1] (0.00ns)   --->   "%specinterface_ln0 = specinterface void @_ssdm_op_SpecInterface, i32 %in_stream_V_data_V, i4 %in_stream_V_keep_V, i4 %in_stream_V_strb_V, i1 %in_stream_V_last_V, void @empty_8, i32 1, i32 1, void @empty, i32 0, i32 0, void @empty_10, void @empty_10, void @empty_10, i32 0, i32 0, i32 0, i32 0, void @empty_10, void @empty_10"   --->   Operation 11 'specinterface' 'specinterface_ln0' <Predicate = true> <Delay = 0.00>
ST_1 : Operation 12 [1/1] (0.00ns)   --->   "%specbitsmap_ln0 = specbitsmap void @_ssdm_op_SpecBitsMap, i32 %in_stream_V_data_V"   --->   Operation 12 'specbitsmap' 'specbitsmap_ln0' <Predicate = true> <Delay = 0.00>
ST_1 : Operation 13 [1/1] (0.00ns)   --->   "%specbitsmap_ln0 = specbitsmap void @_ssdm_op_SpecBitsMap, i4 %in_stream_V_keep_V"   --->   Operation 13 'specbitsmap' 'specbitsmap_ln0' <Predicate = true> <Delay = 0.00>
ST_1 : Operation 14 [1/1] (0.00ns)   --->   "%specbitsmap_ln0 = specbitsmap void @_ssdm_op_SpecBitsMap, i4 %in_stream_V_strb_V"   --->   Operation 14 'specbitsmap' 'specbitsmap_ln0' <Predicate = true> <Delay = 0.00>
ST_1 : Operation 15 [1/1] (0.00ns)   --->   "%specbitsmap_ln0 = specbitsmap void @_ssdm_op_SpecBitsMap, i1 %in_stream_V_last_V"   --->   Operation 15 'specbitsmap' 'specbitsmap_ln0' <Predicate = true> <Delay = 0.00>
ST_1 : Operation 16 [1/1] (0.00ns)   --->   "%specinterface_ln0 = specinterface void @_ssdm_op_SpecInterface, i32 %out_stream_V_data_V, i4 %out_stream_V_keep_V, i4 %out_stream_V_strb_V, i1 %out_stream_V_last_V, void @empty_8, i32 1, i32 1, void @empty, i32 0, i32 0, void @empty_10, void @empty_10, void @empty_10, i32 0, i32 0, i32 0, i32 0, void @empty_10, void @empty_10"   --->   Operation 16 'specinterface' 'specinterface_ln0' <Predicate = true> <Delay = 0.00>
ST_1 : Operation 17 [1/1] (0.00ns)   --->   "%specbitsmap_ln0 = specbitsmap void @_ssdm_op_SpecBitsMap, i32 %out_stream_V_data_V"   --->   Operation 17 'specbitsmap' 'specbitsmap_ln0' <Predicate = true> <Delay = 0.00>
ST_1 : Operation 18 [1/1] (0.00ns)   --->   "%specbitsmap_ln0 = specbitsmap void @_ssdm_op_SpecBitsMap, i4 %out_stream_V_keep_V"   --->   Operation 18 'specbitsmap' 'specbitsmap_ln0' <Predicate = true> <Delay = 0.00>
ST_1 : Operation 19 [1/1] (0.00ns)   --->   "%specbitsmap_ln0 = specbitsmap void @_ssdm_op_SpecBitsMap, i4 %out_stream_V_strb_V"   --->   Operation 19 'specbitsmap' 'specbitsmap_ln0' <Predicate = true> <Delay = 0.00>
ST_1 : Operation 20 [1/1] (0.00ns)   --->   "%specbitsmap_ln0 = specbitsmap void @_ssdm_op_SpecBitsMap, i1 %out_stream_V_last_V"   --->   Operation 20 'specbitsmap' 'specbitsmap_ln0' <Predicate = true> <Delay = 0.00>
ST_1 : Operation 21 [1/1] (0.00ns)   --->   "%specbitsmap_ln0 = specbitsmap void @_ssdm_op_SpecBitsMap, i32 %k00"   --->   Operation 21 'specbitsmap' 'specbitsmap_ln0' <Predicate = true> <Delay = 0.00>
ST_1 : Operation 22 [1/1] (0.00ns)   --->   "%specinterface_ln0 = specinterface void @_ssdm_op_SpecInterface, i32 %k00, void @empty_11, i32 0, i32 0, void @empty_10, i32 0, i32 0, void @empty_0, void @empty_1, void @empty_10, i32 0, i32 0, i32 0, i32 0, void @empty_10, void @empty_10"   --->   Operation 22 'specinterface' 'specinterface_ln0' <Predicate = true> <Delay = 0.00>
ST_1 : Operation 23 [1/1] (0.00ns)   --->   "%specinterface_ln0 = specinterface void @_ssdm_op_SpecInterface, i32 %k00, void @empty_3, i32 0, i32 0, void @empty_10, i32 0, i32 0, void @empty_10, void @empty_10, void @empty_10, i32 0, i32 0, i32 0, i32 0, void @empty_10, void @empty_10"   --->   Operation 23 'specinterface' 'specinterface_ln0' <Predicate = true> <Delay = 0.00>
ST_1 : Operation 24 [1/1] (0.00ns)   --->   "%specbitsmap_ln0 = specbitsmap void @_ssdm_op_SpecBitsMap, i32 %k01"   --->   Operation 24 'specbitsmap' 'specbitsmap_ln0' <Predicate = true> <Delay = 0.00>
ST_1 : Operation 25 [1/1] (0.00ns)   --->   "%specinterface_ln0 = specinterface void @_ssdm_op_SpecInterface, i32 %k01, void @empty_11, i32 0, i32 0, void @empty_10, i32 0, i32 0, void @empty_0, void @empty_12, void @empty_10, i32 0, i32 0, i32 0, i32 0, void @empty_10, void @empty_10"   --->   Operation 25 'specinterface' 'specinterface_ln0' <Predicate = true> <Delay = 0.00>
ST_1 : Operation 26 [1/1] (0.00ns)   --->   "%specinterface_ln0 = specinterface void @_ssdm_op_SpecInterface, i32 %k01, void @empty_3, i32 0, i32 0, void @empty_10, i32 0, i32 0, void @empty_10, void @empty_10, void @empty_10, i32 0, i32 0, i32 0, i32 0, void @empty_10, void @empty_10"   --->   Operation 26 'specinterface' 'specinterface_ln0' <Predicate = true> <Delay = 0.00>
ST_1 : Operation 27 [1/1] (0.00ns)   --->   "%specbitsmap_ln0 = specbitsmap void @_ssdm_op_SpecBitsMap, i32 %k02"   --->   Operation 27 'specbitsmap' 'specbitsmap_ln0' <Predicate = true> <Delay = 0.00>
ST_1 : Operation 28 [1/1] (0.00ns)   --->   "%specinterface_ln0 = specinterface void @_ssdm_op_SpecInterface, i32 %k02, void @empty_11, i32 0, i32 0, void @empty_10, i32 0, i32 0, void @empty_0, void @empty_4, void @empty_10, i32 0, i32 0, i32 0, i32 0, void @empty_10, void @empty_10"   --->   Operation 28 'specinterface' 'specinterface_ln0' <Predicate = true> <Delay = 0.00>
ST_1 : Operation 29 [1/1] (0.00ns)   --->   "%specinterface_ln0 = specinterface void @_ssdm_op_SpecInterface, i32 %k02, void @empty_3, i32 0, i32 0, void @empty_10, i32 0, i32 0, void @empty_10, void @empty_10, void @empty_10, i32 0, i32 0, i32 0, i32 0, void @empty_10, void @empty_10"   --->   Operation 29 'specinterface' 'specinterface_ln0' <Predicate = true> <Delay = 0.00>
ST_1 : Operation 30 [1/1] (0.00ns)   --->   "%specbitsmap_ln0 = specbitsmap void @_ssdm_op_SpecBitsMap, i32 %k10"   --->   Operation 30 'specbitsmap' 'specbitsmap_ln0' <Predicate = true> <Delay = 0.00>
ST_1 : Operation 31 [1/1] (0.00ns)   --->   "%specinterface_ln0 = specinterface void @_ssdm_op_SpecInterface, i32 %k10, void @empty_11, i32 0, i32 0, void @empty_10, i32 0, i32 0, void @empty_0, void @empty_5, void @empty_10, i32 0, i32 0, i32 0, i32 0, void @empty_10, void @empty_10"   --->   Operation 31 'specinterface' 'specinterface_ln0' <Predicate = true> <Delay = 0.00>
ST_1 : Operation 32 [1/1] (0.00ns)   --->   "%specinterface_ln0 = specinterface void @_ssdm_op_SpecInterface, i32 %k10, void @empty_3, i32 0, i32 0, void @empty_10, i32 0, i32 0, void @empty_10, void @empty_10, void @empty_10, i32 0, i32 0, i32 0, i32 0, void @empty_10, void @empty_10"   --->   Operation 32 'specinterface' 'specinterface_ln0' <Predicate = true> <Delay = 0.00>
ST_1 : Operation 33 [1/1] (0.00ns)   --->   "%specbitsmap_ln0 = specbitsmap void @_ssdm_op_SpecBitsMap, i32 %k11"   --->   Operation 33 'specbitsmap' 'specbitsmap_ln0' <Predicate = true> <Delay = 0.00>
ST_1 : Operation 34 [1/1] (0.00ns)   --->   "%specinterface_ln0 = specinterface void @_ssdm_op_SpecInterface, i32 %k11, void @empty_11, i32 0, i32 0, void @empty_10, i32 0, i32 0, void @empty_0, void @empty_6, void @empty_10, i32 0, i32 0, i32 0, i32 0, void @empty_10, void @empty_10"   --->   Operation 34 'specinterface' 'specinterface_ln0' <Predicate = true> <Delay = 0.00>
ST_1 : Operation 35 [1/1] (0.00ns)   --->   "%specinterface_ln0 = specinterface void @_ssdm_op_SpecInterface, i32 %k11, void @empty_3, i32 0, i32 0, void @empty_10, i32 0, i32 0, void @empty_10, void @empty_10, void @empty_10, i32 0, i32 0, i32 0, i32 0, void @empty_10, void @empty_10"   --->   Operation 35 'specinterface' 'specinterface_ln0' <Predicate = true> <Delay = 0.00>
ST_1 : Operation 36 [1/1] (0.00ns)   --->   "%specbitsmap_ln0 = specbitsmap void @_ssdm_op_SpecBitsMap, i32 %k12"   --->   Operation 36 'specbitsmap' 'specbitsmap_ln0' <Predicate = true> <Delay = 0.00>
ST_1 : Operation 37 [1/1] (0.00ns)   --->   "%specinterface_ln0 = specinterface void @_ssdm_op_SpecInterface, i32 %k12, void @empty_11, i32 0, i32 0, void @empty_10, i32 0, i32 0, void @empty_0, void @empty_7, void @empty_10, i32 0, i32 0, i32 0, i32 0, void @empty_10, void @empty_10"   --->   Operation 37 'specinterface' 'specinterface_ln0' <Predicate = true> <Delay = 0.00>
ST_1 : Operation 38 [1/1] (0.00ns)   --->   "%specinterface_ln0 = specinterface void @_ssdm_op_SpecInterface, i32 %k12, void @empty_3, i32 0, i32 0, void @empty_10, i32 0, i32 0, void @empty_10, void @empty_10, void @empty_10, i32 0, i32 0, i32 0, i32 0, void @empty_10, void @empty_10"   --->   Operation 38 'specinterface' 'specinterface_ln0' <Predicate = true> <Delay = 0.00>
ST_1 : Operation 39 [1/1] (0.00ns)   --->   "%specbitsmap_ln0 = specbitsmap void @_ssdm_op_SpecBitsMap, i32 %k20"   --->   Operation 39 'specbitsmap' 'specbitsmap_ln0' <Predicate = true> <Delay = 0.00>
ST_1 : Operation 40 [1/1] (0.00ns)   --->   "%specinterface_ln0 = specinterface void @_ssdm_op_SpecInterface, i32 %k20, void @empty_11, i32 0, i32 0, void @empty_10, i32 0, i32 0, void @empty_0, void @empty_18, void @empty_10, i32 0, i32 0, i32 0, i32 0, void @empty_10, void @empty_10"   --->   Operation 40 'specinterface' 'specinterface_ln0' <Predicate = true> <Delay = 0.00>
ST_1 : Operation 41 [1/1] (0.00ns)   --->   "%specinterface_ln0 = specinterface void @_ssdm_op_SpecInterface, i32 %k20, void @empty_3, i32 0, i32 0, void @empty_10, i32 0, i32 0, void @empty_10, void @empty_10, void @empty_10, i32 0, i32 0, i32 0, i32 0, void @empty_10, void @empty_10"   --->   Operation 41 'specinterface' 'specinterface_ln0' <Predicate = true> <Delay = 0.00>
ST_1 : Operation 42 [1/1] (0.00ns)   --->   "%specbitsmap_ln0 = specbitsmap void @_ssdm_op_SpecBitsMap, i32 %k21"   --->   Operation 42 'specbitsmap' 'specbitsmap_ln0' <Predicate = true> <Delay = 0.00>
ST_1 : Operation 43 [1/1] (0.00ns)   --->   "%specinterface_ln0 = specinterface void @_ssdm_op_SpecInterface, i32 %k21, void @empty_11, i32 0, i32 0, void @empty_10, i32 0, i32 0, void @empty_0, void @empty_19, void @empty_10, i32 0, i32 0, i32 0, i32 0, void @empty_10, void @empty_10"   --->   Operation 43 'specinterface' 'specinterface_ln0' <Predicate = true> <Delay = 0.00>
ST_1 : Operation 44 [1/1] (0.00ns)   --->   "%specinterface_ln0 = specinterface void @_ssdm_op_SpecInterface, i32 %k21, void @empty_3, i32 0, i32 0, void @empty_10, i32 0, i32 0, void @empty_10, void @empty_10, void @empty_10, i32 0, i32 0, i32 0, i32 0, void @empty_10, void @empty_10"   --->   Operation 44 'specinterface' 'specinterface_ln0' <Predicate = true> <Delay = 0.00>
ST_1 : Operation 45 [1/1] (0.00ns)   --->   "%specbitsmap_ln0 = specbitsmap void @_ssdm_op_SpecBitsMap, i32 %k22"   --->   Operation 45 'specbitsmap' 'specbitsmap_ln0' <Predicate = true> <Delay = 0.00>
ST_1 : Operation 46 [1/1] (0.00ns)   --->   "%specinterface_ln0 = specinterface void @_ssdm_op_SpecInterface, i32 %k22, void @empty_11, i32 0, i32 0, void @empty_10, i32 0, i32 0, void @empty_0, void @empty_9, void @empty_10, i32 0, i32 0, i32 0, i32 0, void @empty_10, void @empty_10"   --->   Operation 46 'specinterface' 'specinterface_ln0' <Predicate = true> <Delay = 0.00>
ST_1 : Operation 47 [1/1] (0.00ns)   --->   "%specinterface_ln0 = specinterface void @_ssdm_op_SpecInterface, i32 %k22, void @empty_3, i32 0, i32 0, void @empty_10, i32 0, i32 0, void @empty_10, void @empty_10, void @empty_10, i32 0, i32 0, i32 0, i32 0, void @empty_10, void @empty_10"   --->   Operation 47 'specinterface' 'specinterface_ln0' <Predicate = true> <Delay = 0.00>
ST_1 : Operation 48 [1/1] (0.00ns)   --->   "%specinterface_ln0 = specinterface void @_ssdm_op_SpecInterface, i32 0, void @empty_11, i32 0, i32 0, void @empty_10, i32 0, i32 0, void @empty_0, void @empty_10, void @empty_10, i32 0, i32 0, i32 0, i32 0, void @empty_10, void @empty_10"   --->   Operation 48 'specinterface' 'specinterface_ln0' <Predicate = true> <Delay = 0.00>
ST_1 : Operation 49 [1/1] (1.00ns)   --->   "%k22_read = read i32 @_ssdm_op_Read.s_axilite.i32, i32 %k22"   --->   Operation 49 'read' 'k22_read' <Predicate = true> <Delay = 1.00> <CoreInst = "s_axilite">   --->   Core 114 's_axilite' <Latency = 0> <II = 1> <Delay = 1.00> <Adapter> <Opcode : 'read' 'write'>
ST_1 : Operation 50 [1/1] (1.00ns)   --->   "%k21_read = read i32 @_ssdm_op_Read.s_axilite.i32, i32 %k21"   --->   Operation 50 'read' 'k21_read' <Predicate = true> <Delay = 1.00> <CoreInst = "s_axilite">   --->   Core 114 's_axilite' <Latency = 0> <II = 1> <Delay = 1.00> <Adapter> <Opcode : 'read' 'write'>
ST_1 : Operation 51 [1/1] (1.00ns)   --->   "%k20_read = read i32 @_ssdm_op_Read.s_axilite.i32, i32 %k20"   --->   Operation 51 'read' 'k20_read' <Predicate = true> <Delay = 1.00> <CoreInst = "s_axilite">   --->   Core 114 's_axilite' <Latency = 0> <II = 1> <Delay = 1.00> <Adapter> <Opcode : 'read' 'write'>
ST_1 : Operation 52 [1/1] (1.00ns)   --->   "%k12_read = read i32 @_ssdm_op_Read.s_axilite.i32, i32 %k12"   --->   Operation 52 'read' 'k12_read' <Predicate = true> <Delay = 1.00> <CoreInst = "s_axilite">   --->   Core 114 's_axilite' <Latency = 0> <II = 1> <Delay = 1.00> <Adapter> <Opcode : 'read' 'write'>
ST_1 : Operation 53 [1/1] (1.00ns)   --->   "%k11_read = read i32 @_ssdm_op_Read.s_axilite.i32, i32 %k11"   --->   Operation 53 'read' 'k11_read' <Predicate = true> <Delay = 1.00> <CoreInst = "s_axilite">   --->   Core 114 's_axilite' <Latency = 0> <II = 1> <Delay = 1.00> <Adapter> <Opcode : 'read' 'write'>
ST_1 : Operation 54 [1/1] (1.00ns)   --->   "%k10_read = read i32 @_ssdm_op_Read.s_axilite.i32, i32 %k10"   --->   Operation 54 'read' 'k10_read' <Predicate = true> <Delay = 1.00> <CoreInst = "s_axilite">   --->   Core 114 's_axilite' <Latency = 0> <II = 1> <Delay = 1.00> <Adapter> <Opcode : 'read' 'write'>
ST_1 : Operation 55 [1/1] (1.00ns)   --->   "%k02_read = read i32 @_ssdm_op_Read.s_axilite.i32, i32 %k02"   --->   Operation 55 'read' 'k02_read' <Predicate = true> <Delay = 1.00> <CoreInst = "s_axilite">   --->   Core 114 's_axilite' <Latency = 0> <II = 1> <Delay = 1.00> <Adapter> <Opcode : 'read' 'write'>
ST_1 : Operation 56 [1/1] (1.00ns)   --->   "%k01_read = read i32 @_ssdm_op_Read.s_axilite.i32, i32 %k01"   --->   Operation 56 'read' 'k01_read' <Predicate = true> <Delay = 1.00> <CoreInst = "s_axilite">   --->   Core 114 's_axilite' <Latency = 0> <II = 1> <Delay = 1.00> <Adapter> <Opcode : 'read' 'write'>
ST_1 : Operation 57 [1/1] (1.00ns)   --->   "%k00_read = read i32 @_ssdm_op_Read.s_axilite.i32, i32 %k00"   --->   Operation 57 'read' 'k00_read' <Predicate = true> <Delay = 1.00> <CoreInst = "s_axilite">   --->   Core 114 's_axilite' <Latency = 0> <II = 1> <Delay = 1.00> <Adapter> <Opcode : 'read' 'write'>
ST_1 : Operation 58 [1/1] (0.00ns)   --->   "%linebuf_V_0 = alloca i64 1" [2dconv.cpp:25]   --->   Operation 58 'alloca' 'linebuf_V_0' <Predicate = true> <Delay = 0.00> <CoreInst = "RAM_1WnR">   --->   Core 83 'RAM_1WnR' <Latency = 1> <II = 1> <Delay = 3.25> <Storage> <Opcode : 'load' 'store'> <Ports = 17> <Width = 32> <Depth = 68> <RAM>
ST_1 : Operation 59 [1/1] (0.00ns)   --->   "%linebuf_V_1 = alloca i64 1" [2dconv.cpp:25]   --->   Operation 59 'alloca' 'linebuf_V_1' <Predicate = true> <Delay = 0.00> <CoreInst = "RAM_1WnR">   --->   Core 83 'RAM_1WnR' <Latency = 1> <II = 1> <Delay = 3.25> <Storage> <Opcode : 'load' 'store'> <Ports = 17> <Width = 32> <Depth = 68> <RAM>
ST_1 : Operation 60 [1/1] (0.00ns)   --->   "%linebuf_V_2 = alloca i64 1" [2dconv.cpp:25]   --->   Operation 60 'alloca' 'linebuf_V_2' <Predicate = true> <Delay = 0.00> <CoreInst = "RAM_1WnR">   --->   Core 83 'RAM_1WnR' <Latency = 1> <II = 1> <Delay = 3.25> <Storage> <Opcode : 'load' 'store'> <Ports = 17> <Width = 32> <Depth = 68> <RAM>
ST_1 : Operation 61 [1/1] (1.58ns)   --->   "%store_ln39 = store i2 0, i2 %r" [2dconv.cpp:39]   --->   Operation 61 'store' 'store_ln39' <Predicate = true> <Delay = 1.58>
ST_1 : Operation 62 [1/1] (0.00ns)   --->   "%br_ln39 = br void" [2dconv.cpp:39]   --->   Operation 62 'br' 'br_ln39' <Predicate = true> <Delay = 0.00>

State 2 <SV = 1> <Delay = 2.54>
ST_2 : Operation 63 [1/1] (0.00ns)   --->   "%r_1 = load i2 %r" [2dconv.cpp:39]   --->   Operation 63 'load' 'r_1' <Predicate = true> <Delay = 0.00>
ST_2 : Operation 64 [1/1] (0.95ns)   --->   "%icmp_ln39 = icmp_eq  i2 %r_1, i2 3" [2dconv.cpp:39]   --->   Operation 64 'icmp' 'icmp_ln39' <Predicate = true> <Delay = 0.95> <CoreInst = "Cmp">   --->   Core 9 'Cmp' <Latency = 0> <II = 1> <Delay = 1.48> <FuncUnit> <Opcode : 'icmp'> <InPorts = 2> <OutPorts = 1>
ST_2 : Operation 65 [1/1] (0.00ns)   --->   "%empty = speclooptripcount i32 @_ssdm_op_SpecLoopTripCount, i64 3, i64 3, i64 3"   --->   Operation 65 'speclooptripcount' 'empty' <Predicate = true> <Delay = 0.00>
ST_2 : Operation 66 [1/1] (1.56ns)   --->   "%add_ln39 = add i2 %r_1, i2 1" [2dconv.cpp:39]   --->   Operation 66 'add' 'add_ln39' <Predicate = true> <Delay = 1.56> <CoreInst = "Adder">   --->   Core 1 'Adder' <Latency = 0> <II = 1> <Delay = 1.67> <FuncUnit> <Opcode : 'add' 'sub'> <InPorts = 2> <OutPorts = 1>
ST_2 : Operation 67 [1/1] (0.00ns)   --->   "%br_ln39 = br i1 %icmp_ln39, void %.split12, void %.preheader1.preheader" [2dconv.cpp:39]   --->   Operation 67 'br' 'br_ln39' <Predicate = true> <Delay = 0.00>
ST_2 : Operation 68 [1/1] (0.00ns)   --->   "%specloopname_ln39 = specloopname void @_ssdm_op_SpecLoopName, void @empty_17" [2dconv.cpp:39]   --->   Operation 68 'specloopname' 'specloopname_ln39' <Predicate = (!icmp_ln39)> <Delay = 0.00>
ST_2 : Operation 69 [1/1] (1.58ns)   --->   "%br_ln41 = br void" [2dconv.cpp:41]   --->   Operation 69 'br' 'br_ln41' <Predicate = (!icmp_ln39)> <Delay = 1.58>
ST_2 : Operation 70 [1/1] (0.00ns)   --->   "%out_count = alloca i32 1"   --->   Operation 70 'alloca' 'out_count' <Predicate = (icmp_ln39)> <Delay = 0.00>
ST_2 : Operation 71 [1/1] (0.00ns)   --->   "%img_r = alloca i32 1"   --->   Operation 71 'alloca' 'img_r' <Predicate = (icmp_ln39)> <Delay = 0.00>
ST_2 : Operation 72 [1/1] (1.58ns)   --->   "%store_ln49 = store i7 0, i7 %img_r" [2dconv.cpp:49]   --->   Operation 72 'store' 'store_ln49' <Predicate = (icmp_ln39)> <Delay = 1.58>
ST_2 : Operation 73 [1/1] (1.58ns)   --->   "%store_ln49 = store i13 0, i13 %out_count" [2dconv.cpp:49]   --->   Operation 73 'store' 'store_ln49' <Predicate = (icmp_ln39)> <Delay = 1.58>
ST_2 : Operation 74 [1/1] (0.00ns)   --->   "%br_ln49 = br void %.preheader1" [2dconv.cpp:49]   --->   Operation 74 'br' 'br_ln49' <Predicate = (icmp_ln39)> <Delay = 0.00>

State 3 <SV = 2> <Delay = 4.74>
ST_3 : Operation 75 [1/1] (0.00ns)   --->   "%c = phi i7 %add_ln41, void %.split1057, i7 0, void %.split12" [2dconv.cpp:41]   --->   Operation 75 'phi' 'c' <Predicate = true> <Delay = 0.00>
ST_3 : Operation 76 [1/1] (0.00ns)   --->   "%zext_ln41 = zext i7 %c" [2dconv.cpp:41]   --->   Operation 76 'zext' 'zext_ln41' <Predicate = true> <Delay = 0.00>
ST_3 : Operation 77 [1/1] (1.48ns)   --->   "%icmp_ln41 = icmp_eq  i7 %c, i7 68" [2dconv.cpp:41]   --->   Operation 77 'icmp' 'icmp_ln41' <Predicate = true> <Delay = 1.48> <CoreInst = "Cmp">   --->   Core 9 'Cmp' <Latency = 0> <II = 1> <Delay = 1.48> <FuncUnit> <Opcode : 'icmp'> <InPorts = 2> <OutPorts = 1>
ST_3 : Operation 78 [1/1] (0.00ns)   --->   "%empty_24 = speclooptripcount i32 @_ssdm_op_SpecLoopTripCount, i64 68, i64 68, i64 68"   --->   Operation 78 'speclooptripcount' 'empty_24' <Predicate = true> <Delay = 0.00>
ST_3 : Operation 79 [1/1] (1.87ns)   --->   "%add_ln41 = add i7 %c, i7 1" [2dconv.cpp:41]   --->   Operation 79 'add' 'add_ln41' <Predicate = true> <Delay = 1.87> <CoreInst = "Adder">   --->   Core 1 'Adder' <Latency = 0> <II = 1> <Delay = 1.67> <FuncUnit> <Opcode : 'add' 'sub'> <InPorts = 2> <OutPorts = 1>
ST_3 : Operation 80 [1/1] (0.00ns)   --->   "%br_ln41 = br i1 %icmp_ln41, void %.split10, void" [2dconv.cpp:41]   --->   Operation 80 'br' 'br_ln41' <Predicate = true> <Delay = 0.00>
ST_3 : Operation 81 [1/1] (0.00ns)   --->   "%specloopname_ln41 = specloopname void @_ssdm_op_SpecLoopName, void @empty_16" [2dconv.cpp:41]   --->   Operation 81 'specloopname' 'specloopname_ln41' <Predicate = (!icmp_ln41)> <Delay = 0.00>
ST_3 : Operation 82 [1/1] (0.00ns)   --->   "%linebuf_V_0_addr = getelementptr i32 %linebuf_V_0, i64 0, i64 %zext_ln41" [2dconv.cpp:42]   --->   Operation 82 'getelementptr' 'linebuf_V_0_addr' <Predicate = (!icmp_ln41)> <Delay = 0.00>
ST_3 : Operation 83 [1/1] (0.00ns)   --->   "%linebuf_V_1_addr = getelementptr i32 %linebuf_V_1, i64 0, i64 %zext_ln41" [2dconv.cpp:42]   --->   Operation 83 'getelementptr' 'linebuf_V_1_addr' <Predicate = (!icmp_ln41)> <Delay = 0.00>
ST_3 : Operation 84 [1/1] (0.00ns)   --->   "%linebuf_V_2_addr = getelementptr i32 %linebuf_V_2, i64 0, i64 %zext_ln41" [2dconv.cpp:42]   --->   Operation 84 'getelementptr' 'linebuf_V_2_addr' <Predicate = (!icmp_ln41)> <Delay = 0.00>
ST_3 : Operation 85 [1/1] (1.13ns)   --->   "%switch_ln42 = switch i2 %r_1, void %branch2, i2 0, void %branch0, i2 1, void %branch1" [2dconv.cpp:42]   --->   Operation 85 'switch' 'switch_ln42' <Predicate = (!icmp_ln41)> <Delay = 1.13>
ST_3 : Operation 86 [1/1] (3.25ns)   --->   "%store_ln42 = store i32 0, i7 %linebuf_V_1_addr" [2dconv.cpp:42]   --->   Operation 86 'store' 'store_ln42' <Predicate = (!icmp_ln41 & r_1 == 1)> <Delay = 3.25> <CoreInst = "RAM_1WnR">   --->   Core 83 'RAM_1WnR' <Latency = 1> <II = 1> <Delay = 3.25> <Storage> <Opcode : 'load' 'store'> <Ports = 17> <Width = 32> <Depth = 68> <RAM>
ST_3 : Operation 87 [1/1] (0.00ns)   --->   "%br_ln42 = br void %.split1057" [2dconv.cpp:42]   --->   Operation 87 'br' 'br_ln42' <Predicate = (!icmp_ln41 & r_1 == 1)> <Delay = 0.00>
ST_3 : Operation 88 [1/1] (3.25ns)   --->   "%store_ln42 = store i32 0, i7 %linebuf_V_0_addr" [2dconv.cpp:42]   --->   Operation 88 'store' 'store_ln42' <Predicate = (!icmp_ln41 & r_1 == 0)> <Delay = 3.25> <CoreInst = "RAM_1WnR">   --->   Core 83 'RAM_1WnR' <Latency = 1> <II = 1> <Delay = 3.25> <Storage> <Opcode : 'load' 'store'> <Ports = 17> <Width = 32> <Depth = 68> <RAM>
ST_3 : Operation 89 [1/1] (0.00ns)   --->   "%br_ln42 = br void %.split1057" [2dconv.cpp:42]   --->   Operation 89 'br' 'br_ln42' <Predicate = (!icmp_ln41 & r_1 == 0)> <Delay = 0.00>
ST_3 : Operation 90 [1/1] (3.25ns)   --->   "%store_ln42 = store i32 0, i7 %linebuf_V_2_addr" [2dconv.cpp:42]   --->   Operation 90 'store' 'store_ln42' <Predicate = (!icmp_ln41 & r_1 != 0 & r_1 != 1)> <Delay = 3.25> <CoreInst = "RAM_1WnR">   --->   Core 83 'RAM_1WnR' <Latency = 1> <II = 1> <Delay = 3.25> <Storage> <Opcode : 'load' 'store'> <Ports = 17> <Width = 32> <Depth = 68> <RAM>
ST_3 : Operation 91 [1/1] (0.00ns)   --->   "%br_ln42 = br void %.split1057" [2dconv.cpp:42]   --->   Operation 91 'br' 'br_ln42' <Predicate = (!icmp_ln41 & r_1 != 0 & r_1 != 1)> <Delay = 0.00>
ST_3 : Operation 92 [1/1] (0.00ns)   --->   "%br_ln0 = br void"   --->   Operation 92 'br' 'br_ln0' <Predicate = (!icmp_ln41)> <Delay = 0.00>
ST_3 : Operation 93 [1/1] (1.58ns)   --->   "%store_ln39 = store i2 %add_ln39, i2 %r" [2dconv.cpp:39]   --->   Operation 93 'store' 'store_ln39' <Predicate = (icmp_ln41)> <Delay = 1.58>
ST_3 : Operation 94 [1/1] (0.00ns)   --->   "%br_ln0 = br void"   --->   Operation 94 'br' 'br_ln0' <Predicate = (icmp_ln41)> <Delay = 0.00>

State 4 <SV = 2> <Delay = 4.74>
ST_4 : Operation 95 [1/1] (0.00ns)   --->   "%img_r_1 = load i7 %img_r" [2dconv.cpp:49]   --->   Operation 95 'load' 'img_r_1' <Predicate = true> <Delay = 0.00>
ST_4 : Operation 96 [1/1] (1.48ns)   --->   "%icmp_ln49 = icmp_eq  i7 %img_r_1, i7 66" [2dconv.cpp:49]   --->   Operation 96 'icmp' 'icmp_ln49' <Predicate = true> <Delay = 1.48> <CoreInst = "Cmp">   --->   Core 9 'Cmp' <Latency = 0> <II = 1> <Delay = 1.48> <FuncUnit> <Opcode : 'icmp'> <InPorts = 2> <OutPorts = 1>
ST_4 : Operation 97 [1/1] (0.00ns)   --->   "%empty_25 = speclooptripcount i32 @_ssdm_op_SpecLoopTripCount, i64 66, i64 66, i64 66"   --->   Operation 97 'speclooptripcount' 'empty_25' <Predicate = true> <Delay = 0.00>
ST_4 : Operation 98 [1/1] (1.87ns)   --->   "%img_r_2 = add i7 %img_r_1, i7 1" [2dconv.cpp:49]   --->   Operation 98 'add' 'img_r_2' <Predicate = true> <Delay = 1.87> <CoreInst = "Adder">   --->   Core 1 'Adder' <Latency = 0> <II = 1> <Delay = 1.67> <FuncUnit> <Opcode : 'add' 'sub'> <InPorts = 2> <OutPorts = 1>
ST_4 : Operation 99 [1/1] (0.00ns)   --->   "%br_ln49 = br i1 %icmp_ln49, void %.split8, void" [2dconv.cpp:49]   --->   Operation 99 'br' 'br_ln49' <Predicate = true> <Delay = 0.00>
ST_4 : Operation 100 [1/1] (0.00ns)   --->   "%out_count_load = load i13 %out_count" [2dconv.cpp:51]   --->   Operation 100 'load' 'out_count_load' <Predicate = (!icmp_ln49)> <Delay = 0.00>
ST_4 : Operation 101 [1/1] (0.00ns)   --->   "%empty_26 = wait i32 @_ssdm_op_Wait"   --->   Operation 101 'wait' 'empty_26' <Predicate = (!icmp_ln49)> <Delay = 0.00>
ST_4 : Operation 102 [2/2] (3.25ns)   --->   "%call_ln51 = call void @conv2d_stream_Pipeline_linebuf_left_to_right, i13 %out_count_load, i32 %linebuf_V_0, i32 %k00_read, i32 %k01_read, i32 %k02_read, i32 %linebuf_V_1, i32 %k10_read, i32 %k11_read, i32 %k12_read, i32 %linebuf_V_2, i32 %k20_read, i32 %k21_read, i32 %k22_read, i32 %out_stream_V_data_V, i4 %out_stream_V_keep_V, i4 %out_stream_V_strb_V, i1 %out_stream_V_last_V, i32 %in_stream_V_data_V, i4 %in_stream_V_keep_V, i4 %in_stream_V_strb_V, i1 %in_stream_V_last_V" [2dconv.cpp:51]   --->   Operation 102 'call' 'call_ln51' <Predicate = (!icmp_ln49)> <Delay = 3.25> <CoreType = "Generic">   --->   Core 0 '' <Latency = 0> <II = 1> <Delay = 1.00> <Generic> <Opcode : >
ST_4 : Operation 103 [1/1] (1.67ns)   --->   "%add_ln51 = add i13 %out_count_load, i13 66" [2dconv.cpp:51]   --->   Operation 103 'add' 'add_ln51' <Predicate = (!icmp_ln49)> <Delay = 1.67> <CoreInst = "Adder">   --->   Core 1 'Adder' <Latency = 0> <II = 1> <Delay = 1.67> <FuncUnit> <Opcode : 'add' 'sub'> <InPorts = 2> <OutPorts = 1>
ST_4 : Operation 104 [1/1] (1.58ns)   --->   "%store_ln49 = store i7 %img_r_2, i7 %img_r" [2dconv.cpp:49]   --->   Operation 104 'store' 'store_ln49' <Predicate = (!icmp_ln49)> <Delay = 1.58>
ST_4 : Operation 105 [1/1] (1.58ns)   --->   "%store_ln51 = store i13 %add_ln51, i13 %out_count" [2dconv.cpp:51]   --->   Operation 105 'store' 'store_ln51' <Predicate = (!icmp_ln49)> <Delay = 1.58>

State 5 <SV = 3> <Delay = 4.37>
ST_5 : Operation 106 [1/2] (4.37ns)   --->   "%call_ln51 = call void @conv2d_stream_Pipeline_linebuf_left_to_right, i13 %out_count_load, i32 %linebuf_V_0, i32 %k00_read, i32 %k01_read, i32 %k02_read, i32 %linebuf_V_1, i32 %k10_read, i32 %k11_read, i32 %k12_read, i32 %linebuf_V_2, i32 %k20_read, i32 %k21_read, i32 %k22_read, i32 %out_stream_V_data_V, i4 %out_stream_V_keep_V, i4 %out_stream_V_strb_V, i1 %out_stream_V_last_V, i32 %in_stream_V_data_V, i4 %in_stream_V_keep_V, i4 %in_stream_V_strb_V, i1 %in_stream_V_last_V" [2dconv.cpp:51]   --->   Operation 106 'call' 'call_ln51' <Predicate = true> <Delay = 4.37> <CoreType = "Generic">   --->   Core 0 '' <Latency = 0> <II = 1> <Delay = 1.00> <Generic> <Opcode : >

State 6 <SV = 4> <Delay = 0.00>
ST_6 : Operation 107 [2/2] (0.00ns)   --->   "%call_ln0 = call void @conv2d_stream_Pipeline_shift_up, i32 %linebuf_V_1, i32 %linebuf_V_0, i32 %linebuf_V_2"   --->   Operation 107 'call' 'call_ln0' <Predicate = true> <Delay = 0.00> <CoreType = "Generic">   --->   Core 0 '' <Latency = 0> <II = 1> <Delay = 1.00> <Generic> <Opcode : >

State 7 <SV = 5> <Delay = 0.00>
ST_7 : Operation 108 [1/1] (0.00ns)   --->   "%specloopname_ln46 = specloopname void @_ssdm_op_SpecLoopName, void @empty_15" [2dconv.cpp:46]   --->   Operation 108 'specloopname' 'specloopname_ln46' <Predicate = true> <Delay = 0.00>
ST_7 : Operation 109 [1/2] (0.00ns)   --->   "%call_ln0 = call void @conv2d_stream_Pipeline_shift_up, i32 %linebuf_V_1, i32 %linebuf_V_0, i32 %linebuf_V_2"   --->   Operation 109 'call' 'call_ln0' <Predicate = true> <Delay = 0.00> <CoreType = "Generic">   --->   Core 0 '' <Latency = 0> <II = 1> <Delay = 1.00> <Generic> <Opcode : >
ST_7 : Operation 110 [1/1] (0.00ns)   --->   "%br_ln0 = br void %.preheader1"   --->   Operation 110 'br' 'br_ln0' <Predicate = true> <Delay = 0.00>

State 8 <SV = 4> <Delay = 0.00>
ST_8 : Operation 111 [1/1] (0.00ns)   --->   "%ret_ln89 = ret" [2dconv.cpp:89]   --->   Operation 111 'ret' 'ret_ln89' <Predicate = true> <Delay = 0.00>


============================================================
+ Verbose Summary: Timing violations
============================================================
Target clock period: 10ns, clock uncertainty: 2.7ns.

 <State 1>: 1.59ns
The critical path consists of the following:
	'alloca' operation ('r') [18]  (0 ns)
	'store' operation ('store_ln39', 2dconv.cpp:39) of constant 0 on local variable 'r' [70]  (1.59 ns)

 <State 2>: 2.55ns
The critical path consists of the following:
	multiplexor before 'phi' operation ('c', 2dconv.cpp:41) with incoming values : ('add_ln41', 2dconv.cpp:41) [82]  (1.59 ns)
	blocking operation 0.959 ns on control path)

 <State 3>: 4.74ns
The critical path consists of the following:
	'phi' operation ('c', 2dconv.cpp:41) with incoming values : ('add_ln41', 2dconv.cpp:41) [82]  (0 ns)
	'getelementptr' operation ('linebuf_V_1_addr', 2dconv.cpp:42) [91]  (0 ns)
	'store' operation ('store_ln42', 2dconv.cpp:42) of constant 0 on array 'linebuf.V[1]', 2dconv.cpp:25 [95]  (3.25 ns)
	blocking operation 1.49 ns on control path)

 <State 4>: 4.74ns
The critical path consists of the following:
	'load' operation ('img_r', 2dconv.cpp:49) on local variable 'img_r' [115]  (0 ns)
	'add' operation ('img_r', 2dconv.cpp:49) [118]  (1.87 ns)
	'store' operation ('store_ln49', 2dconv.cpp:49) of variable 'img_r', 2dconv.cpp:49 on local variable 'img_r' [127]  (1.59 ns)
	blocking operation 1.28 ns on control path)

 <State 5>: 4.37ns
The critical path consists of the following:
	'call' operation ('call_ln51', 2dconv.cpp:51) to 'conv2d_stream_Pipeline_linebuf_left_to_right' [124]  (4.37 ns)

 <State 6>: 0ns
The critical path consists of the following:

 <State 7>: 0ns
The critical path consists of the following:

 <State 8>: 0ns
The critical path consists of the following:


============================================================
+ Verbose Summary: Binding
============================================================
N/A
* FSMD analyzer results:
  - Output states:
 - Input state : 
  - Chain level:
	State 1
	State 2
	State 3
	State 4
	State 5
	State 6
	State 7
	State 8


============================================================
+ Verbose Summary: Datapath Resource usage 
============================================================
N/A
