

================================================================
== Vitis HLS Report for 'conv2d_stream_Pipeline_shift_up'
================================================================
* Date:           Sun Apr 26 22:54:11 2026

* Version:        2021.1 (Build 3247384 on Thu Jun 10 19:36:07 MDT 2021)
* Project:        hls_2dconv_stream_pipelined
* Solution:       sol1 (Vivado IP Flow Target)
* Product family: zynq
* Target device:  xc7z020-clg400-1


================================================================
== Performance Estimates
================================================================
+ Timing: 
    * Summary: 
    +--------+----------+----------+------------+
    |  Clock |  Target  | Estimated| Uncertainty|
    +--------+----------+----------+------------+
    |ap_clk  |  10.00 ns|  6.508 ns|     2.70 ns|
    +--------+----------+----------+------------+

+ Latency: 
    * Summary: 
    +---------+---------+----------+----------+-----+-----+---------+
    |  Latency (cycles) |  Latency (absolute) |  Interval | Pipeline|
    |   min   |   max   |    min   |    max   | min | max |   Type  |
    +---------+---------+----------+----------+-----+-----+---------+
    |       70|       70|  0.700 us|  0.700 us|   70|   70|       no|
    +---------+---------+----------+----------+-----+-----+---------+

    + Detail: 
        * Instance: 
        N/A

        * Loop: 
        +------------+---------+---------+----------+-----------+-----------+------+----------+
        |            |  Latency (cycles) | Iteration|  Initiation Interval  | Trip |          |
        |  Loop Name |   min   |   max   |  Latency |  achieved |   target  | Count| Pipelined|
        +------------+---------+---------+----------+-----------+-----------+------+----------+
        |- shift_up  |       68|       68|         2|          1|          1|    68|       yes|
        +------------+---------+---------+----------+-----------+-----------+------+----------+

============================================================
+ Verbose Summary: Synthesis Manager
============================================================
InlineROM: 1
ExposeGlobal: 0
============================================================
+ Verbose Summary: CDFG Model
============================================================
IsTopModel: 0
ResetActiveHigh: 1
IsCombinational: 0
IsDatapathOnly: 0
HasWiredReturn: 1
HasMFsm: 2
HasVarLatency: 1
IsPipeline: 0
IsRtlPipelined: 0
IsInstanceOverlapped: 0
IsDontTouch: 0
HasImplIP: 0
IsGatedGlobalClock: 0

+ Individual pipeline summary: 
  * Pipeline-0: initiation interval (II) = 1, depth = 2


============================================================
+ Verbose Summary: Schedule
============================================================
* Number of FSM states : 2
* Pipeline : 1
  Pipeline-0 : II = 1, D = 2, States = { 1 2 }
* Dataflow Pipeline: 0

* FSM state transitions: 
1 --> 2 
2 --> 

* FSM state operations: 

State 1 <SV = 0> <Delay = 4.74>
ST_1 : Operation 5 [1/1] (0.00ns)   --->   "%c = alloca i32 1"   --->   Operation 5 'alloca' 'c' <Predicate = true> <Delay = 0.00>
ST_1 : Operation 6 [1/1] (1.58ns)   --->   "%store_ln0 = store i7 0, i7 %c"   --->   Operation 6 'store' 'store_ln0' <Predicate = true> <Delay = 1.58>
ST_1 : Operation 7 [1/1] (0.00ns)   --->   "%br_ln0 = br void %.preheader"   --->   Operation 7 'br' 'br_ln0' <Predicate = true> <Delay = 0.00>
ST_1 : Operation 8 [1/1] (0.00ns)   --->   "%c_1 = load i7 %c" [2dconv.cpp:83]   --->   Operation 8 'load' 'c_1' <Predicate = true> <Delay = 0.00>
ST_1 : Operation 9 [1/1] (1.48ns)   --->   "%icmp_ln83 = icmp_eq  i7 %c_1, i7 68" [2dconv.cpp:83]   --->   Operation 9 'icmp' 'icmp_ln83' <Predicate = true> <Delay = 1.48> <CoreInst = "Cmp">   --->   Core 9 'Cmp' <Latency = 0> <II = 1> <Delay = 1.48> <FuncUnit> <Opcode : 'icmp'> <InPorts = 2> <OutPorts = 1>
ST_1 : Operation 10 [1/1] (0.00ns)   --->   "%empty = speclooptripcount i32 @_ssdm_op_SpecLoopTripCount, i64 68, i64 68, i64 68"   --->   Operation 10 'speclooptripcount' 'empty' <Predicate = true> <Delay = 0.00>
ST_1 : Operation 11 [1/1] (1.87ns)   --->   "%add_ln83 = add i7 %c_1, i7 1" [2dconv.cpp:83]   --->   Operation 11 'add' 'add_ln83' <Predicate = true> <Delay = 1.87> <CoreInst = "Adder">   --->   Core 1 'Adder' <Latency = 0> <II = 1> <Delay = 1.87> <FuncUnit> <Opcode : 'add' 'sub'> <InPorts = 2> <OutPorts = 1>
ST_1 : Operation 12 [1/1] (0.00ns)   --->   "%br_ln83 = br i1 %icmp_ln83, void %.split6, void %.exitStub" [2dconv.cpp:83]   --->   Operation 12 'br' 'br_ln83' <Predicate = true> <Delay = 0.00>
ST_1 : Operation 13 [1/1] (0.00ns)   --->   "%zext_ln83 = zext i7 %c_1" [2dconv.cpp:83]   --->   Operation 13 'zext' 'zext_ln83' <Predicate = (!icmp_ln83)> <Delay = 0.00>
ST_1 : Operation 14 [1/1] (0.00ns)   --->   "%linebuf_V_1_addr = getelementptr i32 %linebuf_V_1, i64 0, i64 %zext_ln83" [2dconv.cpp:84]   --->   Operation 14 'getelementptr' 'linebuf_V_1_addr' <Predicate = (!icmp_ln83)> <Delay = 0.00>
ST_1 : Operation 15 [2/2] (3.25ns)   --->   "%linebuf_V_1_load = load i7 %linebuf_V_1_addr" [2dconv.cpp:84]   --->   Operation 15 'load' 'linebuf_V_1_load' <Predicate = (!icmp_ln83)> <Delay = 3.25> <CoreInst = "RAM_1WnR">   --->   Core 83 'RAM_1WnR' <Latency = 1> <II = 1> <Delay = 3.25> <Storage> <Opcode : 'load' 'store'> <Ports = 17> <Width = 32> <Depth = 68> <RAM>
ST_1 : Operation 16 [1/1] (0.00ns)   --->   "%linebuf_V_2_addr = getelementptr i32 %linebuf_V_2, i64 0, i64 %zext_ln83" [2dconv.cpp:85]   --->   Operation 16 'getelementptr' 'linebuf_V_2_addr' <Predicate = (!icmp_ln83)> <Delay = 0.00>
ST_1 : Operation 17 [2/2] (3.25ns)   --->   "%linebuf_V_2_load = load i7 %linebuf_V_2_addr" [2dconv.cpp:85]   --->   Operation 17 'load' 'linebuf_V_2_load' <Predicate = (!icmp_ln83)> <Delay = 3.25> <CoreInst = "RAM_1WnR">   --->   Core 83 'RAM_1WnR' <Latency = 1> <II = 1> <Delay = 3.25> <Storage> <Opcode : 'load' 'store'> <Ports = 17> <Width = 32> <Depth = 68> <RAM>
ST_1 : Operation 18 [1/1] (3.25ns)   --->   "%store_ln86 = store i32 0, i7 %linebuf_V_2_addr" [2dconv.cpp:86]   --->   Operation 18 'store' 'store_ln86' <Predicate = (!icmp_ln83)> <Delay = 3.25> <CoreInst = "RAM_1WnR">   --->   Core 83 'RAM_1WnR' <Latency = 1> <II = 1> <Delay = 3.25> <Storage> <Opcode : 'load' 'store'> <Ports = 17> <Width = 32> <Depth = 68> <RAM>
ST_1 : Operation 19 [1/1] (1.58ns)   --->   "%store_ln83 = store i7 %add_ln83, i7 %c" [2dconv.cpp:83]   --->   Operation 19 'store' 'store_ln83' <Predicate = (!icmp_ln83)> <Delay = 1.58>
ST_1 : Operation 28 [1/1] (0.00ns)   --->   "%ret_ln0 = ret"   --->   Operation 28 'ret' 'ret_ln0' <Predicate = (icmp_ln83)> <Delay = 0.00>

State 2 <SV = 1> <Delay = 6.50>
ST_2 : Operation 20 [1/1] (0.00ns)   --->   "%specpipeline_ln83 = specpipeline void @_ssdm_op_SpecPipeline, i32 1, i32 0, i32 0, i32 0, void @empty_10" [2dconv.cpp:83]   --->   Operation 20 'specpipeline' 'specpipeline_ln83' <Predicate = true> <Delay = 0.00>
ST_2 : Operation 21 [1/1] (0.00ns)   --->   "%specloopname_ln83 = specloopname void @_ssdm_op_SpecLoopName, void @empty_14" [2dconv.cpp:83]   --->   Operation 21 'specloopname' 'specloopname_ln83' <Predicate = true> <Delay = 0.00>
ST_2 : Operation 22 [1/1] (0.00ns)   --->   "%linebuf_V_0_addr = getelementptr i32 %linebuf_V_0, i64 0, i64 %zext_ln83" [2dconv.cpp:84]   --->   Operation 22 'getelementptr' 'linebuf_V_0_addr' <Predicate = true> <Delay = 0.00>
ST_2 : Operation 23 [1/2] (3.25ns)   --->   "%linebuf_V_1_load = load i7 %linebuf_V_1_addr" [2dconv.cpp:84]   --->   Operation 23 'load' 'linebuf_V_1_load' <Predicate = true> <Delay = 3.25> <CoreInst = "RAM_1WnR">   --->   Core 83 'RAM_1WnR' <Latency = 1> <II = 1> <Delay = 3.25> <Storage> <Opcode : 'load' 'store'> <Ports = 17> <Width = 32> <Depth = 68> <RAM>
ST_2 : Operation 24 [1/1] (3.25ns)   --->   "%store_ln84 = store i32 %linebuf_V_1_load, i7 %linebuf_V_0_addr" [2dconv.cpp:84]   --->   Operation 24 'store' 'store_ln84' <Predicate = true> <Delay = 3.25> <CoreInst = "RAM_1WnR">   --->   Core 83 'RAM_1WnR' <Latency = 1> <II = 1> <Delay = 3.25> <Storage> <Opcode : 'load' 'store'> <Ports = 17> <Width = 32> <Depth = 68> <RAM>
ST_2 : Operation 25 [1/2] (3.25ns)   --->   "%linebuf_V_2_load = load i7 %linebuf_V_2_addr" [2dconv.cpp:85]   --->   Operation 25 'load' 'linebuf_V_2_load' <Predicate = true> <Delay = 3.25> <CoreInst = "RAM_1WnR">   --->   Core 83 'RAM_1WnR' <Latency = 1> <II = 1> <Delay = 3.25> <Storage> <Opcode : 'load' 'store'> <Ports = 17> <Width = 32> <Depth = 68> <RAM>
ST_2 : Operation 26 [1/1] (3.25ns)   --->   "%store_ln85 = store i32 %linebuf_V_2_load, i7 %linebuf_V_1_addr" [2dconv.cpp:85]   --->   Operation 26 'store' 'store_ln85' <Predicate = true> <Delay = 3.25> <CoreInst = "RAM_1WnR">   --->   Core 83 'RAM_1WnR' <Latency = 1> <II = 1> <Delay = 3.25> <Storage> <Opcode : 'load' 'store'> <Ports = 17> <Width = 32> <Depth = 68> <RAM>
ST_2 : Operation 27 [1/1] (0.00ns)   --->   "%br_ln0 = br void %.preheader"   --->   Operation 27 'br' 'br_ln0' <Predicate = true> <Delay = 0.00>


============================================================
+ Verbose Summary: Binding
============================================================
STG Binding: 
---------------- STG Properties BEGIN ----------------
- Is combinational: 0
- Is one-state seq: 0
- Is datapath-only: 0
- Is pipelined: 0
- Is top level: 0
Port [ Return ] is wired: 1; IO mode=ap_ctrl_hs:ce=0
Port [ linebuf_V_1]:  wired=1; compound=1; hidden=0; nouse=0; global=0; static=0; extern=0; dir=2; type=1; pingpong=0; private_global=0; MemPort=[01333333333333333]; IO mode=ap_memory:ce=0
Port [ linebuf_V_0]:  wired=1; compound=1; hidden=0; nouse=0; global=0; static=0; extern=0; dir=1; type=1; pingpong=0; private_global=0; MemPort=[03333333333333333]; IO mode=ap_memory:ce=0
Port [ linebuf_V_2]:  wired=1; compound=1; hidden=0; nouse=0; global=0; static=0; extern=0; dir=2; type=1; pingpong=0; private_global=0; MemPort=[23333333333333333]; IO mode=ap_memory:ce=0
---------------- STG Properties END ------------------

---------------- Datapath Model BEGIN ----------------

<LifeTime>
<method=bitvector/>
c                 (alloca           ) [ 010]
store_ln0         (store            ) [ 000]
br_ln0            (br               ) [ 000]
c_1               (load             ) [ 000]
icmp_ln83         (icmp             ) [ 010]
empty             (speclooptripcount) [ 000]
add_ln83          (add              ) [ 000]
br_ln83           (br               ) [ 000]
zext_ln83         (zext             ) [ 011]
linebuf_V_1_addr  (getelementptr    ) [ 011]
linebuf_V_2_addr  (getelementptr    ) [ 011]
store_ln86        (store            ) [ 000]
store_ln83        (store            ) [ 000]
specpipeline_ln83 (specpipeline     ) [ 000]
specloopname_ln83 (specloopname     ) [ 000]
linebuf_V_0_addr  (getelementptr    ) [ 000]
linebuf_V_1_load  (load             ) [ 000]
store_ln84        (store            ) [ 000]
linebuf_V_2_load  (load             ) [ 000]
store_ln85        (store            ) [ 000]
br_ln0            (br               ) [ 000]
ret_ln0           (ret              ) [ 000]
</LifeTime>

<model>

<comp_list>
<comp id="0" class="1000" name="linebuf_V_1">
<pin_list>
<pin id="1" dir="1" index="0" bw="1" slack="0"/>
</pin_list>
<bind>
<StgValue><ssdm name="linebuf_V_1"/><MemPortTyVec>0 1 3 3 3 3 3 3 3 3 3 3 3 3 3 3 3 </MemPortTyVec>
</StgValue>
</bind>
</comp>

<comp id="2" class="1000" name="linebuf_V_0">
<pin_list>
<pin id="3" dir="1" index="0" bw="1" slack="0"/>
</pin_list>
<bind>
<StgValue><ssdm name="linebuf_V_0"/><MemPortTyVec>0 3 3 3 3 3 3 3 3 3 3 3 3 3 3 3 3 </MemPortTyVec>
</StgValue>
</bind>
</comp>

<comp id="4" class="1000" name="linebuf_V_2">
<pin_list>
<pin id="5" dir="1" index="0" bw="1" slack="0"/>
</pin_list>
<bind>
<StgValue><ssdm name="linebuf_V_2"/><MemPortTyVec>2 3 3 3 3 3 3 3 3 3 3 3 3 3 3 3 3 </MemPortTyVec>
</StgValue>
</bind>
</comp>

<comp id="6" class="1001" name="const_6">
<pin_list>
<pin id="7" dir="1" index="0" bw="1" slack="0"/>
</pin_list>
<bind>
<StgValue><ssdm name=""/></StgValue>
</bind>
</comp>

<comp id="8" class="1001" name="const_8">
<pin_list>
<pin id="9" dir="1" index="0" bw="1" slack="0"/>
</pin_list>
<bind>
<StgValue><ssdm name=""/></StgValue>
</bind>
</comp>

<comp id="10" class="1001" name="const_10">
<pin_list>
<pin id="11" dir="1" index="0" bw="1" slack="0"/>
</pin_list>
<bind>
<StgValue><ssdm name=""/></StgValue>
</bind>
</comp>

<comp id="12" class="1001" name="const_12">
<pin_list>
<pin id="13" dir="1" index="0" bw="1" slack="2147483647"/>
</pin_list>
<bind>
<StgValue><ssdm name="_ssdm_op_SpecLoopTripCount"/></StgValue>
</bind>
</comp>

<comp id="14" class="1001" name="const_14">
<pin_list>
<pin id="15" dir="1" index="0" bw="1" slack="2147483647"/>
</pin_list>
<bind>
<StgValue><ssdm name=""/></StgValue>
</bind>
</comp>

<comp id="16" class="1001" name="const_16">
<pin_list>
<pin id="17" dir="1" index="0" bw="1" slack="0"/>
</pin_list>
<bind>
<StgValue><ssdm name=""/></StgValue>
</bind>
</comp>

<comp id="18" class="1001" name="const_18">
<pin_list>
<pin id="19" dir="1" index="0" bw="1" slack="0"/>
</pin_list>
<bind>
<StgValue><ssdm name=""/></StgValue>
</bind>
</comp>

<comp id="20" class="1001" name="const_20">
<pin_list>
<pin id="21" dir="1" index="0" bw="1" slack="0"/>
</pin_list>
<bind>
<StgValue><ssdm name=""/></StgValue>
</bind>
</comp>

<comp id="22" class="1001" name="const_22">
<pin_list>
<pin id="23" dir="1" index="0" bw="1" slack="2147483647"/>
</pin_list>
<bind>
<StgValue><ssdm name="_ssdm_op_SpecPipeline"/></StgValue>
</bind>
</comp>

<comp id="24" class="1001" name="const_24">
<pin_list>
<pin id="25" dir="1" index="0" bw="1" slack="2147483647"/>
</pin_list>
<bind>
<StgValue><ssdm name="empty_10"/></StgValue>
</bind>
</comp>

<comp id="26" class="1001" name="const_26">
<pin_list>
<pin id="27" dir="1" index="0" bw="1" slack="2147483647"/>
</pin_list>
<bind>
<StgValue><ssdm name="_ssdm_op_SpecLoopName"/></StgValue>
</bind>
</comp>

<comp id="28" class="1001" name="const_28">
<pin_list>
<pin id="29" dir="1" index="0" bw="1" slack="2147483647"/>
</pin_list>
<bind>
<StgValue><ssdm name="empty_14"/></StgValue>
</bind>
</comp>

<comp id="30" class="1004" name="c_fu_30">
<pin_list>
<pin id="31" dir="0" index="0" bw="1" slack="0"/>
<pin id="32" dir="1" index="1" bw="7" slack="0"/>
</pin_list>
<bind>
<opcode="alloca(26) " fcode="alloca"/>
<opset="c/1 "/>
</bind>
</comp>

<comp id="34" class="1004" name="linebuf_V_1_addr_gep_fu_34">
<pin_list>
<pin id="35" dir="0" index="0" bw="32" slack="0"/>
<pin id="36" dir="0" index="1" bw="1" slack="0"/>
<pin id="37" dir="0" index="2" bw="7" slack="0"/>
<pin id="38" dir="1" index="3" bw="7" slack="0"/>
</pin_list>
<bind>
<opcode="getelementptr(29) " fcode="getelementptr"/>
<opset="linebuf_V_1_addr/1 "/>
</bind>
</comp>

<comp id="41" class="1004" name="grp_access_fu_41">
<pin_list>
<pin id="42" dir="0" index="0" bw="7" slack="1"/>
<pin id="43" dir="0" index="1" bw="32" slack="0"/>
<pin id="44" dir="0" index="2" bw="0" slack="0"/>
<pin id="46" dir="0" index="4" bw="7" slack="2147483647"/>
<pin id="47" dir="0" index="5" bw="32" slack="2147483647"/>
<pin id="48" dir="0" index="6" bw="0" slack="2147483647"/>
<pin id="45" dir="1" index="3" bw="32" slack="2147483647"/>
<pin id="49" dir="1" index="7" bw="32" slack="0"/>
</pin_list>
<bind>
<opcode="load(27) store(28) " fcode="store"/>
<opset="linebuf_V_1_load/1 store_ln85/2 "/>
</bind>
</comp>

<comp id="51" class="1004" name="linebuf_V_2_addr_gep_fu_51">
<pin_list>
<pin id="52" dir="0" index="0" bw="32" slack="0"/>
<pin id="53" dir="0" index="1" bw="1" slack="0"/>
<pin id="54" dir="0" index="2" bw="7" slack="0"/>
<pin id="55" dir="1" index="3" bw="7" slack="0"/>
</pin_list>
<bind>
<opcode="getelementptr(29) " fcode="getelementptr"/>
<opset="linebuf_V_2_addr/1 "/>
</bind>
</comp>

<comp id="58" class="1004" name="grp_access_fu_58">
<pin_list>
<pin id="59" dir="0" index="0" bw="7" slack="0"/>
<pin id="60" dir="0" index="1" bw="32" slack="0"/>
<pin id="61" dir="0" index="2" bw="0" slack="2147483647"/>
<pin id="62" dir="1" index="3" bw="32" slack="0"/>
</pin_list>
<bind>
<opcode="load(27) store(28) " fcode="store"/>
<opset="linebuf_V_2_load/1 store_ln86/1 "/>
</bind>
</comp>

<comp id="65" class="1004" name="linebuf_V_0_addr_gep_fu_65">
<pin_list>
<pin id="66" dir="0" index="0" bw="32" slack="0"/>
<pin id="67" dir="0" index="1" bw="1" slack="0"/>
<pin id="68" dir="0" index="2" bw="7" slack="1"/>
<pin id="69" dir="1" index="3" bw="7" slack="0"/>
</pin_list>
<bind>
<opcode="getelementptr(29) " fcode="getelementptr"/>
<opset="linebuf_V_0_addr/2 "/>
</bind>
</comp>

<comp id="72" class="1004" name="store_ln84_access_fu_72">
<pin_list>
<pin id="73" dir="0" index="0" bw="7" slack="0"/>
<pin id="74" dir="0" index="1" bw="32" slack="0"/>
<pin id="75" dir="0" index="2" bw="0" slack="2147483647"/>
<pin id="76" dir="1" index="3" bw="32" slack="2147483647"/>
</pin_list>
<bind>
<opcode="store(28) " fcode="store"/>
<opset="store_ln84/2 "/>
</bind>
</comp>

<comp id="80" class="1004" name="store_ln0_store_fu_80">
<pin_list>
<pin id="81" dir="0" index="0" bw="1" slack="0"/>
<pin id="82" dir="0" index="1" bw="7" slack="0"/>
<pin id="83" dir="1" index="2" bw="0" slack="2147483647"/>
</pin_list>
<bind>
<opcode="store(28) " fcode="store"/>
<opset="store_ln0/1 "/>
</bind>
</comp>

<comp id="85" class="1004" name="c_1_load_fu_85">
<pin_list>
<pin id="86" dir="0" index="0" bw="7" slack="0"/>
<pin id="87" dir="1" index="1" bw="7" slack="0"/>
</pin_list>
<bind>
<opcode="load(27) " fcode="load"/>
<opset="c_1/1 "/>
</bind>
</comp>

<comp id="88" class="1004" name="icmp_ln83_fu_88">
<pin_list>
<pin id="89" dir="0" index="0" bw="7" slack="0"/>
<pin id="90" dir="0" index="1" bw="7" slack="0"/>
<pin id="91" dir="1" index="2" bw="1" slack="2147483647"/>
</pin_list>
<bind>
<opcode="icmp(45) " fcode="icmp"/>
<opset="icmp_ln83/1 "/>
</bind>
</comp>

<comp id="94" class="1004" name="add_ln83_fu_94">
<pin_list>
<pin id="95" dir="0" index="0" bw="7" slack="0"/>
<pin id="96" dir="0" index="1" bw="1" slack="0"/>
<pin id="97" dir="1" index="2" bw="7" slack="0"/>
</pin_list>
<bind>
<opcode="add(8) " fcode="add"/>
<opset="add_ln83/1 "/>
</bind>
</comp>

<comp id="100" class="1004" name="zext_ln83_fu_100">
<pin_list>
<pin id="101" dir="0" index="0" bw="7" slack="0"/>
<pin id="102" dir="1" index="1" bw="64" slack="0"/>
</pin_list>
<bind>
<opcode="zext(34) " fcode="zext"/>
<opset="zext_ln83/1 "/>
</bind>
</comp>

<comp id="106" class="1004" name="store_ln83_store_fu_106">
<pin_list>
<pin id="107" dir="0" index="0" bw="7" slack="0"/>
<pin id="108" dir="0" index="1" bw="7" slack="0"/>
<pin id="109" dir="1" index="2" bw="0" slack="2147483647"/>
</pin_list>
<bind>
<opcode="store(28) " fcode="store"/>
<opset="store_ln83/1 "/>
</bind>
</comp>

<comp id="111" class="1005" name="c_reg_111">
<pin_list>
<pin id="112" dir="0" index="0" bw="7" slack="0"/>
<pin id="113" dir="1" index="1" bw="7" slack="0"/>
</pin_list>
<bind>
<opset="c "/>
</bind>
</comp>

<comp id="121" class="1005" name="zext_ln83_reg_121">
<pin_list>
<pin id="122" dir="0" index="0" bw="64" slack="1"/>
<pin id="123" dir="1" index="1" bw="64" slack="1"/>
</pin_list>
<bind>
<opset="zext_ln83 "/>
</bind>
</comp>

<comp id="126" class="1005" name="linebuf_V_1_addr_reg_126">
<pin_list>
<pin id="127" dir="0" index="0" bw="7" slack="1"/>
<pin id="128" dir="1" index="1" bw="7" slack="1"/>
</pin_list>
<bind>
<opset="linebuf_V_1_addr "/>
</bind>
</comp>

<comp id="132" class="1005" name="linebuf_V_2_addr_reg_132">
<pin_list>
<pin id="133" dir="0" index="0" bw="7" slack="1"/>
<pin id="134" dir="1" index="1" bw="7" slack="1"/>
</pin_list>
<bind>
<opset="linebuf_V_2_addr "/>
</bind>
</comp>

</comp_list>

<net_list>
<net id="33"><net_src comp="6" pin="0"/><net_sink comp="30" pin=0"/></net>

<net id="39"><net_src comp="0" pin="0"/><net_sink comp="34" pin=0"/></net>

<net id="40"><net_src comp="18" pin="0"/><net_sink comp="34" pin=1"/></net>

<net id="50"><net_src comp="34" pin="3"/><net_sink comp="41" pin=2"/></net>

<net id="56"><net_src comp="4" pin="0"/><net_sink comp="51" pin=0"/></net>

<net id="57"><net_src comp="18" pin="0"/><net_sink comp="51" pin=1"/></net>

<net id="63"><net_src comp="51" pin="3"/><net_sink comp="58" pin=0"/></net>

<net id="64"><net_src comp="20" pin="0"/><net_sink comp="58" pin=1"/></net>

<net id="70"><net_src comp="2" pin="0"/><net_sink comp="65" pin=0"/></net>

<net id="71"><net_src comp="18" pin="0"/><net_sink comp="65" pin=1"/></net>

<net id="77"><net_src comp="41" pin="7"/><net_sink comp="72" pin=1"/></net>

<net id="78"><net_src comp="65" pin="3"/><net_sink comp="72" pin=0"/></net>

<net id="79"><net_src comp="58" pin="3"/><net_sink comp="41" pin=1"/></net>

<net id="84"><net_src comp="8" pin="0"/><net_sink comp="80" pin=0"/></net>

<net id="92"><net_src comp="85" pin="1"/><net_sink comp="88" pin=0"/></net>

<net id="93"><net_src comp="10" pin="0"/><net_sink comp="88" pin=1"/></net>

<net id="98"><net_src comp="85" pin="1"/><net_sink comp="94" pin=0"/></net>

<net id="99"><net_src comp="16" pin="0"/><net_sink comp="94" pin=1"/></net>

<net id="103"><net_src comp="85" pin="1"/><net_sink comp="100" pin=0"/></net>

<net id="104"><net_src comp="100" pin="1"/><net_sink comp="34" pin=2"/></net>

<net id="105"><net_src comp="100" pin="1"/><net_sink comp="51" pin=2"/></net>

<net id="110"><net_src comp="94" pin="2"/><net_sink comp="106" pin=0"/></net>

<net id="114"><net_src comp="30" pin="1"/><net_sink comp="111" pin=0"/></net>

<net id="115"><net_src comp="111" pin="1"/><net_sink comp="80" pin=1"/></net>

<net id="116"><net_src comp="111" pin="1"/><net_sink comp="85" pin=0"/></net>

<net id="117"><net_src comp="111" pin="1"/><net_sink comp="106" pin=1"/></net>

<net id="124"><net_src comp="100" pin="1"/><net_sink comp="121" pin=0"/></net>

<net id="125"><net_src comp="121" pin="1"/><net_sink comp="65" pin=2"/></net>

<net id="129"><net_src comp="34" pin="3"/><net_sink comp="126" pin=0"/></net>

<net id="130"><net_src comp="126" pin="1"/><net_sink comp="41" pin=2"/></net>

<net id="131"><net_src comp="126" pin="1"/><net_sink comp="41" pin=0"/></net>

<net id="135"><net_src comp="51" pin="3"/><net_sink comp="132" pin=0"/></net>

<net id="136"><net_src comp="132" pin="1"/><net_sink comp="58" pin=0"/></net>

</net_list>

</model> 
---------------- Datapath Model END ------------------

* FSMD analyzer results:
  - Output states:
	Port: linebuf_V_1 | {2 }
	Port: linebuf_V_0 | {2 }
	Port: linebuf_V_2 | {1 }
 - Input state : 
	Port: conv2d_stream_Pipeline_shift_up : linebuf_V_1 | {1 2 }
	Port: conv2d_stream_Pipeline_shift_up : linebuf_V_2 | {1 2 }
  - Chain level:
	State 1
		store_ln0 : 1
		c_1 : 1
		icmp_ln83 : 2
		add_ln83 : 2
		br_ln83 : 3
		zext_ln83 : 2
		linebuf_V_1_addr : 3
		linebuf_V_1_load : 4
		linebuf_V_2_addr : 3
		linebuf_V_2_load : 4
		store_ln86 : 4
		store_ln83 : 3
	State 2
		store_ln84 : 1
		store_ln85 : 1


============================================================
+ Verbose Summary: Datapath Resource usage 
============================================================

* Functional unit list:
|----------|------------------|---------|---------|
| Operation|  Functional Unit |    FF   |   LUT   |
|----------|------------------|---------|---------|
|    add   |  add_ln83_fu_94  |    0    |    14   |
|----------|------------------|---------|---------|
|   icmp   |  icmp_ln83_fu_88 |    0    |    10   |
|----------|------------------|---------|---------|
|   zext   | zext_ln83_fu_100 |    0    |    0    |
|----------|------------------|---------|---------|
|   Total  |                  |    0    |    24   |
|----------|------------------|---------|---------|

Memories:
N/A

* Register list:
+------------------------+--------+
|                        |   FF   |
+------------------------+--------+
|        c_reg_111       |    7   |
|linebuf_V_1_addr_reg_126|    7   |
|linebuf_V_2_addr_reg_132|    7   |
|    zext_ln83_reg_121   |   64   |
+------------------------+--------+
|          Total         |   85   |
+------------------------+--------+

* Multiplexer (MUX) list: 
|------------------|------|------|------|--------||---------||---------|
|       Comp       |  Pin | Size |  BW  | S x BW ||  Delay  ||   LUT   |
|------------------|------|------|------|--------||---------||---------|
| grp_access_fu_41 |  p2  |   2  |   0  |    0   ||    9    |
| grp_access_fu_58 |  p0  |   2  |   7  |   14   ||    9    |
|------------------|------|------|------|--------||---------||---------|
|       Total      |      |      |      |   14   ||  3.176  ||    18   |
|------------------|------|------|------|--------||---------||---------|



* Summary:
+-----------+--------+--------+--------+
|           |  Delay |   FF   |   LUT  |
+-----------+--------+--------+--------+
|  Function |    -   |    0   |   24   |
|   Memory  |    -   |    -   |    -   |
|Multiplexer|    3   |    -   |   18   |
|  Register |    -   |   85   |    -   |
+-----------+--------+--------+--------+
|   Total   |    3   |   85   |   42   |
+-----------+--------+--------+--------+
