

================================================================
== Vitis HLS Report for 'conv2d_stream'
================================================================
* Date:           Tue Apr 28 23:10:47 2026

* Version:        2021.1 (Build 3247384 on Thu Jun 10 19:36:07 MDT 2021)
* Project:        hls_2dconv_stream_basic
* Solution:       sol1 (Vivado IP Flow Target)
* Product family: zynq
* Target device:  xc7z020-clg400-1


================================================================
== Performance Estimates
================================================================
+ Timing: 
    * Summary: 
    +--------+----------+----------+------------+
    |  Clock |  Target  | Estimated| Uncertainty|
    +--------+----------+----------+------------+
    |ap_clk  |  10.00 ns|  7.039 ns|     2.70 ns|
    +--------+----------+----------+------------+

+ Latency: 
    * Summary: 
    +---------+---------+----------+----------+--------+--------+---------+
    |  Latency (cycles) |  Latency (absolute) |     Interval    | Pipeline|
    |   min   |   max   |    min   |    max   |   min  |   max  |   Type  |
    +---------+---------+----------+----------+--------+--------+---------+
    |   244614|   244614|  2.446 ms|  2.446 ms|  244615|  244615|       no|
    +---------+---------+----------+----------+--------+--------+---------+

    + Detail: 
        * Instance: 
        N/A

        * Loop: 
        +--------------------------+---------+---------+----------+-----------+-----------+------+----------+
        |                          |  Latency (cycles) | Iteration|  Initiation Interval  | Trip |          |
        |         Loop Name        |   min   |   max   |  Latency |  achieved |   target  | Count| Pipelined|
        +--------------------------+---------+---------+----------+-----------+-----------+------+----------+
        |- init_rows               |      210|      210|        70|          -|          -|     3|        no|
        | + init_cols              |       68|       68|         1|          -|          -|    68|        no|
        |- each_image_row          |   244398|   244398|      3703|          -|          -|    66|        no|
        | + linebuf_left_to_right  |     3564|     3564|        54|          -|          -|    66|        no|
        |  ++ mac_row              |       51|       51|        17|          -|          -|     3|        no|
        |   +++ mac_col            |       15|       15|         5|          -|          -|     3|        no|
        | + shift_up               |      136|      136|         2|          -|          -|    68|        no|
        +--------------------------+---------+---------+----------+-----------+-----------+------+----------+

============================================================
+ Verbose Summary: Synthesis Manager
============================================================
InlineROM: 1
ExposeGlobal: 0
============================================================
+ Verbose Summary: CDFG Model
============================================================
IsTopModel: 1
ResetActiveHigh: 1
IsCombinational: 0
IsDatapathOnly: 0
HasWiredReturn: 1
HasMFsm: 0
HasVarLatency: 1
IsPipeline: 0
IsRtlPipelined: 0
IsInstanceOverlapped: 0
IsDontTouch: 0
HasImplIP: 0
IsGatedGlobalClock: 0


============================================================
+ Verbose Summary: Schedule
============================================================
* Number of FSM states : 18
* Pipeline : 0
* Dataflow Pipeline: 0

* FSM state transitions: 
1 --> 2 
2 --> 3 
3 --> 4 
4 --> 5 
5 --> 6 
6 --> 7 8 
7 --> 7 6 
8 --> 9 
9 --> 10 17 
10 --> 16 11 
11 --> 12 10 
12 --> 13 
13 --> 14 
14 --> 15 
15 --> 11 
16 --> 9 
17 --> 18 8 
18 --> 17 

* FSM state operations: 

State 1 <SV = 0> <Delay = 3.32>
ST_1 : Operation 19 [1/1] (0.00ns)   --->   "%r = alloca i32 1"   --->   Operation 19 'alloca' 'r' <Predicate = true> <Delay = 0.00>
ST_1 : Operation 20 [1/1] (1.00ns)   --->   "%k22_read = read i32 @_ssdm_op_Read.s_axilite.i32, i32 %k22"   --->   Operation 20 'read' 'k22_read' <Predicate = true> <Delay = 1.00> <CoreInst = "s_axilite">   --->   Core 114 's_axilite' <Latency = 0> <II = 1> <Delay = 1.00> <Adapter> <Opcode : 'read' 'write'>
ST_1 : Operation 21 [1/1] (1.00ns)   --->   "%k21_read = read i32 @_ssdm_op_Read.s_axilite.i32, i32 %k21"   --->   Operation 21 'read' 'k21_read' <Predicate = true> <Delay = 1.00> <CoreInst = "s_axilite">   --->   Core 114 's_axilite' <Latency = 0> <II = 1> <Delay = 1.00> <Adapter> <Opcode : 'read' 'write'>
ST_1 : Operation 22 [1/1] (1.00ns)   --->   "%k20_read = read i32 @_ssdm_op_Read.s_axilite.i32, i32 %k20"   --->   Operation 22 'read' 'k20_read' <Predicate = true> <Delay = 1.00> <CoreInst = "s_axilite">   --->   Core 114 's_axilite' <Latency = 0> <II = 1> <Delay = 1.00> <Adapter> <Opcode : 'read' 'write'>
ST_1 : Operation 23 [1/1] (1.00ns)   --->   "%k12_read = read i32 @_ssdm_op_Read.s_axilite.i32, i32 %k12"   --->   Operation 23 'read' 'k12_read' <Predicate = true> <Delay = 1.00> <CoreInst = "s_axilite">   --->   Core 114 's_axilite' <Latency = 0> <II = 1> <Delay = 1.00> <Adapter> <Opcode : 'read' 'write'>
ST_1 : Operation 24 [1/1] (1.00ns)   --->   "%k11_read = read i32 @_ssdm_op_Read.s_axilite.i32, i32 %k11"   --->   Operation 24 'read' 'k11_read' <Predicate = true> <Delay = 1.00> <CoreInst = "s_axilite">   --->   Core 114 's_axilite' <Latency = 0> <II = 1> <Delay = 1.00> <Adapter> <Opcode : 'read' 'write'>
ST_1 : Operation 25 [1/1] (1.00ns)   --->   "%k10_read = read i32 @_ssdm_op_Read.s_axilite.i32, i32 %k10"   --->   Operation 25 'read' 'k10_read' <Predicate = true> <Delay = 1.00> <CoreInst = "s_axilite">   --->   Core 114 's_axilite' <Latency = 0> <II = 1> <Delay = 1.00> <Adapter> <Opcode : 'read' 'write'>
ST_1 : Operation 26 [1/1] (1.00ns)   --->   "%k02_read = read i32 @_ssdm_op_Read.s_axilite.i32, i32 %k02"   --->   Operation 26 'read' 'k02_read' <Predicate = true> <Delay = 1.00> <CoreInst = "s_axilite">   --->   Core 114 's_axilite' <Latency = 0> <II = 1> <Delay = 1.00> <Adapter> <Opcode : 'read' 'write'>
ST_1 : Operation 27 [1/1] (1.00ns)   --->   "%k01_read = read i32 @_ssdm_op_Read.s_axilite.i32, i32 %k01"   --->   Operation 27 'read' 'k01_read' <Predicate = true> <Delay = 1.00> <CoreInst = "s_axilite">   --->   Core 114 's_axilite' <Latency = 0> <II = 1> <Delay = 1.00> <Adapter> <Opcode : 'read' 'write'>
ST_1 : Operation 28 [1/1] (1.00ns)   --->   "%k00_read = read i32 @_ssdm_op_Read.s_axilite.i32, i32 %k00"   --->   Operation 28 'read' 'k00_read' <Predicate = true> <Delay = 1.00> <CoreInst = "s_axilite">   --->   Core 114 's_axilite' <Latency = 0> <II = 1> <Delay = 1.00> <Adapter> <Opcode : 'read' 'write'>
ST_1 : Operation 29 [1/1] (0.00ns)   --->   "%linebuf_V = alloca i64 1" [2dconv.cpp:43]   --->   Operation 29 'alloca' 'linebuf_V' <Predicate = true> <Delay = 0.00> <CoreInst = "RAM">   --->   Core 82 'RAM' <Latency = 1> <II = 1> <Delay = 3.25> <Storage> <Opcode : 'load' 'store'> <Ports = 2> <Width = 32> <Depth = 204> <RAM>
ST_1 : Operation 30 [1/1] (0.00ns)   --->   "%kernel_V = alloca i64 1" [2dconv.cpp:44]   --->   Operation 30 'alloca' 'kernel_V' <Predicate = true> <Delay = 0.00> <CoreInst = "RAM">   --->   Core 82 'RAM' <Latency = 1> <II = 1> <Delay = 2.32> <Storage> <Opcode : 'load' 'store'> <Ports = 2> <Width = 32> <Depth = 9> <RAM>
ST_1 : Operation 31 [1/1] (0.00ns)   --->   "%kernel_V_addr = getelementptr i32 %kernel_V, i64 0, i64 0" [2dconv.cpp:46]   --->   Operation 31 'getelementptr' 'kernel_V_addr' <Predicate = true> <Delay = 0.00>
ST_1 : Operation 32 [1/1] (0.00ns)   --->   "%kernel_V_addr_1 = getelementptr i32 %kernel_V, i64 0, i64 1" [2dconv.cpp:47]   --->   Operation 32 'getelementptr' 'kernel_V_addr_1' <Predicate = true> <Delay = 0.00>
ST_1 : Operation 33 [1/1] (2.32ns)   --->   "%store_ln46 = store i32 %k00_read, i4 %kernel_V_addr" [2dconv.cpp:46]   --->   Operation 33 'store' 'store_ln46' <Predicate = true> <Delay = 2.32> <CoreInst = "RAM">   --->   Core 82 'RAM' <Latency = 1> <II = 1> <Delay = 2.32> <Storage> <Opcode : 'load' 'store'> <Ports = 2> <Width = 32> <Depth = 9> <RAM>
ST_1 : Operation 34 [1/1] (2.32ns)   --->   "%store_ln47 = store i32 %k01_read, i4 %kernel_V_addr_1" [2dconv.cpp:47]   --->   Operation 34 'store' 'store_ln47' <Predicate = true> <Delay = 2.32> <CoreInst = "RAM">   --->   Core 82 'RAM' <Latency = 1> <II = 1> <Delay = 2.32> <Storage> <Opcode : 'load' 'store'> <Ports = 2> <Width = 32> <Depth = 9> <RAM>
ST_1 : Operation 35 [1/1] (1.58ns)   --->   "%store_ln57 = store i2 0, i2 %r" [2dconv.cpp:57]   --->   Operation 35 'store' 'store_ln57' <Predicate = true> <Delay = 1.58>

State 2 <SV = 1> <Delay = 2.32>
ST_2 : Operation 36 [1/1] (0.00ns)   --->   "%kernel_V_addr_2 = getelementptr i32 %kernel_V, i64 0, i64 2" [2dconv.cpp:48]   --->   Operation 36 'getelementptr' 'kernel_V_addr_2' <Predicate = true> <Delay = 0.00>
ST_2 : Operation 37 [1/1] (0.00ns)   --->   "%kernel_V_addr_3 = getelementptr i32 %kernel_V, i64 0, i64 3" [2dconv.cpp:49]   --->   Operation 37 'getelementptr' 'kernel_V_addr_3' <Predicate = true> <Delay = 0.00>
ST_2 : Operation 38 [1/1] (2.32ns)   --->   "%store_ln48 = store i32 %k02_read, i4 %kernel_V_addr_2" [2dconv.cpp:48]   --->   Operation 38 'store' 'store_ln48' <Predicate = true> <Delay = 2.32> <CoreInst = "RAM">   --->   Core 82 'RAM' <Latency = 1> <II = 1> <Delay = 2.32> <Storage> <Opcode : 'load' 'store'> <Ports = 2> <Width = 32> <Depth = 9> <RAM>
ST_2 : Operation 39 [1/1] (2.32ns)   --->   "%store_ln49 = store i32 %k10_read, i4 %kernel_V_addr_3" [2dconv.cpp:49]   --->   Operation 39 'store' 'store_ln49' <Predicate = true> <Delay = 2.32> <CoreInst = "RAM">   --->   Core 82 'RAM' <Latency = 1> <II = 1> <Delay = 2.32> <Storage> <Opcode : 'load' 'store'> <Ports = 2> <Width = 32> <Depth = 9> <RAM>

State 3 <SV = 2> <Delay = 2.32>
ST_3 : Operation 40 [1/1] (0.00ns)   --->   "%kernel_V_addr_4 = getelementptr i32 %kernel_V, i64 0, i64 4" [2dconv.cpp:50]   --->   Operation 40 'getelementptr' 'kernel_V_addr_4' <Predicate = true> <Delay = 0.00>
ST_3 : Operation 41 [1/1] (0.00ns)   --->   "%kernel_V_addr_5 = getelementptr i32 %kernel_V, i64 0, i64 5" [2dconv.cpp:51]   --->   Operation 41 'getelementptr' 'kernel_V_addr_5' <Predicate = true> <Delay = 0.00>
ST_3 : Operation 42 [1/1] (2.32ns)   --->   "%store_ln50 = store i32 %k11_read, i4 %kernel_V_addr_4" [2dconv.cpp:50]   --->   Operation 42 'store' 'store_ln50' <Predicate = true> <Delay = 2.32> <CoreInst = "RAM">   --->   Core 82 'RAM' <Latency = 1> <II = 1> <Delay = 2.32> <Storage> <Opcode : 'load' 'store'> <Ports = 2> <Width = 32> <Depth = 9> <RAM>
ST_3 : Operation 43 [1/1] (2.32ns)   --->   "%store_ln51 = store i32 %k12_read, i4 %kernel_V_addr_5" [2dconv.cpp:51]   --->   Operation 43 'store' 'store_ln51' <Predicate = true> <Delay = 2.32> <CoreInst = "RAM">   --->   Core 82 'RAM' <Latency = 1> <II = 1> <Delay = 2.32> <Storage> <Opcode : 'load' 'store'> <Ports = 2> <Width = 32> <Depth = 9> <RAM>

State 4 <SV = 3> <Delay = 2.32>
ST_4 : Operation 44 [1/1] (0.00ns)   --->   "%kernel_V_addr_6 = getelementptr i32 %kernel_V, i64 0, i64 6" [2dconv.cpp:52]   --->   Operation 44 'getelementptr' 'kernel_V_addr_6' <Predicate = true> <Delay = 0.00>
ST_4 : Operation 45 [1/1] (0.00ns)   --->   "%kernel_V_addr_7 = getelementptr i32 %kernel_V, i64 0, i64 7" [2dconv.cpp:53]   --->   Operation 45 'getelementptr' 'kernel_V_addr_7' <Predicate = true> <Delay = 0.00>
ST_4 : Operation 46 [1/1] (2.32ns)   --->   "%store_ln52 = store i32 %k20_read, i4 %kernel_V_addr_6" [2dconv.cpp:52]   --->   Operation 46 'store' 'store_ln52' <Predicate = true> <Delay = 2.32> <CoreInst = "RAM">   --->   Core 82 'RAM' <Latency = 1> <II = 1> <Delay = 2.32> <Storage> <Opcode : 'load' 'store'> <Ports = 2> <Width = 32> <Depth = 9> <RAM>
ST_4 : Operation 47 [1/1] (2.32ns)   --->   "%store_ln53 = store i32 %k21_read, i4 %kernel_V_addr_7" [2dconv.cpp:53]   --->   Operation 47 'store' 'store_ln53' <Predicate = true> <Delay = 2.32> <CoreInst = "RAM">   --->   Core 82 'RAM' <Latency = 1> <II = 1> <Delay = 2.32> <Storage> <Opcode : 'load' 'store'> <Ports = 2> <Width = 32> <Depth = 9> <RAM>

State 5 <SV = 4> <Delay = 2.32>
ST_5 : Operation 48 [1/1] (0.00ns)   --->   "%spectopmodule_ln0 = spectopmodule void @_ssdm_op_SpecTopModule, void @empty_12"   --->   Operation 48 'spectopmodule' 'spectopmodule_ln0' <Predicate = true> <Delay = 0.00>
ST_5 : Operation 49 [1/1] (0.00ns)   --->   "%specinterface_ln0 = specinterface void @_ssdm_op_SpecInterface, i32 %in_stream_V_data_V, i4 %in_stream_V_keep_V, i4 %in_stream_V_strb_V, i1 %in_stream_V_last_V, void @empty_8, i32 1, i32 1, void @empty_9, i32 0, i32 0, void @empty, void @empty, void @empty, i32 0, i32 0, i32 0, i32 0, void @empty, void @empty"   --->   Operation 49 'specinterface' 'specinterface_ln0' <Predicate = true> <Delay = 0.00>
ST_5 : Operation 50 [1/1] (0.00ns)   --->   "%specbitsmap_ln0 = specbitsmap void @_ssdm_op_SpecBitsMap, i32 %in_stream_V_data_V"   --->   Operation 50 'specbitsmap' 'specbitsmap_ln0' <Predicate = true> <Delay = 0.00>
ST_5 : Operation 51 [1/1] (0.00ns)   --->   "%specbitsmap_ln0 = specbitsmap void @_ssdm_op_SpecBitsMap, i4 %in_stream_V_keep_V"   --->   Operation 51 'specbitsmap' 'specbitsmap_ln0' <Predicate = true> <Delay = 0.00>
ST_5 : Operation 52 [1/1] (0.00ns)   --->   "%specbitsmap_ln0 = specbitsmap void @_ssdm_op_SpecBitsMap, i4 %in_stream_V_strb_V"   --->   Operation 52 'specbitsmap' 'specbitsmap_ln0' <Predicate = true> <Delay = 0.00>
ST_5 : Operation 53 [1/1] (0.00ns)   --->   "%specbitsmap_ln0 = specbitsmap void @_ssdm_op_SpecBitsMap, i1 %in_stream_V_last_V"   --->   Operation 53 'specbitsmap' 'specbitsmap_ln0' <Predicate = true> <Delay = 0.00>
ST_5 : Operation 54 [1/1] (0.00ns)   --->   "%specinterface_ln0 = specinterface void @_ssdm_op_SpecInterface, i32 %out_stream_V_data_V, i4 %out_stream_V_keep_V, i4 %out_stream_V_strb_V, i1 %out_stream_V_last_V, void @empty_8, i32 1, i32 1, void @empty_9, i32 0, i32 0, void @empty, void @empty, void @empty, i32 0, i32 0, i32 0, i32 0, void @empty, void @empty"   --->   Operation 54 'specinterface' 'specinterface_ln0' <Predicate = true> <Delay = 0.00>
ST_5 : Operation 55 [1/1] (0.00ns)   --->   "%specbitsmap_ln0 = specbitsmap void @_ssdm_op_SpecBitsMap, i32 %out_stream_V_data_V"   --->   Operation 55 'specbitsmap' 'specbitsmap_ln0' <Predicate = true> <Delay = 0.00>
ST_5 : Operation 56 [1/1] (0.00ns)   --->   "%specbitsmap_ln0 = specbitsmap void @_ssdm_op_SpecBitsMap, i4 %out_stream_V_keep_V"   --->   Operation 56 'specbitsmap' 'specbitsmap_ln0' <Predicate = true> <Delay = 0.00>
ST_5 : Operation 57 [1/1] (0.00ns)   --->   "%specbitsmap_ln0 = specbitsmap void @_ssdm_op_SpecBitsMap, i4 %out_stream_V_strb_V"   --->   Operation 57 'specbitsmap' 'specbitsmap_ln0' <Predicate = true> <Delay = 0.00>
ST_5 : Operation 58 [1/1] (0.00ns)   --->   "%specbitsmap_ln0 = specbitsmap void @_ssdm_op_SpecBitsMap, i1 %out_stream_V_last_V"   --->   Operation 58 'specbitsmap' 'specbitsmap_ln0' <Predicate = true> <Delay = 0.00>
ST_5 : Operation 59 [1/1] (0.00ns)   --->   "%specbitsmap_ln0 = specbitsmap void @_ssdm_op_SpecBitsMap, i32 %k00"   --->   Operation 59 'specbitsmap' 'specbitsmap_ln0' <Predicate = true> <Delay = 0.00>
ST_5 : Operation 60 [1/1] (0.00ns)   --->   "%specinterface_ln0 = specinterface void @_ssdm_op_SpecInterface, i32 %k00, void @empty_0, i32 0, i32 0, void @empty, i32 0, i32 0, void @empty_1, void @empty_2, void @empty, i32 0, i32 0, i32 0, i32 0, void @empty, void @empty"   --->   Operation 60 'specinterface' 'specinterface_ln0' <Predicate = true> <Delay = 0.00>
ST_5 : Operation 61 [1/1] (0.00ns)   --->   "%specinterface_ln0 = specinterface void @_ssdm_op_SpecInterface, i32 %k00, void @empty_4, i32 0, i32 0, void @empty, i32 0, i32 0, void @empty, void @empty, void @empty, i32 0, i32 0, i32 0, i32 0, void @empty, void @empty"   --->   Operation 61 'specinterface' 'specinterface_ln0' <Predicate = true> <Delay = 0.00>
ST_5 : Operation 62 [1/1] (0.00ns)   --->   "%specbitsmap_ln0 = specbitsmap void @_ssdm_op_SpecBitsMap, i32 %k01"   --->   Operation 62 'specbitsmap' 'specbitsmap_ln0' <Predicate = true> <Delay = 0.00>
ST_5 : Operation 63 [1/1] (0.00ns)   --->   "%specinterface_ln0 = specinterface void @_ssdm_op_SpecInterface, i32 %k01, void @empty_0, i32 0, i32 0, void @empty, i32 0, i32 0, void @empty_1, void @empty_14, void @empty, i32 0, i32 0, i32 0, i32 0, void @empty, void @empty"   --->   Operation 63 'specinterface' 'specinterface_ln0' <Predicate = true> <Delay = 0.00>
ST_5 : Operation 64 [1/1] (0.00ns)   --->   "%specinterface_ln0 = specinterface void @_ssdm_op_SpecInterface, i32 %k01, void @empty_4, i32 0, i32 0, void @empty, i32 0, i32 0, void @empty, void @empty, void @empty, i32 0, i32 0, i32 0, i32 0, void @empty, void @empty"   --->   Operation 64 'specinterface' 'specinterface_ln0' <Predicate = true> <Delay = 0.00>
ST_5 : Operation 65 [1/1] (0.00ns)   --->   "%specbitsmap_ln0 = specbitsmap void @_ssdm_op_SpecBitsMap, i32 %k02"   --->   Operation 65 'specbitsmap' 'specbitsmap_ln0' <Predicate = true> <Delay = 0.00>
ST_5 : Operation 66 [1/1] (0.00ns)   --->   "%specinterface_ln0 = specinterface void @_ssdm_op_SpecInterface, i32 %k02, void @empty_0, i32 0, i32 0, void @empty, i32 0, i32 0, void @empty_1, void @empty_5, void @empty, i32 0, i32 0, i32 0, i32 0, void @empty, void @empty"   --->   Operation 66 'specinterface' 'specinterface_ln0' <Predicate = true> <Delay = 0.00>
ST_5 : Operation 67 [1/1] (0.00ns)   --->   "%specinterface_ln0 = specinterface void @_ssdm_op_SpecInterface, i32 %k02, void @empty_4, i32 0, i32 0, void @empty, i32 0, i32 0, void @empty, void @empty, void @empty, i32 0, i32 0, i32 0, i32 0, void @empty, void @empty"   --->   Operation 67 'specinterface' 'specinterface_ln0' <Predicate = true> <Delay = 0.00>
ST_5 : Operation 68 [1/1] (0.00ns)   --->   "%specbitsmap_ln0 = specbitsmap void @_ssdm_op_SpecBitsMap, i32 %k10"   --->   Operation 68 'specbitsmap' 'specbitsmap_ln0' <Predicate = true> <Delay = 0.00>
ST_5 : Operation 69 [1/1] (0.00ns)   --->   "%specinterface_ln0 = specinterface void @_ssdm_op_SpecInterface, i32 %k10, void @empty_0, i32 0, i32 0, void @empty, i32 0, i32 0, void @empty_1, void @empty_6, void @empty, i32 0, i32 0, i32 0, i32 0, void @empty, void @empty"   --->   Operation 69 'specinterface' 'specinterface_ln0' <Predicate = true> <Delay = 0.00>
ST_5 : Operation 70 [1/1] (0.00ns)   --->   "%specinterface_ln0 = specinterface void @_ssdm_op_SpecInterface, i32 %k10, void @empty_4, i32 0, i32 0, void @empty, i32 0, i32 0, void @empty, void @empty, void @empty, i32 0, i32 0, i32 0, i32 0, void @empty, void @empty"   --->   Operation 70 'specinterface' 'specinterface_ln0' <Predicate = true> <Delay = 0.00>
ST_5 : Operation 71 [1/1] (0.00ns)   --->   "%specbitsmap_ln0 = specbitsmap void @_ssdm_op_SpecBitsMap, i32 %k11"   --->   Operation 71 'specbitsmap' 'specbitsmap_ln0' <Predicate = true> <Delay = 0.00>
ST_5 : Operation 72 [1/1] (0.00ns)   --->   "%specinterface_ln0 = specinterface void @_ssdm_op_SpecInterface, i32 %k11, void @empty_0, i32 0, i32 0, void @empty, i32 0, i32 0, void @empty_1, void @empty_7, void @empty, i32 0, i32 0, i32 0, i32 0, void @empty, void @empty"   --->   Operation 72 'specinterface' 'specinterface_ln0' <Predicate = true> <Delay = 0.00>
ST_5 : Operation 73 [1/1] (0.00ns)   --->   "%specinterface_ln0 = specinterface void @_ssdm_op_SpecInterface, i32 %k11, void @empty_4, i32 0, i32 0, void @empty, i32 0, i32 0, void @empty, void @empty, void @empty, i32 0, i32 0, i32 0, i32 0, void @empty, void @empty"   --->   Operation 73 'specinterface' 'specinterface_ln0' <Predicate = true> <Delay = 0.00>
ST_5 : Operation 74 [1/1] (0.00ns)   --->   "%specbitsmap_ln0 = specbitsmap void @_ssdm_op_SpecBitsMap, i32 %k12"   --->   Operation 74 'specbitsmap' 'specbitsmap_ln0' <Predicate = true> <Delay = 0.00>
ST_5 : Operation 75 [1/1] (0.00ns)   --->   "%specinterface_ln0 = specinterface void @_ssdm_op_SpecInterface, i32 %k12, void @empty_0, i32 0, i32 0, void @empty, i32 0, i32 0, void @empty_1, void @empty_20, void @empty, i32 0, i32 0, i32 0, i32 0, void @empty, void @empty"   --->   Operation 75 'specinterface' 'specinterface_ln0' <Predicate = true> <Delay = 0.00>
ST_5 : Operation 76 [1/1] (0.00ns)   --->   "%specinterface_ln0 = specinterface void @_ssdm_op_SpecInterface, i32 %k12, void @empty_4, i32 0, i32 0, void @empty, i32 0, i32 0, void @empty, void @empty, void @empty, i32 0, i32 0, i32 0, i32 0, void @empty, void @empty"   --->   Operation 76 'specinterface' 'specinterface_ln0' <Predicate = true> <Delay = 0.00>
ST_5 : Operation 77 [1/1] (0.00ns)   --->   "%specbitsmap_ln0 = specbitsmap void @_ssdm_op_SpecBitsMap, i32 %k20"   --->   Operation 77 'specbitsmap' 'specbitsmap_ln0' <Predicate = true> <Delay = 0.00>
ST_5 : Operation 78 [1/1] (0.00ns)   --->   "%specinterface_ln0 = specinterface void @_ssdm_op_SpecInterface, i32 %k20, void @empty_0, i32 0, i32 0, void @empty, i32 0, i32 0, void @empty_1, void @empty_21, void @empty, i32 0, i32 0, i32 0, i32 0, void @empty, void @empty"   --->   Operation 78 'specinterface' 'specinterface_ln0' <Predicate = true> <Delay = 0.00>
ST_5 : Operation 79 [1/1] (0.00ns)   --->   "%specinterface_ln0 = specinterface void @_ssdm_op_SpecInterface, i32 %k20, void @empty_4, i32 0, i32 0, void @empty, i32 0, i32 0, void @empty, void @empty, void @empty, i32 0, i32 0, i32 0, i32 0, void @empty, void @empty"   --->   Operation 79 'specinterface' 'specinterface_ln0' <Predicate = true> <Delay = 0.00>
ST_5 : Operation 80 [1/1] (0.00ns)   --->   "%specbitsmap_ln0 = specbitsmap void @_ssdm_op_SpecBitsMap, i32 %k21"   --->   Operation 80 'specbitsmap' 'specbitsmap_ln0' <Predicate = true> <Delay = 0.00>
ST_5 : Operation 81 [1/1] (0.00ns)   --->   "%specinterface_ln0 = specinterface void @_ssdm_op_SpecInterface, i32 %k21, void @empty_0, i32 0, i32 0, void @empty, i32 0, i32 0, void @empty_1, void @empty_10, void @empty, i32 0, i32 0, i32 0, i32 0, void @empty, void @empty"   --->   Operation 81 'specinterface' 'specinterface_ln0' <Predicate = true> <Delay = 0.00>
ST_5 : Operation 82 [1/1] (0.00ns)   --->   "%specinterface_ln0 = specinterface void @_ssdm_op_SpecInterface, i32 %k21, void @empty_4, i32 0, i32 0, void @empty, i32 0, i32 0, void @empty, void @empty, void @empty, i32 0, i32 0, i32 0, i32 0, void @empty, void @empty"   --->   Operation 82 'specinterface' 'specinterface_ln0' <Predicate = true> <Delay = 0.00>
ST_5 : Operation 83 [1/1] (0.00ns)   --->   "%specbitsmap_ln0 = specbitsmap void @_ssdm_op_SpecBitsMap, i32 %k22"   --->   Operation 83 'specbitsmap' 'specbitsmap_ln0' <Predicate = true> <Delay = 0.00>
ST_5 : Operation 84 [1/1] (0.00ns)   --->   "%specinterface_ln0 = specinterface void @_ssdm_op_SpecInterface, i32 %k22, void @empty_0, i32 0, i32 0, void @empty, i32 0, i32 0, void @empty_1, void @empty_11, void @empty, i32 0, i32 0, i32 0, i32 0, void @empty, void @empty"   --->   Operation 84 'specinterface' 'specinterface_ln0' <Predicate = true> <Delay = 0.00>
ST_5 : Operation 85 [1/1] (0.00ns)   --->   "%specinterface_ln0 = specinterface void @_ssdm_op_SpecInterface, i32 %k22, void @empty_4, i32 0, i32 0, void @empty, i32 0, i32 0, void @empty, void @empty, void @empty, i32 0, i32 0, i32 0, i32 0, void @empty, void @empty"   --->   Operation 85 'specinterface' 'specinterface_ln0' <Predicate = true> <Delay = 0.00>
ST_5 : Operation 86 [1/1] (0.00ns)   --->   "%specinterface_ln0 = specinterface void @_ssdm_op_SpecInterface, i32 0, void @empty_0, i32 0, i32 0, void @empty, i32 0, i32 0, void @empty_1, void @empty, void @empty, i32 0, i32 0, i32 0, i32 0, void @empty, void @empty"   --->   Operation 86 'specinterface' 'specinterface_ln0' <Predicate = true> <Delay = 0.00>
ST_5 : Operation 87 [1/1] (0.00ns)   --->   "%kernel_V_addr_8 = getelementptr i32 %kernel_V, i64 0, i64 8" [2dconv.cpp:54]   --->   Operation 87 'getelementptr' 'kernel_V_addr_8' <Predicate = true> <Delay = 0.00>
ST_5 : Operation 88 [1/1] (2.32ns)   --->   "%store_ln54 = store i32 %k22_read, i4 %kernel_V_addr_8" [2dconv.cpp:54]   --->   Operation 88 'store' 'store_ln54' <Predicate = true> <Delay = 2.32> <CoreInst = "RAM">   --->   Core 82 'RAM' <Latency = 1> <II = 1> <Delay = 2.32> <Storage> <Opcode : 'load' 'store'> <Ports = 2> <Width = 32> <Depth = 9> <RAM>
ST_5 : Operation 89 [1/1] (0.00ns)   --->   "%br_ln57 = br void" [2dconv.cpp:57]   --->   Operation 89 'br' 'br_ln57' <Predicate = true> <Delay = 0.00>

State 6 <SV = 5> <Delay = 2.54>
ST_6 : Operation 90 [1/1] (0.00ns)   --->   "%r_1 = load i2 %r" [2dconv.cpp:57]   --->   Operation 90 'load' 'r_1' <Predicate = true> <Delay = 0.00>
ST_6 : Operation 91 [1/1] (0.00ns)   --->   "%tmp = bitconcatenate i8 @_ssdm_op_BitConcatenate.i8.i2.i6, i2 %r_1, i6 0" [2dconv.cpp:60]   --->   Operation 91 'bitconcatenate' 'tmp' <Predicate = true> <Delay = 0.00>
ST_6 : Operation 92 [1/1] (0.00ns)   --->   "%tmp_1 = bitconcatenate i4 @_ssdm_op_BitConcatenate.i4.i2.i2, i2 %r_1, i2 0" [2dconv.cpp:60]   --->   Operation 92 'bitconcatenate' 'tmp_1' <Predicate = true> <Delay = 0.00>
ST_6 : Operation 93 [1/1] (0.00ns)   --->   "%zext_ln60 = zext i4 %tmp_1" [2dconv.cpp:60]   --->   Operation 93 'zext' 'zext_ln60' <Predicate = true> <Delay = 0.00>
ST_6 : Operation 94 [1/1] (1.91ns)   --->   "%add_ln60 = add i8 %tmp, i8 %zext_ln60" [2dconv.cpp:60]   --->   Operation 94 'add' 'add_ln60' <Predicate = true> <Delay = 1.91> <CoreInst = "Adder">   --->   Core 1 'Adder' <Latency = 0> <II = 1> <Delay = 1.67> <FuncUnit> <Opcode : 'add' 'sub'> <InPorts = 2> <OutPorts = 1>
ST_6 : Operation 95 [1/1] (0.95ns)   --->   "%icmp_ln57 = icmp_eq  i2 %r_1, i2 3" [2dconv.cpp:57]   --->   Operation 95 'icmp' 'icmp_ln57' <Predicate = true> <Delay = 0.95> <CoreInst = "Cmp">   --->   Core 9 'Cmp' <Latency = 0> <II = 1> <Delay = 1.48> <FuncUnit> <Opcode : 'icmp'> <InPorts = 2> <OutPorts = 1>
ST_6 : Operation 96 [1/1] (0.00ns)   --->   "%empty = speclooptripcount i32 @_ssdm_op_SpecLoopTripCount, i64 3, i64 3, i64 3"   --->   Operation 96 'speclooptripcount' 'empty' <Predicate = true> <Delay = 0.00>
ST_6 : Operation 97 [1/1] (1.56ns)   --->   "%add_ln57 = add i2 %r_1, i2 1" [2dconv.cpp:57]   --->   Operation 97 'add' 'add_ln57' <Predicate = true> <Delay = 1.56> <CoreInst = "Adder">   --->   Core 1 'Adder' <Latency = 0> <II = 1> <Delay = 1.67> <FuncUnit> <Opcode : 'add' 'sub'> <InPorts = 2> <OutPorts = 1>
ST_6 : Operation 98 [1/1] (0.00ns)   --->   "%br_ln57 = br i1 %icmp_ln57, void %.split12, void %.preheader3.preheader" [2dconv.cpp:57]   --->   Operation 98 'br' 'br_ln57' <Predicate = true> <Delay = 0.00>
ST_6 : Operation 99 [1/1] (0.00ns)   --->   "%specloopname_ln57 = specloopname void @_ssdm_op_SpecLoopName, void @empty_19" [2dconv.cpp:57]   --->   Operation 99 'specloopname' 'specloopname_ln57' <Predicate = (!icmp_ln57)> <Delay = 0.00>
ST_6 : Operation 100 [1/1] (1.58ns)   --->   "%br_ln59 = br void" [2dconv.cpp:59]   --->   Operation 100 'br' 'br_ln59' <Predicate = (!icmp_ln57)> <Delay = 1.58>
ST_6 : Operation 101 [1/1] (0.00ns)   --->   "%img_r = alloca i32 1"   --->   Operation 101 'alloca' 'img_r' <Predicate = (icmp_ln57)> <Delay = 0.00>
ST_6 : Operation 102 [1/1] (0.00ns)   --->   "%out_count = alloca i32 1"   --->   Operation 102 'alloca' 'out_count' <Predicate = (icmp_ln57)> <Delay = 0.00>
ST_6 : Operation 103 [1/1] (1.58ns)   --->   "%store_ln67 = store i13 0, i13 %out_count" [2dconv.cpp:67]   --->   Operation 103 'store' 'store_ln67' <Predicate = (icmp_ln57)> <Delay = 1.58>
ST_6 : Operation 104 [1/1] (1.58ns)   --->   "%store_ln67 = store i7 0, i7 %img_r" [2dconv.cpp:67]   --->   Operation 104 'store' 'store_ln67' <Predicate = (icmp_ln57)> <Delay = 1.58>
ST_6 : Operation 105 [1/1] (0.00ns)   --->   "%br_ln67 = br void %.preheader3" [2dconv.cpp:67]   --->   Operation 105 'br' 'br_ln67' <Predicate = (icmp_ln57)> <Delay = 0.00>

State 7 <SV = 6> <Delay = 5.16>
ST_7 : Operation 106 [1/1] (0.00ns)   --->   "%c = phi i7 0, void %.split12, i7 %add_ln59, void %.split10" [2dconv.cpp:59]   --->   Operation 106 'phi' 'c' <Predicate = true> <Delay = 0.00>
ST_7 : Operation 107 [1/1] (0.00ns)   --->   "%zext_ln60_1 = zext i7 %c" [2dconv.cpp:60]   --->   Operation 107 'zext' 'zext_ln60_1' <Predicate = true> <Delay = 0.00>
ST_7 : Operation 108 [1/1] (1.91ns)   --->   "%add_ln60_1 = add i8 %add_ln60, i8 %zext_ln60_1" [2dconv.cpp:60]   --->   Operation 108 'add' 'add_ln60_1' <Predicate = true> <Delay = 1.91> <CoreInst = "Adder">   --->   Core 1 'Adder' <Latency = 0> <II = 1> <Delay = 1.67> <FuncUnit> <Opcode : 'add' 'sub'> <InPorts = 2> <OutPorts = 1>
ST_7 : Operation 109 [1/1] (0.00ns)   --->   "%zext_ln60_2 = zext i8 %add_ln60_1" [2dconv.cpp:60]   --->   Operation 109 'zext' 'zext_ln60_2' <Predicate = true> <Delay = 0.00>
ST_7 : Operation 110 [1/1] (0.00ns)   --->   "%linebuf_V_addr = getelementptr i32 %linebuf_V, i64 0, i64 %zext_ln60_2" [2dconv.cpp:60]   --->   Operation 110 'getelementptr' 'linebuf_V_addr' <Predicate = true> <Delay = 0.00>
ST_7 : Operation 111 [1/1] (1.48ns)   --->   "%icmp_ln59 = icmp_eq  i7 %c, i7 68" [2dconv.cpp:59]   --->   Operation 111 'icmp' 'icmp_ln59' <Predicate = true> <Delay = 1.48> <CoreInst = "Cmp">   --->   Core 9 'Cmp' <Latency = 0> <II = 1> <Delay = 1.48> <FuncUnit> <Opcode : 'icmp'> <InPorts = 2> <OutPorts = 1>
ST_7 : Operation 112 [1/1] (0.00ns)   --->   "%empty_27 = speclooptripcount i32 @_ssdm_op_SpecLoopTripCount, i64 68, i64 68, i64 68"   --->   Operation 112 'speclooptripcount' 'empty_27' <Predicate = true> <Delay = 0.00>
ST_7 : Operation 113 [1/1] (1.87ns)   --->   "%add_ln59 = add i7 %c, i7 1" [2dconv.cpp:59]   --->   Operation 113 'add' 'add_ln59' <Predicate = true> <Delay = 1.87> <CoreInst = "Adder">   --->   Core 1 'Adder' <Latency = 0> <II = 1> <Delay = 1.67> <FuncUnit> <Opcode : 'add' 'sub'> <InPorts = 2> <OutPorts = 1>
ST_7 : Operation 114 [1/1] (0.00ns)   --->   "%br_ln59 = br i1 %icmp_ln59, void %.split10, void" [2dconv.cpp:59]   --->   Operation 114 'br' 'br_ln59' <Predicate = true> <Delay = 0.00>
ST_7 : Operation 115 [1/1] (0.00ns)   --->   "%specloopname_ln59 = specloopname void @_ssdm_op_SpecLoopName, void @empty_18" [2dconv.cpp:59]   --->   Operation 115 'specloopname' 'specloopname_ln59' <Predicate = (!icmp_ln59)> <Delay = 0.00>
ST_7 : Operation 116 [1/1] (3.25ns)   --->   "%store_ln60 = store i32 0, i8 %linebuf_V_addr" [2dconv.cpp:60]   --->   Operation 116 'store' 'store_ln60' <Predicate = (!icmp_ln59)> <Delay = 3.25> <CoreInst = "RAM">   --->   Core 82 'RAM' <Latency = 1> <II = 1> <Delay = 3.25> <Storage> <Opcode : 'load' 'store'> <Ports = 2> <Width = 32> <Depth = 204> <RAM>
ST_7 : Operation 117 [1/1] (0.00ns)   --->   "%br_ln0 = br void"   --->   Operation 117 'br' 'br_ln0' <Predicate = (!icmp_ln59)> <Delay = 0.00>
ST_7 : Operation 118 [1/1] (1.58ns)   --->   "%store_ln57 = store i2 %add_ln57, i2 %r" [2dconv.cpp:57]   --->   Operation 118 'store' 'store_ln57' <Predicate = (icmp_ln59)> <Delay = 1.58>
ST_7 : Operation 119 [1/1] (0.00ns)   --->   "%br_ln0 = br void"   --->   Operation 119 'br' 'br_ln0' <Predicate = (icmp_ln59)> <Delay = 0.00>

State 8 <SV = 6> <Delay = 1.87>
ST_8 : Operation 120 [1/1] (0.00ns)   --->   "%img_r_1 = load i7 %img_r" [2dconv.cpp:67]   --->   Operation 120 'load' 'img_r_1' <Predicate = true> <Delay = 0.00>
ST_8 : Operation 121 [1/1] (0.00ns)   --->   "%out_count_2 = load i13 %out_count" [2dconv.cpp:69]   --->   Operation 121 'load' 'out_count_2' <Predicate = true> <Delay = 0.00>
ST_8 : Operation 122 [1/1] (1.48ns)   --->   "%icmp_ln67 = icmp_eq  i7 %img_r_1, i7 66" [2dconv.cpp:67]   --->   Operation 122 'icmp' 'icmp_ln67' <Predicate = true> <Delay = 1.48> <CoreInst = "Cmp">   --->   Core 9 'Cmp' <Latency = 0> <II = 1> <Delay = 1.48> <FuncUnit> <Opcode : 'icmp'> <InPorts = 2> <OutPorts = 1>
ST_8 : Operation 123 [1/1] (0.00ns)   --->   "%empty_28 = speclooptripcount i32 @_ssdm_op_SpecLoopTripCount, i64 66, i64 66, i64 66"   --->   Operation 123 'speclooptripcount' 'empty_28' <Predicate = true> <Delay = 0.00>
ST_8 : Operation 124 [1/1] (1.87ns)   --->   "%img_r_2 = add i7 %img_r_1, i7 1" [2dconv.cpp:67]   --->   Operation 124 'add' 'img_r_2' <Predicate = true> <Delay = 1.87> <CoreInst = "Adder">   --->   Core 1 'Adder' <Latency = 0> <II = 1> <Delay = 1.67> <FuncUnit> <Opcode : 'add' 'sub'> <InPorts = 2> <OutPorts = 1>
ST_8 : Operation 125 [1/1] (0.00ns)   --->   "%br_ln67 = br i1 %icmp_ln67, void %.split8, void" [2dconv.cpp:67]   --->   Operation 125 'br' 'br_ln67' <Predicate = true> <Delay = 0.00>
ST_8 : Operation 126 [1/1] (0.00ns)   --->   "%specloopname_ln87 = specloopname void @_ssdm_op_SpecLoopName, void @empty_17" [2dconv.cpp:87]   --->   Operation 126 'specloopname' 'specloopname_ln87' <Predicate = (!icmp_ln67)> <Delay = 0.00>
ST_8 : Operation 127 [1/1] (1.58ns)   --->   "%br_ln69 = br void %_ZN8ap_fixedILi32ELi16EL9ap_q_mode5EL9ap_o_mode3ELi0EEC2Ei.exit40" [2dconv.cpp:69]   --->   Operation 127 'br' 'br_ln69' <Predicate = (!icmp_ln67)> <Delay = 1.58>
ST_8 : Operation 128 [1/1] (0.00ns)   --->   "%ret_ln100 = ret" [2dconv.cpp:100]   --->   Operation 128 'ret' 'ret_ln100' <Predicate = (icmp_ln67)> <Delay = 0.00>

State 9 <SV = 7> <Delay = 7.03>
ST_9 : Operation 129 [1/1] (0.00ns)   --->   "%ptr = phi i7 0, void %.split8, i7 %add_ln69_1, void" [2dconv.cpp:69]   --->   Operation 129 'phi' 'ptr' <Predicate = true> <Delay = 0.00>
ST_9 : Operation 130 [1/1] (0.00ns)   --->   "%out_count_1 = phi i13 %out_count_2, void %.split8, i13 %out_count_4, void"   --->   Operation 130 'phi' 'out_count_1' <Predicate = true> <Delay = 0.00>
ST_9 : Operation 131 [1/1] (1.48ns)   --->   "%icmp_ln69 = icmp_eq  i7 %ptr, i7 66" [2dconv.cpp:69]   --->   Operation 131 'icmp' 'icmp_ln69' <Predicate = true> <Delay = 1.48> <CoreInst = "Cmp">   --->   Core 9 'Cmp' <Latency = 0> <II = 1> <Delay = 1.48> <FuncUnit> <Opcode : 'icmp'> <InPorts = 2> <OutPorts = 1>
ST_9 : Operation 132 [1/1] (0.00ns)   --->   "%empty_29 = speclooptripcount i32 @_ssdm_op_SpecLoopTripCount, i64 66, i64 66, i64 66"   --->   Operation 132 'speclooptripcount' 'empty_29' <Predicate = true> <Delay = 0.00>
ST_9 : Operation 133 [1/1] (1.87ns)   --->   "%add_ln69_1 = add i7 %ptr, i7 1" [2dconv.cpp:69]   --->   Operation 133 'add' 'add_ln69_1' <Predicate = true> <Delay = 1.87> <CoreInst = "Adder">   --->   Core 1 'Adder' <Latency = 0> <II = 1> <Delay = 1.67> <FuncUnit> <Opcode : 'add' 'sub'> <InPorts = 2> <OutPorts = 1>
ST_9 : Operation 134 [1/1] (0.00ns)   --->   "%br_ln69 = br i1 %icmp_ln69, void %_ZN8ap_fixedILi32ELi16EL9ap_q_mode5EL9ap_o_mode3ELi0EEC2Ei.exit40.split, void %.preheader.preheader" [2dconv.cpp:69]   --->   Operation 134 'br' 'br_ln69' <Predicate = true> <Delay = 0.00>
ST_9 : Operation 135 [1/1] (0.00ns)   --->   "%specloopname_ln87 = specloopname void @_ssdm_op_SpecLoopName, void @empty_3" [2dconv.cpp:87]   --->   Operation 135 'specloopname' 'specloopname_ln87' <Predicate = (!icmp_ln69)> <Delay = 0.00>
ST_9 : Operation 136 [1/1] (0.00ns)   --->   "%tmp_2 = bitselect i1 @_ssdm_op_BitSelect.i1.i7.i32, i7 %ptr, i32 6" [2dconv.cpp:73]   --->   Operation 136 'bitselect' 'tmp_2' <Predicate = (!icmp_ln69)> <Delay = 0.00>
ST_9 : Operation 137 [1/1] (0.00ns)   --->   "%br_ln73 = br i1 %tmp_2, void, void %_ZN8ap_fixedILi32ELi16EL9ap_q_mode5EL9ap_o_mode3ELi0EEC2Ei.exit40.split._crit_edge" [2dconv.cpp:73]   --->   Operation 137 'br' 'br_ln73' <Predicate = (!icmp_ln69)> <Delay = 0.00>
ST_9 : Operation 138 [1/1] (0.00ns)   --->   "%empty_30 = read i41 @_ssdm_op_Read.axis.volatile.i32P0A.i4P0A.i4P0A.i1P0A, i32 %in_stream_V_data_V, i4 %in_stream_V_keep_V, i4 %in_stream_V_strb_V, i1 %in_stream_V_last_V"   --->   Operation 138 'read' 'empty_30' <Predicate = (!icmp_ln69 & !tmp_2)> <Delay = 0.00> <CoreInst = "axis">   --->   Core 115 'axis' <Latency = 0> <II = 1> <Delay = 1.00> <Adapter> <Opcode : >
ST_9 : Operation 139 [1/1] (0.00ns)   --->   "%in_pkt = extractvalue i41 %empty_30"   --->   Operation 139 'extractvalue' 'in_pkt' <Predicate = (!icmp_ln69 & !tmp_2)> <Delay = 0.00>
ST_9 : Operation 140 [1/1] (1.87ns)   --->   "%add_ln76 = add i7 %ptr, i7 2" [2dconv.cpp:76]   --->   Operation 140 'add' 'add_ln76' <Predicate = (!icmp_ln69 & !tmp_2)> <Delay = 1.87> <CoreInst = "Adder">   --->   Core 1 'Adder' <Latency = 0> <II = 1> <Delay = 1.67> <FuncUnit> <Opcode : 'add' 'sub'> <InPorts = 2> <OutPorts = 1>
ST_9 : Operation 141 [1/1] (0.00ns)   --->   "%zext_ln76 = zext i7 %add_ln76" [2dconv.cpp:76]   --->   Operation 141 'zext' 'zext_ln76' <Predicate = (!icmp_ln69 & !tmp_2)> <Delay = 0.00>
ST_9 : Operation 142 [1/1] (1.91ns)   --->   "%add_ln76_1 = add i8 %zext_ln76, i8 136" [2dconv.cpp:76]   --->   Operation 142 'add' 'add_ln76_1' <Predicate = (!icmp_ln69 & !tmp_2)> <Delay = 1.91> <CoreInst = "Adder">   --->   Core 1 'Adder' <Latency = 0> <II = 1> <Delay = 1.67> <FuncUnit> <Opcode : 'add' 'sub'> <InPorts = 2> <OutPorts = 1>
ST_9 : Operation 143 [1/1] (0.00ns)   --->   "%zext_ln76_1 = zext i8 %add_ln76_1" [2dconv.cpp:76]   --->   Operation 143 'zext' 'zext_ln76_1' <Predicate = (!icmp_ln69 & !tmp_2)> <Delay = 0.00>
ST_9 : Operation 144 [1/1] (0.00ns)   --->   "%linebuf_V_addr_1 = getelementptr i32 %linebuf_V, i64 0, i64 %zext_ln76_1" [2dconv.cpp:76]   --->   Operation 144 'getelementptr' 'linebuf_V_addr_1' <Predicate = (!icmp_ln69 & !tmp_2)> <Delay = 0.00>
ST_9 : Operation 145 [1/1] (3.25ns)   --->   "%store_ln76 = store i32 %in_pkt, i8 %linebuf_V_addr_1" [2dconv.cpp:76]   --->   Operation 145 'store' 'store_ln76' <Predicate = (!icmp_ln69 & !tmp_2)> <Delay = 3.25> <CoreInst = "RAM">   --->   Core 82 'RAM' <Latency = 1> <II = 1> <Delay = 3.25> <Storage> <Opcode : 'load' 'store'> <Ports = 2> <Width = 32> <Depth = 204> <RAM>
ST_9 : Operation 146 [1/1] (0.00ns)   --->   "%br_ln77 = br void %_ZN8ap_fixedILi32ELi16EL9ap_q_mode5EL9ap_o_mode3ELi0EEC2Ei.exit40.split._crit_edge" [2dconv.cpp:77]   --->   Operation 146 'br' 'br_ln77' <Predicate = (!icmp_ln69 & !tmp_2)> <Delay = 0.00>
ST_9 : Operation 147 [1/1] (1.58ns)   --->   "%br_ln80 = br void" [2dconv.cpp:80]   --->   Operation 147 'br' 'br_ln80' <Predicate = (!icmp_ln69)> <Delay = 1.58>
ST_9 : Operation 148 [1/1] (1.58ns)   --->   "%br_ln94 = br void %.preheader" [2dconv.cpp:94]   --->   Operation 148 'br' 'br_ln94' <Predicate = (icmp_ln69)> <Delay = 1.58>

State 10 <SV = 8> <Delay = 2.09>
ST_10 : Operation 149 [1/1] (0.00ns)   --->   "%kr = phi i2 %add_ln80, void, i2 0, void %_ZN8ap_fixedILi32ELi16EL9ap_q_mode5EL9ap_o_mode3ELi0EEC2Ei.exit40.split._crit_edge" [2dconv.cpp:80]   --->   Operation 149 'phi' 'kr' <Predicate = true> <Delay = 0.00>
ST_10 : Operation 150 [1/1] (0.00ns)   --->   "%acc_V = phi i32 %acc_V_3, void, i32 0, void %_ZN8ap_fixedILi32ELi16EL9ap_q_mode5EL9ap_o_mode3ELi0EEC2Ei.exit40.split._crit_edge"   --->   Operation 150 'phi' 'acc_V' <Predicate = true> <Delay = 0.00>
ST_10 : Operation 151 [1/1] (0.00ns)   --->   "%zext_ln1171 = zext i2 %kr"   --->   Operation 151 'zext' 'zext_ln1171' <Predicate = true> <Delay = 0.00>
ST_10 : Operation 152 [1/1] (0.00ns)   --->   "%tmp_7 = bitconcatenate i8 @_ssdm_op_BitConcatenate.i8.i2.i6, i2 %kr, i6 0"   --->   Operation 152 'bitconcatenate' 'tmp_7' <Predicate = true> <Delay = 0.00>
ST_10 : Operation 153 [1/1] (0.00ns)   --->   "%tmp_8 = bitconcatenate i4 @_ssdm_op_BitConcatenate.i4.i2.i2, i2 %kr, i2 0"   --->   Operation 153 'bitconcatenate' 'tmp_8' <Predicate = true> <Delay = 0.00>
ST_10 : Operation 154 [1/1] (0.00ns)   --->   "%zext_ln1171_1 = zext i4 %tmp_8"   --->   Operation 154 'zext' 'zext_ln1171_1' <Predicate = true> <Delay = 0.00>
ST_10 : Operation 155 [1/1] (1.91ns)   --->   "%add_ln1171 = add i8 %tmp_7, i8 %zext_ln1171_1"   --->   Operation 155 'add' 'add_ln1171' <Predicate = true> <Delay = 1.91> <CoreInst = "Adder">   --->   Core 1 'Adder' <Latency = 0> <II = 1> <Delay = 1.67> <FuncUnit> <Opcode : 'add' 'sub'> <InPorts = 2> <OutPorts = 1>
ST_10 : Operation 156 [1/1] (1.73ns)   --->   "%sub_ln1169 = sub i4 %tmp_8, i4 %zext_ln1171"   --->   Operation 156 'sub' 'sub_ln1169' <Predicate = true> <Delay = 1.73> <CoreInst = "Adder">   --->   Core 1 'Adder' <Latency = 0> <II = 1> <Delay = 1.67> <FuncUnit> <Opcode : 'add' 'sub'> <InPorts = 2> <OutPorts = 1>
ST_10 : Operation 157 [1/1] (0.95ns)   --->   "%icmp_ln80 = icmp_eq  i2 %kr, i2 3" [2dconv.cpp:80]   --->   Operation 157 'icmp' 'icmp_ln80' <Predicate = true> <Delay = 0.95> <CoreInst = "Cmp">   --->   Core 9 'Cmp' <Latency = 0> <II = 1> <Delay = 1.48> <FuncUnit> <Opcode : 'icmp'> <InPorts = 2> <OutPorts = 1>
ST_10 : Operation 158 [1/1] (0.00ns)   --->   "%empty_31 = speclooptripcount i32 @_ssdm_op_SpecLoopTripCount, i64 3, i64 3, i64 3"   --->   Operation 158 'speclooptripcount' 'empty_31' <Predicate = true> <Delay = 0.00>
ST_10 : Operation 159 [1/1] (1.56ns)   --->   "%add_ln80 = add i2 %kr, i2 1" [2dconv.cpp:80]   --->   Operation 159 'add' 'add_ln80' <Predicate = true> <Delay = 1.56> <CoreInst = "Adder">   --->   Core 1 'Adder' <Latency = 0> <II = 1> <Delay = 1.67> <FuncUnit> <Opcode : 'add' 'sub'> <InPorts = 2> <OutPorts = 1>
ST_10 : Operation 160 [1/1] (0.00ns)   --->   "%br_ln80 = br i1 %icmp_ln80, void %.split, void" [2dconv.cpp:80]   --->   Operation 160 'br' 'br_ln80' <Predicate = true> <Delay = 0.00>
ST_10 : Operation 161 [1/1] (0.00ns)   --->   "%specloopname_ln71 = specloopname void @_ssdm_op_SpecLoopName, void @empty_15" [2dconv.cpp:71]   --->   Operation 161 'specloopname' 'specloopname_ln71' <Predicate = (!icmp_ln80)> <Delay = 0.00>
ST_10 : Operation 162 [1/1] (1.58ns)   --->   "%br_ln82 = br void %_ZN13ap_fixed_baseILi65ELi33ELb1EL9ap_q_mode5EL9ap_o_mode3ELi0EEC2ILi32ELi16ELb1ELS0_5ELS1_3ELi0EEERKS_IXT_EXT0_EXT1_EXT2_EXT3_EXT4_EE.exit.i.i" [2dconv.cpp:82]   --->   Operation 162 'br' 'br_ln82' <Predicate = (!icmp_ln80)> <Delay = 1.58>
ST_10 : Operation 163 [1/1] (2.09ns)   --->   "%last = icmp_eq  i13 %out_count_1, i13 4355" [2dconv.cpp:87]   --->   Operation 163 'icmp' 'last' <Predicate = (icmp_ln80)> <Delay = 2.09> <CoreInst = "Cmp">   --->   Core 9 'Cmp' <Latency = 0> <II = 1> <Delay = 1.48> <FuncUnit> <Opcode : 'icmp'> <InPorts = 2> <OutPorts = 1>
ST_10 : Operation 164 [2/2] (0.00ns)   --->   "%write_ln304 = write void @_ssdm_op_Write.axis.volatile.i32P0A.i4P0A.i4P0A.i1P0A, i32 %out_stream_V_data_V, i4 %out_stream_V_keep_V, i4 %out_stream_V_strb_V, i1 %out_stream_V_last_V, i32 %acc_V, i4 15, i4 15, i1 %last"   --->   Operation 164 'write' 'write_ln304' <Predicate = (icmp_ln80)> <Delay = 0.00> <CoreInst = "axis">   --->   Core 115 'axis' <Latency = 0> <II = 1> <Delay = 1.00> <Adapter> <Opcode : >
ST_10 : Operation 165 [1/1] (1.67ns)   --->   "%out_count_4 = add i13 %out_count_1, i13 1" [2dconv.cpp:90]   --->   Operation 165 'add' 'out_count_4' <Predicate = (icmp_ln80)> <Delay = 1.67> <CoreInst = "Adder">   --->   Core 1 'Adder' <Latency = 0> <II = 1> <Delay = 1.67> <FuncUnit> <Opcode : 'add' 'sub'> <InPorts = 2> <OutPorts = 1>

State 11 <SV = 9> <Delay = 7.03>
ST_11 : Operation 166 [1/1] (0.00ns)   --->   "%kc = phi i2 0, void %.split, i2 %add_ln82, void %_ZN13ap_fixed_baseILi65ELi33ELb1EL9ap_q_mode5EL9ap_o_mode3ELi0EEC2ILi32ELi16ELb1ELS0_5ELS1_3ELi0EEERKS_IXT_EXT0_EXT1_EXT2_EXT3_EXT4_EE.exit.i.i.split" [2dconv.cpp:82]   --->   Operation 166 'phi' 'kc' <Predicate = true> <Delay = 0.00>
ST_11 : Operation 167 [1/1] (0.00ns)   --->   "%acc_V_3 = phi i32 %acc_V, void %.split, i32 %acc_V_1, void %_ZN13ap_fixed_baseILi65ELi33ELb1EL9ap_q_mode5EL9ap_o_mode3ELi0EEC2ILi32ELi16ELb1ELS0_5ELS1_3ELi0EEERKS_IXT_EXT0_EXT1_EXT2_EXT3_EXT4_EE.exit.i.i.split"   --->   Operation 167 'phi' 'acc_V_3' <Predicate = true> <Delay = 0.00>
ST_11 : Operation 168 [1/1] (0.00ns)   --->   "%zext_ln1169 = zext i2 %kc"   --->   Operation 168 'zext' 'zext_ln1169' <Predicate = true> <Delay = 0.00>
ST_11 : Operation 169 [1/1] (1.73ns)   --->   "%add_ln1169 = add i4 %sub_ln1169, i4 %zext_ln1169"   --->   Operation 169 'add' 'add_ln1169' <Predicate = true> <Delay = 1.73> <CoreInst = "Adder">   --->   Core 1 'Adder' <Latency = 0> <II = 1> <Delay = 1.67> <FuncUnit> <Opcode : 'add' 'sub'> <InPorts = 2> <OutPorts = 1>
ST_11 : Operation 170 [1/1] (0.00ns)   --->   "%zext_ln1169_1 = zext i4 %add_ln1169"   --->   Operation 170 'zext' 'zext_ln1169_1' <Predicate = true> <Delay = 0.00>
ST_11 : Operation 171 [1/1] (0.00ns)   --->   "%kernel_V_addr_9 = getelementptr i32 %kernel_V, i64 0, i64 %zext_ln1169_1"   --->   Operation 171 'getelementptr' 'kernel_V_addr_9' <Predicate = true> <Delay = 0.00>
ST_11 : Operation 172 [1/1] (0.00ns)   --->   "%zext_ln82 = zext i2 %kc" [2dconv.cpp:82]   --->   Operation 172 'zext' 'zext_ln82' <Predicate = true> <Delay = 0.00>
ST_11 : Operation 173 [1/1] (0.95ns)   --->   "%icmp_ln82 = icmp_eq  i2 %kc, i2 3" [2dconv.cpp:82]   --->   Operation 173 'icmp' 'icmp_ln82' <Predicate = true> <Delay = 0.95> <CoreInst = "Cmp">   --->   Core 9 'Cmp' <Latency = 0> <II = 1> <Delay = 1.48> <FuncUnit> <Opcode : 'icmp'> <InPorts = 2> <OutPorts = 1>
ST_11 : Operation 174 [1/1] (0.00ns)   --->   "%empty_32 = speclooptripcount i32 @_ssdm_op_SpecLoopTripCount, i64 3, i64 3, i64 3"   --->   Operation 174 'speclooptripcount' 'empty_32' <Predicate = true> <Delay = 0.00>
ST_11 : Operation 175 [1/1] (1.56ns)   --->   "%add_ln82 = add i2 %kc, i2 1" [2dconv.cpp:82]   --->   Operation 175 'add' 'add_ln82' <Predicate = true> <Delay = 1.56> <CoreInst = "Adder">   --->   Core 1 'Adder' <Latency = 0> <II = 1> <Delay = 1.67> <FuncUnit> <Opcode : 'add' 'sub'> <InPorts = 2> <OutPorts = 1>
ST_11 : Operation 176 [1/1] (0.00ns)   --->   "%br_ln82 = br i1 %icmp_ln82, void %_ZN13ap_fixed_baseILi65ELi33ELb1EL9ap_q_mode5EL9ap_o_mode3ELi0EEC2ILi32ELi16ELb1ELS0_5ELS1_3ELi0EEERKS_IXT_EXT0_EXT1_EXT2_EXT3_EXT4_EE.exit.i.i.split, void" [2dconv.cpp:82]   --->   Operation 176 'br' 'br_ln82' <Predicate = true> <Delay = 0.00>
ST_11 : Operation 177 [1/1] (1.87ns)   --->   "%add_ln83 = add i7 %zext_ln82, i7 %ptr" [2dconv.cpp:83]   --->   Operation 177 'add' 'add_ln83' <Predicate = (!icmp_ln82)> <Delay = 1.87> <CoreInst = "Adder">   --->   Core 1 'Adder' <Latency = 0> <II = 1> <Delay = 1.67> <FuncUnit> <Opcode : 'add' 'sub'> <InPorts = 2> <OutPorts = 1>
ST_11 : Operation 178 [1/1] (0.00ns)   --->   "%zext_ln1171_2 = zext i7 %add_ln83"   --->   Operation 178 'zext' 'zext_ln1171_2' <Predicate = (!icmp_ln82)> <Delay = 0.00>
ST_11 : Operation 179 [1/1] (1.91ns)   --->   "%add_ln1171_1 = add i8 %add_ln1171, i8 %zext_ln1171_2"   --->   Operation 179 'add' 'add_ln1171_1' <Predicate = (!icmp_ln82)> <Delay = 1.91> <CoreInst = "Adder">   --->   Core 1 'Adder' <Latency = 0> <II = 1> <Delay = 1.67> <FuncUnit> <Opcode : 'add' 'sub'> <InPorts = 2> <OutPorts = 1>
ST_11 : Operation 180 [1/1] (0.00ns)   --->   "%zext_ln1171_3 = zext i8 %add_ln1171_1"   --->   Operation 180 'zext' 'zext_ln1171_3' <Predicate = (!icmp_ln82)> <Delay = 0.00>
ST_11 : Operation 181 [1/1] (0.00ns)   --->   "%linebuf_V_addr_5 = getelementptr i32 %linebuf_V, i64 0, i64 %zext_ln1171_3"   --->   Operation 181 'getelementptr' 'linebuf_V_addr_5' <Predicate = (!icmp_ln82)> <Delay = 0.00>
ST_11 : Operation 182 [2/2] (2.32ns)   --->   "%r_V = load i4 %kernel_V_addr_9"   --->   Operation 182 'load' 'r_V' <Predicate = (!icmp_ln82)> <Delay = 2.32> <CoreInst = "RAM">   --->   Core 82 'RAM' <Latency = 1> <II = 1> <Delay = 2.32> <Storage> <Opcode : 'load' 'store'> <Ports = 2> <Width = 32> <Depth = 9> <RAM>
ST_11 : Operation 183 [2/2] (3.25ns)   --->   "%linebuf_V_load_2 = load i8 %linebuf_V_addr_5"   --->   Operation 183 'load' 'linebuf_V_load_2' <Predicate = (!icmp_ln82)> <Delay = 3.25> <CoreInst = "RAM">   --->   Core 82 'RAM' <Latency = 1> <II = 1> <Delay = 3.25> <Storage> <Opcode : 'load' 'store'> <Ports = 2> <Width = 32> <Depth = 204> <RAM>
ST_11 : Operation 184 [1/1] (0.00ns)   --->   "%br_ln0 = br void"   --->   Operation 184 'br' 'br_ln0' <Predicate = (icmp_ln82)> <Delay = 0.00>

State 12 <SV = 10> <Delay = 3.25>
ST_12 : Operation 185 [1/2] (2.32ns)   --->   "%r_V = load i4 %kernel_V_addr_9"   --->   Operation 185 'load' 'r_V' <Predicate = true> <Delay = 2.32> <CoreInst = "RAM">   --->   Core 82 'RAM' <Latency = 1> <II = 1> <Delay = 2.32> <Storage> <Opcode : 'load' 'store'> <Ports = 2> <Width = 32> <Depth = 9> <RAM>
ST_12 : Operation 186 [1/2] (3.25ns)   --->   "%linebuf_V_load_2 = load i8 %linebuf_V_addr_5"   --->   Operation 186 'load' 'linebuf_V_load_2' <Predicate = true> <Delay = 3.25> <CoreInst = "RAM">   --->   Core 82 'RAM' <Latency = 1> <II = 1> <Delay = 3.25> <Storage> <Opcode : 'load' 'store'> <Ports = 2> <Width = 32> <Depth = 204> <RAM>

State 13 <SV = 11> <Delay = 6.91>
ST_13 : Operation 187 [1/1] (0.00ns)   --->   "%sext_ln1168 = sext i32 %r_V"   --->   Operation 187 'sext' 'sext_ln1168' <Predicate = true> <Delay = 0.00>
ST_13 : Operation 188 [1/1] (0.00ns)   --->   "%sext_ln1171 = sext i32 %linebuf_V_load_2"   --->   Operation 188 'sext' 'sext_ln1171' <Predicate = true> <Delay = 0.00>
ST_13 : Operation 189 [2/2] (6.91ns)   --->   "%r_V_1 = mul i48 %sext_ln1171, i48 %sext_ln1168"   --->   Operation 189 'mul' 'r_V_1' <Predicate = true> <Delay = 6.91> <CoreInst = "Multiplier">   --->   Core 3 'Multiplier' <Latency = 1> <II = 1> <Delay = 6.91> <FuncUnit> <Opcode : 'mul'> <InPorts = 2> <OutPorts = 1>

State 14 <SV = 12> <Delay = 6.91>
ST_14 : Operation 190 [1/2] (6.91ns)   --->   "%r_V_1 = mul i48 %sext_ln1171, i48 %sext_ln1168"   --->   Operation 190 'mul' 'r_V_1' <Predicate = true> <Delay = 6.91> <CoreInst = "Multiplier">   --->   Core 3 'Multiplier' <Latency = 1> <II = 1> <Delay = 6.91> <FuncUnit> <Opcode : 'mul'> <InPorts = 2> <OutPorts = 1>

State 15 <SV = 13> <Delay = 3.10>
ST_15 : Operation 191 [1/1] (0.00ns)   --->   "%specloopname_ln71 = specloopname void @_ssdm_op_SpecLoopName, void @empty_13" [2dconv.cpp:71]   --->   Operation 191 'specloopname' 'specloopname_ln71' <Predicate = true> <Delay = 0.00>
ST_15 : Operation 192 [1/1] (0.00ns)   --->   "%lhs_1 = bitconcatenate i48 @_ssdm_op_BitConcatenate.i48.i32.i16, i32 %acc_V_3, i16 0"   --->   Operation 192 'bitconcatenate' 'lhs_1' <Predicate = true> <Delay = 0.00>
ST_15 : Operation 193 [1/1] (3.10ns)   --->   "%ret_V = add i48 %lhs_1, i48 %r_V_1"   --->   Operation 193 'add' 'ret_V' <Predicate = true> <Delay = 3.10> <CoreInst = "Adder">   --->   Core 1 'Adder' <Latency = 0> <II = 1> <Delay = 1.67> <FuncUnit> <Opcode : 'add' 'sub'> <InPorts = 2> <OutPorts = 1>
ST_15 : Operation 194 [1/1] (0.00ns)   --->   "%acc_V_1 = partselect i32 @_ssdm_op_PartSelect.i32.i48.i32.i32, i48 %ret_V, i32 16, i32 47"   --->   Operation 194 'partselect' 'acc_V_1' <Predicate = true> <Delay = 0.00>
ST_15 : Operation 195 [1/1] (0.00ns)   --->   "%br_ln0 = br void %_ZN13ap_fixed_baseILi65ELi33ELb1EL9ap_q_mode5EL9ap_o_mode3ELi0EEC2ILi32ELi16ELb1ELS0_5ELS1_3ELi0EEERKS_IXT_EXT0_EXT1_EXT2_EXT3_EXT4_EE.exit.i.i"   --->   Operation 195 'br' 'br_ln0' <Predicate = true> <Delay = 0.00>

State 16 <SV = 9> <Delay = 0.00>
ST_16 : Operation 196 [1/2] (0.00ns)   --->   "%write_ln304 = write void @_ssdm_op_Write.axis.volatile.i32P0A.i4P0A.i4P0A.i1P0A, i32 %out_stream_V_data_V, i4 %out_stream_V_keep_V, i4 %out_stream_V_strb_V, i1 %out_stream_V_last_V, i32 %acc_V, i4 15, i4 15, i1 %last"   --->   Operation 196 'write' 'write_ln304' <Predicate = true> <Delay = 0.00> <CoreInst = "axis">   --->   Core 115 'axis' <Latency = 0> <II = 1> <Delay = 1.00> <Adapter> <Opcode : >
ST_16 : Operation 197 [1/1] (0.00ns)   --->   "%br_ln0 = br void %_ZN8ap_fixedILi32ELi16EL9ap_q_mode5EL9ap_o_mode3ELi0EEC2Ei.exit40"   --->   Operation 197 'br' 'br_ln0' <Predicate = true> <Delay = 0.00>

State 17 <SV = 8> <Delay = 5.16>
ST_17 : Operation 198 [1/1] (0.00ns)   --->   "%c_1 = phi i7 %add_ln94, void %.split6, i7 0, void %.preheader.preheader" [2dconv.cpp:94]   --->   Operation 198 'phi' 'c_1' <Predicate = true> <Delay = 0.00>
ST_17 : Operation 199 [1/1] (0.00ns)   --->   "%zext_ln94 = zext i7 %c_1" [2dconv.cpp:94]   --->   Operation 199 'zext' 'zext_ln94' <Predicate = true> <Delay = 0.00>
ST_17 : Operation 200 [1/1] (0.00ns)   --->   "%zext_ln95 = zext i7 %c_1" [2dconv.cpp:95]   --->   Operation 200 'zext' 'zext_ln95' <Predicate = true> <Delay = 0.00>
ST_17 : Operation 201 [1/1] (1.91ns)   --->   "%add_ln95 = add i8 %zext_ln95, i8 68" [2dconv.cpp:95]   --->   Operation 201 'add' 'add_ln95' <Predicate = true> <Delay = 1.91> <CoreInst = "Adder">   --->   Core 1 'Adder' <Latency = 0> <II = 1> <Delay = 1.67> <FuncUnit> <Opcode : 'add' 'sub'> <InPorts = 2> <OutPorts = 1>
ST_17 : Operation 202 [1/1] (0.00ns)   --->   "%zext_ln95_1 = zext i8 %add_ln95" [2dconv.cpp:95]   --->   Operation 202 'zext' 'zext_ln95_1' <Predicate = true> <Delay = 0.00>
ST_17 : Operation 203 [1/1] (0.00ns)   --->   "%linebuf_V_addr_2 = getelementptr i32 %linebuf_V, i64 0, i64 %zext_ln95_1" [2dconv.cpp:95]   --->   Operation 203 'getelementptr' 'linebuf_V_addr_2' <Predicate = true> <Delay = 0.00>
ST_17 : Operation 204 [1/1] (0.00ns)   --->   "%linebuf_V_addr_3 = getelementptr i32 %linebuf_V, i64 0, i64 %zext_ln94" [2dconv.cpp:95]   --->   Operation 204 'getelementptr' 'linebuf_V_addr_3' <Predicate = true> <Delay = 0.00>
ST_17 : Operation 205 [1/1] (1.91ns)   --->   "%add_ln96 = add i8 %zext_ln95, i8 136" [2dconv.cpp:96]   --->   Operation 205 'add' 'add_ln96' <Predicate = true> <Delay = 1.91> <CoreInst = "Adder">   --->   Core 1 'Adder' <Latency = 0> <II = 1> <Delay = 1.67> <FuncUnit> <Opcode : 'add' 'sub'> <InPorts = 2> <OutPorts = 1>
ST_17 : Operation 206 [1/1] (0.00ns)   --->   "%zext_ln96 = zext i8 %add_ln96" [2dconv.cpp:96]   --->   Operation 206 'zext' 'zext_ln96' <Predicate = true> <Delay = 0.00>
ST_17 : Operation 207 [1/1] (0.00ns)   --->   "%linebuf_V_addr_4 = getelementptr i32 %linebuf_V, i64 0, i64 %zext_ln96" [2dconv.cpp:96]   --->   Operation 207 'getelementptr' 'linebuf_V_addr_4' <Predicate = true> <Delay = 0.00>
ST_17 : Operation 208 [1/1] (1.48ns)   --->   "%icmp_ln94 = icmp_eq  i7 %c_1, i7 68" [2dconv.cpp:94]   --->   Operation 208 'icmp' 'icmp_ln94' <Predicate = true> <Delay = 1.48> <CoreInst = "Cmp">   --->   Core 9 'Cmp' <Latency = 0> <II = 1> <Delay = 1.48> <FuncUnit> <Opcode : 'icmp'> <InPorts = 2> <OutPorts = 1>
ST_17 : Operation 209 [1/1] (0.00ns)   --->   "%empty_33 = speclooptripcount i32 @_ssdm_op_SpecLoopTripCount, i64 68, i64 68, i64 68"   --->   Operation 209 'speclooptripcount' 'empty_33' <Predicate = true> <Delay = 0.00>
ST_17 : Operation 210 [1/1] (1.87ns)   --->   "%add_ln94 = add i7 %c_1, i7 1" [2dconv.cpp:94]   --->   Operation 210 'add' 'add_ln94' <Predicate = true> <Delay = 1.87> <CoreInst = "Adder">   --->   Core 1 'Adder' <Latency = 0> <II = 1> <Delay = 1.67> <FuncUnit> <Opcode : 'add' 'sub'> <InPorts = 2> <OutPorts = 1>
ST_17 : Operation 211 [1/1] (0.00ns)   --->   "%br_ln94 = br i1 %icmp_ln94, void %.split6, void" [2dconv.cpp:94]   --->   Operation 211 'br' 'br_ln94' <Predicate = true> <Delay = 0.00>
ST_17 : Operation 212 [2/2] (3.25ns)   --->   "%linebuf_V_load = load i8 %linebuf_V_addr_2" [2dconv.cpp:95]   --->   Operation 212 'load' 'linebuf_V_load' <Predicate = (!icmp_ln94)> <Delay = 3.25> <CoreInst = "RAM">   --->   Core 82 'RAM' <Latency = 1> <II = 1> <Delay = 3.25> <Storage> <Opcode : 'load' 'store'> <Ports = 2> <Width = 32> <Depth = 204> <RAM>
ST_17 : Operation 213 [2/2] (3.25ns)   --->   "%linebuf_V_load_1 = load i8 %linebuf_V_addr_4" [2dconv.cpp:96]   --->   Operation 213 'load' 'linebuf_V_load_1' <Predicate = (!icmp_ln94)> <Delay = 3.25> <CoreInst = "RAM">   --->   Core 82 'RAM' <Latency = 1> <II = 1> <Delay = 3.25> <Storage> <Opcode : 'load' 'store'> <Ports = 2> <Width = 32> <Depth = 204> <RAM>
ST_17 : Operation 214 [1/1] (3.25ns)   --->   "%store_ln97 = store i32 0, i8 %linebuf_V_addr_4" [2dconv.cpp:97]   --->   Operation 214 'store' 'store_ln97' <Predicate = (!icmp_ln94)> <Delay = 3.25> <CoreInst = "RAM">   --->   Core 82 'RAM' <Latency = 1> <II = 1> <Delay = 3.25> <Storage> <Opcode : 'load' 'store'> <Ports = 2> <Width = 32> <Depth = 204> <RAM>
ST_17 : Operation 215 [1/1] (1.67ns)   --->   "%add_ln69 = add i13 %out_count_2, i13 66" [2dconv.cpp:69]   --->   Operation 215 'add' 'add_ln69' <Predicate = (icmp_ln94)> <Delay = 1.67> <CoreInst = "Adder">   --->   Core 1 'Adder' <Latency = 0> <II = 1> <Delay = 1.67> <FuncUnit> <Opcode : 'add' 'sub'> <InPorts = 2> <OutPorts = 1>
ST_17 : Operation 216 [1/1] (1.58ns)   --->   "%store_ln69 = store i13 %add_ln69, i13 %out_count" [2dconv.cpp:69]   --->   Operation 216 'store' 'store_ln69' <Predicate = (icmp_ln94)> <Delay = 1.58>
ST_17 : Operation 217 [1/1] (1.58ns)   --->   "%store_ln67 = store i7 %img_r_2, i7 %img_r" [2dconv.cpp:67]   --->   Operation 217 'store' 'store_ln67' <Predicate = (icmp_ln94)> <Delay = 1.58>
ST_17 : Operation 218 [1/1] (0.00ns)   --->   "%br_ln0 = br void %.preheader3"   --->   Operation 218 'br' 'br_ln0' <Predicate = (icmp_ln94)> <Delay = 0.00>

State 18 <SV = 9> <Delay = 6.50>
ST_18 : Operation 219 [1/1] (0.00ns)   --->   "%specloopname_ln94 = specloopname void @_ssdm_op_SpecLoopName, void @empty_16" [2dconv.cpp:94]   --->   Operation 219 'specloopname' 'specloopname_ln94' <Predicate = true> <Delay = 0.00>
ST_18 : Operation 220 [1/2] (3.25ns)   --->   "%linebuf_V_load = load i8 %linebuf_V_addr_2" [2dconv.cpp:95]   --->   Operation 220 'load' 'linebuf_V_load' <Predicate = true> <Delay = 3.25> <CoreInst = "RAM">   --->   Core 82 'RAM' <Latency = 1> <II = 1> <Delay = 3.25> <Storage> <Opcode : 'load' 'store'> <Ports = 2> <Width = 32> <Depth = 204> <RAM>
ST_18 : Operation 221 [1/1] (3.25ns)   --->   "%store_ln95 = store i32 %linebuf_V_load, i8 %linebuf_V_addr_3" [2dconv.cpp:95]   --->   Operation 221 'store' 'store_ln95' <Predicate = true> <Delay = 3.25> <CoreInst = "RAM">   --->   Core 82 'RAM' <Latency = 1> <II = 1> <Delay = 3.25> <Storage> <Opcode : 'load' 'store'> <Ports = 2> <Width = 32> <Depth = 204> <RAM>
ST_18 : Operation 222 [1/2] (3.25ns)   --->   "%linebuf_V_load_1 = load i8 %linebuf_V_addr_4" [2dconv.cpp:96]   --->   Operation 222 'load' 'linebuf_V_load_1' <Predicate = true> <Delay = 3.25> <CoreInst = "RAM">   --->   Core 82 'RAM' <Latency = 1> <II = 1> <Delay = 3.25> <Storage> <Opcode : 'load' 'store'> <Ports = 2> <Width = 32> <Depth = 204> <RAM>
ST_18 : Operation 223 [1/1] (3.25ns)   --->   "%store_ln96 = store i32 %linebuf_V_load_1, i8 %linebuf_V_addr_2" [2dconv.cpp:96]   --->   Operation 223 'store' 'store_ln96' <Predicate = true> <Delay = 3.25> <CoreInst = "RAM">   --->   Core 82 'RAM' <Latency = 1> <II = 1> <Delay = 3.25> <Storage> <Opcode : 'load' 'store'> <Ports = 2> <Width = 32> <Depth = 204> <RAM>
ST_18 : Operation 224 [1/1] (0.00ns)   --->   "%br_ln0 = br void %.preheader"   --->   Operation 224 'br' 'br_ln0' <Predicate = true> <Delay = 0.00>


============================================================
+ Verbose Summary: Timing violations
============================================================
Target clock period: 10ns, clock uncertainty: 2.7ns.

 <State 1>: 3.32ns
The critical path consists of the following:
	s_axi read operation ('k00_read') on port 'k00' [66]  (1 ns)
	'store' operation ('store_ln46', 2dconv.cpp:46) of variable 'k00_read' on array 'kernel.V', 2dconv.cpp:44 [78]  (2.32 ns)

 <State 2>: 2.32ns
The critical path consists of the following:
	'getelementptr' operation ('kernel_V_addr_2', 2dconv.cpp:48) [71]  (0 ns)
	'store' operation ('store_ln48', 2dconv.cpp:48) of variable 'k02_read' on array 'kernel.V', 2dconv.cpp:44 [80]  (2.32 ns)

 <State 3>: 2.32ns
The critical path consists of the following:
	'getelementptr' operation ('kernel_V_addr_4', 2dconv.cpp:50) [73]  (0 ns)
	'store' operation ('store_ln50', 2dconv.cpp:50) of variable 'k11_read' on array 'kernel.V', 2dconv.cpp:44 [82]  (2.32 ns)

 <State 4>: 2.32ns
The critical path consists of the following:
	'getelementptr' operation ('kernel_V_addr_6', 2dconv.cpp:52) [75]  (0 ns)
	'store' operation ('store_ln52', 2dconv.cpp:52) of variable 'k20_read' on array 'kernel.V', 2dconv.cpp:44 [84]  (2.32 ns)

 <State 5>: 2.32ns
The critical path consists of the following:
	'getelementptr' operation ('kernel_V_addr_8', 2dconv.cpp:54) [77]  (0 ns)
	'store' operation ('store_ln54', 2dconv.cpp:54) of variable 'k22_read' on array 'kernel.V', 2dconv.cpp:44 [86]  (2.32 ns)

 <State 6>: 2.55ns
The critical path consists of the following:
	'load' operation ('r', 2dconv.cpp:57) on local variable 'r' [90]  (0 ns)
	'add' operation ('add_ln60', 2dconv.cpp:60) [94]  (1.92 ns)
	blocking operation 0.632 ns on control path)

 <State 7>: 5.17ns
The critical path consists of the following:
	'phi' operation ('c', 2dconv.cpp:59) with incoming values : ('add_ln59', 2dconv.cpp:59) [103]  (0 ns)
	'add' operation ('add_ln60_1', 2dconv.cpp:60) [105]  (1.92 ns)
	'getelementptr' operation ('linebuf_V_addr', 2dconv.cpp:60) [107]  (0 ns)
	'store' operation ('store_ln60', 2dconv.cpp:60) of constant 0 on array 'linebuf.V', 2dconv.cpp:43 [114]  (3.25 ns)

 <State 8>: 1.87ns
The critical path consists of the following:
	'load' operation ('img_r', 2dconv.cpp:67) on local variable 'img_r' [126]  (0 ns)
	'add' operation ('img_r', 2dconv.cpp:67) [130]  (1.87 ns)

 <State 9>: 7.04ns
The critical path consists of the following:
	'phi' operation ('ptr', 2dconv.cpp:69) with incoming values : ('add_ln69_1', 2dconv.cpp:69) [136]  (0 ns)
	'add' operation ('add_ln76', 2dconv.cpp:76) [149]  (1.87 ns)
	'add' operation ('add_ln76_1', 2dconv.cpp:76) [151]  (1.92 ns)
	'getelementptr' operation ('linebuf_V_addr_1', 2dconv.cpp:76) [153]  (0 ns)
	'store' operation ('store_ln76', 2dconv.cpp:76) of variable 'in_pkt' on array 'linebuf.V', 2dconv.cpp:43 [154]  (3.25 ns)

 <State 10>: 2.1ns
The critical path consists of the following:
	'icmp' operation ('last', 2dconv.cpp:87) [205]  (2.1 ns)

 <State 11>: 7.04ns
The critical path consists of the following:
	'phi' operation ('kc', 2dconv.cpp:82) with incoming values : ('add_ln82', 2dconv.cpp:82) [175]  (0 ns)
	'add' operation ('add_ln83', 2dconv.cpp:83) [188]  (1.87 ns)
	'add' operation ('add_ln1171_1') [190]  (1.92 ns)
	'getelementptr' operation ('linebuf_V_addr_5') [192]  (0 ns)
	'load' operation ('linebuf_V_load_2') on array 'linebuf.V', 2dconv.cpp:43 [195]  (3.25 ns)

 <State 12>: 3.25ns
The critical path consists of the following:
	'load' operation ('linebuf_V_load_2') on array 'linebuf.V', 2dconv.cpp:43 [195]  (3.25 ns)

 <State 13>: 6.91ns
The critical path consists of the following:
	'mul' operation ('r.V') [197]  (6.91 ns)

 <State 14>: 6.91ns
The critical path consists of the following:
	'mul' operation ('r.V') [197]  (6.91 ns)

 <State 15>: 3.1ns
The critical path consists of the following:
	'add' operation ('ret.V') [199]  (3.1 ns)

 <State 16>: 0ns
The critical path consists of the following:

 <State 17>: 5.17ns
The critical path consists of the following:
	'phi' operation ('c', 2dconv.cpp:94) with incoming values : ('add_ln94', 2dconv.cpp:94) [212]  (0 ns)
	'add' operation ('add_ln95', 2dconv.cpp:95) [215]  (1.92 ns)
	'getelementptr' operation ('linebuf_V_addr_2', 2dconv.cpp:95) [217]  (0 ns)
	'load' operation ('linebuf_V_load', 2dconv.cpp:95) on array 'linebuf.V', 2dconv.cpp:43 [228]  (3.25 ns)

 <State 18>: 6.51ns
The critical path consists of the following:
	'load' operation ('linebuf_V_load', 2dconv.cpp:95) on array 'linebuf.V', 2dconv.cpp:43 [228]  (3.25 ns)
	'store' operation ('store_ln95', 2dconv.cpp:95) of variable 'linebuf_V_load', 2dconv.cpp:95 on array 'linebuf.V', 2dconv.cpp:43 [229]  (3.25 ns)


============================================================
+ Verbose Summary: Binding
============================================================
N/A
* FSMD analyzer results:
  - Output states:
 - Input state : 
  - Chain level:
	State 1
	State 2
	State 3
	State 4
	State 5
	State 6
	State 7
	State 8
	State 9
	State 10
	State 11
	State 12
	State 13
	State 14
	State 15
	State 16
	State 17
	State 18


============================================================
+ Verbose Summary: Datapath Resource usage 
============================================================
N/A
