

================================================================
== Vitis HLS Report for 'conv2d_stream_Pipeline_shift_up'
================================================================
* Date:           Sun Apr 26 22:54:12 2026

* Version:        2021.1 (Build 3247384 on Thu Jun 10 19:36:07 MDT 2021)
* Project:        hls_2dconv_stream_pipelined
* Solution:       sol1 (Vivado IP Flow Target)
* Product family: zynq
* Target device:  xc7z020-clg400-1


================================================================
== Performance Estimates
================================================================
+ Timing: 
    * Summary: 
    +--------+----------+----------+------------+
    |  Clock |  Target  | Estimated| Uncertainty|
    +--------+----------+----------+------------+
    |ap_clk  |  10.00 ns|  6.508 ns|     2.70 ns|
    +--------+----------+----------+------------+

+ Latency: 
    * Summary: 
    +---------+---------+----------+----------+-----+-----+---------+
    |  Latency (cycles) |  Latency (absolute) |  Interval | Pipeline|
    |   min   |   max   |    min   |    max   | min | max |   Type  |
    +---------+---------+----------+----------+-----+-----+---------+
    |       70|       70|  0.700 us|  0.700 us|   70|   70|       no|
    +---------+---------+----------+----------+-----+-----+---------+

    + Detail: 
        * Instance: 
        N/A

        * Loop: 
        +------------+---------+---------+----------+-----------+-----------+------+----------+
        |            |  Latency (cycles) | Iteration|  Initiation Interval  | Trip |          |
        |  Loop Name |   min   |   max   |  Latency |  achieved |   target  | Count| Pipelined|
        +------------+---------+---------+----------+-----------+-----------+------+----------+
        |- shift_up  |       68|       68|         2|          1|          1|    68|       yes|
        +------------+---------+---------+----------+-----------+-----------+------+----------+



================================================================
== Utilization Estimates
================================================================
* Summary: 
+-----------------+---------+-----+--------+-------+-----+
|       Name      | BRAM_18K| DSP |   FF   |  LUT  | URAM|
+-----------------+---------+-----+--------+-------+-----+
|DSP              |        -|    -|       -|      -|    -|
|Expression       |        -|    -|       0|     26|    -|
|FIFO             |        -|    -|       -|      -|    -|
|Instance         |        -|    -|       -|      -|    -|
|Memory           |        -|    -|       -|      -|    -|
|Multiplexer      |        -|    -|       -|     36|    -|
|Register         |        -|    -|      24|      -|    -|
+-----------------+---------+-----+--------+-------+-----+
|Total            |        0|    0|      24|     62|    0|
+-----------------+---------+-----+--------+-------+-----+
|Available        |      280|  220|  106400|  53200|    0|
+-----------------+---------+-----+--------+-------+-----+
|Utilization (%)  |        0|    0|      ~0|     ~0|    0|
+-----------------+---------+-----+--------+-------+-----+

+ Detail: 
    * Instance: 
    N/A

    * DSP: 
    N/A

    * Memory: 
    N/A

    * FIFO: 
    N/A

    * Expression: 
    +--------------------+----------+----+---+----+------------+------------+
    |    Variable Name   | Operation| DSP| FF| LUT| Bitwidth P0| Bitwidth P1|
    +--------------------+----------+----+---+----+------------+------------+
    |add_ln83_fu_94_p2   |         +|   0|  0|  14|           7|           1|
    |icmp_ln83_fu_88_p2  |      icmp|   0|  0|  10|           7|           7|
    |ap_enable_pp0       |       xor|   0|  0|   2|           1|           2|
    +--------------------+----------+----+---+----+------------+------------+
    |Total               |          |   0|  0|  26|          15|          10|
    +--------------------+----------+----+---+----+------------+------------+

    * Multiplexer: 
    +-------------------------+----+-----------+-----+-----------+
    |           Name          | LUT| Input Size| Bits| Total Bits|
    +-------------------------+----+-----------+-----+-----------+
    |ap_done_int              |   9|          2|    1|          2|
    |ap_enable_reg_pp0_iter1  |   9|          2|    1|          2|
    |ap_sig_allocacmp_c_1     |   9|          2|    7|         14|
    |c_fu_30                  |   9|          2|    7|         14|
    +-------------------------+----+-----------+-----+-----------+
    |Total                    |  36|          8|   16|         32|
    +-------------------------+----+-----------+-----+-----------+

    * Register: 
    +--------------------------+---+----+-----+-----------+
    |           Name           | FF| LUT| Bits| Const Bits|
    +--------------------------+---+----+-----+-----------+
    |ap_CS_fsm                 |  1|   0|    1|          0|
    |ap_done_reg               |  1|   0|    1|          0|
    |ap_enable_reg_pp0_iter1   |  1|   0|    1|          0|
    |c_fu_30                   |  7|   0|    7|          0|
    |linebuf_V_1_addr_reg_126  |  7|   0|    7|          0|
    |zext_ln83_reg_121         |  7|   0|   64|         57|
    +--------------------------+---+----+-----+-----------+
    |Total                     | 24|   0|   81|         57|
    +--------------------------+---+----+-----+-----------+



================================================================
== Interface
================================================================
* Summary: 
+----------------------+-----+-----+------------+---------------------------------+--------------+
|       RTL Ports      | Dir | Bits|  Protocol  |          Source Object          |    C Type    |
+----------------------+-----+-----+------------+---------------------------------+--------------+
|ap_clk                |   in|    1|  ap_ctrl_hs|  conv2d_stream_Pipeline_shift_up|  return value|
|ap_rst                |   in|    1|  ap_ctrl_hs|  conv2d_stream_Pipeline_shift_up|  return value|
|ap_start              |   in|    1|  ap_ctrl_hs|  conv2d_stream_Pipeline_shift_up|  return value|
|ap_done               |  out|    1|  ap_ctrl_hs|  conv2d_stream_Pipeline_shift_up|  return value|
|ap_idle               |  out|    1|  ap_ctrl_hs|  conv2d_stream_Pipeline_shift_up|  return value|
|ap_ready              |  out|    1|  ap_ctrl_hs|  conv2d_stream_Pipeline_shift_up|  return value|
|linebuf_V_1_address0  |  out|    7|   ap_memory|                      linebuf_V_1|         array|
|linebuf_V_1_ce0       |  out|    1|   ap_memory|                      linebuf_V_1|         array|
|linebuf_V_1_we0       |  out|    1|   ap_memory|                      linebuf_V_1|         array|
|linebuf_V_1_d0        |  out|   32|   ap_memory|                      linebuf_V_1|         array|
|linebuf_V_1_address1  |  out|    7|   ap_memory|                      linebuf_V_1|         array|
|linebuf_V_1_ce1       |  out|    1|   ap_memory|                      linebuf_V_1|         array|
|linebuf_V_1_q1        |   in|   32|   ap_memory|                      linebuf_V_1|         array|
|linebuf_V_0_address0  |  out|    7|   ap_memory|                      linebuf_V_0|         array|
|linebuf_V_0_ce0       |  out|    1|   ap_memory|                      linebuf_V_0|         array|
|linebuf_V_0_we0       |  out|    1|   ap_memory|                      linebuf_V_0|         array|
|linebuf_V_0_d0        |  out|   32|   ap_memory|                      linebuf_V_0|         array|
|linebuf_V_2_address0  |  out|    7|   ap_memory|                      linebuf_V_2|         array|
|linebuf_V_2_ce0       |  out|    1|   ap_memory|                      linebuf_V_2|         array|
|linebuf_V_2_we0       |  out|    1|   ap_memory|                      linebuf_V_2|         array|
|linebuf_V_2_d0        |  out|   32|   ap_memory|                      linebuf_V_2|         array|
|linebuf_V_2_q0        |   in|   32|   ap_memory|                      linebuf_V_2|         array|
+----------------------+-----+-----+------------+---------------------------------+--------------+

