

================================================================
== Vitis HLS Report for 'conv2d_stream_Pipeline_linebuf_left_to_right'
================================================================
* Date:           Tue Apr 28 23:12:03 2026

* Version:        2021.1 (Build 3247384 on Thu Jun 10 19:36:07 MDT 2021)
* Project:        hls_2dconv_stream_unrolled
* Solution:       sol1 (Vivado IP Flow Target)
* Product family: zynq
* Target device:  xc7z020-clg400-1


================================================================
== Performance Estimates
================================================================
+ Timing: 
    * Summary: 
    +--------+----------+----------+------------+
    |  Clock |  Target  | Estimated| Uncertainty|
    +--------+----------+----------+------------+
    |ap_clk  |  10.00 ns|  6.912 ns|     2.70 ns|
    +--------+----------+----------+------------+

+ Latency: 
    * Summary: 
    +---------+---------+----------+----------+-----+-----+---------+
    |  Latency (cycles) |  Latency (absolute) |  Interval | Pipeline|
    |   min   |   max   |    min   |    max   | min | max |   Type  |
    +---------+---------+----------+----------+-----+-----+---------+
    |       74|       74|  0.740 us|  0.740 us|   74|   74|       no|
    +---------+---------+----------+----------+-----+-----+---------+

    + Detail: 
        * Instance: 
        N/A

        * Loop: 
        +-------------------------+---------+---------+----------+-----------+-----------+------+----------+
        |                         |  Latency (cycles) | Iteration|  Initiation Interval  | Trip |          |
        |        Loop Name        |   min   |   max   |  Latency |  achieved |   target  | Count| Pipelined|
        +-------------------------+---------+---------+----------+-----------+-----------+------+----------+
        |- linebuf_left_to_right  |       72|       72|         8|          1|          1|    66|       yes|
        +-------------------------+---------+---------+----------+-----------+-----------+------+----------+

============================================================
+ Verbose Summary: Synthesis Manager
============================================================
InlineROM: 1
ExposeGlobal: 0
============================================================
+ Verbose Summary: CDFG Model
============================================================
IsTopModel: 0
ResetActiveHigh: 1
IsCombinational: 0
IsDatapathOnly: 0
HasWiredReturn: 1
HasMFsm: 2
HasVarLatency: 1
IsPipeline: 0
IsRtlPipelined: 0
IsInstanceOverlapped: 0
IsDontTouch: 0
HasImplIP: 0
IsGatedGlobalClock: 0

+ Individual pipeline summary: 
  * Pipeline-0: initiation interval (II) = 1, depth = 8


============================================================
+ Verbose Summary: Schedule
============================================================
* Number of FSM states : 8
* Pipeline : 1
  Pipeline-0 : II = 1, D = 8, States = { 1 2 3 4 5 6 7 8 }
* Dataflow Pipeline: 0

* FSM state transitions: 
1 --> 2 
2 --> 3 
3 --> 4 
4 --> 5 
5 --> 6 
6 --> 7 
7 --> 8 
8 --> 

* FSM state operations: 

State 1 <SV = 0> <Delay = 5.12>
ST_1 : Operation 11 [1/1] (0.00ns)   --->   "%out_count_1 = alloca i32 1"   --->   Operation 11 'alloca' 'out_count_1' <Predicate = true> <Delay = 0.00>
ST_1 : Operation 12 [1/1] (0.00ns)   --->   "%ptr = alloca i32 1"   --->   Operation 12 'alloca' 'ptr' <Predicate = true> <Delay = 0.00>
ST_1 : Operation 13 [1/1] (0.00ns)   --->   "%sext_ln67_read = read i32 @_ssdm_op_Read.ap_auto.i32, i32 %sext_ln67"   --->   Operation 13 'read' 'sext_ln67_read' <Predicate = true> <Delay = 0.00>
ST_1 : Operation 14 [1/1] (0.00ns)   --->   "%k21_cast_read = read i32 @_ssdm_op_Read.ap_auto.i32, i32 %k21_cast"   --->   Operation 14 'read' 'k21_cast_read' <Predicate = true> <Delay = 0.00>
ST_1 : Operation 15 [1/1] (0.00ns)   --->   "%k20_cast_read = read i32 @_ssdm_op_Read.ap_auto.i32, i32 %k20_cast"   --->   Operation 15 'read' 'k20_cast_read' <Predicate = true> <Delay = 0.00>
ST_1 : Operation 16 [1/1] (0.00ns)   --->   "%k12_cast_read = read i32 @_ssdm_op_Read.ap_auto.i32, i32 %k12_cast"   --->   Operation 16 'read' 'k12_cast_read' <Predicate = true> <Delay = 0.00>
ST_1 : Operation 17 [1/1] (0.00ns)   --->   "%k11_cast_read = read i32 @_ssdm_op_Read.ap_auto.i32, i32 %k11_cast"   --->   Operation 17 'read' 'k11_cast_read' <Predicate = true> <Delay = 0.00>
ST_1 : Operation 18 [1/1] (0.00ns)   --->   "%k10_cast_read = read i32 @_ssdm_op_Read.ap_auto.i32, i32 %k10_cast"   --->   Operation 18 'read' 'k10_cast_read' <Predicate = true> <Delay = 0.00>
ST_1 : Operation 19 [1/1] (0.00ns)   --->   "%k02_cast_read = read i32 @_ssdm_op_Read.ap_auto.i32, i32 %k02_cast"   --->   Operation 19 'read' 'k02_cast_read' <Predicate = true> <Delay = 0.00>
ST_1 : Operation 20 [1/1] (0.00ns)   --->   "%k01_cast_read = read i32 @_ssdm_op_Read.ap_auto.i32, i32 %k01_cast"   --->   Operation 20 'read' 'k01_cast_read' <Predicate = true> <Delay = 0.00>
ST_1 : Operation 21 [1/1] (0.00ns)   --->   "%k00_cast_read = read i32 @_ssdm_op_Read.ap_auto.i32, i32 %k00_cast"   --->   Operation 21 'read' 'k00_cast_read' <Predicate = true> <Delay = 0.00>
ST_1 : Operation 22 [1/1] (0.00ns)   --->   "%out_count_read = read i13 @_ssdm_op_Read.ap_auto.i13, i13 %out_count"   --->   Operation 22 'read' 'out_count_read' <Predicate = true> <Delay = 0.00>
ST_1 : Operation 23 [1/1] (0.00ns)   --->   "%sext_ln67_cast = sext i32 %sext_ln67_read"   --->   Operation 23 'sext' 'sext_ln67_cast' <Predicate = true> <Delay = 0.00>
ST_1 : Operation 24 [1/1] (0.00ns)   --->   "%k21_cast_cast = sext i32 %k21_cast_read"   --->   Operation 24 'sext' 'k21_cast_cast' <Predicate = true> <Delay = 0.00>
ST_1 : Operation 25 [1/1] (0.00ns)   --->   "%k20_cast_cast = sext i32 %k20_cast_read"   --->   Operation 25 'sext' 'k20_cast_cast' <Predicate = true> <Delay = 0.00>
ST_1 : Operation 26 [1/1] (0.00ns)   --->   "%k12_cast_cast = sext i32 %k12_cast_read"   --->   Operation 26 'sext' 'k12_cast_cast' <Predicate = true> <Delay = 0.00>
ST_1 : Operation 27 [1/1] (0.00ns)   --->   "%k11_cast_cast = sext i32 %k11_cast_read"   --->   Operation 27 'sext' 'k11_cast_cast' <Predicate = true> <Delay = 0.00>
ST_1 : Operation 28 [1/1] (0.00ns)   --->   "%k10_cast_cast = sext i32 %k10_cast_read"   --->   Operation 28 'sext' 'k10_cast_cast' <Predicate = true> <Delay = 0.00>
ST_1 : Operation 29 [1/1] (0.00ns)   --->   "%k02_cast_cast = sext i32 %k02_cast_read"   --->   Operation 29 'sext' 'k02_cast_cast' <Predicate = true> <Delay = 0.00>
ST_1 : Operation 30 [1/1] (0.00ns)   --->   "%k01_cast_cast = sext i32 %k01_cast_read"   --->   Operation 30 'sext' 'k01_cast_cast' <Predicate = true> <Delay = 0.00>
ST_1 : Operation 31 [1/1] (0.00ns)   --->   "%k00_cast_cast = sext i32 %k00_cast_read"   --->   Operation 31 'sext' 'k00_cast_cast' <Predicate = true> <Delay = 0.00>
ST_1 : Operation 32 [1/1] (0.00ns)   --->   "%specinterface_ln0 = specinterface void @_ssdm_op_SpecInterface, i1 %out_stream_V_last_V, i4 %out_stream_V_strb_V, i4 %out_stream_V_keep_V, i32 %out_stream_V_data_V, void @empty_7, i32 0, i32 0, void @empty_8, i32 0, i32 0, void @empty, void @empty, void @empty, i32 0, i32 0, i32 0, i32 0, void @empty, void @empty"   --->   Operation 32 'specinterface' 'specinterface_ln0' <Predicate = true> <Delay = 0.00>
ST_1 : Operation 33 [1/1] (0.00ns)   --->   "%specinterface_ln0 = specinterface void @_ssdm_op_SpecInterface, i1 %in_stream_V_last_V, i4 %in_stream_V_strb_V, i4 %in_stream_V_keep_V, i32 %in_stream_V_data_V, void @empty_7, i32 0, i32 0, void @empty_8, i32 0, i32 0, void @empty, void @empty, void @empty, i32 0, i32 0, i32 0, i32 0, void @empty, void @empty"   --->   Operation 33 'specinterface' 'specinterface_ln0' <Predicate = true> <Delay = 0.00>
ST_1 : Operation 34 [1/1] (1.58ns)   --->   "%store_ln0 = store i7 0, i7 %ptr"   --->   Operation 34 'store' 'store_ln0' <Predicate = true> <Delay = 1.58>
ST_1 : Operation 35 [1/1] (1.58ns)   --->   "%store_ln0 = store i13 %out_count_read, i13 %out_count_1"   --->   Operation 35 'store' 'store_ln0' <Predicate = true> <Delay = 1.58>
ST_1 : Operation 36 [1/1] (0.00ns)   --->   "%br_ln0 = br void %_ZN8ap_fixedILi32ELi16EL9ap_q_mode5EL9ap_o_mode3ELi0EEC2Ei.exit40"   --->   Operation 36 'br' 'br_ln0' <Predicate = true> <Delay = 0.00>
ST_1 : Operation 37 [1/1] (0.00ns)   --->   "%ptr_1 = load i7 %ptr" [2dconv.cpp:73]   --->   Operation 37 'load' 'ptr_1' <Predicate = true> <Delay = 0.00>
ST_1 : Operation 38 [1/1] (1.48ns)   --->   "%icmp_ln69 = icmp_eq  i7 %ptr_1, i7 66" [2dconv.cpp:69]   --->   Operation 38 'icmp' 'icmp_ln69' <Predicate = true> <Delay = 1.48> <CoreInst = "Cmp">   --->   Core 9 'Cmp' <Latency = 0> <II = 1> <Delay = 2.09> <FuncUnit> <Opcode : 'icmp'> <InPorts = 2> <OutPorts = 1>
ST_1 : Operation 39 [1/1] (0.00ns)   --->   "%empty = speclooptripcount i32 @_ssdm_op_SpecLoopTripCount, i64 66, i64 66, i64 66"   --->   Operation 39 'speclooptripcount' 'empty' <Predicate = true> <Delay = 0.00>
ST_1 : Operation 40 [1/1] (1.87ns)   --->   "%add_ln83 = add i7 %ptr_1, i7 1" [2dconv.cpp:83]   --->   Operation 40 'add' 'add_ln83' <Predicate = true> <Delay = 1.87> <CoreInst = "Adder">   --->   Core 1 'Adder' <Latency = 0> <II = 1> <Delay = 1.67> <FuncUnit> <Opcode : 'add' 'sub'> <InPorts = 2> <OutPorts = 1>
ST_1 : Operation 41 [1/1] (0.00ns)   --->   "%br_ln69 = br i1 %icmp_ln69, void %_ZN8ap_fixedILi32ELi16EL9ap_q_mode5EL9ap_o_mode3ELi0EEC2Ei.exit40.split, void %.preheader.preheader.exitStub" [2dconv.cpp:69]   --->   Operation 41 'br' 'br_ln69' <Predicate = true> <Delay = 0.00>
ST_1 : Operation 42 [1/1] (0.00ns)   --->   "%zext_ln69 = zext i7 %ptr_1" [2dconv.cpp:69]   --->   Operation 42 'zext' 'zext_ln69' <Predicate = (!icmp_ln69)> <Delay = 0.00>
ST_1 : Operation 43 [1/1] (0.00ns)   --->   "%specpipeline_ln87 = specpipeline void @_ssdm_op_SpecPipeline, i32 1, i32 0, i32 0, i32 0, void @empty" [2dconv.cpp:87]   --->   Operation 43 'specpipeline' 'specpipeline_ln87' <Predicate = (!icmp_ln69)> <Delay = 0.00>
ST_1 : Operation 44 [1/1] (0.00ns)   --->   "%specloopname_ln87 = specloopname void @_ssdm_op_SpecLoopName, void @empty_13" [2dconv.cpp:87]   --->   Operation 44 'specloopname' 'specloopname_ln87' <Predicate = (!icmp_ln69)> <Delay = 0.00>
ST_1 : Operation 45 [1/1] (0.00ns)   --->   "%tmp_1 = bitselect i1 @_ssdm_op_BitSelect.i1.i7.i32, i7 %ptr_1, i32 6" [2dconv.cpp:73]   --->   Operation 45 'bitselect' 'tmp_1' <Predicate = (!icmp_ln69)> <Delay = 0.00>
ST_1 : Operation 46 [1/1] (0.00ns)   --->   "%br_ln73 = br i1 %tmp_1, void, void %_ZN13ap_fixed_baseILi65ELi33ELb1EL9ap_q_mode5EL9ap_o_mode3ELi0EEC2ILi32ELi16ELb1ELS0_5ELS1_3ELi0EEERKS_IXT_EXT0_EXT1_EXT2_EXT3_EXT4_EE.exit.i.i" [2dconv.cpp:73]   --->   Operation 46 'br' 'br_ln73' <Predicate = (!icmp_ln69)> <Delay = 0.00>
ST_1 : Operation 47 [1/1] (0.00ns)   --->   "%empty_25 = read i41 @_ssdm_op_Read.axis.volatile.i32P0A.i4P0A.i4P0A.i1P0A, i32 %in_stream_V_data_V, i4 %in_stream_V_keep_V, i4 %in_stream_V_strb_V, i1 %in_stream_V_last_V"   --->   Operation 47 'read' 'empty_25' <Predicate = (!icmp_ln69 & !tmp_1)> <Delay = 0.00> <CoreInst = "axis">   --->   Core 115 'axis' <Latency = 0> <II = 1> <Delay = 1.00> <Adapter> <Opcode : >
ST_1 : Operation 48 [1/1] (0.00ns)   --->   "%in_pkt = extractvalue i41 %empty_25"   --->   Operation 48 'extractvalue' 'in_pkt' <Predicate = (!icmp_ln69 & !tmp_1)> <Delay = 0.00>
ST_1 : Operation 49 [1/1] (1.87ns)   --->   "%add_ln76 = add i7 %ptr_1, i7 2" [2dconv.cpp:76]   --->   Operation 49 'add' 'add_ln76' <Predicate = (!icmp_ln69 & !tmp_1)> <Delay = 1.87> <CoreInst = "Adder">   --->   Core 1 'Adder' <Latency = 0> <II = 1> <Delay = 1.67> <FuncUnit> <Opcode : 'add' 'sub'> <InPorts = 2> <OutPorts = 1>
ST_1 : Operation 50 [1/1] (0.00ns)   --->   "%zext_ln76 = zext i7 %add_ln76" [2dconv.cpp:76]   --->   Operation 50 'zext' 'zext_ln76' <Predicate = (!icmp_ln69 & !tmp_1)> <Delay = 0.00>
ST_1 : Operation 51 [1/1] (0.00ns)   --->   "%linebuf_V_2_addr = getelementptr i32 %linebuf_V_2, i64 0, i64 %zext_ln76" [2dconv.cpp:76]   --->   Operation 51 'getelementptr' 'linebuf_V_2_addr' <Predicate = (!icmp_ln69 & !tmp_1)> <Delay = 0.00>
ST_1 : Operation 52 [1/1] (3.25ns)   --->   "%store_ln76 = store i32 %in_pkt, i7 %linebuf_V_2_addr" [2dconv.cpp:76]   --->   Operation 52 'store' 'store_ln76' <Predicate = (!icmp_ln69 & !tmp_1)> <Delay = 3.25> <CoreInst = "RAM_1WnR">   --->   Core 83 'RAM_1WnR' <Latency = 1> <II = 1> <Delay = 3.25> <Storage> <Opcode : 'load' 'store'> <Ports = 17> <Width = 32> <Depth = 68> <RAM>
ST_1 : Operation 53 [1/1] (0.00ns)   --->   "%br_ln77 = br void %_ZN13ap_fixed_baseILi65ELi33ELb1EL9ap_q_mode5EL9ap_o_mode3ELi0EEC2ILi32ELi16ELb1ELS0_5ELS1_3ELi0EEERKS_IXT_EXT0_EXT1_EXT2_EXT3_EXT4_EE.exit.i.i" [2dconv.cpp:77]   --->   Operation 53 'br' 'br_ln77' <Predicate = (!icmp_ln69 & !tmp_1)> <Delay = 0.00>
ST_1 : Operation 54 [1/1] (0.00ns)   --->   "%linebuf_V_0_addr = getelementptr i32 %linebuf_V_0, i64 0, i64 %zext_ln69"   --->   Operation 54 'getelementptr' 'linebuf_V_0_addr' <Predicate = (!icmp_ln69)> <Delay = 0.00>
ST_1 : Operation 55 [2/2] (3.25ns)   --->   "%linebuf_V_0_load = load i7 %linebuf_V_0_addr"   --->   Operation 55 'load' 'linebuf_V_0_load' <Predicate = (!icmp_ln69)> <Delay = 3.25> <CoreInst = "RAM_1WnR">   --->   Core 83 'RAM_1WnR' <Latency = 1> <II = 1> <Delay = 3.25> <Storage> <Opcode : 'load' 'store'> <Ports = 17> <Width = 32> <Depth = 68> <RAM>
ST_1 : Operation 56 [1/1] (0.00ns)   --->   "%zext_ln1168 = zext i7 %add_ln83"   --->   Operation 56 'zext' 'zext_ln1168' <Predicate = (!icmp_ln69)> <Delay = 0.00>
ST_1 : Operation 57 [1/1] (0.00ns)   --->   "%linebuf_V_0_addr_1 = getelementptr i32 %linebuf_V_0, i64 0, i64 %zext_ln1168"   --->   Operation 57 'getelementptr' 'linebuf_V_0_addr_1' <Predicate = (!icmp_ln69)> <Delay = 0.00>
ST_1 : Operation 58 [2/2] (3.25ns)   --->   "%linebuf_V_0_load_1 = load i7 %linebuf_V_0_addr_1"   --->   Operation 58 'load' 'linebuf_V_0_load_1' <Predicate = (!icmp_ln69)> <Delay = 3.25> <CoreInst = "RAM_1WnR">   --->   Core 83 'RAM_1WnR' <Latency = 1> <II = 1> <Delay = 3.25> <Storage> <Opcode : 'load' 'store'> <Ports = 17> <Width = 32> <Depth = 68> <RAM>
ST_1 : Operation 59 [1/1] (1.87ns)   --->   "%add_ln83_1 = add i7 %ptr_1, i7 2" [2dconv.cpp:83]   --->   Operation 59 'add' 'add_ln83_1' <Predicate = (!icmp_ln69)> <Delay = 1.87> <CoreInst = "Adder">   --->   Core 1 'Adder' <Latency = 0> <II = 1> <Delay = 1.67> <FuncUnit> <Opcode : 'add' 'sub'> <InPorts = 2> <OutPorts = 1>
ST_1 : Operation 60 [1/1] (0.00ns)   --->   "%zext_ln1168_1 = zext i7 %add_ln83_1"   --->   Operation 60 'zext' 'zext_ln1168_1' <Predicate = (!icmp_ln69)> <Delay = 0.00>
ST_1 : Operation 61 [1/1] (0.00ns)   --->   "%linebuf_V_0_addr_2 = getelementptr i32 %linebuf_V_0, i64 0, i64 %zext_ln1168_1"   --->   Operation 61 'getelementptr' 'linebuf_V_0_addr_2' <Predicate = (!icmp_ln69)> <Delay = 0.00>
ST_1 : Operation 62 [2/2] (3.25ns)   --->   "%linebuf_V_0_load_2 = load i7 %linebuf_V_0_addr_2"   --->   Operation 62 'load' 'linebuf_V_0_load_2' <Predicate = (!icmp_ln69)> <Delay = 3.25> <CoreInst = "RAM_1WnR">   --->   Core 83 'RAM_1WnR' <Latency = 1> <II = 1> <Delay = 3.25> <Storage> <Opcode : 'load' 'store'> <Ports = 17> <Width = 32> <Depth = 68> <RAM>
ST_1 : Operation 63 [1/1] (0.00ns)   --->   "%linebuf_V_1_addr = getelementptr i32 %linebuf_V_1, i64 0, i64 %zext_ln69"   --->   Operation 63 'getelementptr' 'linebuf_V_1_addr' <Predicate = (!icmp_ln69)> <Delay = 0.00>
ST_1 : Operation 64 [2/2] (3.25ns)   --->   "%linebuf_V_1_load = load i7 %linebuf_V_1_addr"   --->   Operation 64 'load' 'linebuf_V_1_load' <Predicate = (!icmp_ln69)> <Delay = 3.25> <CoreInst = "RAM_1WnR">   --->   Core 83 'RAM_1WnR' <Latency = 1> <II = 1> <Delay = 3.25> <Storage> <Opcode : 'load' 'store'> <Ports = 17> <Width = 32> <Depth = 68> <RAM>
ST_1 : Operation 65 [1/1] (0.00ns)   --->   "%linebuf_V_1_addr_1 = getelementptr i32 %linebuf_V_1, i64 0, i64 %zext_ln1168"   --->   Operation 65 'getelementptr' 'linebuf_V_1_addr_1' <Predicate = (!icmp_ln69)> <Delay = 0.00>
ST_1 : Operation 66 [2/2] (3.25ns)   --->   "%linebuf_V_1_load_1 = load i7 %linebuf_V_1_addr_1"   --->   Operation 66 'load' 'linebuf_V_1_load_1' <Predicate = (!icmp_ln69)> <Delay = 3.25> <CoreInst = "RAM_1WnR">   --->   Core 83 'RAM_1WnR' <Latency = 1> <II = 1> <Delay = 3.25> <Storage> <Opcode : 'load' 'store'> <Ports = 17> <Width = 32> <Depth = 68> <RAM>
ST_1 : Operation 67 [1/1] (0.00ns)   --->   "%linebuf_V_1_addr_2 = getelementptr i32 %linebuf_V_1, i64 0, i64 %zext_ln1168_1"   --->   Operation 67 'getelementptr' 'linebuf_V_1_addr_2' <Predicate = (!icmp_ln69)> <Delay = 0.00>
ST_1 : Operation 68 [2/2] (3.25ns)   --->   "%linebuf_V_1_load_2 = load i7 %linebuf_V_1_addr_2"   --->   Operation 68 'load' 'linebuf_V_1_load_2' <Predicate = (!icmp_ln69)> <Delay = 3.25> <CoreInst = "RAM_1WnR">   --->   Core 83 'RAM_1WnR' <Latency = 1> <II = 1> <Delay = 3.25> <Storage> <Opcode : 'load' 'store'> <Ports = 17> <Width = 32> <Depth = 68> <RAM>
ST_1 : Operation 69 [1/1] (0.00ns)   --->   "%linebuf_V_2_addr_1 = getelementptr i32 %linebuf_V_2, i64 0, i64 %zext_ln69"   --->   Operation 69 'getelementptr' 'linebuf_V_2_addr_1' <Predicate = (!icmp_ln69)> <Delay = 0.00>
ST_1 : Operation 70 [2/2] (3.25ns)   --->   "%linebuf_V_2_load = load i7 %linebuf_V_2_addr_1"   --->   Operation 70 'load' 'linebuf_V_2_load' <Predicate = (!icmp_ln69)> <Delay = 3.25> <CoreInst = "RAM_1WnR">   --->   Core 83 'RAM_1WnR' <Latency = 1> <II = 1> <Delay = 3.25> <Storage> <Opcode : 'load' 'store'> <Ports = 17> <Width = 32> <Depth = 68> <RAM>
ST_1 : Operation 71 [1/1] (0.00ns)   --->   "%linebuf_V_2_addr_2 = getelementptr i32 %linebuf_V_2, i64 0, i64 %zext_ln1168"   --->   Operation 71 'getelementptr' 'linebuf_V_2_addr_2' <Predicate = (!icmp_ln69)> <Delay = 0.00>
ST_1 : Operation 72 [2/2] (3.25ns)   --->   "%linebuf_V_2_load_1 = load i7 %linebuf_V_2_addr_2"   --->   Operation 72 'load' 'linebuf_V_2_load_1' <Predicate = (!icmp_ln69)> <Delay = 3.25> <CoreInst = "RAM_1WnR">   --->   Core 83 'RAM_1WnR' <Latency = 1> <II = 1> <Delay = 3.25> <Storage> <Opcode : 'load' 'store'> <Ports = 17> <Width = 32> <Depth = 68> <RAM>
ST_1 : Operation 73 [1/1] (1.58ns)   --->   "%store_ln83 = store i7 %add_ln83, i7 %ptr" [2dconv.cpp:83]   --->   Operation 73 'store' 'store_ln83' <Predicate = (!icmp_ln69)> <Delay = 1.58>

State 2 <SV = 1> <Delay = 3.25>
ST_2 : Operation 74 [1/2] (3.25ns)   --->   "%linebuf_V_0_load = load i7 %linebuf_V_0_addr"   --->   Operation 74 'load' 'linebuf_V_0_load' <Predicate = true> <Delay = 3.25> <CoreInst = "RAM_1WnR">   --->   Core 83 'RAM_1WnR' <Latency = 1> <II = 1> <Delay = 3.25> <Storage> <Opcode : 'load' 'store'> <Ports = 17> <Width = 32> <Depth = 68> <RAM>
ST_2 : Operation 75 [1/2] (3.25ns)   --->   "%linebuf_V_0_load_1 = load i7 %linebuf_V_0_addr_1"   --->   Operation 75 'load' 'linebuf_V_0_load_1' <Predicate = true> <Delay = 3.25> <CoreInst = "RAM_1WnR">   --->   Core 83 'RAM_1WnR' <Latency = 1> <II = 1> <Delay = 3.25> <Storage> <Opcode : 'load' 'store'> <Ports = 17> <Width = 32> <Depth = 68> <RAM>
ST_2 : Operation 76 [1/2] (3.25ns)   --->   "%linebuf_V_0_load_2 = load i7 %linebuf_V_0_addr_2"   --->   Operation 76 'load' 'linebuf_V_0_load_2' <Predicate = true> <Delay = 3.25> <CoreInst = "RAM_1WnR">   --->   Core 83 'RAM_1WnR' <Latency = 1> <II = 1> <Delay = 3.25> <Storage> <Opcode : 'load' 'store'> <Ports = 17> <Width = 32> <Depth = 68> <RAM>
ST_2 : Operation 77 [1/2] (3.25ns)   --->   "%linebuf_V_1_load = load i7 %linebuf_V_1_addr"   --->   Operation 77 'load' 'linebuf_V_1_load' <Predicate = true> <Delay = 3.25> <CoreInst = "RAM_1WnR">   --->   Core 83 'RAM_1WnR' <Latency = 1> <II = 1> <Delay = 3.25> <Storage> <Opcode : 'load' 'store'> <Ports = 17> <Width = 32> <Depth = 68> <RAM>
ST_2 : Operation 78 [1/2] (3.25ns)   --->   "%linebuf_V_1_load_1 = load i7 %linebuf_V_1_addr_1"   --->   Operation 78 'load' 'linebuf_V_1_load_1' <Predicate = true> <Delay = 3.25> <CoreInst = "RAM_1WnR">   --->   Core 83 'RAM_1WnR' <Latency = 1> <II = 1> <Delay = 3.25> <Storage> <Opcode : 'load' 'store'> <Ports = 17> <Width = 32> <Depth = 68> <RAM>
ST_2 : Operation 79 [1/2] (3.25ns)   --->   "%linebuf_V_1_load_2 = load i7 %linebuf_V_1_addr_2"   --->   Operation 79 'load' 'linebuf_V_1_load_2' <Predicate = true> <Delay = 3.25> <CoreInst = "RAM_1WnR">   --->   Core 83 'RAM_1WnR' <Latency = 1> <II = 1> <Delay = 3.25> <Storage> <Opcode : 'load' 'store'> <Ports = 17> <Width = 32> <Depth = 68> <RAM>
ST_2 : Operation 80 [1/2] (3.25ns)   --->   "%linebuf_V_2_load = load i7 %linebuf_V_2_addr_1"   --->   Operation 80 'load' 'linebuf_V_2_load' <Predicate = true> <Delay = 3.25> <CoreInst = "RAM_1WnR">   --->   Core 83 'RAM_1WnR' <Latency = 1> <II = 1> <Delay = 3.25> <Storage> <Opcode : 'load' 'store'> <Ports = 17> <Width = 32> <Depth = 68> <RAM>
ST_2 : Operation 81 [1/2] (3.25ns)   --->   "%linebuf_V_2_load_1 = load i7 %linebuf_V_2_addr_2"   --->   Operation 81 'load' 'linebuf_V_2_load_1' <Predicate = true> <Delay = 3.25> <CoreInst = "RAM_1WnR">   --->   Core 83 'RAM_1WnR' <Latency = 1> <II = 1> <Delay = 3.25> <Storage> <Opcode : 'load' 'store'> <Ports = 17> <Width = 32> <Depth = 68> <RAM>
ST_2 : Operation 82 [1/1] (0.00ns)   --->   "%linebuf_V_2_addr_3 = getelementptr i32 %linebuf_V_2, i64 0, i64 %zext_ln1168_1"   --->   Operation 82 'getelementptr' 'linebuf_V_2_addr_3' <Predicate = true> <Delay = 0.00>
ST_2 : Operation 83 [2/2] (3.25ns)   --->   "%linebuf_V_2_load_2 = load i7 %linebuf_V_2_addr_3"   --->   Operation 83 'load' 'linebuf_V_2_load_2' <Predicate = true> <Delay = 3.25> <CoreInst = "RAM_1WnR">   --->   Core 83 'RAM_1WnR' <Latency = 1> <II = 1> <Delay = 3.25> <Storage> <Opcode : 'load' 'store'> <Ports = 17> <Width = 32> <Depth = 68> <RAM>

State 3 <SV = 2> <Delay = 6.91>
ST_3 : Operation 84 [1/1] (0.00ns)   --->   "%sext_ln1171 = sext i32 %linebuf_V_0_load"   --->   Operation 84 'sext' 'sext_ln1171' <Predicate = true> <Delay = 0.00>
ST_3 : Operation 85 [2/2] (6.91ns)   --->   "%r_V = mul i48 %sext_ln1171, i48 %k00_cast_cast"   --->   Operation 85 'mul' 'r_V' <Predicate = true> <Delay = 6.91> <CoreInst = "Multiplier">   --->   Core 3 'Multiplier' <Latency = 1> <II = 1> <Delay = 6.91> <FuncUnit> <Opcode : 'mul'> <InPorts = 2> <OutPorts = 1>
ST_3 : Operation 86 [1/1] (0.00ns)   --->   "%sext_ln1171_1 = sext i32 %linebuf_V_0_load_1"   --->   Operation 86 'sext' 'sext_ln1171_1' <Predicate = true> <Delay = 0.00>
ST_3 : Operation 87 [2/2] (6.91ns)   --->   "%r_V_1 = mul i48 %sext_ln1171_1, i48 %k01_cast_cast"   --->   Operation 87 'mul' 'r_V_1' <Predicate = true> <Delay = 6.91> <CoreInst = "Multiplier">   --->   Core 3 'Multiplier' <Latency = 1> <II = 1> <Delay = 6.91> <FuncUnit> <Opcode : 'mul'> <InPorts = 2> <OutPorts = 1>
ST_3 : Operation 88 [1/1] (0.00ns)   --->   "%sext_ln1171_2 = sext i32 %linebuf_V_0_load_2"   --->   Operation 88 'sext' 'sext_ln1171_2' <Predicate = true> <Delay = 0.00>
ST_3 : Operation 89 [2/2] (6.91ns)   --->   "%r_V_2 = mul i48 %sext_ln1171_2, i48 %k02_cast_cast"   --->   Operation 89 'mul' 'r_V_2' <Predicate = true> <Delay = 6.91> <CoreInst = "Multiplier">   --->   Core 3 'Multiplier' <Latency = 1> <II = 1> <Delay = 6.91> <FuncUnit> <Opcode : 'mul'> <InPorts = 2> <OutPorts = 1>
ST_3 : Operation 90 [1/2] (3.25ns)   --->   "%linebuf_V_2_load_2 = load i7 %linebuf_V_2_addr_3"   --->   Operation 90 'load' 'linebuf_V_2_load_2' <Predicate = true> <Delay = 3.25> <CoreInst = "RAM_1WnR">   --->   Core 83 'RAM_1WnR' <Latency = 1> <II = 1> <Delay = 3.25> <Storage> <Opcode : 'load' 'store'> <Ports = 17> <Width = 32> <Depth = 68> <RAM>

State 4 <SV = 3> <Delay = 6.91>
ST_4 : Operation 91 [1/2] (6.91ns)   --->   "%r_V = mul i48 %sext_ln1171, i48 %k00_cast_cast"   --->   Operation 91 'mul' 'r_V' <Predicate = true> <Delay = 6.91> <CoreInst = "Multiplier">   --->   Core 3 'Multiplier' <Latency = 1> <II = 1> <Delay = 6.91> <FuncUnit> <Opcode : 'mul'> <InPorts = 2> <OutPorts = 1>
ST_4 : Operation 92 [1/2] (6.91ns)   --->   "%r_V_1 = mul i48 %sext_ln1171_1, i48 %k01_cast_cast"   --->   Operation 92 'mul' 'r_V_1' <Predicate = true> <Delay = 6.91> <CoreInst = "Multiplier">   --->   Core 3 'Multiplier' <Latency = 1> <II = 1> <Delay = 6.91> <FuncUnit> <Opcode : 'mul'> <InPorts = 2> <OutPorts = 1>
ST_4 : Operation 93 [1/1] (0.00ns)   --->   "%tmp = partselect i32 @_ssdm_op_PartSelect.i32.i48.i32.i32, i48 %r_V, i32 16, i32 47"   --->   Operation 93 'partselect' 'tmp' <Predicate = true> <Delay = 0.00>
ST_4 : Operation 94 [1/2] (6.91ns)   --->   "%r_V_2 = mul i48 %sext_ln1171_2, i48 %k02_cast_cast"   --->   Operation 94 'mul' 'r_V_2' <Predicate = true> <Delay = 6.91> <CoreInst = "Multiplier">   --->   Core 3 'Multiplier' <Latency = 1> <II = 1> <Delay = 6.91> <FuncUnit> <Opcode : 'mul'> <InPorts = 2> <OutPorts = 1>
ST_4 : Operation 95 [1/1] (0.00ns)   --->   "%sext_ln1171_3 = sext i32 %linebuf_V_1_load"   --->   Operation 95 'sext' 'sext_ln1171_3' <Predicate = true> <Delay = 0.00>
ST_4 : Operation 96 [2/2] (6.91ns)   --->   "%r_V_3 = mul i48 %sext_ln1171_3, i48 %k10_cast_cast"   --->   Operation 96 'mul' 'r_V_3' <Predicate = true> <Delay = 6.91> <CoreInst = "Multiplier">   --->   Core 3 'Multiplier' <Latency = 1> <II = 1> <Delay = 6.91> <FuncUnit> <Opcode : 'mul'> <InPorts = 2> <OutPorts = 1>
ST_4 : Operation 97 [1/1] (0.00ns)   --->   "%sext_ln1171_4 = sext i32 %linebuf_V_1_load_1"   --->   Operation 97 'sext' 'sext_ln1171_4' <Predicate = true> <Delay = 0.00>
ST_4 : Operation 98 [2/2] (6.91ns)   --->   "%r_V_4 = mul i48 %sext_ln1171_4, i48 %k11_cast_cast"   --->   Operation 98 'mul' 'r_V_4' <Predicate = true> <Delay = 6.91> <CoreInst = "Multiplier">   --->   Core 3 'Multiplier' <Latency = 1> <II = 1> <Delay = 6.91> <FuncUnit> <Opcode : 'mul'> <InPorts = 2> <OutPorts = 1>

State 5 <SV = 4> <Delay = 6.91>
ST_5 : Operation 99 [1/1] (0.00ns)   --->   "%lhs = bitconcatenate i48 @_ssdm_op_BitConcatenate.i48.i32.i16, i32 %tmp, i16 0"   --->   Operation 99 'bitconcatenate' 'lhs' <Predicate = true> <Delay = 0.00>
ST_5 : Operation 100 [1/1] (3.10ns)   --->   "%ret_V = add i48 %lhs, i48 %r_V_1"   --->   Operation 100 'add' 'ret_V' <Predicate = true> <Delay = 3.10> <CoreInst = "Adder">   --->   Core 1 'Adder' <Latency = 0> <II = 1> <Delay = 1.67> <FuncUnit> <Opcode : 'add' 'sub'> <InPorts = 2> <OutPorts = 1>
ST_5 : Operation 101 [1/1] (0.00ns)   --->   "%tmp_4 = partselect i32 @_ssdm_op_PartSelect.i32.i48.i32.i32, i48 %ret_V, i32 16, i32 47"   --->   Operation 101 'partselect' 'tmp_4' <Predicate = true> <Delay = 0.00>
ST_5 : Operation 102 [1/1] (0.00ns)   --->   "%lhs_1 = bitconcatenate i48 @_ssdm_op_BitConcatenate.i48.i32.i16, i32 %tmp_4, i16 0"   --->   Operation 102 'bitconcatenate' 'lhs_1' <Predicate = true> <Delay = 0.00>
ST_5 : Operation 103 [1/1] (3.10ns)   --->   "%ret_V_1 = add i48 %lhs_1, i48 %r_V_2"   --->   Operation 103 'add' 'ret_V_1' <Predicate = true> <Delay = 3.10> <CoreInst = "Adder">   --->   Core 1 'Adder' <Latency = 0> <II = 1> <Delay = 1.67> <FuncUnit> <Opcode : 'add' 'sub'> <InPorts = 2> <OutPorts = 1>
ST_5 : Operation 104 [1/2] (6.91ns)   --->   "%r_V_3 = mul i48 %sext_ln1171_3, i48 %k10_cast_cast"   --->   Operation 104 'mul' 'r_V_3' <Predicate = true> <Delay = 6.91> <CoreInst = "Multiplier">   --->   Core 3 'Multiplier' <Latency = 1> <II = 1> <Delay = 6.91> <FuncUnit> <Opcode : 'mul'> <InPorts = 2> <OutPorts = 1>
ST_5 : Operation 105 [1/1] (0.00ns)   --->   "%tmp_5 = partselect i32 @_ssdm_op_PartSelect.i32.i48.i32.i32, i48 %ret_V_1, i32 16, i32 47"   --->   Operation 105 'partselect' 'tmp_5' <Predicate = true> <Delay = 0.00>
ST_5 : Operation 106 [1/2] (6.91ns)   --->   "%r_V_4 = mul i48 %sext_ln1171_4, i48 %k11_cast_cast"   --->   Operation 106 'mul' 'r_V_4' <Predicate = true> <Delay = 6.91> <CoreInst = "Multiplier">   --->   Core 3 'Multiplier' <Latency = 1> <II = 1> <Delay = 6.91> <FuncUnit> <Opcode : 'mul'> <InPorts = 2> <OutPorts = 1>
ST_5 : Operation 107 [1/1] (0.00ns)   --->   "%sext_ln1171_5 = sext i32 %linebuf_V_1_load_2"   --->   Operation 107 'sext' 'sext_ln1171_5' <Predicate = true> <Delay = 0.00>
ST_5 : Operation 108 [2/2] (6.91ns)   --->   "%r_V_5 = mul i48 %sext_ln1171_5, i48 %k12_cast_cast"   --->   Operation 108 'mul' 'r_V_5' <Predicate = true> <Delay = 6.91> <CoreInst = "Multiplier">   --->   Core 3 'Multiplier' <Latency = 1> <II = 1> <Delay = 6.91> <FuncUnit> <Opcode : 'mul'> <InPorts = 2> <OutPorts = 1>
ST_5 : Operation 109 [1/1] (0.00ns)   --->   "%sext_ln1171_6 = sext i32 %linebuf_V_2_load"   --->   Operation 109 'sext' 'sext_ln1171_6' <Predicate = true> <Delay = 0.00>
ST_5 : Operation 110 [2/2] (6.91ns)   --->   "%r_V_6 = mul i48 %sext_ln1171_6, i48 %k20_cast_cast"   --->   Operation 110 'mul' 'r_V_6' <Predicate = true> <Delay = 6.91> <CoreInst = "Multiplier">   --->   Core 3 'Multiplier' <Latency = 1> <II = 1> <Delay = 6.91> <FuncUnit> <Opcode : 'mul'> <InPorts = 2> <OutPorts = 1>

State 6 <SV = 5> <Delay = 6.91>
ST_6 : Operation 111 [1/1] (0.00ns)   --->   "%lhs_2 = bitconcatenate i48 @_ssdm_op_BitConcatenate.i48.i32.i16, i32 %tmp_5, i16 0"   --->   Operation 111 'bitconcatenate' 'lhs_2' <Predicate = true> <Delay = 0.00>
ST_6 : Operation 112 [1/1] (3.10ns)   --->   "%ret_V_2 = add i48 %lhs_2, i48 %r_V_3"   --->   Operation 112 'add' 'ret_V_2' <Predicate = true> <Delay = 3.10> <CoreInst = "Adder">   --->   Core 1 'Adder' <Latency = 0> <II = 1> <Delay = 1.67> <FuncUnit> <Opcode : 'add' 'sub'> <InPorts = 2> <OutPorts = 1>
ST_6 : Operation 113 [1/1] (0.00ns)   --->   "%tmp_6 = partselect i32 @_ssdm_op_PartSelect.i32.i48.i32.i32, i48 %ret_V_2, i32 16, i32 47"   --->   Operation 113 'partselect' 'tmp_6' <Predicate = true> <Delay = 0.00>
ST_6 : Operation 114 [1/1] (0.00ns)   --->   "%lhs_3 = bitconcatenate i48 @_ssdm_op_BitConcatenate.i48.i32.i16, i32 %tmp_6, i16 0"   --->   Operation 114 'bitconcatenate' 'lhs_3' <Predicate = true> <Delay = 0.00>
ST_6 : Operation 115 [1/1] (3.10ns)   --->   "%ret_V_3 = add i48 %lhs_3, i48 %r_V_4"   --->   Operation 115 'add' 'ret_V_3' <Predicate = true> <Delay = 3.10> <CoreInst = "Adder">   --->   Core 1 'Adder' <Latency = 0> <II = 1> <Delay = 1.67> <FuncUnit> <Opcode : 'add' 'sub'> <InPorts = 2> <OutPorts = 1>
ST_6 : Operation 116 [1/2] (6.91ns)   --->   "%r_V_5 = mul i48 %sext_ln1171_5, i48 %k12_cast_cast"   --->   Operation 116 'mul' 'r_V_5' <Predicate = true> <Delay = 6.91> <CoreInst = "Multiplier">   --->   Core 3 'Multiplier' <Latency = 1> <II = 1> <Delay = 6.91> <FuncUnit> <Opcode : 'mul'> <InPorts = 2> <OutPorts = 1>
ST_6 : Operation 117 [1/1] (0.00ns)   --->   "%tmp_7 = partselect i32 @_ssdm_op_PartSelect.i32.i48.i32.i32, i48 %ret_V_3, i32 16, i32 47"   --->   Operation 117 'partselect' 'tmp_7' <Predicate = true> <Delay = 0.00>
ST_6 : Operation 118 [1/2] (6.91ns)   --->   "%r_V_6 = mul i48 %sext_ln1171_6, i48 %k20_cast_cast"   --->   Operation 118 'mul' 'r_V_6' <Predicate = true> <Delay = 6.91> <CoreInst = "Multiplier">   --->   Core 3 'Multiplier' <Latency = 1> <II = 1> <Delay = 6.91> <FuncUnit> <Opcode : 'mul'> <InPorts = 2> <OutPorts = 1>
ST_6 : Operation 119 [1/1] (0.00ns)   --->   "%sext_ln1171_7 = sext i32 %linebuf_V_2_load_1"   --->   Operation 119 'sext' 'sext_ln1171_7' <Predicate = true> <Delay = 0.00>
ST_6 : Operation 120 [2/2] (6.91ns)   --->   "%r_V_7 = mul i48 %sext_ln1171_7, i48 %k21_cast_cast"   --->   Operation 120 'mul' 'r_V_7' <Predicate = true> <Delay = 6.91> <CoreInst = "Multiplier">   --->   Core 3 'Multiplier' <Latency = 1> <II = 1> <Delay = 6.91> <FuncUnit> <Opcode : 'mul'> <InPorts = 2> <OutPorts = 1>
ST_6 : Operation 121 [1/1] (0.00ns)   --->   "%sext_ln1171_8 = sext i32 %linebuf_V_2_load_2"   --->   Operation 121 'sext' 'sext_ln1171_8' <Predicate = true> <Delay = 0.00>
ST_6 : Operation 122 [2/2] (6.91ns)   --->   "%r_V_8 = mul i48 %sext_ln1171_8, i48 %sext_ln67_cast"   --->   Operation 122 'mul' 'r_V_8' <Predicate = true> <Delay = 6.91> <CoreInst = "Multiplier">   --->   Core 3 'Multiplier' <Latency = 1> <II = 1> <Delay = 6.91> <FuncUnit> <Opcode : 'mul'> <InPorts = 2> <OutPorts = 1>

State 7 <SV = 6> <Delay = 6.91>
ST_7 : Operation 123 [1/1] (0.00ns)   --->   "%lhs_4 = bitconcatenate i48 @_ssdm_op_BitConcatenate.i48.i32.i16, i32 %tmp_7, i16 0"   --->   Operation 123 'bitconcatenate' 'lhs_4' <Predicate = true> <Delay = 0.00>
ST_7 : Operation 124 [1/1] (3.10ns)   --->   "%ret_V_4 = add i48 %lhs_4, i48 %r_V_5"   --->   Operation 124 'add' 'ret_V_4' <Predicate = true> <Delay = 3.10> <CoreInst = "Adder">   --->   Core 1 'Adder' <Latency = 0> <II = 1> <Delay = 1.67> <FuncUnit> <Opcode : 'add' 'sub'> <InPorts = 2> <OutPorts = 1>
ST_7 : Operation 125 [1/1] (0.00ns)   --->   "%tmp_8 = partselect i32 @_ssdm_op_PartSelect.i32.i48.i32.i32, i48 %ret_V_4, i32 16, i32 47"   --->   Operation 125 'partselect' 'tmp_8' <Predicate = true> <Delay = 0.00>
ST_7 : Operation 126 [1/1] (0.00ns)   --->   "%lhs_5 = bitconcatenate i48 @_ssdm_op_BitConcatenate.i48.i32.i16, i32 %tmp_8, i16 0"   --->   Operation 126 'bitconcatenate' 'lhs_5' <Predicate = true> <Delay = 0.00>
ST_7 : Operation 127 [1/1] (3.10ns)   --->   "%ret_V_5 = add i48 %lhs_5, i48 %r_V_6"   --->   Operation 127 'add' 'ret_V_5' <Predicate = true> <Delay = 3.10> <CoreInst = "Adder">   --->   Core 1 'Adder' <Latency = 0> <II = 1> <Delay = 1.67> <FuncUnit> <Opcode : 'add' 'sub'> <InPorts = 2> <OutPorts = 1>
ST_7 : Operation 128 [1/2] (6.91ns)   --->   "%r_V_7 = mul i48 %sext_ln1171_7, i48 %k21_cast_cast"   --->   Operation 128 'mul' 'r_V_7' <Predicate = true> <Delay = 6.91> <CoreInst = "Multiplier">   --->   Core 3 'Multiplier' <Latency = 1> <II = 1> <Delay = 6.91> <FuncUnit> <Opcode : 'mul'> <InPorts = 2> <OutPorts = 1>
ST_7 : Operation 129 [1/1] (0.00ns)   --->   "%tmp_9 = partselect i32 @_ssdm_op_PartSelect.i32.i48.i32.i32, i48 %ret_V_5, i32 16, i32 47"   --->   Operation 129 'partselect' 'tmp_9' <Predicate = true> <Delay = 0.00>
ST_7 : Operation 130 [1/2] (6.91ns)   --->   "%r_V_8 = mul i48 %sext_ln1171_8, i48 %sext_ln67_cast"   --->   Operation 130 'mul' 'r_V_8' <Predicate = true> <Delay = 6.91> <CoreInst = "Multiplier">   --->   Core 3 'Multiplier' <Latency = 1> <II = 1> <Delay = 6.91> <FuncUnit> <Opcode : 'mul'> <InPorts = 2> <OutPorts = 1>
ST_7 : Operation 143 [1/1] (0.00ns)   --->   "%ret_ln0 = ret"   --->   Operation 143 'ret' 'ret_ln0' <Predicate = (icmp_ln69)> <Delay = 0.00>

State 8 <SV = 7> <Delay = 6.20>
ST_8 : Operation 131 [1/1] (0.00ns)   --->   "%out_count_1_load = load i13 %out_count_1" [2dconv.cpp:90]   --->   Operation 131 'load' 'out_count_1_load' <Predicate = true> <Delay = 0.00>
ST_8 : Operation 132 [1/1] (0.00ns)   --->   "%lhs_6 = bitconcatenate i48 @_ssdm_op_BitConcatenate.i48.i32.i16, i32 %tmp_9, i16 0"   --->   Operation 132 'bitconcatenate' 'lhs_6' <Predicate = true> <Delay = 0.00>
ST_8 : Operation 133 [1/1] (3.10ns)   --->   "%ret_V_6 = add i48 %lhs_6, i48 %r_V_7"   --->   Operation 133 'add' 'ret_V_6' <Predicate = true> <Delay = 3.10> <CoreInst = "Adder">   --->   Core 1 'Adder' <Latency = 0> <II = 1> <Delay = 1.67> <FuncUnit> <Opcode : 'add' 'sub'> <InPorts = 2> <OutPorts = 1>
ST_8 : Operation 134 [1/1] (0.00ns)   --->   "%tmp_s = partselect i32 @_ssdm_op_PartSelect.i32.i48.i32.i32, i48 %ret_V_6, i32 16, i32 47"   --->   Operation 134 'partselect' 'tmp_s' <Predicate = true> <Delay = 0.00>
ST_8 : Operation 135 [1/1] (0.00ns)   --->   "%lhs_7 = bitconcatenate i48 @_ssdm_op_BitConcatenate.i48.i32.i16, i32 %tmp_s, i16 0"   --->   Operation 135 'bitconcatenate' 'lhs_7' <Predicate = true> <Delay = 0.00>
ST_8 : Operation 136 [1/1] (3.10ns)   --->   "%ret_V_7 = add i48 %lhs_7, i48 %r_V_8"   --->   Operation 136 'add' 'ret_V_7' <Predicate = true> <Delay = 3.10> <CoreInst = "Adder">   --->   Core 1 'Adder' <Latency = 0> <II = 1> <Delay = 1.67> <FuncUnit> <Opcode : 'add' 'sub'> <InPorts = 2> <OutPorts = 1>
ST_8 : Operation 137 [1/1] (0.00ns)   --->   "%acc_V = partselect i32 @_ssdm_op_PartSelect.i32.i48.i32.i32, i48 %ret_V_7, i32 16, i32 47"   --->   Operation 137 'partselect' 'acc_V' <Predicate = true> <Delay = 0.00>
ST_8 : Operation 138 [1/1] (2.09ns)   --->   "%last = icmp_eq  i13 %out_count_1_load, i13 4355" [2dconv.cpp:87]   --->   Operation 138 'icmp' 'last' <Predicate = true> <Delay = 2.09> <CoreInst = "Cmp">   --->   Core 9 'Cmp' <Latency = 0> <II = 1> <Delay = 2.09> <FuncUnit> <Opcode : 'icmp'> <InPorts = 2> <OutPorts = 1>
ST_8 : Operation 139 [1/1] (0.00ns)   --->   "%write_ln304 = write void @_ssdm_op_Write.axis.volatile.i32P0A.i4P0A.i4P0A.i1P0A, i32 %out_stream_V_data_V, i4 %out_stream_V_keep_V, i4 %out_stream_V_strb_V, i1 %out_stream_V_last_V, i32 %acc_V, i4 15, i4 15, i1 %last"   --->   Operation 139 'write' 'write_ln304' <Predicate = true> <Delay = 0.00> <CoreInst = "axis">   --->   Core 115 'axis' <Latency = 0> <II = 1> <Delay = 1.00> <Adapter> <Opcode : >
ST_8 : Operation 140 [1/1] (1.67ns)   --->   "%out_count_2 = add i13 %out_count_1_load, i13 1" [2dconv.cpp:90]   --->   Operation 140 'add' 'out_count_2' <Predicate = true> <Delay = 1.67> <CoreInst = "Adder">   --->   Core 1 'Adder' <Latency = 0> <II = 1> <Delay = 1.67> <FuncUnit> <Opcode : 'add' 'sub'> <InPorts = 2> <OutPorts = 1>
ST_8 : Operation 141 [1/1] (1.58ns)   --->   "%store_ln90 = store i13 %out_count_2, i13 %out_count_1" [2dconv.cpp:90]   --->   Operation 141 'store' 'store_ln90' <Predicate = true> <Delay = 1.58>
ST_8 : Operation 142 [1/1] (0.00ns)   --->   "%br_ln0 = br void %_ZN8ap_fixedILi32ELi16EL9ap_q_mode5EL9ap_o_mode3ELi0EEC2Ei.exit40"   --->   Operation 142 'br' 'br_ln0' <Predicate = true> <Delay = 0.00>


============================================================
+ Verbose Summary: Timing violations
============================================================
Target clock period: 10ns, clock uncertainty: 2.7ns.

 <State 1>: 5.12ns
The critical path consists of the following:
	'alloca' operation ('ptr') [23]  (0 ns)
	'load' operation ('ptr', 2dconv.cpp:73) on local variable 'ptr' [49]  (0 ns)
	'add' operation ('add_ln76', 2dconv.cpp:76) [63]  (1.87 ns)
	'getelementptr' operation ('linebuf_V_2_addr', 2dconv.cpp:76) [65]  (0 ns)
	'store' operation ('store_ln76', 2dconv.cpp:76) of variable 'in_pkt' on array 'linebuf_V_2' [66]  (3.25 ns)

 <State 2>: 3.25ns
The critical path consists of the following:
	'load' operation ('linebuf_V_0_load') on array 'linebuf_V_0' [71]  (3.25 ns)

 <State 3>: 6.91ns
The critical path consists of the following:
	'mul' operation ('r.V') [73]  (6.91 ns)

 <State 4>: 6.91ns
The critical path consists of the following:
	'mul' operation ('r.V') [73]  (6.91 ns)

 <State 5>: 6.91ns
The critical path consists of the following:
	'mul' operation ('r.V') [94]  (6.91 ns)

 <State 6>: 6.91ns
The critical path consists of the following:
	'mul' operation ('r.V') [108]  (6.91 ns)

 <State 7>: 6.91ns
The critical path consists of the following:
	'mul' operation ('r.V') [122]  (6.91 ns)

 <State 8>: 6.21ns
The critical path consists of the following:
	'add' operation ('ret.V') [125]  (3.1 ns)
	'add' operation ('ret.V') [132]  (3.1 ns)


============================================================
+ Verbose Summary: Binding
============================================================
N/A
* FSMD analyzer results:
  - Output states:
 - Input state : 
  - Chain level:
	State 1
	State 2
	State 3
	State 4
	State 5
	State 6
	State 7
	State 8


============================================================
+ Verbose Summary: Datapath Resource usage 
============================================================
N/A
