

================================================================
== Vitis HLS Report for 'conv2d_stream_Pipeline_shift_up'
================================================================
* Date:           Tue Apr 28 23:12:03 2026

* Version:        2021.1 (Build 3247384 on Thu Jun 10 19:36:07 MDT 2021)
* Project:        hls_2dconv_stream_unrolled
* Solution:       sol1 (Vivado IP Flow Target)
* Product family: zynq
* Target device:  xc7z020-clg400-1


================================================================
== Performance Estimates
================================================================
+ Timing: 
    * Summary: 
    +--------+----------+----------+------------+
    |  Clock |  Target  | Estimated| Uncertainty|
    +--------+----------+----------+------------+
    |ap_clk  |  10.00 ns|  6.508 ns|     2.70 ns|
    +--------+----------+----------+------------+

+ Latency: 
    * Summary: 
    +---------+---------+----------+----------+-----+-----+---------+
    |  Latency (cycles) |  Latency (absolute) |  Interval | Pipeline|
    |   min   |   max   |    min   |    max   | min | max |   Type  |
    +---------+---------+----------+----------+-----+-----+---------+
    |       70|       70|  0.700 us|  0.700 us|   70|   70|       no|
    +---------+---------+----------+----------+-----+-----+---------+

    + Detail: 
        * Instance: 
        N/A

        * Loop: 
        +------------+---------+---------+----------+-----------+-----------+------+----------+
        |            |  Latency (cycles) | Iteration|  Initiation Interval  | Trip |          |
        |  Loop Name |   min   |   max   |  Latency |  achieved |   target  | Count| Pipelined|
        +------------+---------+---------+----------+-----------+-----------+------+----------+
        |- shift_up  |       68|       68|         2|          1|          1|    68|       yes|
        +------------+---------+---------+----------+-----------+-----------+------+----------+

============================================================
+ Verbose Summary: Synthesis Manager
============================================================
InlineROM: 1
ExposeGlobal: 0
============================================================
+ Verbose Summary: CDFG Model
============================================================
IsTopModel: 0
ResetActiveHigh: 1
IsCombinational: 0
IsDatapathOnly: 0
HasWiredReturn: 1
HasMFsm: 2
HasVarLatency: 1
IsPipeline: 0
IsRtlPipelined: 0
IsInstanceOverlapped: 0
IsDontTouch: 0
HasImplIP: 0
IsGatedGlobalClock: 0

+ Individual pipeline summary: 
  * Pipeline-0: initiation interval (II) = 1, depth = 2


============================================================
+ Verbose Summary: Schedule
============================================================
* Number of FSM states : 2
* Pipeline : 1
  Pipeline-0 : II = 1, D = 2, States = { 1 2 }
* Dataflow Pipeline: 0

* FSM state transitions: 
1 --> 2 
2 --> 

* FSM state operations: 

State 1 <SV = 0> <Delay = 4.74>
ST_1 : Operation 5 [1/1] (0.00ns)   --->   "%c = alloca i32 1"   --->   Operation 5 'alloca' 'c' <Predicate = true> <Delay = 0.00>
ST_1 : Operation 6 [1/1] (1.58ns)   --->   "%store_ln0 = store i7 0, i7 %c"   --->   Operation 6 'store' 'store_ln0' <Predicate = true> <Delay = 1.58>
ST_1 : Operation 7 [1/1] (0.00ns)   --->   "%br_ln0 = br void %.preheader"   --->   Operation 7 'br' 'br_ln0' <Predicate = true> <Delay = 0.00>
ST_1 : Operation 8 [1/1] (0.00ns)   --->   "%c_1 = load i7 %c" [2dconv.cpp:94]   --->   Operation 8 'load' 'c_1' <Predicate = true> <Delay = 0.00>
ST_1 : Operation 9 [1/1] (1.48ns)   --->   "%icmp_ln94 = icmp_eq  i7 %c_1, i7 68" [2dconv.cpp:94]   --->   Operation 9 'icmp' 'icmp_ln94' <Predicate = true> <Delay = 1.48> <CoreInst = "Cmp">   --->   Core 9 'Cmp' <Latency = 0> <II = 1> <Delay = 1.48> <FuncUnit> <Opcode : 'icmp'> <InPorts = 2> <OutPorts = 1>
ST_1 : Operation 10 [1/1] (0.00ns)   --->   "%empty = speclooptripcount i32 @_ssdm_op_SpecLoopTripCount, i64 68, i64 68, i64 68"   --->   Operation 10 'speclooptripcount' 'empty' <Predicate = true> <Delay = 0.00>
ST_1 : Operation 11 [1/1] (1.87ns)   --->   "%add_ln94 = add i7 %c_1, i7 1" [2dconv.cpp:94]   --->   Operation 11 'add' 'add_ln94' <Predicate = true> <Delay = 1.87> <CoreInst = "Adder">   --->   Core 1 'Adder' <Latency = 0> <II = 1> <Delay = 1.87> <FuncUnit> <Opcode : 'add' 'sub'> <InPorts = 2> <OutPorts = 1>
ST_1 : Operation 12 [1/1] (0.00ns)   --->   "%br_ln94 = br i1 %icmp_ln94, void %.split, void %.exitStub" [2dconv.cpp:94]   --->   Operation 12 'br' 'br_ln94' <Predicate = true> <Delay = 0.00>
ST_1 : Operation 13 [1/1] (0.00ns)   --->   "%zext_ln94 = zext i7 %c_1" [2dconv.cpp:94]   --->   Operation 13 'zext' 'zext_ln94' <Predicate = (!icmp_ln94)> <Delay = 0.00>
ST_1 : Operation 14 [1/1] (0.00ns)   --->   "%linebuf_V_1_addr = getelementptr i32 %linebuf_V_1, i64 0, i64 %zext_ln94" [2dconv.cpp:95]   --->   Operation 14 'getelementptr' 'linebuf_V_1_addr' <Predicate = (!icmp_ln94)> <Delay = 0.00>
ST_1 : Operation 15 [2/2] (3.25ns)   --->   "%linebuf_V_1_load = load i7 %linebuf_V_1_addr" [2dconv.cpp:95]   --->   Operation 15 'load' 'linebuf_V_1_load' <Predicate = (!icmp_ln94)> <Delay = 3.25> <CoreInst = "RAM_1WnR">   --->   Core 83 'RAM_1WnR' <Latency = 1> <II = 1> <Delay = 3.25> <Storage> <Opcode : 'load' 'store'> <Ports = 17> <Width = 32> <Depth = 68> <RAM>
ST_1 : Operation 16 [1/1] (0.00ns)   --->   "%linebuf_V_2_addr = getelementptr i32 %linebuf_V_2, i64 0, i64 %zext_ln94" [2dconv.cpp:96]   --->   Operation 16 'getelementptr' 'linebuf_V_2_addr' <Predicate = (!icmp_ln94)> <Delay = 0.00>
ST_1 : Operation 17 [2/2] (3.25ns)   --->   "%linebuf_V_2_load = load i7 %linebuf_V_2_addr" [2dconv.cpp:96]   --->   Operation 17 'load' 'linebuf_V_2_load' <Predicate = (!icmp_ln94)> <Delay = 3.25> <CoreInst = "RAM_1WnR">   --->   Core 83 'RAM_1WnR' <Latency = 1> <II = 1> <Delay = 3.25> <Storage> <Opcode : 'load' 'store'> <Ports = 17> <Width = 32> <Depth = 68> <RAM>
ST_1 : Operation 18 [1/1] (3.25ns)   --->   "%store_ln97 = store i32 0, i7 %linebuf_V_2_addr" [2dconv.cpp:97]   --->   Operation 18 'store' 'store_ln97' <Predicate = (!icmp_ln94)> <Delay = 3.25> <CoreInst = "RAM_1WnR">   --->   Core 83 'RAM_1WnR' <Latency = 1> <II = 1> <Delay = 3.25> <Storage> <Opcode : 'load' 'store'> <Ports = 17> <Width = 32> <Depth = 68> <RAM>
ST_1 : Operation 19 [1/1] (1.58ns)   --->   "%store_ln94 = store i7 %add_ln94, i7 %c" [2dconv.cpp:94]   --->   Operation 19 'store' 'store_ln94' <Predicate = (!icmp_ln94)> <Delay = 1.58>
ST_1 : Operation 28 [1/1] (0.00ns)   --->   "%ret_ln0 = ret"   --->   Operation 28 'ret' 'ret_ln0' <Predicate = (icmp_ln94)> <Delay = 0.00>

State 2 <SV = 1> <Delay = 6.50>
ST_2 : Operation 20 [1/1] (0.00ns)   --->   "%specpipeline_ln94 = specpipeline void @_ssdm_op_SpecPipeline, i32 1, i32 0, i32 0, i32 0, void @empty" [2dconv.cpp:94]   --->   Operation 20 'specpipeline' 'specpipeline_ln94' <Predicate = true> <Delay = 0.00>
ST_2 : Operation 21 [1/1] (0.00ns)   --->   "%specloopname_ln94 = specloopname void @_ssdm_op_SpecLoopName, void @empty_2" [2dconv.cpp:94]   --->   Operation 21 'specloopname' 'specloopname_ln94' <Predicate = true> <Delay = 0.00>
ST_2 : Operation 22 [1/1] (0.00ns)   --->   "%linebuf_V_0_addr = getelementptr i32 %linebuf_V_0, i64 0, i64 %zext_ln94" [2dconv.cpp:95]   --->   Operation 22 'getelementptr' 'linebuf_V_0_addr' <Predicate = true> <Delay = 0.00>
ST_2 : Operation 23 [1/2] (3.25ns)   --->   "%linebuf_V_1_load = load i7 %linebuf_V_1_addr" [2dconv.cpp:95]   --->   Operation 23 'load' 'linebuf_V_1_load' <Predicate = true> <Delay = 3.25> <CoreInst = "RAM_1WnR">   --->   Core 83 'RAM_1WnR' <Latency = 1> <II = 1> <Delay = 3.25> <Storage> <Opcode : 'load' 'store'> <Ports = 17> <Width = 32> <Depth = 68> <RAM>
ST_2 : Operation 24 [1/1] (3.25ns)   --->   "%store_ln95 = store i32 %linebuf_V_1_load, i7 %linebuf_V_0_addr" [2dconv.cpp:95]   --->   Operation 24 'store' 'store_ln95' <Predicate = true> <Delay = 3.25> <CoreInst = "RAM_1WnR">   --->   Core 83 'RAM_1WnR' <Latency = 1> <II = 1> <Delay = 3.25> <Storage> <Opcode : 'load' 'store'> <Ports = 17> <Width = 32> <Depth = 68> <RAM>
ST_2 : Operation 25 [1/2] (3.25ns)   --->   "%linebuf_V_2_load = load i7 %linebuf_V_2_addr" [2dconv.cpp:96]   --->   Operation 25 'load' 'linebuf_V_2_load' <Predicate = true> <Delay = 3.25> <CoreInst = "RAM_1WnR">   --->   Core 83 'RAM_1WnR' <Latency = 1> <II = 1> <Delay = 3.25> <Storage> <Opcode : 'load' 'store'> <Ports = 17> <Width = 32> <Depth = 68> <RAM>
ST_2 : Operation 26 [1/1] (3.25ns)   --->   "%store_ln96 = store i32 %linebuf_V_2_load, i7 %linebuf_V_1_addr" [2dconv.cpp:96]   --->   Operation 26 'store' 'store_ln96' <Predicate = true> <Delay = 3.25> <CoreInst = "RAM_1WnR">   --->   Core 83 'RAM_1WnR' <Latency = 1> <II = 1> <Delay = 3.25> <Storage> <Opcode : 'load' 'store'> <Ports = 17> <Width = 32> <Depth = 68> <RAM>
ST_2 : Operation 27 [1/1] (0.00ns)   --->   "%br_ln0 = br void %.preheader"   --->   Operation 27 'br' 'br_ln0' <Predicate = true> <Delay = 0.00>


============================================================
+ Verbose Summary: Timing violations
============================================================
Target clock period: 10ns, clock uncertainty: 2.7ns.

 <State 1>: 4.74ns
The critical path consists of the following:
	'alloca' operation ('c') [4]  (0 ns)
	'load' operation ('c', 2dconv.cpp:94) on local variable 'c' [8]  (0 ns)
	'add' operation ('add_ln94', 2dconv.cpp:94) [11]  (1.87 ns)
	'store' operation ('store_ln94', 2dconv.cpp:94) of variable 'add_ln94', 2dconv.cpp:94 on local variable 'c' [25]  (1.59 ns)
	blocking operation 1.28 ns on control path)

 <State 2>: 6.51ns
The critical path consists of the following:
	'load' operation ('linebuf_V_1_load', 2dconv.cpp:95) on array 'linebuf_V_1' [19]  (3.25 ns)
	'store' operation ('store_ln95', 2dconv.cpp:95) of variable 'linebuf_V_1_load', 2dconv.cpp:95 on array 'linebuf_V_0' [20]  (3.25 ns)


============================================================
+ Verbose Summary: Binding
============================================================
N/A
* FSMD analyzer results:
  - Output states:
 - Input state : 
  - Chain level:
	State 1
	State 2


============================================================
+ Verbose Summary: Datapath Resource usage 
============================================================
N/A
